 Process in group number            0
 No PDF is used, alpha_s(MZ) from param_card is used
 Value of alpha_s from param_card:   0.11800000071525575     
 The default order of alpha_s running is fixed to            2
 *****************************************************
 *               MadGraph/MadEvent                   *
 *        --------------------------------           *
 *          http://madgraph.hep.uiuc.edu             *
 *          http://madgraph.phys.ucl.ac.be           *
 *          http://madgraph.roma2.infn.it            *
 *        --------------------------------           *
 *                                                   *
 *          PARAMETER AND COUPLING VALUES            *
 *                                                   *
 *****************************************************

  External Params
  ---------------------------------
  
 aEWM1 =    132.50700378417969     
 mdl_Gf =   1.16639000000000003E-005
 aS =   0.11800000071525575     
 mdl_ymb =    4.6999998092651367     
 mdl_ymt =    173.00000000000000     
 mdl_yme =   5.10999991092830896E-004
 mdl_ymm =   0.10565999895334244     
 mdl_ymtau =    1.7769999504089355     
 mdl_MZ =    91.188003540039063     
 mdl_MT =    173.00000000000000     
 mdl_MB =    4.6999998092651367     
 mdl_MH =    125.00000000000000     
 mdl_Me =   5.10999991092830896E-004
 mdl_MM =   0.10565999895334244     
 mdl_MTA =    1.7769999504089355     
 mdl_WZ =    2.4414041042327881     
 mdl_WW =    2.0476000308990479     
 mdl_WT =    1.4915000200271606     
 mdl_WH =   6.38233916833996773E-003
 mdl_WTau =   2.26999999999999982E-012
  Internal Params
  ---------------------------------
  
 mdl_conjg__CKM3x3 =    1.0000000000000000     
 mdl_CKM3x3 =    1.0000000000000000     
 mdl_conjg__CKM1x1 =    1.0000000000000000     
 mdl_complexi =  (  0.0000000000000000     ,  1.0000000000000000     )
 mdl_MZ__exp__2 =    8315.2519896181766     
 mdl_MZ__exp__4 =    69143415.650849044     
 mdl_sqrt__2 =    1.4142135623730951     
 mdl_MH__exp__2 =    15625.000000000000     
 mdl_aEW =   7.54677089845565054E-003
 mdl_MW =    80.419007276179556     
 mdl_sqrt__aEW =   8.68721526063194194E-002
 mdl_ee =   0.30795376284704501     
 mdl_MW__exp__2 =    6467.2167312862202     
 mdl_sw2 =   0.22224645274001076     
 mdl_cw =   0.88190336616887299     
 mdl_sqrt__sw2 =   0.47143022043565552     
 mdl_sw =   0.47143022043565552     
 mdl_g1 =   0.34919218438279087     
 mdl_gw =   0.65323296958447097     
 mdl_vev =    246.21845810181631     
 mdl_vev__exp__2 =    60623.529110035874     
 mdl_lam =   0.12886910601690271     
 mdl_yb =   2.69955531549349904E-002
 mdl_ye =   2.93504850670934038E-006
 mdl_ym =   6.06883028478528356E-004
 mdl_yt =   0.99366614581500645     
 mdl_ytau =   1.02066167158167895E-002
 mdl_muH =    88.388347648318444     
 mdl_I1x33 =  ( 2.69955531549349904E-002,  0.0000000000000000     )
 mdl_I2x33 =  ( 0.99366614581500645     ,  0.0000000000000000     )
 mdl_I3x33 =  ( 0.99366614581500645     ,  0.0000000000000000     )
 mdl_I4x33 =  ( 2.69955531549349904E-002,  0.0000000000000000     )
 mdl_ee__exp__2 =   9.48355200516540348E-002
 mdl_sw__exp__2 =   0.22224645274001076     
 mdl_cw__exp__2 =   0.77775354725998924     
  Internal Params evaluated point by point
  ----------------------------------------
  
 mdl_sqrt__aS =   0.34351128178744839     
 mdl_G__exp__2 =    1.4828317414825511     
  Couplings of sm-lepton_masses
  ---------------------------------
  
         GC_3 =  -0.00000E+00  -0.30795E+00
        GC_50 =  -0.00000E+00  -0.28804E+00
        GC_59 =   0.00000E+00   0.82310E-01
        GC_89 =  -0.00000E+00  -0.20754E-05

 Collider parameters:
 --------------------

 Running at e e   machine @   7.00000000000000067E-002  GeV
 PDF set = none   
 alpha_s(Mz)= 0.1180 running at 2 loops.
 alpha_s(Mz)= 0.1180 running at 2 loops.
 Renormalization scale fixed @    91.188000000000002     
 Factorization scales  fixed @    91.188000000000002        91.188000000000002     


 getting user params
Enter number of events and max and min iterations: 
 Number of events and iterations         2000           9           3
Enter desired fractional accuracy: 
 Desired fractional accuracy:  -5.51800000000000036E-006
Enter 0 for fixed, 2 for adjustable grid: 
Suppress amplitude (0 no, 1 yes)? 
 Using suppressed amplitude.
Exact helicity sum (0 yes, n = number/event)? 
 Explicitly summing over helicities
Enter Configuration Number: 
Running Configuration Number:   22
 Not subdividing B.W.
 Attempting mappinvarients           1           5
 Completed mapping           5
 about to integrate            5        2000           9           3           5           1
 Using non-zero grid deformation.
  5 dimensions   2000 events  5 invarients  9 iterations  1 config(s),  (0.99)
 Using h-tuple random number sequence.
 Error opening grid
 Using Uniform Grid!
 Using uniform alpha   1.0000000000000000     
 Grid defined OK
 Set CM energy to          0.07
 Mapping Graph          22  to config          22
Setting grid   1    0.53290E-04   1
Setting grid   2    0.53290E-04   1
 Masses: 0.511E-03 0.511E-03 0.000E+00 0.511E-03 0.511E-03
  22   1   2   3   4   5
 Got moffset           4
Using random seed offsets    22 :      1
  with seed                  150
 Ranmar initialization seeds        4188       22158
  Particle       3       4       5
      Et >     0.0     0.0     0.0
       E >     0.0     0.0     0.0
     Eta <    -1.0    -1.0    -1.0
   xqcut:      0.0     0.0     0.0
d R # 3  >    -0.0     0.0     0.0
d R # 4  >    -0.0    -0.0     0.4
s min # 3>     0.0     0.0     0.0
s min # 4>     0.0     0.0     0.0
xqcutij # 3>     0.0     0.0     0.0
xqcutij # 4>     0.0     0.0     0.0
 alpha_s for scale    91.188000000000002       is   0.11800000071525575     
 Added good helicity            1   6.0339495616130989       in event            1
 Added good helicity            3  1.20194283604708237E-002  in event            1
 Added good helicity            5   1.9918320108300416       in event            1
 Added good helicity            9  1.07285806724020474E-006  in event            1
 Added good helicity           10   5.9005429185122455       in event            1
 Added good helicity           12  1.15252579332712646E-002  in event            1
 Added good helicity           14   2.0501272285539605       in event            1
 Added good helicity           19   2.0501272310269325       in event            1
 Added good helicity           21  1.15252579584445829E-002  in event            1
 Added good helicity           23   5.9005429256547144       in event            1
 Added good helicity           24  1.07285806858854313E-006  in event            1
 Added good helicity           28   1.9918320108324512       in event            1
 Added good helicity           30  1.20194283722654359E-002  in event            1
 Added good helicity           32   6.0339495616062528       in event            1
 Added good helicity            7  2.04279827007316843E-005  in event            3
 Added good helicity           16  2.24432255379981134E-005  in event            3
 Added good helicity           17  2.24432255594544575E-005  in event            3
 Added good helicity           26  2.04279827024582152E-005  in event            3
 Added good helicity            2  1.68195030165852290E-005  in event            7
 Added good helicity            4  1.14450915482418010E-005  in event            7
 Added good helicity            6  6.04922957254721690E-006  in event            7
 Added good helicity           11  1.27031081303858478E-003  in event            7
 Added good helicity           13  1.58248922197581627E-003  in event            7
 Added good helicity           15  2.68080154082320134E-003  in event            7
 Added good helicity           18  2.68080154192225839E-003  in event            7
 Added good helicity           20  1.58248921632035927E-003  in event            7
 Added good helicity           22  1.27031082025811336E-003  in event            7
 Added good helicity           27  6.04923007523656823E-006  in event            7
 Added good helicity           29  1.14450924763811684E-005  in event            7
 Added good helicity           31  1.68195043787836419E-005  in event            7
 Iteration  1   Mean: 0.2519E+10 Abs mean: 0.2519E+10   Fluctuation:  0.170E+09   0.149E+12    83.4%
  1    0.2519E+10 0.2519E+10 +- 0.1699E+09      3.02
 Writing out events   167872.75582018922        3.0156047430413015     
 Relative summed weights:
  0.1000E+01  0.0000E+00
 Relative number of events:
  0.1000E+01  0.0000E+00
 Events:
        2000           0
 Iteration  2   Mean: 0.2444E+10 Abs mean: 0.2444E+10   Fluctuation:  0.642E+08   0.379E+11    86.4%
  2    0.2444E+10 0.2444E+10 +- 0.6424E+08      1.66
 Relative summed weights:
  0.1000E+01  0.0000E+00
 Relative number of events:
  0.1000E+01  0.0000E+00
 Events:
        4000           0
 Iteration  3   Mean: 0.2403E+10 Abs mean: 0.2403E+10   Fluctuation:  0.364E+08   0.322E+11    81.3%
  3    0.2403E+10 0.2403E+10 +- 0.3639E+08      1.35
 Relative summed weights:
  0.1000E+01  0.0000E+00
 Relative number of events:
  0.1000E+01  0.0000E+00
 Events:
        8000           0
 Found         1002  events.
 Wrote          997  events.
 Actual xsec    2417043439.1824293     
 Correct abs xsec    2417043439.1824293     
 Event xsec    2417043439.1824651     
 Events wgts > 1:           11
 % Cross section > 1:    3246609.9985724906       0.13432154118300069     
 Checking number of events   13337.245697408645              997  chi2:   0.34427739677481173     
 Found         1002  events.
 Wrote          997  events.
 Actual xsec    2417043439.1824293     
 Correct abs xsec    2417043439.1824293     
 Event xsec    2417043439.1824651     
 Events wgts > 1:           11
 % Cross section > 1:    3246609.9985724906       0.13432154118300069     
 Iteration  4   Mean: 0.2391E+10 Abs mean: 0.2391E+10   Fluctuation:  0.221E+08   0.309E+11    77.8%
  4    0.2391E+10 0.2391E+10 +- 0.2213E+08      1.17
 Relative summed weights:
  0.1000E+01  0.0000E+00
 Relative number of events:
  0.1000E+01  0.0000E+00
 Events:
       16000           0
 Found         2006  events.
 Wrote         2001  events.
 Actual xsec    2398620043.3387074     
 Correct abs xsec    2398620043.3387074     
 Event xsec    2398620043.3387432     
 Events wgts > 1:            6
 % Cross section > 1:    1375818.1154202893       5.73587350460570827E-002
 Checking number of events   13235.585399142989             2001  chi2:   0.31063373494097285     
 Found         2006  events.
 Wrote         2001  events.
 Actual xsec    2398620043.3387074     
 Correct abs xsec    2398620043.3387074     
 Event xsec    2398620043.3387432     
 Events wgts > 1:            6
 % Cross section > 1:    1375818.1154202893       5.73587350460570827E-002
 Iteration  5   Mean: 0.2431E+10 Abs mean: 0.2431E+10   Fluctuation:  0.151E+08   0.345E+11    74.4%
  5    0.2431E+10 0.2431E+10 +- 0.1509E+08      1.11
 Relative summed weights:
  0.1000E+01  0.0000E+00
 Relative number of events:
  0.1000E+01  0.0000E+00
 Events:
       32000           0
 Found         4438  events.
 Wrote         4434  events.
 Actual xsec    2417259418.7734308     
 Correct abs xsec    2417259418.7734308     
 Event xsec    2417259418.7734280     
 Events wgts > 1:           20
 % Cross section > 1:    2906115.2531492771       0.12022355691653093     
 Checking number of events   13338.437472791793             4434  chi2:    1.1949157232618846     
 Found         4438  events.
 Wrote         4434  events.
 Actual xsec    2417259418.7734308     
 Correct abs xsec    2417259418.7734308     
 Event xsec    2417259418.7734280     
 Events wgts > 1:           20
 % Cross section > 1:    2906115.2531492771       0.12022355691653093     
 Iteration  6   Mean: 0.2427E+10 Abs mean: 0.2427E+10   Fluctuation:  0.114E+08   0.281E+12    71.3%
  6    0.2427E+10 0.2427E+10 +- 0.1143E+08      1.19
 Relative summed weights:
  0.1000E+01  0.0000E+00
 Relative number of events:
  0.1000E+01  0.0000E+00
 Events:
       64000           0
 Found         8840  events.
 Wrote         8836  events.
 Actual xsec    2423505241.1481361     
 Correct abs xsec    2423505241.1481361     
 Event xsec    2423505241.1478229     
 Events wgts > 1:           47
 % Cross section > 1:    9960596.8623868935       0.41099960063091695     
 Checking number of events   13372.901920655417             8836  chi2:    1.2436426579979669     
 Found         8840  events.
 Wrote         8836  events.
 Actual xsec    2423505241.1481361     
 Correct abs xsec    2423505241.1481361     
 Event xsec    2423505241.1478229     
 Events wgts > 1:           47
 % Cross section > 1:    9960596.8623868935       0.41099960063091695     
 Iteration  7   Mean: 0.2423E+10 Abs mean: 0.2423E+10   Fluctuation:  0.745E+07   0.901E+11    69.2%
  7    0.2423E+10 0.2423E+10 +- 0.7450E+07      1.10
 Relative summed weights:
  0.1000E+01  0.0000E+00
 Relative number of events:
  0.1000E+01  0.0000E+00
 Events:
      128000           0
 Found        18293  events.
 Wrote        18288  events.
 Actual xsec    2425046691.1533775     
 Correct abs xsec    2425046691.1533775     
 Event xsec    2425046691.1533613     
 Events wgts > 1:          126
 % Cross section > 1:    7088714.8914161613       0.29231251164260025     
 Checking number of events   13381.407641784339            18288  chi2:   0.16304134083971450     

 -------------------------------------------------------------------------------
 Accumulated results:   Integral =  0.2423E+10
                        Std dev  =  0.5494E+07
                       Cross sec =  0.5327E+00
             Chi**2 per DoF.     =
-------------------------------------------------
---------------------------
 Results Last   3 iters: Integral =   0.2425E+10
                     Abs integral =   0.2425E+10
                          Std dev =   0.5768E+07
                  Chi**2 per DoF. =      0.1630
-------------------------------------------------
---------------------------
 Status -5.51800000000000036E-006           8           9
 We found enough events       18288   13381.407641784339     

ls status:
events.lhe
ftn25
ftn26
input_sg.txt
moffset.dat
results.dat
run_01_ftn26.gz
run_01_log.txt
run_01_results.dat
run_02_ftn26.gz
run_02_log.txt
run_02_results.dat
run_04_ftn26.gz
run_04_log.txt
run_04_results.dat
run_05_ftn26.gz
run_05_log.txt
run_05_results.dat
run_06_ftn26.gz
run_06_log.txt
run_06_results.dat
run_07_ftn26.gz
run_07_log.txt
run_07_results.dat
run1_app.log
