 Process in group number            0
 No PDF is used, alpha_s(MZ) from param_card is used
 Value of alpha_s from param_card:   0.11800000071525575     
 The default order of alpha_s running is fixed to            2
 *****************************************************
 *               MadGraph/MadEvent                   *
 *        --------------------------------           *
 *          http://madgraph.hep.uiuc.edu             *
 *          http://madgraph.phys.ucl.ac.be           *
 *          http://madgraph.roma2.infn.it            *
 *        --------------------------------           *
 *                                                   *
 *          PARAMETER AND COUPLING VALUES            *
 *                                                   *
 *****************************************************

  External Params
  ---------------------------------
  
 aEWM1 =    132.50700378417969     
 mdl_Gf =   1.16639000000000003E-005
 aS =   0.11800000071525575     
 mdl_ymb =    4.6999998092651367     
 mdl_ymt =    173.00000000000000     
 mdl_yme =   5.10999991092830896E-004
 mdl_ymm =   0.10565999895334244     
 mdl_ymtau =    1.7769999504089355     
 mdl_MZ =    91.188003540039063     
 mdl_MT =    173.00000000000000     
 mdl_MB =    4.6999998092651367     
 mdl_MH =    125.00000000000000     
 mdl_Me =   5.10999991092830896E-004
 mdl_MM =   0.10565999895334244     
 mdl_MTA =    1.7769999504089355     
 mdl_WZ =    2.4414041042327881     
 mdl_WW =    2.0476000308990479     
 mdl_WT =    1.4915000200271606     
 mdl_WH =   6.38233916833996773E-003
 mdl_WTau =   2.26999999999999982E-012
  Internal Params
  ---------------------------------
  
 mdl_conjg__CKM3x3 =    1.0000000000000000     
 mdl_CKM3x3 =    1.0000000000000000     
 mdl_conjg__CKM1x1 =    1.0000000000000000     
 mdl_complexi =  (  0.0000000000000000     ,  1.0000000000000000     )
 mdl_MZ__exp__2 =    8315.2519896181766     
 mdl_MZ__exp__4 =    69143415.650849044     
 mdl_sqrt__2 =    1.4142135623730951     
 mdl_MH__exp__2 =    15625.000000000000     
 mdl_aEW =   7.54677089845565054E-003
 mdl_MW =    80.419007276179556     
 mdl_sqrt__aEW =   8.68721526063194194E-002
 mdl_ee =   0.30795376284704501     
 mdl_MW__exp__2 =    6467.2167312862202     
 mdl_sw2 =   0.22224645274001076     
 mdl_cw =   0.88190336616887299     
 mdl_sqrt__sw2 =   0.47143022043565552     
 mdl_sw =   0.47143022043565552     
 mdl_g1 =   0.34919218438279087     
 mdl_gw =   0.65323296958447097     
 mdl_vev =    246.21845810181631     
 mdl_vev__exp__2 =    60623.529110035874     
 mdl_lam =   0.12886910601690271     
 mdl_yb =   2.69955531549349904E-002
 mdl_ye =   2.93504850670934038E-006
 mdl_ym =   6.06883028478528356E-004
 mdl_yt =   0.99366614581500645     
 mdl_ytau =   1.02066167158167895E-002
 mdl_muH =    88.388347648318444     
 mdl_I1x33 =  ( 2.69955531549349904E-002,  0.0000000000000000     )
 mdl_I2x33 =  ( 0.99366614581500645     ,  0.0000000000000000     )
 mdl_I3x33 =  ( 0.99366614581500645     ,  0.0000000000000000     )
 mdl_I4x33 =  ( 2.69955531549349904E-002,  0.0000000000000000     )
 mdl_ee__exp__2 =   9.48355200516540348E-002
 mdl_sw__exp__2 =   0.22224645274001076     
 mdl_cw__exp__2 =   0.77775354725998924     
  Internal Params evaluated point by point
  ----------------------------------------
  
 mdl_sqrt__aS =   0.34351128178744839     
 mdl_G__exp__2 =    1.4828317414825511     
  Couplings of sm-lepton_masses
  ---------------------------------
  
         GC_3 =  -0.00000E+00  -0.30795E+00
        GC_50 =  -0.00000E+00  -0.28804E+00
        GC_59 =   0.00000E+00   0.82310E-01
        GC_89 =  -0.00000E+00  -0.20754E-05

 Collider parameters:
 --------------------

 Running at e e   machine @   7.00000000000000067E-002  GeV
 PDF set = none   
 alpha_s(Mz)= 0.1180 running at 2 loops.
 alpha_s(Mz)= 0.1180 running at 2 loops.
 Renormalization scale fixed @    91.188000000000002     
 Factorization scales  fixed @    91.188000000000002        91.188000000000002     


 getting user params
Enter number of events and max and min iterations: 
 Number of events and iterations         2000           9           3
Enter desired fractional accuracy: 
 Desired fractional accuracy:  -5.51800000000000036E-006
Enter 0 for fixed, 2 for adjustable grid: 
Suppress amplitude (0 no, 1 yes)? 
 Using suppressed amplitude.
Exact helicity sum (0 yes, n = number/event)? 
 Explicitly summing over helicities
Enter Configuration Number: 
Running Configuration Number:   22
 Not subdividing B.W.
 Attempting mappinvarients           1           5
 Completed mapping           5
 about to integrate            5        2000           9           3           5           1
 Using non-zero grid deformation.
  5 dimensions   2000 events  5 invarients  9 iterations  1 config(s),  (0.99)
 Using h-tuple random number sequence.
 Error opening grid
 Using Uniform Grid!
 Using uniform alpha   1.0000000000000000     
 Grid defined OK
 Set CM energy to          0.07
 Mapping Graph          22  to config          22
Setting grid   1    0.53290E-04   1
Setting grid   2    0.53290E-04   1
 Masses: 0.511E-03 0.511E-03 0.000E+00 0.511E-03 0.511E-03
  22   1   2   3   4   5
 Got moffset          17
Using random seed offsets    22 :      1
  with seed                  150
 Ranmar initialization seeds        4188        3037
  Particle       3       4       5
      Et >     0.0     0.0     0.0
       E >     0.0     0.0     0.0
     Eta <    -1.0    -1.0    -1.0
   xqcut:      0.0     0.0     0.0
d R # 3  >    -0.0     0.0     0.0
d R # 4  >    -0.0    -0.0     0.4
s min # 3>     0.0     0.0     0.0
s min # 4>     0.0     0.0     0.0
xqcutij # 3>     0.0     0.0     0.0
xqcutij # 4>     0.0     0.0     0.0
 alpha_s for scale    91.188000000000002       is   0.11800000071525575     
 Added good helicity            1   7.4706128509501708       in event            1
 Added good helicity            3  3.08932103003391606E-002  in event            1
 Added good helicity            5  0.63115769048468262       in event            1
 Added good helicity            7  1.64100505652806414E-005  in event            1
 Added good helicity           10   7.1716628432609486       in event            1
 Added good helicity           12  3.05803166224960336E-002  in event            1
 Added good helicity           14  0.66505886113196555       in event            1
 Added good helicity           16  1.72887452466623427E-005  in event            1
 Added good helicity           17  1.72887452475759423E-005  in event            1
 Added good helicity           19  0.66505886116700896       in event            1
 Added good helicity           21  3.05803166336821551E-002  in event            1
 Added good helicity           23   7.1716628436284147       in event            1
 Added good helicity           26  1.64100505652924152E-005  in event            1
 Added good helicity           28  0.63115769048444748       in event            1
 Added good helicity           30  3.08932103098126729E-002  in event            1
 Added good helicity           32   7.4706128509535716       in event            1
 Added good helicity            2  1.65568402701487777E-006  in event            2
 Added good helicity            6  1.42579723834473130E-006  in event            2
 Added good helicity            9  1.65691937950875707E-006  in event            2
 Added good helicity           13  1.43266986926741034E-006  in event            2
 Added good helicity           20  1.43266987311855385E-006  in event            2
 Added good helicity           24  1.65691938420281694E-006  in event            2
 Added good helicity           27  1.42579724224619258E-006  in event            2
 Added good helicity           31  1.65568403177021688E-006  in event            2
 Added good helicity           11  7.38446510736150228E-004  in event            3
 Added good helicity           15  9.11987967463022192E-004  in event            3
 Added good helicity           18  9.11987967734716209E-004  in event            3
 Added good helicity           22  7.38446510583057195E-004  in event            3
 Added good helicity            4  2.16098239056401129E-006  in event           27
 Added good helicity           29  2.16098242087581461E-006  in event           27
 Iteration  1   Mean: 0.2235E+10 Abs mean: 0.2235E+10   Fluctuation:  0.161E+09   0.107E+12    83.3%
  1    0.2235E+10 0.2235E+10 +- 0.1615E+09      3.23
 Writing out events   149088.69383641533        3.2303282002277633     
 Relative summed weights:
  0.1000E+01  0.0000E+00
 Relative number of events:
  0.1000E+01  0.0000E+00
 Events:
        2000           0
 Iteration  2   Mean: 0.2438E+10 Abs mean: 0.2438E+10   Fluctuation:  0.672E+08   0.499E+11    85.6%
  2    0.2438E+10 0.2438E+10 +- 0.6719E+08      1.74
 Relative summed weights:
  0.1000E+01  0.0000E+00
 Relative number of events:
  0.1000E+01  0.0000E+00
 Events:
        4000           0
 Iteration  3   Mean: 0.2403E+10 Abs mean: 0.2403E+10   Fluctuation:  0.362E+08   0.249E+11    81.0%
  3    0.2403E+10 0.2403E+10 +- 0.3621E+08      1.35
 Relative summed weights:
  0.1000E+01  0.0000E+00
 Relative number of events:
  0.1000E+01  0.0000E+00
 Events:
        8000           0
 Found          976  events.
 Wrote          973  events.
 Actual xsec    2405040955.4066720     
 Correct abs xsec    2405040955.4066720     
 Event xsec    2405040955.4066648     
 Events wgts > 1:            7
 % Cross section > 1:    1984258.0023454921       8.25041252576082101E-002
 Checking number of events   13271.015991934017              973  chi2:   0.67090728994953608     
 Found          976  events.
 Wrote          973  events.
 Actual xsec    2405040955.4066720     
 Correct abs xsec    2405040955.4066720     
 Event xsec    2405040955.4066648     
 Events wgts > 1:            7
 % Cross section > 1:    1984258.0023454921       8.25041252576082101E-002
 Iteration  4   Mean: 0.2430E+10 Abs mean: 0.2430E+10   Fluctuation:  0.226E+08   0.238E+11    77.4%
  4    0.2430E+10 0.2430E+10 +- 0.2261E+08      1.18
 Relative summed weights:
  0.1000E+01  0.0000E+00
 Relative number of events:
  0.1000E+01  0.0000E+00
 Events:
       16000           0
 Found         2090  events.
 Wrote         2086  events.
 Actual xsec    2423799166.9706464     
 Correct abs xsec    2423799166.9706464     
 Event xsec    2423799166.9706855     
 Events wgts > 1:            6
 % Cross section > 1:    900940.65125334798       3.71705982711167532E-002
 Checking number of events   13374.523803344027             2086  chi2:   0.23145264316389363     
 Found         2090  events.
 Wrote         2086  events.
 Actual xsec    2423799166.9706464     
 Correct abs xsec    2423799166.9706464     
 Event xsec    2423799166.9706855     
 Events wgts > 1:            6
 % Cross section > 1:    900940.65125334798       3.71705982711167532E-002
 Iteration  5   Mean: 0.2444E+10 Abs mean: 0.2444E+10   Fluctuation:  0.152E+08   0.695E+11    74.0%
  5    0.2444E+10 0.2444E+10 +- 0.1520E+08      1.11
 Relative summed weights:
  0.1000E+01  0.0000E+00
 Relative number of events:
  0.1000E+01  0.0000E+00
 Events:
       32000           0
 Found         4397  events.
 Wrote         4392  events.
 Actual xsec    2435597493.0973043     
 Correct abs xsec    2435597493.0973043     
 Event xsec    2435597493.0972896     
 Events wgts > 1:            8
 % Cross section > 1:    2866774.8550920878       0.11770314525354846     
 Checking number of events   13439.626966910926             4392  chi2:   0.57826899195476411     
 Found         4397  events.
 Wrote         4392  events.
 Actual xsec    2435597493.0973043     
 Correct abs xsec    2435597493.0973043     
 Event xsec    2435597493.0972896     
 Events wgts > 1:            8
 % Cross section > 1:    2866774.8550920878       0.11770314525354846     
 Iteration  6   Mean: 0.2412E+10 Abs mean: 0.2412E+10   Fluctuation:  0.105E+08   0.490E+11    71.1%
  6    0.2412E+10 0.2412E+10 +- 0.1046E+08      1.10
 Relative summed weights:
  0.1000E+01  0.0000E+00
 Relative number of events:
  0.1000E+01  0.0000E+00
 Events:
       64000           0
 Found         8919  events.
 Wrote         8915  events.
 Actual xsec    2423052484.6564021     
 Correct abs xsec    2423052484.6564021     
 Event xsec    2423052484.6561656     
 Events wgts > 1:           38
 % Cross section > 1:    3525582.3469032627       0.14550169132649010     
 Checking number of events   13370.403610334028             8915  chi2:    1.5727570008658436     
 Found         8919  events.
 Wrote         8915  events.
 Actual xsec    2423052484.6564021     
 Correct abs xsec    2423052484.6564021     
 Event xsec    2423052484.6561656     
 Events wgts > 1:           38
 % Cross section > 1:    3525582.3469032627       0.14550169132649010     
 Iteration  7   Mean: 0.2420E+10 Abs mean: 0.2420E+10   Fluctuation:  0.756E+07   0.131E+12    69.1%
  7    0.2420E+10 0.2420E+10 +- 0.7562E+07      1.12
 Relative summed weights:
  0.1000E+01  0.0000E+00
 Relative number of events:
  0.1000E+01  0.0000E+00
 Events:
      128000           0
 Found        18427  events.
 Wrote        18423  events.
 Actual xsec    2420900614.1212611     
 Correct abs xsec    2420900614.1212611     
 Event xsec    2420900614.1210337     
 Events wgts > 1:          106
 % Cross section > 1:    8509424.5276748110       0.35149830100581647     
 Checking number of events   13358.529588721120            18423  chi2:    1.5232376951003355     

 -------------------------------------------------------------------------------
 Accumulated results:   Integral =  0.2421E+10
                        Std dev  =  0.5429E+07
                       Cross sec =  0.7818E+00
             Chi**2 per DoF.     =
-------------------------------------------------
---------------------------
 Results Last   3 iters: Integral =   0.2421E+10
                     Abs integral =   0.2421E+10
                          Std dev =   0.5684E+07
                  Chi**2 per DoF. =      1.5232
-------------------------------------------------
---------------------------
 Status -5.51800000000000036E-006           8           9
 We found enough events       18423   13358.529588721120     

ls status:
events.lhe
ftn25
ftn26
input_sg.txt
moffset.dat
results.dat
run_01_ftn26.gz
run_01_log.txt
run_01_results.dat
run_04_ftn26.gz
run_04_log.txt
run_04_results.dat
run_07_ftn26.gz
run_07_log.txt
run_07_results.dat
run1_app.log
