 Process in group number            0
 No PDF is used, alpha_s(MZ) from param_card is used
 Value of alpha_s from param_card:   0.11800000071525575     
 The default order of alpha_s running is fixed to            2
 *****************************************************
 *               MadGraph/MadEvent                   *
 *        --------------------------------           *
 *          http://madgraph.hep.uiuc.edu             *
 *          http://madgraph.phys.ucl.ac.be           *
 *          http://madgraph.roma2.infn.it            *
 *        --------------------------------           *
 *                                                   *
 *          PARAMETER AND COUPLING VALUES            *
 *                                                   *
 *****************************************************

  External Params
  ---------------------------------
  
 aEWM1 =    132.50700378417969     
 mdl_Gf =   1.16639000000000003E-005
 aS =   0.11800000071525575     
 mdl_ymb =    4.6999998092651367     
 mdl_ymt =    173.00000000000000     
 mdl_yme =   5.10999991092830896E-004
 mdl_ymm =   0.10565999895334244     
 mdl_ymtau =    1.7769999504089355     
 mdl_MZ =    91.188003540039063     
 mdl_MT =    173.00000000000000     
 mdl_MB =    4.6999998092651367     
 mdl_MH =    125.00000000000000     
 mdl_Me =   5.10999991092830896E-004
 mdl_MM =   0.10565999895334244     
 mdl_MTA =    1.7769999504089355     
 mdl_WZ =    2.4414041042327881     
 mdl_WW =    2.0476000308990479     
 mdl_WT =    1.4915000200271606     
 mdl_WH =   6.38233916833996773E-003
 mdl_WTau =   2.26999999999999982E-012
  Internal Params
  ---------------------------------
  
 mdl_conjg__CKM3x3 =    1.0000000000000000     
 mdl_CKM3x3 =    1.0000000000000000     
 mdl_conjg__CKM1x1 =    1.0000000000000000     
 mdl_complexi =  (  0.0000000000000000     ,  1.0000000000000000     )
 mdl_MZ__exp__2 =    8315.2519896181766     
 mdl_MZ__exp__4 =    69143415.650849044     
 mdl_sqrt__2 =    1.4142135623730951     
 mdl_MH__exp__2 =    15625.000000000000     
 mdl_aEW =   7.54677089845565054E-003
 mdl_MW =    80.419007276179556     
 mdl_sqrt__aEW =   8.68721526063194194E-002
 mdl_ee =   0.30795376284704501     
 mdl_MW__exp__2 =    6467.2167312862202     
 mdl_sw2 =   0.22224645274001076     
 mdl_cw =   0.88190336616887299     
 mdl_sqrt__sw2 =   0.47143022043565552     
 mdl_sw =   0.47143022043565552     
 mdl_g1 =   0.34919218438279087     
 mdl_gw =   0.65323296958447097     
 mdl_vev =    246.21845810181631     
 mdl_vev__exp__2 =    60623.529110035874     
 mdl_lam =   0.12886910601690271     
 mdl_yb =   2.69955531549349904E-002
 mdl_ye =   2.93504850670934038E-006
 mdl_ym =   6.06883028478528356E-004
 mdl_yt =   0.99366614581500645     
 mdl_ytau =   1.02066167158167895E-002
 mdl_muH =    88.388347648318444     
 mdl_I1x33 =  ( 2.69955531549349904E-002,  0.0000000000000000     )
 mdl_I2x33 =  ( 0.99366614581500645     ,  0.0000000000000000     )
 mdl_I3x33 =  ( 0.99366614581500645     ,  0.0000000000000000     )
 mdl_I4x33 =  ( 2.69955531549349904E-002,  0.0000000000000000     )
 mdl_ee__exp__2 =   9.48355200516540348E-002
 mdl_sw__exp__2 =   0.22224645274001076     
 mdl_cw__exp__2 =   0.77775354725998924     
  Internal Params evaluated point by point
  ----------------------------------------
  
 mdl_sqrt__aS =   0.34351128178744839     
 mdl_G__exp__2 =    1.4828317414825511     
  Couplings of sm-lepton_masses
  ---------------------------------
  
         GC_3 =  -0.00000E+00  -0.30795E+00
        GC_50 =  -0.00000E+00  -0.28804E+00
        GC_59 =   0.00000E+00   0.82310E-01
        GC_89 =  -0.00000E+00  -0.20754E-05

 Collider parameters:
 --------------------

 Running at e e   machine @   7.00000000000000067E-002  GeV
 PDF set = none   
 alpha_s(Mz)= 0.1180 running at 2 loops.
 alpha_s(Mz)= 0.1180 running at 2 loops.
 Renormalization scale fixed @    91.188000000000002     
 Factorization scales  fixed @    91.188000000000002        91.188000000000002     


 getting user params
Enter number of events and max and min iterations: 
 Number of events and iterations         2000           9           3
Enter desired fractional accuracy: 
 Desired fractional accuracy:  -5.51800000000000036E-006
Enter 0 for fixed, 2 for adjustable grid: 
Suppress amplitude (0 no, 1 yes)? 
 Using suppressed amplitude.
Exact helicity sum (0 yes, n = number/event)? 
 Explicitly summing over helicities
Enter Configuration Number: 
Running Configuration Number:    7
 Not subdividing B.W.
 Attempting mappinvarients           1           5
 Completed mapping           5
 about to integrate            5        2000           9           3           5           1
 Using non-zero grid deformation.
  5 dimensions   2000 events  5 invarients  9 iterations  1 config(s),  (0.99)
 Using h-tuple random number sequence.
 Error opening grid
 Using Uniform Grid!
 Using uniform alpha   1.0000000000000000     
 Grid defined OK
 Set CM energy to          0.07
 Mapping Graph           7  to config           7
Setting grid   1    0.18367E-04   1
Setting grid   2    0.53290E-04   1
 Masses: 0.511E-03 0.511E-03 0.000E+00 0.511E-03 0.511E-03
   7   1   2   3   4   5
 Got moffset          20
Using random seed offsets     7 :      1
  with seed                  150
 Ranmar initialization seeds        4173       12508
  Particle       3       4       5
      Et >     0.0     0.0     0.0
       E >     0.0     0.0     0.0
     Eta <    -1.0    -1.0    -1.0
   xqcut:      0.0     0.0     0.0
d R # 3  >    -0.0     0.0     0.0
d R # 4  >    -0.0    -0.0     0.4
s min # 3>     0.0     0.0     0.0
s min # 4>     0.0     0.0     0.0
xqcutij # 3>     0.0     0.0     0.0
xqcutij # 4>     0.0     0.0     0.0
 alpha_s for scale    91.188000000000002       is   0.11800000071525575     
 Added good helicity            1   5.4723139870387660       in event            1
 Added good helicity            2  2.11628114324256553E-006  in event            1
 Added good helicity            3  4.14581084286312213E-002  in event            1
 Added good helicity            5   2.7018166017610841       in event            1
 Added good helicity            6  1.10542211701063292E-006  in event            1
 Added good helicity            7  5.64826154515472448E-006  in event            1
 Added good helicity            9  2.30181087817007193E-006  in event            1
 Added good helicity           10   5.1707723950158329       in event            1
 Added good helicity           12  4.38244842581410263E-002  in event            1
 Added good helicity           13  1.15159090296512601E-006  in event            1
 Added good helicity           14   2.5697961069437074       in event            1
 Added good helicity           16  5.55904022978689846E-006  in event            1
 Added good helicity           17  5.55904024792446662E-006  in event            1
 Added good helicity           19   2.5697961152617639       in event            1
 Added good helicity           20  1.15159090607933984E-006  in event            1
 Added good helicity           21  4.38244842457907319E-002  in event            1
 Added good helicity           23   5.1707724117536529       in event            1
 Added good helicity           24  2.30181088587215946E-006  in event            1
 Added good helicity           26  5.64826153334602217E-006  in event            1
 Added good helicity           27  1.10542212275902562E-006  in event            1
 Added good helicity           28   2.7018166017614766       in event            1
 Added good helicity           30  4.14581082838668541E-002  in event            1
 Added good helicity           31  2.11628115615767286E-006  in event            1
 Added good helicity           32   5.4723139870355988       in event            1
 Added good helicity            4  6.59564845132653851E-006  in event            3
 Added good helicity           11  3.05235329947480810E-005  in event            3
 Added good helicity           15  2.55949898182269200E-005  in event            3
 Added good helicity           18  2.55949898210504264E-005  in event            3
 Added good helicity           22  3.05235330678033242E-005  in event            3
 Added good helicity           29  6.59564844924971791E-006  in event            3
 Iteration  1   Mean: 0.1950E+10 Abs mean: 0.1950E+10   Fluctuation:  0.121E+09   0.102E+12    75.7%
  1    0.1950E+10 0.1950E+10 +- 0.1207E+09      2.77
 Writing out events   143169.31380179292        2.7676831294298201     
 Relative summed weights:
  0.1000E+01  0.0000E+00
 Relative number of events:
  0.1000E+01  0.0000E+00
 Events:
        2000           0
 Iteration  2   Mean: 0.1728E+10 Abs mean: 0.1728E+10   Fluctuation:  0.392E+08   0.353E+11    86.4%
  2    0.1728E+10 0.1728E+10 +- 0.3917E+08      1.43
 Relative summed weights:
  0.1000E+01  0.0000E+00
 Relative number of events:
  0.1000E+01  0.0000E+00
 Events:
        4000           0
 Iteration  3   Mean: 0.1729E+10 Abs mean: 0.1729E+10   Fluctuation:  0.205E+08   0.132E+11    82.4%
  3    0.1729E+10 0.1729E+10 +- 0.2052E+08      1.06
 Relative summed weights:
  0.1000E+01  0.0000E+00
 Relative number of events:
  0.1000E+01  0.0000E+00
 Events:
        8000           0
 Found          952  events.
 Wrote          947  events.
 Actual xsec    1735094593.0859420     
 Correct abs xsec    1735094593.0859420     
 Event xsec    1735094593.0859296     
 Events wgts > 1:            0
 % Cross section > 1:    0.0000000000000000        0.0000000000000000     
 Checking number of events   9574.2519646482287              947  chi2:    1.6451578122127419     
 Found          952  events.
 Wrote          947  events.
 Actual xsec    1735094593.0859420     
 Correct abs xsec    1735094593.0859420     
 Event xsec    1735094593.0859296     
 Events wgts > 1:            0
 % Cross section > 1:    0.0000000000000000        0.0000000000000000     
 Iteration  4   Mean: 0.1710E+10 Abs mean: 0.1710E+10   Fluctuation:  0.128E+08   0.185E+11    78.8%
  4    0.1710E+10 0.1710E+10 +- 0.1275E+08      0.94
 Relative summed weights:
  0.1000E+01  0.0000E+00
 Relative number of events:
  0.1000E+01  0.0000E+00
 Events:
       16000           0
 Found         1974  events.
 Wrote         1970  events.
 Actual xsec    1716106568.2171693     
 Correct abs xsec    1716106568.2171693     
 Event xsec    1716106568.2172241     
 Events wgts > 1:            1
 % Cross section > 1:    310181.14827673452       1.80747020040233249E-002
 Checking number of events   9469.4760434223408             1970  chi2:   0.37482383173463757     
 Found         1974  events.
 Wrote         1970  events.
 Actual xsec    1716106568.2171693     
 Correct abs xsec    1716106568.2171693     
 Event xsec    1716106568.2172241     
 Events wgts > 1:            1
 % Cross section > 1:    310181.14827673452       1.80747020040233249E-002
 Iteration  5   Mean: 0.1726E+10 Abs mean: 0.1726E+10   Fluctuation:  0.865E+07   0.225E+11    77.4%
  5    0.1726E+10 0.1726E+10 +- 0.8649E+07      0.90
 Relative summed weights:
  0.1000E+01  0.0000E+00
 Relative number of events:
  0.1000E+01  0.0000E+00
 Events:
       32000           0
 Found         4214  events.
 Wrote         4209  events.
 Actual xsec    1721502341.3614888     
 Correct abs xsec    1721502341.3614888     
 Event xsec    1721502341.3615038     
 Events wgts > 1:            5
 % Cross section > 1:    405385.18976013217       2.35483379848046362E-002
 Checking number of events   9499.2499196326953             4209  chi2:   0.60448909043338528     
 Found         4214  events.
 Wrote         4209  events.
 Actual xsec    1721502341.3614888     
 Correct abs xsec    1721502341.3614888     
 Event xsec    1721502341.3615038     
 Events wgts > 1:            5
 % Cross section > 1:    405385.18976013217       2.35483379848046362E-002
 Iteration  6   Mean: 0.1730E+10 Abs mean: 0.1730E+10   Fluctuation:  0.612E+07   0.587E+11    75.7%
  6    0.1730E+10 0.1730E+10 +- 0.6117E+07      0.89
 Relative summed weights:
  0.1000E+01  0.0000E+00
 Relative number of events:
  0.1000E+01  0.0000E+00
 Events:
       64000           0
 Found         8449  events.
 Wrote         8448  events.
 Actual xsec    1726265182.4775715     
 Correct abs xsec    1726265182.4775715     
 Event xsec    1726265182.4772644     
 Events wgts > 1:           15
 % Cross section > 1:    2127751.5135467486       0.12325751194803883     
 Checking number of events   9525.5312769112406             8448  chi2:    1.0756397678888669     
 Found         8449  events.
 Wrote         8448  events.
 Actual xsec    1726265182.4775715     
 Correct abs xsec    1726265182.4775715     
 Event xsec    1726265182.4772644     
 Events wgts > 1:           15
 % Cross section > 1:    2127751.5135467486       0.12325751194803883     
 Iteration  7   Mean: 0.1735E+10 Abs mean: 0.1735E+10   Fluctuation:  0.434E+07   0.517E+11    73.6%
  7    0.1735E+10 0.1735E+10 +- 0.4342E+07      0.90
 Relative summed weights:
  0.1000E+01  0.0000E+00
 Relative number of events:
  0.1000E+01  0.0000E+00
 Events:
      128000           0
 Found        17497  events.
 Wrote        17493  events.
 Actual xsec    1732323544.1400046     
 Correct abs xsec    1732323544.1400046     
 Event xsec    1732323544.1405175     
 Events wgts > 1:           42
 % Cross section > 1:    2168178.5216073208       0.12516013702758108     
 Checking number of events   9558.9613165645460            17493  chi2:   0.55207491550753551     

 -------------------------------------------------------------------------------
 Accumulated results:   Integral =  0.1731E+10
                        Std dev  =  0.3126E+07
                       Cross sec =  0.1365E+01
             Chi**2 per DoF.     =
-------------------------------------------------
---------------------------
 Results Last   3 iters: Integral =   0.1732E+10
                     Abs integral =   0.1732E+10
                          Std dev =   0.3277E+07
                  Chi**2 per DoF. =      0.5521
-------------------------------------------------
---------------------------
 Status -5.51800000000000036E-006           8           9
 We found enough events       17493   9558.9613165645460     

ls status:
events.lhe
ftn25
ftn26
input_sg.txt
moffset.dat
results.dat
run_07_ftn26.gz
run_07_log.txt
run_07_results.dat
run1_app.log
