 Process in group number            0
 No PDF is used, alpha_s(MZ) from param_card is used
 Value of alpha_s from param_card:   0.11800000071525575     
 The default order of alpha_s running is fixed to            2
 *****************************************************
 *               MadGraph/MadEvent                   *
 *        --------------------------------           *
 *          http://madgraph.hep.uiuc.edu             *
 *          http://madgraph.phys.ucl.ac.be           *
 *          http://madgraph.roma2.infn.it            *
 *        --------------------------------           *
 *                                                   *
 *          PARAMETER AND COUPLING VALUES            *
 *                                                   *
 *****************************************************

  External Params
  ---------------------------------
  
 aEWM1 =    132.50700378417969     
 mdl_Gf =   1.16639000000000003E-005
 aS =   0.11800000071525575     
 mdl_ymb =    4.6999998092651367     
 mdl_ymt =    173.00000000000000     
 mdl_yme =   5.10999991092830896E-004
 mdl_ymm =   0.10565999895334244     
 mdl_ymtau =    1.7769999504089355     
 mdl_MZ =    91.188003540039063     
 mdl_MT =    173.00000000000000     
 mdl_MB =    4.6999998092651367     
 mdl_MH =    125.00000000000000     
 mdl_Me =   5.10999991092830896E-004
 mdl_MM =   0.10565999895334244     
 mdl_MTA =    1.7769999504089355     
 mdl_WZ =    2.4414041042327881     
 mdl_WW =    2.0476000308990479     
 mdl_WT =    1.4915000200271606     
 mdl_WH =   6.38233916833996773E-003
 mdl_WTau =   2.26999999999999982E-012
  Internal Params
  ---------------------------------
  
 mdl_conjg__CKM3x3 =    1.0000000000000000     
 mdl_CKM3x3 =    1.0000000000000000     
 mdl_conjg__CKM1x1 =    1.0000000000000000     
 mdl_complexi =  (  0.0000000000000000     ,  1.0000000000000000     )
 mdl_MZ__exp__2 =    8315.2519896181766     
 mdl_MZ__exp__4 =    69143415.650849044     
 mdl_sqrt__2 =    1.4142135623730951     
 mdl_MH__exp__2 =    15625.000000000000     
 mdl_aEW =   7.54677089845565054E-003
 mdl_MW =    80.419007276179556     
 mdl_sqrt__aEW =   8.68721526063194194E-002
 mdl_ee =   0.30795376284704501     
 mdl_MW__exp__2 =    6467.2167312862202     
 mdl_sw2 =   0.22224645274001076     
 mdl_cw =   0.88190336616887299     
 mdl_sqrt__sw2 =   0.47143022043565552     
 mdl_sw =   0.47143022043565552     
 mdl_g1 =   0.34919218438279087     
 mdl_gw =   0.65323296958447097     
 mdl_vev =    246.21845810181631     
 mdl_vev__exp__2 =    60623.529110035874     
 mdl_lam =   0.12886910601690271     
 mdl_yb =   2.69955531549349904E-002
 mdl_ye =   2.93504850670934038E-006
 mdl_ym =   6.06883028478528356E-004
 mdl_yt =   0.99366614581500645     
 mdl_ytau =   1.02066167158167895E-002
 mdl_muH =    88.388347648318444     
 mdl_I1x33 =  ( 2.69955531549349904E-002,  0.0000000000000000     )
 mdl_I2x33 =  ( 0.99366614581500645     ,  0.0000000000000000     )
 mdl_I3x33 =  ( 0.99366614581500645     ,  0.0000000000000000     )
 mdl_I4x33 =  ( 2.69955531549349904E-002,  0.0000000000000000     )
 mdl_ee__exp__2 =   9.48355200516540348E-002
 mdl_sw__exp__2 =   0.22224645274001076     
 mdl_cw__exp__2 =   0.77775354725998924     
  Internal Params evaluated point by point
  ----------------------------------------
  
 mdl_sqrt__aS =   0.34351128178744839     
 mdl_G__exp__2 =    1.4828317414825511     
  Couplings of sm-lepton_masses
  ---------------------------------
  
         GC_3 =  -0.00000E+00  -0.30795E+00
        GC_50 =  -0.00000E+00  -0.28804E+00
        GC_59 =   0.00000E+00   0.82310E-01
        GC_89 =  -0.00000E+00  -0.20754E-05

 Collider parameters:
 --------------------

 Running at e e   machine @   7.00000000000000067E-002  GeV
 PDF set = none   
 alpha_s(Mz)= 0.1180 running at 2 loops.
 alpha_s(Mz)= 0.1180 running at 2 loops.
 Renormalization scale fixed @    91.188000000000002     
 Factorization scales  fixed @    91.188000000000002        91.188000000000002     


 getting user params
Enter number of events and max and min iterations: 
 Number of events and iterations         2000           9           3
Enter desired fractional accuracy: 
 Desired fractional accuracy:  -5.51800000000000036E-006
Enter 0 for fixed, 2 for adjustable grid: 
Suppress amplitude (0 no, 1 yes)? 
 Using suppressed amplitude.
Exact helicity sum (0 yes, n = number/event)? 
 Explicitly summing over helicities
Enter Configuration Number: 
Running Configuration Number:   22
 Not subdividing B.W.
 Attempting mappinvarients           1           5
 Completed mapping           5
 about to integrate            5        2000           9           3           5           1
 Using non-zero grid deformation.
  5 dimensions   2000 events  5 invarients  9 iterations  1 config(s),  (0.99)
 Using h-tuple random number sequence.
 Error opening grid
 Using Uniform Grid!
 Using uniform alpha   1.0000000000000000     
 Grid defined OK
 Set CM energy to          0.07
 Mapping Graph          22  to config          22
Setting grid   1    0.53290E-04   1
Setting grid   2    0.53290E-04   1
 Masses: 0.511E-03 0.511E-03 0.000E+00 0.511E-03 0.511E-03
  22   1   2   3   4   5
 Got moffset          20
Using random seed offsets    22 :      1
  with seed                  150
 Ranmar initialization seeds        4188       12508
  Particle       3       4       5
      Et >     0.0     0.0     0.0
       E >     0.0     0.0     0.0
     Eta <    -1.0    -1.0    -1.0
   xqcut:      0.0     0.0     0.0
d R # 3  >    -0.0     0.0     0.0
d R # 4  >    -0.0    -0.0     0.4
s min # 3>     0.0     0.0     0.0
s min # 4>     0.0     0.0     0.0
xqcutij # 3>     0.0     0.0     0.0
xqcutij # 4>     0.0     0.0     0.0
 alpha_s for scale    91.188000000000002       is   0.11800000071525575     
 Added good helicity            1   8.4741068984450916       in event            1
 Added good helicity            2   1.2535572790859633       in event            1
 Added good helicity            3  1.07756908501829881E-004  in event            1
 Added good helicity            4  6.71619927744263230E-006  in event            1
 Added good helicity            5  1.18321800971301176E-002  in event            1
 Added good helicity            6  1.54212591875700692E-006  in event            1
 Added good helicity            9  5.76559957327535723E-006  in event            1
 Added good helicity           10  4.34649136487813698E-002  in event            1
 Added good helicity           11  6.13270468467426791E-003  in event            1
 Added good helicity           12  1.03753036650905666E-003  in event            1
 Added good helicity           13  0.54637814752714120       in event            1
 Added good helicity           14   5.6632580795157477       in event            1
 Added good helicity           15  1.23101697045897388E-005  in event            1
 Added good helicity           16  9.78900605299052657E-005  in event            1
 Added good helicity           17  9.78900648373132794E-005  in event            1
 Added good helicity           18  1.23101699138364161E-005  in event            1
 Added good helicity           19   5.6632583217390229       in event            1
 Added good helicity           20  0.54637815806808454       in event            1
 Added good helicity           21  1.03753036565547665E-003  in event            1
 Added good helicity           22  6.13270467952762785E-003  in event            1
 Added good helicity           23  4.34649154999635079E-002  in event            1
 Added good helicity           24  5.76559991588562051E-006  in event            1
 Added good helicity           27  1.54212642085021222E-006  in event            1
 Added good helicity           28  1.18321800899829094E-002  in event            1
 Added good helicity           29  6.71619910199520970E-006  in event            1
 Added good helicity           30  1.07756903444587631E-004  in event            1
 Added good helicity           31   1.2535572788618259       in event            1
 Added good helicity           32   8.4741068988697350       in event            1
 Added good helicity            7  1.12662437014749304E-006  in event            3
 Added good helicity           26  1.12662436874605204E-006  in event            3
 Iteration  1   Mean: 0.2485E+10 Abs mean: 0.2485E+10   Fluctuation:  0.168E+09   0.793E+11    83.8%
  1    0.2485E+10 0.2485E+10 +- 0.1680E+09      3.02
 Writing out events   164741.64441025190        3.0232552481460613     
 Relative summed weights:
  0.1000E+01  0.0000E+00
 Relative number of events:
  0.1000E+01  0.0000E+00
 Events:
        2000           0
 Iteration  2   Mean: 0.2389E+10 Abs mean: 0.2389E+10   Fluctuation:  0.664E+08   0.569E+11    85.5%
  2    0.2389E+10 0.2389E+10 +- 0.6638E+08      1.76
 Relative summed weights:
  0.1000E+01  0.0000E+00
 Relative number of events:
  0.1000E+01  0.0000E+00
 Events:
        4000           0
 Iteration  3   Mean: 0.2435E+10 Abs mean: 0.2435E+10   Fluctuation:  0.360E+08   0.283E+11    81.7%
  3    0.2435E+10 0.2435E+10 +- 0.3603E+08      1.32
 Relative summed weights:
  0.1000E+01  0.0000E+00
 Relative number of events:
  0.1000E+01  0.0000E+00
 Events:
        8000           0
 Found         1028  events.
 Wrote         1023  events.
 Actual xsec    2426648760.6378069     
 Correct abs xsec    2426648760.6378069     
 Event xsec    2426648760.6378126     
 Events wgts > 1:           12
 % Cross section > 1:    4555776.9618577454       0.18773944691774508     
 Checking number of events   13390.247861199419             1023  chi2:   0.24319330469889364     
 Found         1028  events.
 Wrote         1023  events.
 Actual xsec    2426648760.6378069     
 Correct abs xsec    2426648760.6378069     
 Event xsec    2426648760.6378126     
 Events wgts > 1:           12
 % Cross section > 1:    4555776.9618577454       0.18773944691774508     
 Iteration  4   Mean: 0.2429E+10 Abs mean: 0.2429E+10   Fluctuation:  0.226E+08   0.360E+11    77.1%
  4    0.2429E+10 0.2429E+10 +- 0.2264E+08      1.18
 Relative summed weights:
  0.1000E+01  0.0000E+00
 Relative number of events:
  0.1000E+01  0.0000E+00
 Events:
       16000           0
 Found         2061  events.
 Wrote         2057  events.
 Actual xsec    2427489200.9490623     
 Correct abs xsec    2427489200.9490623     
 Event xsec    2427489200.9491715     
 Events wgts > 1:            7
 % Cross section > 1:    2410638.9109793352       9.93058552036710368E-002
 Checking number of events   13394.885410836927             2057  chi2:   0.18840261321988894     
 Found         2061  events.
 Wrote         2057  events.
 Actual xsec    2427489200.9490623     
 Correct abs xsec    2427489200.9490623     
 Event xsec    2427489200.9491715     
 Events wgts > 1:            7
 % Cross section > 1:    2410638.9109793352       9.93058552036710368E-002
 Iteration  5   Mean: 0.2424E+10 Abs mean: 0.2424E+10   Fluctuation:  0.149E+08   0.297E+11    74.1%
  5    0.2424E+10 0.2424E+10 +- 0.1489E+08      1.10
 Relative summed weights:
  0.1000E+01  0.0000E+00
 Relative number of events:
  0.1000E+01  0.0000E+00
 Events:
       32000           0
 Found         4311  events.
 Wrote         4306  events.
 Actual xsec    2426787011.9515748     
 Correct abs xsec    2426787011.9515748     
 Event xsec    2426787011.9516482     
 Events wgts > 1:           11
 % Cross section > 1:    1131287.2988931141       4.66166702443046588E-002
 Checking number of events   13391.010731948791             4306  chi2:   3.98446846229673843E-002
 Found         4311  events.
 Wrote         4306  events.
 Actual xsec    2426787011.9515748     
 Correct abs xsec    2426787011.9515748     
 Event xsec    2426787011.9516482     
 Events wgts > 1:           11
 % Cross section > 1:    1131287.2988931141       4.66166702443046588E-002
 Iteration  6   Mean: 0.2421E+10 Abs mean: 0.2421E+10   Fluctuation:  0.105E+08   0.532E+11    71.3%
  6    0.2421E+10 0.2421E+10 +- 0.1046E+08      1.09
 Relative summed weights:
  0.1000E+01  0.0000E+00
 Relative number of events:
  0.1000E+01  0.0000E+00
 Events:
       64000           0
 Found         8834  events.
 Wrote         8830  events.
 Actual xsec    2423081577.1101141     
 Correct abs xsec    2423081577.1101141     
 Event xsec    2423081577.1102543     
 Events wgts > 1:           33
 % Cross section > 1:    5159492.2141722878       0.21293101573267922     
 Checking number of events   13370.564142493611             8830  chi2:   5.65682046255978482E-002
 Found         8834  events.
 Wrote         8830  events.
 Actual xsec    2423081577.1101141     
 Correct abs xsec    2423081577.1101141     
 Event xsec    2423081577.1102543     
 Events wgts > 1:           33
 % Cross section > 1:    5159492.2141722878       0.21293101573267922     
 Iteration  7   Mean: 0.2416E+10 Abs mean: 0.2416E+10   Fluctuation:  0.745E+07   0.863E+11    69.1%
  7    0.2416E+10 0.2416E+10 +- 0.7445E+07      1.10
 Relative summed weights:
  0.1000E+01  0.0000E+00
 Relative number of events:
  0.1000E+01  0.0000E+00
 Events:
      128000           0
 Found        18355  events.
 Wrote        18350  events.
 Actual xsec    2418814858.3082829     
 Correct abs xsec    2418814858.3082829     
 Event xsec    2418814858.3082795     
 Events wgts > 1:          112
 % Cross section > 1:    7495003.2707076976       0.30986262735088815     
 Checking number of events   13347.020388145105            18350  chi2:   0.15729496454150696     

 -------------------------------------------------------------------------------
 Accumulated results:   Integral =  0.2420E+10
                        Std dev  =  0.5371E+07
                       Cross sec =  0.1743E+00
             Chi**2 per DoF.     =
-------------------------------------------------
---------------------------
 Results Last   3 iters: Integral =   0.2419E+10
                     Abs integral =   0.2419E+10
                          Std dev =   0.5618E+07
                  Chi**2 per DoF. =      0.1573
-------------------------------------------------
---------------------------
 Status -5.51800000000000036E-006           8           9
 We found enough events       18350   13347.020388145105     

ls status:
events.lhe
ftn25
ftn26
input_sg.txt
moffset.dat
results.dat
run_01_ftn26.gz
run_01_log.txt
run_01_results.dat
run_04_ftn26.gz
run_04_log.txt
run_04_results.dat
run_07_ftn26.gz
run_07_log.txt
run_07_results.dat
run1_app.log
