 Process in group number            0
 No PDF is used, alpha_s(MZ) from param_card is used
 Value of alpha_s from param_card:   0.11800000071525575     
 The default order of alpha_s running is fixed to            2
 *****************************************************
 *               MadGraph/MadEvent                   *
 *        --------------------------------           *
 *          http://madgraph.hep.uiuc.edu             *
 *          http://madgraph.phys.ucl.ac.be           *
 *          http://madgraph.roma2.infn.it            *
 *        --------------------------------           *
 *                                                   *
 *          PARAMETER AND COUPLING VALUES            *
 *                                                   *
 *****************************************************

  External Params
  ---------------------------------
  
 aEWM1 =    132.50700378417969     
 mdl_Gf =   1.16639000000000003E-005
 aS =   0.11800000071525575     
 mdl_ymb =    4.6999998092651367     
 mdl_ymt =    173.00000000000000     
 mdl_yme =   5.10999991092830896E-004
 mdl_ymm =   0.10565999895334244     
 mdl_ymtau =    1.7769999504089355     
 mdl_MZ =    91.188003540039063     
 mdl_MT =    173.00000000000000     
 mdl_MB =    4.6999998092651367     
 mdl_MH =    125.00000000000000     
 mdl_Me =   5.10999991092830896E-004
 mdl_MM =   0.10565999895334244     
 mdl_MTA =    1.7769999504089355     
 mdl_WZ =    2.4414041042327881     
 mdl_WW =    2.0476000308990479     
 mdl_WT =    1.4915000200271606     
 mdl_WH =   6.38233916833996773E-003
 mdl_WTau =   2.26999999999999982E-012
  Internal Params
  ---------------------------------
  
 mdl_conjg__CKM3x3 =    1.0000000000000000     
 mdl_CKM3x3 =    1.0000000000000000     
 mdl_conjg__CKM1x1 =    1.0000000000000000     
 mdl_complexi =  (  0.0000000000000000     ,  1.0000000000000000     )
 mdl_MZ__exp__2 =    8315.2519896181766     
 mdl_MZ__exp__4 =    69143415.650849044     
 mdl_sqrt__2 =    1.4142135623730951     
 mdl_MH__exp__2 =    15625.000000000000     
 mdl_aEW =   7.54677089845565054E-003
 mdl_MW =    80.419007276179556     
 mdl_sqrt__aEW =   8.68721526063194194E-002
 mdl_ee =   0.30795376284704501     
 mdl_MW__exp__2 =    6467.2167312862202     
 mdl_sw2 =   0.22224645274001076     
 mdl_cw =   0.88190336616887299     
 mdl_sqrt__sw2 =   0.47143022043565552     
 mdl_sw =   0.47143022043565552     
 mdl_g1 =   0.34919218438279087     
 mdl_gw =   0.65323296958447097     
 mdl_vev =    246.21845810181631     
 mdl_vev__exp__2 =    60623.529110035874     
 mdl_lam =   0.12886910601690271     
 mdl_yb =   2.69955531549349904E-002
 mdl_ye =   2.93504850670934038E-006
 mdl_ym =   6.06883028478528356E-004
 mdl_yt =   0.99366614581500645     
 mdl_ytau =   1.02066167158167895E-002
 mdl_muH =    88.388347648318444     
 mdl_I1x33 =  ( 2.69955531549349904E-002,  0.0000000000000000     )
 mdl_I2x33 =  ( 0.99366614581500645     ,  0.0000000000000000     )
 mdl_I3x33 =  ( 0.99366614581500645     ,  0.0000000000000000     )
 mdl_I4x33 =  ( 2.69955531549349904E-002,  0.0000000000000000     )
 mdl_ee__exp__2 =   9.48355200516540348E-002
 mdl_sw__exp__2 =   0.22224645274001076     
 mdl_cw__exp__2 =   0.77775354725998924     
  Internal Params evaluated point by point
  ----------------------------------------
  
 mdl_sqrt__aS =   0.34351128178744839     
 mdl_G__exp__2 =    1.4828317414825511     
  Couplings of sm-lepton_masses
  ---------------------------------
  
         GC_3 =  -0.00000E+00  -0.30795E+00
        GC_50 =  -0.00000E+00  -0.28804E+00
        GC_59 =   0.00000E+00   0.82310E-01
        GC_89 =  -0.00000E+00  -0.20754E-05

 Collider parameters:
 --------------------

 Running at e e   machine @   7.00000000000000067E-002  GeV
 PDF set = none   
 alpha_s(Mz)= 0.1180 running at 2 loops.
 alpha_s(Mz)= 0.1180 running at 2 loops.
 Renormalization scale fixed @    91.188000000000002     
 Factorization scales  fixed @    91.188000000000002        91.188000000000002     


 getting user params
Enter number of events and max and min iterations: 
 Number of events and iterations         2000           9           3
Enter desired fractional accuracy: 
 Desired fractional accuracy:  -5.51800000000000036E-006
Enter 0 for fixed, 2 for adjustable grid: 
Suppress amplitude (0 no, 1 yes)? 
 Using suppressed amplitude.
Exact helicity sum (0 yes, n = number/event)? 
 Explicitly summing over helicities
Enter Configuration Number: 
Running Configuration Number:   13
 Not subdividing B.W.
 Attempting mappinvarients           1           5
 Completed mapping           5
 about to integrate            5        2000           9           3           5           1
 Using non-zero grid deformation.
  5 dimensions   2000 events  5 invarients  9 iterations  1 config(s),  (0.99)
 Using h-tuple random number sequence.
 Error opening grid
 Using Uniform Grid!
 Using uniform alpha   1.0000000000000000     
 Grid defined OK
 Set CM energy to          0.07
 Mapping Graph          13  to config          13
Setting grid   1    0.53290E-04   1
Setting grid   2    0.18367E-04   1
 Masses: 0.511E-03 0.511E-03 0.000E+00 0.511E-03 0.511E-03
  13   1   2   3   4   5
 Got moffset           7
Using random seed offsets    13 :      1
  with seed                  150
 Ranmar initialization seeds        4179        1548
  Particle       3       4       5
      Et >     0.0     0.0     0.0
       E >     0.0     0.0     0.0
     Eta <    -1.0    -1.0    -1.0
   xqcut:      0.0     0.0     0.0
d R # 3  >    -0.0     0.0     0.0
d R # 4  >    -0.0    -0.0     0.4
s min # 3>     0.0     0.0     0.0
s min # 4>     0.0     0.0     0.0
xqcutij # 3>     0.0     0.0     0.0
xqcutij # 4>     0.0     0.0     0.0
 alpha_s for scale    91.188000000000002       is   0.11800000071525575     
 Added good helicity            1   8.9294144892872271       in event            1
 Added good helicity            2  3.65593572211597587E-003  in event            1
 Added good helicity            3  6.43063360614036256E-003  in event            1
 Added good helicity            5  0.32349379734035016       in event            1
 Added good helicity            6  7.43720145848965217E-005  in event            1
 Added good helicity            9  1.09530707369550145E-004  in event            1
 Added good helicity           10  0.47650970022986716       in event            1
 Added good helicity           12  3.65784978724813400E-004  in event            1
 Added good helicity           13  4.87252547564618558E-003  in event            1
 Added good helicity           14   6.2550720225023007       in event            1
 Added good helicity           19   6.2550720230932271       in event            1
 Added good helicity           20  4.87252547919489465E-003  in event            1
 Added good helicity           21  3.65784978784679628E-004  in event            1
 Added good helicity           23  0.47650970028674688       in event            1
 Added good helicity           24  1.09530707382644461E-004  in event            1
 Added good helicity           27  7.43720145854131982E-005  in event            1
 Added good helicity           28  0.32349379734234973       in event            1
 Added good helicity           30  6.43063360703003458E-003  in event            1
 Added good helicity           31  3.65593571959132481E-003  in event            1
 Added good helicity           32   8.9294144892305329       in event            1
 Added good helicity            7  5.06772829672987721E-005  in event            2
 Added good helicity           11  6.87036646853341805E-005  in event            2
 Added good helicity           15  0.32897708814633342       in event            2
 Added good helicity           16  7.53132495573605151E-006  in event            2
 Added good helicity           17  7.53132513626446223E-006  in event            2
 Added good helicity           18  0.32897708836977840       in event            2
 Added good helicity           22  6.87036646861980321E-005  in event            2
 Added good helicity           26  5.06772818082829295E-005  in event            2
 Added good helicity            4  2.06417703744553198E-005  in event            3
 Added good helicity           29  2.06417703504858222E-005  in event            3
 Iteration  1   Mean: 0.4767E+09 Abs mean: 0.4767E+09   Fluctuation:  0.151E+09   0.274E+12    73.1%
  1    0.4767E+09 0.4767E+09 +- 0.1510E+09     14.17
 Writing out events   36244.772028379310        14.167136127339603     
 Relative summed weights:
  0.1000E+01  0.0000E+00
 Relative number of events:
  0.1000E+01  0.0000E+00
 Events:
        2000           0
 Iteration  2   Mean: 0.2155E+10 Abs mean: 0.2155E+10   Fluctuation:  0.642E+09   0.190E+13    85.3%
  2    0.2155E+10 0.2155E+10 +- 0.6420E+09     18.84
 Relative summed weights:
  0.1000E+01  0.0000E+00
 Relative number of events:
  0.1000E+01  0.0000E+00
 Events:
        4000           0
 Iteration  3   Mean: 0.1607E+10 Abs mean: 0.1607E+10   Fluctuation:  0.936E+08   0.402E+12    81.8%
  3    0.1607E+10 0.1607E+10 +- 0.9359E+08      5.21
 Relative summed weights:
  0.1000E+01  0.0000E+00
 Relative number of events:
  0.1000E+01  0.0000E+00
 Events:
        8000           0
 Found          552  events.
 Wrote           21  events.
 Actual xsec    1591187326.7737448     
 Correct abs xsec    1591187326.7737448     
 Event xsec    1591187326.7737451     
 Events wgts > 1:            0
 % Cross section > 1:    0.0000000000000000        0.0000000000000000     
 Checking number of events   8780.1716691375241               21  chi2:    27.627944726739123     
 Found          552  events.
 Wrote           39  events.
 Actual xsec    1591187326.7737448     
 Correct abs xsec    1591187326.7737448     
 Event xsec    1591187326.7737474     
 Events wgts > 1:            0
 % Cross section > 1:    0.0000000000000000        0.0000000000000000     
 Iteration  4   Mean: 0.1641E+10 Abs mean: 0.1641E+10   Fluctuation:  0.271E+08   0.662E+11    81.7%
  4    0.1641E+10 0.1641E+10 +- 0.2709E+08      2.09
 Relative summed weights:
  0.1000E+01  0.0000E+00
 Relative number of events:
  0.1000E+01  0.0000E+00
 Events:
       16000           0
 Found         1838  events.
 Wrote          746  events.
 Actual xsec    1639543103.7300797     
 Correct abs xsec    1639543103.7300797     
 Event xsec    1639543103.7301283     
 Events wgts > 1:           19
 % Cross section > 1:    15540915.136800511       0.94788085177165138     
 Checking number of events   9046.9988463825794              746  chi2:   0.38173599753983850     
 Found         1838  events.
 Wrote          749  events.
 Actual xsec    1639543103.7300797     
 Correct abs xsec    1639543103.7300797     
 Event xsec    1639543103.7301233     
 Events wgts > 1:           19
 % Cross section > 1:    15479256.163910154       0.94412011057795986     
 Iteration  5   Mean: 0.1620E+10 Abs mean: 0.1620E+10   Fluctuation:  0.118E+08   0.286E+11    80.6%
  5    0.1620E+10 0.1620E+10 +- 0.1176E+08      1.30
 Relative summed weights:
  0.1000E+01  0.0000E+00
 Relative number of events:
  0.1000E+01  0.0000E+00
 Events:
       32000           0
 Found         3903  events.
 Wrote         3899  events.
 Actual xsec    1623519488.0457435     
 Correct abs xsec    1623519488.0457435     
 Event xsec    1623519488.0457225     
 Events wgts > 1:           58
 % Cross section > 1:    5954247.2795928400       0.36674935677921183     
 Checking number of events   8958.5805350364135             3899  chi2:   0.24595416297107650     
 Found         3903  events.
 Wrote         3899  events.
 Actual xsec    1623519488.0457435     
 Correct abs xsec    1623519488.0457435     
 Event xsec    1623519488.0457225     
 Events wgts > 1:           58
 % Cross section > 1:    5954247.2795928400       0.36674935677921183     
 Iteration  6   Mean: 0.1629E+10 Abs mean: 0.1629E+10   Fluctuation:  0.678E+07   0.273E+11    80.3%
  6    0.1629E+10 0.1629E+10 +- 0.6780E+07      1.05
 Relative summed weights:
  0.1000E+01  0.0000E+00
 Relative number of events:
  0.1000E+01  0.0000E+00
 Events:
       64000           0
 Found         7965  events.
 Wrote         7960  events.
 Actual xsec    1627353240.5205338     
 Correct abs xsec    1627353240.5205338     
 Event xsec    1627353240.5208044     
 Events wgts > 1:           16
 % Cross section > 1:    1543940.2024193194       9.48743127168388961E-002
 Checking number of events   8979.7351811923054             7960  chi2:   0.31132867708666534     
 Found         7965  events.
 Wrote         7960  events.
 Actual xsec    1627353240.5205338     
 Correct abs xsec    1627353240.5205338     
 Event xsec    1627353240.5208044     
 Events wgts > 1:           16
 % Cross section > 1:    1543940.2024193194       9.48743127168388961E-002
 Iteration  7   Mean: 0.1633E+10 Abs mean: 0.1633E+10   Fluctuation:  0.435E+07   0.294E+11    79.3%
  7    0.1633E+10 0.1633E+10 +- 0.4347E+07      0.95
 Relative summed weights:
  0.1000E+01  0.0000E+00
 Relative number of events:
  0.1000E+01  0.0000E+00
 Events:
      128000           0
 Found        16410  events.
 Wrote        16405  events.
 Actual xsec    1631110249.0699611     
 Correct abs xsec    1631110249.0699611     
 Event xsec    1631110249.0695229     
 Events wgts > 1:           26
 % Cross section > 1:    1000682.0820394016       6.13497513494411020E-002
 Checking number of events   9000.4663543680454            16405  chi2:   0.61784841431554405     

 -------------------------------------------------------------------------------
 Accumulated results:   Integral =  0.1631E+10
                        Std dev  =  0.3463E+07
                       Cross sec =  0.1260E+01
             Chi**2 per DoF.     =
-------------------------------------------------
---------------------------
 Results Last   3 iters: Integral =   0.1631E+10
                     Abs integral =   0.1631E+10
                          Std dev =   0.3494E+07
                  Chi**2 per DoF. =      0.6178
-------------------------------------------------
---------------------------
 Status -5.51800000000000036E-006           8           9
 We found enough events       16405   9000.4663543680454     

ls status:
events.lhe
ftn25
ftn26
input_sg.txt
moffset.dat
results.dat
run_07_ftn26.gz
run_07_log.txt
run_07_results.dat
run1_app.log
