 Process in group number            0
 No PDF is used, alpha_s(MZ) from param_card is used
 Value of alpha_s from param_card:   0.11800000071525575     
 The default order of alpha_s running is fixed to            2
 *****************************************************
 *               MadGraph/MadEvent                   *
 *        --------------------------------           *
 *          http://madgraph.hep.uiuc.edu             *
 *          http://madgraph.phys.ucl.ac.be           *
 *          http://madgraph.roma2.infn.it            *
 *        --------------------------------           *
 *                                                   *
 *          PARAMETER AND COUPLING VALUES            *
 *                                                   *
 *****************************************************

  External Params
  ---------------------------------
  
 aEWM1 =    132.50700378417969     
 mdl_Gf =   1.16639000000000003E-005
 aS =   0.11800000071525575     
 mdl_ymb =    4.6999998092651367     
 mdl_ymt =    173.00000000000000     
 mdl_yme =   5.10999991092830896E-004
 mdl_ymm =   0.10565999895334244     
 mdl_ymtau =    1.7769999504089355     
 mdl_MZ =    91.188003540039063     
 mdl_MT =    173.00000000000000     
 mdl_MB =    4.6999998092651367     
 mdl_MH =    125.00000000000000     
 mdl_Me =   5.10999991092830896E-004
 mdl_MM =   0.10565999895334244     
 mdl_MTA =    1.7769999504089355     
 mdl_WZ =    2.4414041042327881     
 mdl_WW =    2.0476000308990479     
 mdl_WT =    1.4915000200271606     
 mdl_WH =   6.38233916833996773E-003
 mdl_WTau =   2.26999999999999982E-012
  Internal Params
  ---------------------------------
  
 mdl_conjg__CKM3x3 =    1.0000000000000000     
 mdl_CKM3x3 =    1.0000000000000000     
 mdl_conjg__CKM1x1 =    1.0000000000000000     
 mdl_complexi =  (  0.0000000000000000     ,  1.0000000000000000     )
 mdl_MZ__exp__2 =    8315.2519896181766     
 mdl_MZ__exp__4 =    69143415.650849044     
 mdl_sqrt__2 =    1.4142135623730951     
 mdl_MH__exp__2 =    15625.000000000000     
 mdl_aEW =   7.54677089845565054E-003
 mdl_MW =    80.419007276179556     
 mdl_sqrt__aEW =   8.68721526063194194E-002
 mdl_ee =   0.30795376284704501     
 mdl_MW__exp__2 =    6467.2167312862202     
 mdl_sw2 =   0.22224645274001076     
 mdl_cw =   0.88190336616887299     
 mdl_sqrt__sw2 =   0.47143022043565552     
 mdl_sw =   0.47143022043565552     
 mdl_g1 =   0.34919218438279087     
 mdl_gw =   0.65323296958447097     
 mdl_vev =    246.21845810181631     
 mdl_vev__exp__2 =    60623.529110035874     
 mdl_lam =   0.12886910601690271     
 mdl_yb =   2.69955531549349904E-002
 mdl_ye =   2.93504850670934038E-006
 mdl_ym =   6.06883028478528356E-004
 mdl_yt =   0.99366614581500645     
 mdl_ytau =   1.02066167158167895E-002
 mdl_muH =    88.388347648318444     
 mdl_I1x33 =  ( 2.69955531549349904E-002,  0.0000000000000000     )
 mdl_I2x33 =  ( 0.99366614581500645     ,  0.0000000000000000     )
 mdl_I3x33 =  ( 0.99366614581500645     ,  0.0000000000000000     )
 mdl_I4x33 =  ( 2.69955531549349904E-002,  0.0000000000000000     )
 mdl_ee__exp__2 =   9.48355200516540348E-002
 mdl_sw__exp__2 =   0.22224645274001076     
 mdl_cw__exp__2 =   0.77775354725998924     
  Internal Params evaluated point by point
  ----------------------------------------
  
 mdl_sqrt__aS =   0.34351128178744839     
 mdl_G__exp__2 =    1.4828317414825511     
  Couplings of sm-lepton_masses
  ---------------------------------
  
         GC_3 =  -0.00000E+00  -0.30795E+00
        GC_50 =  -0.00000E+00  -0.28804E+00
        GC_59 =   0.00000E+00   0.82310E-01
        GC_89 =  -0.00000E+00  -0.20754E-05

 Collider parameters:
 --------------------

 Running at e e   machine @   7.14879999999999960E-002  GeV
 PDF set = none   
 alpha_s(Mz)= 0.1180 running at 2 loops.
 alpha_s(Mz)= 0.1180 running at 2 loops.
 Renormalization scale fixed @    91.188000000000002     
 Factorization scales  fixed @    91.188000000000002        91.188000000000002     


 getting user params
Enter number of events and max and min iterations: 
 Number of events and iterations         2000           9           3
Enter desired fractional accuracy: 
 Desired fractional accuracy:  -7.67009999999999984E-007
Enter 0 for fixed, 2 for adjustable grid: 
Suppress amplitude (0 no, 1 yes)? 
 Using suppressed amplitude.
Exact helicity sum (0 yes, n = number/event)? 
 Explicitly summing over helicities
Enter Configuration Number: 
Running Configuration Number:    4
 Not subdividing B.W.
 Attempting mappinvarients           1           4
 Completed mapping           4
 about to integrate            2        2000           9           3           2           1
 Using non-zero grid deformation.
  2 dimensions   2000 events  2 invarients  9 iterations  1 config(s),  (0.99)
 Using h-tuple random number sequence.
 Error opening grid
 Using Uniform Grid!
 Using uniform alpha   1.0000000000000000     
 Grid defined OK
 Set CM energy to          0.07
 Mapping Graph           4  to config           4
Setting grid   1    0.17611E-02   1
 Masses: 0.511E-03 0.511E-03 0.511E-03 0.511E-03
   4   1   2
 Got moffset          22
Using random seed offsets     4 :      1
  with seed                  171
 Ranmar initialization seeds       29769       18843
  Particle       3       4
      Et >     0.0     0.0
       E >     0.0     0.0
     Eta <    -1.0    -1.0
   xqcut:      0.0     0.0
d R # 3  >    -0.0     0.4
s min # 3>     0.0     0.0
xqcutij # 3>     0.0     0.0
 alpha_s for scale    91.188000000000002       is   0.11800000071525575     
 Added good helicity            1   4.5028036807184915       in event            1
 Added good helicity            2  1.01885365875606153E-005  in event            1
 Added good helicity            3  1.01885368679558411E-005  in event            1
 Added good helicity            5  1.01885365875606323E-005  in event            1
 Added good helicity            6   3.4970923872278212       in event            1
 Added good helicity            7  6.31322977822480969E-005  in event            1
 Added good helicity            8  1.01885365875606221E-005  in event            1
 Added good helicity            9  1.01885368679558461E-005  in event            1
 Added good helicity           10  6.31322977822480833E-005  in event            1
 Added good helicity           11   3.4970924772022935       in event            1
 Added good helicity           12  1.01885368679558563E-005  in event            1
 Added good helicity           14  1.01885365875606153E-005  in event            1
 Added good helicity           15  1.01885368679558411E-005  in event            1
 Added good helicity           16   4.5028036807184915       in event            1
 Iteration  1   Mean: 0.3109E+11 Abs mean: 0.3109E+11   Fluctuation:  0.108E+10   0.201E+12    91.0%
  1    0.3109E+11 0.3109E+11 +- 0.1085E+10      1.56
 Writing out events   1899345.2294817569        1.5602549232408336     
 Relative summed weights:
  0.1000E+01  0.0000E+00
 Relative number of events:
  0.1000E+01  0.0000E+00
 Events:
        2000           0
 Iteration  2   Mean: 0.3056E+11 Abs mean: 0.3056E+11   Fluctuation:  0.396E+09   0.116E+12    98.9%
  2    0.3056E+11 0.3056E+11 +- 0.3964E+09      0.82
 Relative summed weights:
  0.1000E+01  0.0000E+00
 Relative number of events:
  0.1000E+01  0.0000E+00
 Events:
        4000           0
 Iteration  3   Mean: 0.3050E+11 Abs mean: 0.3050E+11   Fluctuation:  0.173E+09   0.808E+11    99.8%
  3    0.3050E+11 0.3050E+11 +- 0.1726E+09      0.51
 Relative summed weights:
  0.1000E+01  0.0000E+00
 Relative number of events:
  0.1000E+01  0.0000E+00
 Events:
        8000           0
 Found          805  events.
 Wrote          800  events.
 Actual xsec    30523550191.033169     
 Correct abs xsec    30523550191.033169     
 Event xsec    30523550191.033291     
 Events wgts > 1:            0
 % Cross section > 1:    0.0000000000000000        0.0000000000000000     
 Checking number of events   23411.868232024350              800  chi2:   0.15113281108301038     
 Found          805  events.
 Wrote          800  events.
 Actual xsec    30523550191.033169     
 Correct abs xsec    30523550191.033169     
 Event xsec    30523550191.033291     
 Events wgts > 1:            0
 % Cross section > 1:    0.0000000000000000        0.0000000000000000     
 Iteration  4   Mean: 0.3020E+11 Abs mean: 0.3020E+11   Fluctuation:  0.832E+08   0.570E+11    99.8%
  4    0.3020E+11 0.3020E+11 +- 0.8325E+08      0.35
 Relative summed weights:
  0.1000E+01  0.0000E+00
 Relative number of events:
  0.1000E+01  0.0000E+00
 Events:
       16000           0
 Found         1586  events.
 Wrote         1581  events.
 Actual xsec    30268057590.925179     
 Correct abs xsec    30268057590.925179     
 Event xsec    30268057590.924599     
 Events wgts > 1:            0
 % Cross section > 1:    0.0000000000000000        0.0000000000000000     
 Checking number of events   23215.902852815521             1581  chi2:    1.5255965473857320     
 Found         1586  events.
 Wrote         1581  events.
 Actual xsec    30268057590.925179     
 Correct abs xsec    30268057590.925179     
 Event xsec    30268057590.924599     
 Events wgts > 1:            0
 % Cross section > 1:    0.0000000000000000        0.0000000000000000     
 Iteration  5   Mean: 0.3033E+11 Abs mean: 0.3033E+11   Fluctuation:  0.413E+08   0.440E+11    99.7%
  5    0.3033E+11 0.3033E+11 +- 0.4132E+08      0.24
 Relative summed weights:
  0.1000E+01  0.0000E+00
 Relative number of events:
  0.1000E+01  0.0000E+00
 Events:
       32000           0
 Found         3222  events.
 Wrote         3217  events.
 Actual xsec    30316739957.975945     
 Correct abs xsec    30316739957.975945     
 Event xsec    30316739957.977215     
 Events wgts > 1:            0
 % Cross section > 1:    0.0000000000000000        0.0000000000000000     
 Checking number of events   23253.242715167129             3217  chi2:    1.6580002364673214     
 Found         3222  events.
 Wrote         3217  events.
 Actual xsec    30316739957.975945     
 Correct abs xsec    30316739957.975945     
 Event xsec    30316739957.977215     
 Events wgts > 1:            0
 % Cross section > 1:    0.0000000000000000        0.0000000000000000     
Warning xbin not returning correct x   1  0.998215E+00  0.100000E+01  0.2060E-04
 Iteration  6   Mean: 0.3030E+11 Abs mean: 0.3030E+11   Fluctuation:  0.216E+08   0.391E+11    99.8%
  6    0.3030E+11 0.3030E+11 +- 0.2161E+08      0.18
 Relative summed weights:
  0.1000E+01  0.0000E+00
 Relative number of events:
  0.1000E+01  0.0000E+00
 Events:
       64000           0
 Found         6395  events.
 Wrote         6390  events.
 Actual xsec    30305419790.938725     
 Correct abs xsec    30305419790.938725     
 Event xsec    30305419790.937084     
 Events wgts > 1:            0
 % Cross section > 1:    0.0000000000000000        0.0000000000000000     
 Checking number of events   23244.560033847909             6390  chi2:    1.0612148742307073     
 Found         6395  events.
 Wrote         6390  events.
 Actual xsec    30305419790.938725     
 Correct abs xsec    30305419790.938725     
 Event xsec    30305419790.937084     
 Events wgts > 1:            0
 % Cross section > 1:    0.0000000000000000        0.0000000000000000     
Warning xbin not returning correct x   1  0.998792E+00  0.100000E+01  0.1920E-04
Warning xbin not returning correct x   1  0.998934E+00  0.100000E+01  0.1920E-04
Warning xbin not returning correct x   1  0.998968E+00  0.100000E+01  0.1920E-04
 Iteration  7   Mean: 0.3028E+11 Abs mean: 0.3028E+11   Fluctuation:  0.124E+08   0.639E+11    99.8%
  7    0.3028E+11 0.3028E+11 +- 0.1243E+08      0.15
 Relative summed weights:
  0.1000E+01  0.0000E+00
 Relative number of events:
  0.1000E+01  0.0000E+00
 Events:
      128000           0
 Found        12883  events.
 Wrote        12878  events.
 Actual xsec    30288368289.177319     
 Correct abs xsec    30288368289.177319     
 Event xsec    30288368289.183056     
 Events wgts > 1:            0
 % Cross section > 1:    0.0000000000000000        0.0000000000000000     
 Checking number of events   23231.481361481896            12878  chi2:    1.2016627479535451     
 Found        12883  events.
 Wrote        12878  events.
 Actual xsec    30288368289.177319     
 Correct abs xsec    30288368289.177319     
 Event xsec    30288368289.183056     
 Events wgts > 1:            0
 % Cross section > 1:    0.0000000000000000        0.0000000000000000     
Warning xbin not returning correct x   1  0.998775E+00  0.100000E+01  0.1849E-04
 Iteration  8   Mean: 0.3030E+11 Abs mean: 0.3030E+11   Fluctuation:  0.791E+07   0.968E+11    99.8%
  8    0.3030E+11 0.3030E+11 +- 0.7908E+07      0.13
 Relative summed weights:
  0.1000E+01  0.0000E+00
 Relative number of events:
  0.1000E+01  0.0000E+00
 Events:
      256000           0
 Found        25616  events.
 Wrote        25611  events.
 Actual xsec    30291912620.245209     
 Correct abs xsec    30291912620.245209     
 Event xsec    30291912620.256149     
 Events wgts > 1:            0
 % Cross section > 1:    0.0000000000000000        0.0000000000000000     
 Checking number of events   23234.199898854276            25611  chi2:   0.82852831382185133     

 -------------------------------------------------------------------------------
 Accumulated results:   Integral =  0.3029E+11
                        Std dev  =  0.6278E+07
                       Cross sec =  0.9251E+00
             Chi**2 per DoF.     =
-------------------------------------------------
---------------------------
 Results Last   3 iters: Integral =   0.3029E+11
                     Abs integral =   0.3029E+11
                          Std dev =   0.6376E+07
                  Chi**2 per DoF. =      0.8285
-------------------------------------------------
---------------------------
 Status -7.67009999999999984E-007           9           9
 We found enough events       25611   23234.199898854276     

ls status:
events.lhe
ftn25
ftn26
input_sg.txt
moffset.dat
results.dat
run_01_ftn26.gz
run_01_log.txt
run_01_results.dat
run_03_ftn26.gz
run_03_log.txt
run_03_results.dat
run_05_ftn26.gz
run_05_log.txt
run_05_results.dat
run1_app.log
