 Process in group number            0
 No PDF is used, alpha_s(MZ) from param_card is used
 Value of alpha_s from param_card:   0.11800000071525575     
 The default order of alpha_s running is fixed to            2
 *****************************************************
 *               MadGraph/MadEvent                   *
 *        --------------------------------           *
 *          http://madgraph.hep.uiuc.edu             *
 *          http://madgraph.phys.ucl.ac.be           *
 *          http://madgraph.roma2.infn.it            *
 *        --------------------------------           *
 *                                                   *
 *          PARAMETER AND COUPLING VALUES            *
 *                                                   *
 *****************************************************

  External Params
  ---------------------------------
  
 aEWM1 =    132.50700378417969     
 mdl_Gf =   1.16639000000000003E-005
 aS =   0.11800000071525575     
 mdl_ymb =    4.6999998092651367     
 mdl_ymt =    173.00000000000000     
 mdl_yme =   5.10999991092830896E-004
 mdl_ymm =   0.10565999895334244     
 mdl_ymtau =    1.7769999504089355     
 mdl_MZ =    91.188003540039063     
 mdl_MT =    173.00000000000000     
 mdl_MB =    4.6999998092651367     
 mdl_MH =    125.00000000000000     
 mdl_Me =   5.10999991092830896E-004
 mdl_MM =   0.10565999895334244     
 mdl_MTA =    1.7769999504089355     
 mdl_WZ =    2.4414041042327881     
 mdl_WW =    2.0476000308990479     
 mdl_WT =    1.4915000200271606     
 mdl_WH =   6.38233916833996773E-003
 mdl_WTau =   2.26999999999999982E-012
  Internal Params
  ---------------------------------
  
 mdl_conjg__CKM3x3 =    1.0000000000000000     
 mdl_CKM3x3 =    1.0000000000000000     
 mdl_conjg__CKM1x1 =    1.0000000000000000     
 mdl_complexi =  (  0.0000000000000000     ,  1.0000000000000000     )
 mdl_MZ__exp__2 =    8315.2519896181766     
 mdl_MZ__exp__4 =    69143415.650849044     
 mdl_sqrt__2 =    1.4142135623730951     
 mdl_MH__exp__2 =    15625.000000000000     
 mdl_aEW =   7.54677089845565054E-003
 mdl_MW =    80.419007276179556     
 mdl_sqrt__aEW =   8.68721526063194194E-002
 mdl_ee =   0.30795376284704501     
 mdl_MW__exp__2 =    6467.2167312862202     
 mdl_sw2 =   0.22224645274001076     
 mdl_cw =   0.88190336616887299     
 mdl_sqrt__sw2 =   0.47143022043565552     
 mdl_sw =   0.47143022043565552     
 mdl_g1 =   0.34919218438279087     
 mdl_gw =   0.65323296958447097     
 mdl_vev =    246.21845810181631     
 mdl_vev__exp__2 =    60623.529110035874     
 mdl_lam =   0.12886910601690271     
 mdl_yb =   2.69955531549349904E-002
 mdl_ye =   2.93504850670934038E-006
 mdl_ym =   6.06883028478528356E-004
 mdl_yt =   0.99366614581500645     
 mdl_ytau =   1.02066167158167895E-002
 mdl_muH =    88.388347648318444     
 mdl_I1x33 =  ( 2.69955531549349904E-002,  0.0000000000000000     )
 mdl_I2x33 =  ( 0.99366614581500645     ,  0.0000000000000000     )
 mdl_I3x33 =  ( 0.99366614581500645     ,  0.0000000000000000     )
 mdl_I4x33 =  ( 2.69955531549349904E-002,  0.0000000000000000     )
 mdl_ee__exp__2 =   9.48355200516540348E-002
 mdl_sw__exp__2 =   0.22224645274001076     
 mdl_cw__exp__2 =   0.77775354725998924     
  Internal Params evaluated point by point
  ----------------------------------------
  
 mdl_sqrt__aS =   0.34351128178744839     
 mdl_G__exp__2 =    1.4828317414825511     
  Couplings of sm-lepton_masses
  ---------------------------------
  
         GC_3 =  -0.00000E+00  -0.30795E+00
        GC_50 =  -0.00000E+00  -0.28804E+00
        GC_59 =   0.00000E+00   0.82310E-01
        GC_89 =  -0.00000E+00  -0.20754E-05

 Collider parameters:
 --------------------

 Running at e e   machine @   7.00000000000000067E-002  GeV
 PDF set = none   
 alpha_s(Mz)= 0.1180 running at 2 loops.
 alpha_s(Mz)= 0.1180 running at 2 loops.
 Renormalization scale fixed @    91.188000000000002     
 Factorization scales  fixed @    91.188000000000002        91.188000000000002     


 getting user params
Enter number of events and max and min iterations: 
 Number of events and iterations         2000           9           3
Enter desired fractional accuracy: 
 Desired fractional accuracy:  -5.51800000000000036E-006
Enter 0 for fixed, 2 for adjustable grid: 
Suppress amplitude (0 no, 1 yes)? 
 Using suppressed amplitude.
Exact helicity sum (0 yes, n = number/event)? 
 Explicitly summing over helicities
Enter Configuration Number: 
Running Configuration Number:    7
 Not subdividing B.W.
 Attempting mappinvarients           1           5
 Completed mapping           5
 about to integrate            5        2000           9           3           5           1
 Using non-zero grid deformation.
  5 dimensions   2000 events  5 invarients  9 iterations  1 config(s),  (0.99)
 Using h-tuple random number sequence.
 Error opening grid
 Using Uniform Grid!
 Using uniform alpha   1.0000000000000000     
 Grid defined OK
 Set CM energy to          0.07
 Mapping Graph           7  to config           7
Setting grid   1    0.18367E-04   1
Setting grid   2    0.53290E-04   1
 Masses: 0.511E-03 0.511E-03 0.000E+00 0.511E-03 0.511E-03
   7   1   2   3   4   5
 Got moffset          12
Using random seed offsets     7 :      1
  with seed                  150
 Ranmar initialization seeds        4173       17333
  Particle       3       4       5
      Et >     0.0     0.0     0.0
       E >     0.0     0.0     0.0
     Eta <    -1.0    -1.0    -1.0
   xqcut:      0.0     0.0     0.0
d R # 3  >    -0.0     0.0     0.0
d R # 4  >    -0.0    -0.0     0.4
s min # 3>     0.0     0.0     0.0
s min # 4>     0.0     0.0     0.0
xqcutij # 3>     0.0     0.0     0.0
xqcutij # 4>     0.0     0.0     0.0
 alpha_s for scale    91.188000000000002       is   0.11800000071525575     
 Added good helicity            1   5.1764735659263827       in event            1
 Added good helicity            3  0.14167356772423675       in event            1
 Added good helicity            5   2.6892734991868936       in event            1
 Added good helicity           10   5.1669448861979532       in event            1
 Added good helicity           12  0.14122723216278621       in event            1
 Added good helicity           14   2.6844066349028193       in event            1
 Added good helicity           19   2.6844066353363307       in event            1
 Added good helicity           21  0.14122723219369179       in event            1
 Added good helicity           23   5.1669448870323773       in event            1
 Added good helicity           28   2.6892734991868772       in event            1
 Added good helicity           30  0.14167356773236098       in event            1
 Added good helicity           32   5.1764735659263890       in event            1
 Added good helicity            2  1.61303714928747886E-005  in event            3
 Added good helicity            6  1.57218742962690305E-006  in event            3
 Added good helicity            7  2.31659704671802218E-005  in event            3
 Added good helicity            9  1.58833368780097038E-005  in event            3
 Added good helicity           11  2.34856539287191742E-005  in event            3
 Added good helicity           13  1.11197952968568510E-006  in event            3
 Added good helicity           15  8.48417962069367225E-005  in event            3
 Added good helicity           16  2.17573000987192057E-005  in event            3
 Added good helicity           17  2.17573005828050335E-005  in event            3
 Added good helicity           18  8.48417959805340856E-005  in event            3
 Added good helicity           20  1.11197950132701462E-006  in event            3
 Added good helicity           22  2.34856540772226372E-005  in event            3
 Added good helicity           24  1.58833372433304535E-005  in event            3
 Added good helicity           26  2.31659700433699870E-005  in event            3
 Added good helicity           27  1.57218747257496664E-006  in event            3
 Added good helicity           31  1.61303718667144740E-005  in event            3
 Added good helicity            4  7.41567520795271169E-006  in event           12
 Added good helicity           29  7.41567499237540322E-006  in event           12
 Iteration  1   Mean: 0.1721E+10 Abs mean: 0.1721E+10   Fluctuation:  0.131E+09   0.117E+12    75.2%
  1    0.1721E+10 0.1721E+10 +- 0.1311E+09      3.41
 Writing out events   127091.53600687739        3.4065315815308970     
 Relative summed weights:
  0.1000E+01  0.0000E+00
 Relative number of events:
  0.1000E+01  0.0000E+00
 Events:
        2000           0
 Iteration  2   Mean: 0.1762E+10 Abs mean: 0.1762E+10   Fluctuation:  0.418E+08   0.222E+11    82.8%
  2    0.1762E+10 0.1762E+10 +- 0.4177E+08      1.50
 Relative summed weights:
  0.1000E+01  0.0000E+00
 Relative number of events:
  0.1000E+01  0.0000E+00
 Events:
        4000           0
 Iteration  3   Mean: 0.1745E+10 Abs mean: 0.1745E+10   Fluctuation:  0.215E+08   0.192E+11    79.4%
  3    0.1745E+10 0.1745E+10 +- 0.2146E+08      1.10
 Relative summed weights:
  0.1000E+01  0.0000E+00
 Relative number of events:
  0.1000E+01  0.0000E+00
 Events:
        8000           0
 Found          998  events.
 Wrote          994  events.
 Actual xsec    1748181029.3482499     
 Correct abs xsec    1748181029.3482499     
 Event xsec    1748181029.3482318     
 Events wgts > 1:            1
 % Cross section > 1:    647932.17836667434       3.70632198547675915E-002
 Checking number of events   9646.4629199436440              994  chi2:   8.70864516815387790E-002
 Found          998  events.
 Wrote          994  events.
 Actual xsec    1748181029.3482499     
 Correct abs xsec    1748181029.3482499     
 Event xsec    1748181029.3482318     
 Events wgts > 1:            1
 % Cross section > 1:    647932.17836667434       3.70632198547675915E-002
 Iteration  4   Mean: 0.1706E+10 Abs mean: 0.1706E+10   Fluctuation:  0.131E+08   0.143E+11    76.9%
  4    0.1706E+10 0.1706E+10 +- 0.1310E+08      0.97
 Relative summed weights:
  0.1000E+01  0.0000E+00
 Relative number of events:
  0.1000E+01  0.0000E+00
 Events:
       16000           0
 Found         2069  events.
 Wrote         2065  events.
 Actual xsec    1720054564.5674107     
 Correct abs xsec    1720054564.5674107     
 Event xsec    1720054564.5674052     
 Events wgts > 1:            1
 % Cross section > 1:    57103.082792736473       3.31984135672451367E-003
 Checking number of events   9491.2610872829737             2065  chi2:    1.7780456731943026     
 Found         2069  events.
 Wrote         2065  events.
 Actual xsec    1720054564.5674107     
 Correct abs xsec    1720054564.5674107     
 Event xsec    1720054564.5674052     
 Events wgts > 1:            1
 % Cross section > 1:    57103.082792736473       3.31984135672451367E-003
 Iteration  5   Mean: 0.1718E+10 Abs mean: 0.1718E+10   Fluctuation:  0.872E+07   0.174E+11    76.5%
  5    0.1718E+10 0.1718E+10 +- 0.8717E+07      0.91
 Relative summed weights:
  0.1000E+01  0.0000E+00
 Relative number of events:
  0.1000E+01  0.0000E+00
 Events:
       32000           0
 Found         4262  events.
 Wrote         4258  events.
 Actual xsec    1717765072.7396212     
 Correct abs xsec    1717765072.7396212     
 Event xsec    1717765072.7395356     
 Events wgts > 1:            3
 % Cross section > 1:    273208.26374084054       1.59048677887670097E-002
 Checking number of events   9478.6276713772295             4258  chi2:    1.2281996402342079     
 Found         4262  events.
 Wrote         4258  events.
 Actual xsec    1717765072.7396212     
 Correct abs xsec    1717765072.7396212     
 Event xsec    1717765072.7395356     
 Events wgts > 1:            3
 % Cross section > 1:    273208.26374084054       1.59048677887670097E-002
 Iteration  6   Mean: 0.1732E+10 Abs mean: 0.1732E+10   Fluctuation:  0.607E+07   0.235E+11    74.3%
  6    0.1732E+10 0.1732E+10 +- 0.6072E+07      0.89
 Relative summed weights:
  0.1000E+01  0.0000E+00
 Relative number of events:
  0.1000E+01  0.0000E+00
 Events:
       64000           0
 Found         8694  events.
 Wrote         8689  events.
 Actual xsec    1725125175.4773915     
 Correct abs xsec    1725125175.4773915     
 Event xsec    1725125175.4776027     
 Events wgts > 1:            6
 % Cross section > 1:    368184.90101768036       2.13425035035934713E-002
 Checking number of events   9519.2407182842471             8689  chi2:    2.1046423237775675     
 Found         8694  events.
 Wrote         8689  events.
 Actual xsec    1725125175.4773915     
 Correct abs xsec    1725125175.4773915     
 Event xsec    1725125175.4776027     
 Events wgts > 1:            6
 % Cross section > 1:    368184.90101768036       2.13425035035934713E-002
 Iteration  7   Mean: 0.1729E+10 Abs mean: 0.1729E+10   Fluctuation:  0.433E+07   0.486E+11    73.1%
  7    0.1729E+10 0.1729E+10 +- 0.4328E+07      0.90
 Relative summed weights:
  0.1000E+01  0.0000E+00
 Relative number of events:
  0.1000E+01  0.0000E+00
 Events:
      128000           0
 Found        17453  events.
 Wrote        17449  events.
 Actual xsec    1728456229.4749455     
 Correct abs xsec    1728456229.4749455     
 Event xsec    1728456229.4752350     
 Events wgts > 1:           33
 % Cross section > 1:    2010230.0287896974       0.11630205003224235     
 Checking number of events   9537.6214742427510            17449  chi2:   0.89405597901302636     

 -------------------------------------------------------------------------------
 Accumulated results:   Integral =  0.1728E+10
                        Std dev  =  0.3127E+07
                       Cross sec =  0.9871E+00
             Chi**2 per DoF.     =
-------------------------------------------------
---------------------------
 Results Last   3 iters: Integral =   0.1728E+10
                     Abs integral =   0.1728E+10
                          Std dev =   0.3267E+07
                  Chi**2 per DoF. =      0.8941
-------------------------------------------------
---------------------------
 Status -5.51800000000000036E-006           8           9
 We found enough events       17449   9537.6214742427510     

ls status:
events.lhe
ftn25
ftn26
input_sg.txt
moffset.dat
results.dat
run_07_ftn26.gz
run_07_log.txt
run_07_results.dat
run1_app.log
