 Process in group number            0
 No PDF is used, alpha_s(MZ) from param_card is used
 Value of alpha_s from param_card:   0.11800000071525575     
 The default order of alpha_s running is fixed to            2
 *****************************************************
 *               MadGraph/MadEvent                   *
 *        --------------------------------           *
 *          http://madgraph.hep.uiuc.edu             *
 *          http://madgraph.phys.ucl.ac.be           *
 *          http://madgraph.roma2.infn.it            *
 *        --------------------------------           *
 *                                                   *
 *          PARAMETER AND COUPLING VALUES            *
 *                                                   *
 *****************************************************

  External Params
  ---------------------------------
  
 aEWM1 =    132.50700378417969     
 mdl_Gf =   1.16639000000000003E-005
 aS =   0.11800000071525575     
 mdl_ymb =    4.6999998092651367     
 mdl_ymt =    173.00000000000000     
 mdl_yme =   5.10999991092830896E-004
 mdl_ymm =   0.10565999895334244     
 mdl_ymtau =    1.7769999504089355     
 mdl_MZ =    91.188003540039063     
 mdl_MT =    173.00000000000000     
 mdl_MB =    4.6999998092651367     
 mdl_MH =    125.00000000000000     
 mdl_Me =   5.10999991092830896E-004
 mdl_MM =   0.10565999895334244     
 mdl_MTA =    1.7769999504089355     
 mdl_WZ =    2.4414041042327881     
 mdl_WW =    2.0476000308990479     
 mdl_WT =    1.4915000200271606     
 mdl_WH =   6.38233916833996773E-003
 mdl_WTau =   2.26999999999999982E-012
  Internal Params
  ---------------------------------
  
 mdl_conjg__CKM3x3 =    1.0000000000000000     
 mdl_CKM3x3 =    1.0000000000000000     
 mdl_conjg__CKM1x1 =    1.0000000000000000     
 mdl_complexi =  (  0.0000000000000000     ,  1.0000000000000000     )
 mdl_MZ__exp__2 =    8315.2519896181766     
 mdl_MZ__exp__4 =    69143415.650849044     
 mdl_sqrt__2 =    1.4142135623730951     
 mdl_MH__exp__2 =    15625.000000000000     
 mdl_aEW =   7.54677089845565054E-003
 mdl_MW =    80.419007276179556     
 mdl_sqrt__aEW =   8.68721526063194194E-002
 mdl_ee =   0.30795376284704501     
 mdl_MW__exp__2 =    6467.2167312862202     
 mdl_sw2 =   0.22224645274001076     
 mdl_cw =   0.88190336616887299     
 mdl_sqrt__sw2 =   0.47143022043565552     
 mdl_sw =   0.47143022043565552     
 mdl_g1 =   0.34919218438279087     
 mdl_gw =   0.65323296958447097     
 mdl_vev =    246.21845810181631     
 mdl_vev__exp__2 =    60623.529110035874     
 mdl_lam =   0.12886910601690271     
 mdl_yb =   2.69955531549349904E-002
 mdl_ye =   2.93504850670934038E-006
 mdl_ym =   6.06883028478528356E-004
 mdl_yt =   0.99366614581500645     
 mdl_ytau =   1.02066167158167895E-002
 mdl_muH =    88.388347648318444     
 mdl_I1x33 =  ( 2.69955531549349904E-002,  0.0000000000000000     )
 mdl_I2x33 =  ( 0.99366614581500645     ,  0.0000000000000000     )
 mdl_I3x33 =  ( 0.99366614581500645     ,  0.0000000000000000     )
 mdl_I4x33 =  ( 2.69955531549349904E-002,  0.0000000000000000     )
 mdl_ee__exp__2 =   9.48355200516540348E-002
 mdl_sw__exp__2 =   0.22224645274001076     
 mdl_cw__exp__2 =   0.77775354725998924     
  Internal Params evaluated point by point
  ----------------------------------------
  
 mdl_sqrt__aS =   0.34351128178744839     
 mdl_G__exp__2 =    1.4828317414825511     
  Couplings of sm-lepton_masses
  ---------------------------------
  
         GC_3 =  -0.00000E+00  -0.30795E+00

 Collider parameters:
 --------------------

 Running at e e   machine @   7.00000000000000067E-002  GeV
 PDF set = none   
 alpha_s(Mz)= 0.1180 running at 2 loops.
 alpha_s(Mz)= 0.1180 running at 2 loops.
 Renormalization scale fixed @    91.188000000000002     
 Factorization scales  fixed @    91.188000000000002        91.188000000000002     


 getting user params
Enter number of events and max and min iterations: 
 Number of events and iterations         2000           9           3
Enter desired fractional accuracy: 
 Desired fractional accuracy:  -1.20039999999999996E-004
Enter 0 for fixed, 2 for adjustable grid: 
Suppress amplitude (0 no, 1 yes)? 
 Using suppressed amplitude.
Exact helicity sum (0 yes, n = number/event)? 
 Explicitly summing over helicities
Enter Configuration Number: 
Running Configuration Number:    1
 Not subdividing B.W.
 Attempting mappinvarients           1           5
 Completed mapping           5
 about to integrate            5        2000           9           3           5           1
 Using non-zero grid deformation.
  5 dimensions   2000 events  5 invarients  9 iterations  1 config(s),  (0.99)
 Using h-tuple random number sequence.
 Error opening grid
 Using Uniform Grid!
 Using uniform alpha   1.0000000000000000     
 Grid defined OK
 Set CM energy to          0.07
 Mapping Graph           1  to config           1
Setting grid   1    0.18367E-04   1
Setting grid   2    0.18367E-04   1
 Masses: 0.511E-03 0.511E-03 0.000E+00 0.000E+00 0.000E+00
   1   1   2   3   4   5
 Got moffset           1
Using random seed offsets     1 :      1
  with seed                  192
 Ranmar initialization seeds       25284       12730
  Particle       3       4       5
      Et >     0.0     0.0     0.0
       E >     0.0     0.0     0.0
     Eta <    -1.0    -1.0    -1.0
   xqcut:      0.0     0.0     0.0
d R # 3  >    -0.0     0.0     0.0
d R # 4  >    -0.0    -0.0     0.0
s min # 3>     0.0     0.0     0.0
s min # 4>     0.0     0.0     0.0
xqcutij # 3>     0.0     0.0     0.0
xqcutij # 4>     0.0     0.0     0.0
 alpha_s for scale    91.188000000000002       is   0.11800000071525575     
 Added good helicity            1  0.44395525504388517       in event            1
 Added good helicity            2   1.2652530276977012       in event            1
 Added good helicity            3  3.38471870374640584E-005  in event            1
 Added good helicity            4  1.62914315620477595E-005  in event            1
 Added good helicity            5  0.45605574097961504       in event            1
 Added good helicity            7  3.37398562246061435E-006  in event            1
 Added good helicity           10  1.71939938183874902E-004  in event            1
 Added good helicity           11   2.4333343440082533       in event            1
 Added good helicity           12   9.7642629097261633       in event            1
 Added good helicity           13  5.78900356196602626E-004  in event            1
 Added good helicity           15   1.6363339873670515       in event            1
 Added good helicity           18   1.6363339873670515       in event            1
 Added good helicity           20  5.78900356196602518E-004  in event            1
 Added good helicity           21   9.7642629097261597       in event            1
 Added good helicity           22   2.4333343440082533       in event            1
 Added good helicity           23  1.71939938183874929E-004  in event            1
 Added good helicity           26  3.37398562246061435E-006  in event            1
 Added good helicity           28  0.45605574097961504       in event            1
 Added good helicity           29  1.62914315620477595E-005  in event            1
 Added good helicity           30  3.38471870374640584E-005  in event            1
 Added good helicity           31   1.2652530276977012       in event            1
 Added good helicity           32  0.44395525504388539       in event            1
 Added good helicity            6  3.68623162875113730E-004  in event            2
 Added good helicity           14   12.818187944023633       in event            2
 Added good helicity           19   12.818187944023627       in event            2
 Added good helicity           27  3.68623162875113567E-004  in event            2
 Iteration  1   Mean: 0.3538E+08 Abs mean: 0.3538E+08   Fluctuation:  0.275E+07   0.251E+10    99.0%
  1    0.3538E+08 0.3538E+08 +- 0.2746E+07      3.47
 Writing out events   1986.3925036737535        3.4704293143126312     
 Relative summed weights:
  0.2440E+00  0.0000E+00
  0.2101E+00  0.0000E+00
  0.1277E+00  0.0000E+00
  0.1324E+00  0.0000E+00
  0.1270E+00  0.0000E+00
  0.1588E+00  0.0000E+00
 Relative number of events:
  0.1655E+00  0.0000E+00
  0.1660E+00  0.0000E+00
  0.1535E+00  0.0000E+00
  0.1660E+00  0.0000E+00
  0.1710E+00  0.0000E+00
  0.1780E+00  0.0000E+00
 Events:
         331           0
         332           0
         307           0
         332           0
         342           0
         356           0
 Iteration  2   Mean: 0.6694E+08 Abs mean: 0.6694E+08   Fluctuation:  0.199E+08   0.748E+11    97.8%
  2    0.6694E+08 0.6694E+08 +- 0.1995E+08     18.84
 Relative summed weights:
  0.9909E-01  0.0000E+00
  0.3901E+00  0.0000E+00
  0.9123E-01  0.0000E+00
  0.1016E+00  0.0000E+00
  0.1882E+00  0.0000E+00
  0.1298E+00  0.0000E+00
 Relative number of events:
  0.1713E+00  0.0000E+00
  0.1590E+00  0.0000E+00
  0.1638E+00  0.0000E+00
  0.1675E+00  0.0000E+00
  0.1678E+00  0.0000E+00
  0.1708E+00  0.0000E+00
 Events:
         685           0
         636           0
         655           0
         670           0
         671           0
         683           0
 Iteration  3   Mean: 0.4154E+08 Abs mean: 0.4154E+08   Fluctuation:  0.183E+07   0.915E+10    97.7%
  3    0.4154E+08 0.4154E+08 +- 0.1834E+07      3.95
 Relative summed weights:
  0.1565E+00  0.0000E+00
  0.1757E+00  0.0000E+00
  0.1937E+00  0.0000E+00
  0.1531E+00  0.0000E+00
  0.1614E+00  0.0000E+00
  0.1596E+00  0.0000E+00
 Relative number of events:
  0.1639E+00  0.0000E+00
  0.1605E+00  0.0000E+00
  0.1726E+00  0.0000E+00
  0.1703E+00  0.0000E+00
  0.1645E+00  0.0000E+00
  0.1683E+00  0.0000E+00
 Events:
        1311           0
        1284           0
        1381           0
        1362           0
        1316           0
        1346           0
 Found          456  events.
 Wrote           31  events.
 Actual xsec    40473556.367246762     
 Correct abs xsec    40473556.367246762     
 Event xsec    40473556.367246807     
 Events wgts > 1:            1
 % Cross section > 1:    268001.72823952674       0.66216500919204357     
 Checking number of events   4858.4457063243008               31  chi2:    2.7676631478853917     
 Found          456  events.
 Wrote           51  events.
 Actual xsec    40473556.367246762     
 Correct abs xsec    40473556.367246762     
 Event xsec    40473556.367246754     
 Events wgts > 1:            1
 % Cross section > 1:    163327.12700266531       0.40354034006964085     
 Iteration  4   Mean: 0.4153E+08 Abs mean: 0.4153E+08   Fluctuation:  0.108E+07   0.115E+11    95.6%
  4    0.4153E+08 0.4153E+08 +- 0.1083E+07      3.30
 Relative summed weights:
  0.1671E+00  0.0000E+00
  0.1787E+00  0.0000E+00
  0.1597E+00  0.0000E+00
  0.1532E+00  0.0000E+00
  0.1610E+00  0.0000E+00
  0.1802E+00  0.0000E+00
 Relative number of events:
  0.1687E+00  0.0000E+00
  0.1648E+00  0.0000E+00
  0.1670E+00  0.0000E+00
  0.1648E+00  0.0000E+00
  0.1689E+00  0.0000E+00
  0.1659E+00  0.0000E+00
 Events:
        2699           0
        2636           0
        2672           0
        2637           0
        2702           0
        2654           0
 Found         1534  events.
 Wrote           90  events.
 Actual xsec    41674746.152217008     
 Correct abs xsec    41674746.152217008     
 Event xsec    41674746.152216986     
 Events wgts > 1:            1
 % Cross section > 1:    258428.25242973684       0.62010756222924024     
 Checking number of events   5002.6365281121298               90  chi2:   0.81423885297682086     
 Found         1534  events.
 Wrote           89  events.
 Actual xsec    41674746.152217008     
 Correct abs xsec    41674746.152217008     
 Event xsec    41674746.152217031     
 Events wgts > 1:            1
 % Cross section > 1:    261313.73362306709       0.62703137451304092     
 Iteration  5   Mean: 0.4169E+08 Abs mean: 0.4169E+08   Fluctuation:  0.460E+06   0.469E+10    97.0%
  5    0.4169E+08 0.4169E+08 +- 0.4600E+06      1.97
 Relative summed weights:
  0.1681E+00  0.0000E+00
  0.1627E+00  0.0000E+00
  0.1746E+00  0.0000E+00
  0.1662E+00  0.0000E+00
  0.1663E+00  0.0000E+00
  0.1619E+00  0.0000E+00
 Relative number of events:
  0.1685E+00  0.0000E+00
  0.1624E+00  0.0000E+00
  0.1689E+00  0.0000E+00
  0.1660E+00  0.0000E+00
  0.1702E+00  0.0000E+00
  0.1640E+00  0.0000E+00
 Events:
        5391           0
        5197           0
        5405           0
        5313           0
        5447           0
        5247           0
 Found         3120  events.
 Wrote          815  events.
 Actual xsec    41659815.929267645     
 Correct abs xsec    41659815.929267645     
 Event xsec    41659815.929267541     
 Events wgts > 1:           14
 % Cross section > 1:    398278.86973752128       0.95602647504190208     
 Checking number of events   5000.8443041492883              815  chi2:   1.18002441104375251E-002
 Found         3120  events.
 Wrote          801  events.
 Actual xsec    41659815.929267645     
 Correct abs xsec    41659815.929267645     
 Event xsec    41659815.929266505     
 Events wgts > 1:           14
 % Cross section > 1:    405172.34590203577       0.97257353846683103     
 Iteration  6   Mean: 0.4126E+08 Abs mean: 0.4126E+08   Fluctuation:  0.260E+06   0.328E+10    96.7%
  6    0.4126E+08 0.4126E+08 +- 0.2603E+06      1.60
 Relative summed weights:
  0.1633E+00  0.0000E+00
  0.1657E+00  0.0000E+00
  0.1650E+00  0.0000E+00
  0.1661E+00  0.0000E+00
  0.1712E+00  0.0000E+00
  0.1685E+00  0.0000E+00
 Relative number of events:
  0.1645E+00  0.0000E+00
  0.1647E+00  0.0000E+00
  0.1667E+00  0.0000E+00
  0.1675E+00  0.0000E+00
  0.1679E+00  0.0000E+00
  0.1685E+00  0.0000E+00
 Events:
       10531           0
       10543           0
       10671           0
       10723           0
       10746           0
       10786           0
 Found         6250  events.
 Wrote         2554  events.
 Actual xsec    41375679.349457435     
 Correct abs xsec    41375679.349457435     
 Event xsec    41375679.349456780     
 Events wgts > 1:           46
 % Cross section > 1:    414592.19516771840        1.0020190645477862     
 Checking number of events   4966.7365491088703             2554  chi2:   0.33718709690661369     
 Found         6250  events.
 Wrote         2617  events.
 Actual xsec    41375679.349457435     
 Correct abs xsec    41375679.349457435     
 Event xsec    41375679.349460125     
 Events wgts > 1:           46
 % Cross section > 1:    404709.18916390283       0.97813303739551427     
 Iteration  7   Mean: 0.4154E+08 Abs mean: 0.4154E+08   Fluctuation:  0.192E+06   0.404E+10    96.7%
  7    0.4154E+08 0.4154E+08 +- 0.1917E+06      1.65
 Relative summed weights:
  0.1678E+00  0.0000E+00
  0.1675E+00  0.0000E+00
  0.1626E+00  0.0000E+00
  0.1673E+00  0.0000E+00
  0.1689E+00  0.0000E+00
  0.1658E+00  0.0000E+00
 Relative number of events:
  0.1672E+00  0.0000E+00
  0.1674E+00  0.0000E+00
  0.1645E+00  0.0000E+00
  0.1677E+00  0.0000E+00
  0.1680E+00  0.0000E+00
  0.1653E+00  0.0000E+00
 Events:
       21397           0
       21421           0
       21062           0
       21465           0
       21498           0
       21157           0
 Found        12852  events.
 Wrote         4914  events.
 Actual xsec    41466339.968432851     
 Correct abs xsec    41466339.968432851     
 Event xsec    41466339.968432315     
 Events wgts > 1:           90
 % Cross section > 1:    417012.18155551649        1.0056643095893716     
 Checking number of events   4977.6194498106797             4914  chi2:   0.48719420517742767     
 Found        12852  events.
 Wrote         4943  events.
 Actual xsec    41466339.968432851     
 Correct abs xsec    41466339.968432851     
 Event xsec    41466339.968429036     
 Events wgts > 1:           90
 % Cross section > 1:    414590.08139059570       0.99982318600158471     
 Iteration  8   Mean: 0.4153E+08 Abs mean: 0.4153E+08   Fluctuation:  0.126E+06   0.483E+10    96.7%
  8    0.4153E+08 0.4153E+08 +- 0.1263E+06      1.54
 Relative summed weights:
  0.1661E+00  0.0000E+00
  0.1692E+00  0.0000E+00
  0.1653E+00  0.0000E+00
  0.1666E+00  0.0000E+00
  0.1667E+00  0.0000E+00
  0.1661E+00  0.0000E+00
 Relative number of events:
  0.1652E+00  0.0000E+00
  0.1684E+00  0.0000E+00
  0.1652E+00  0.0000E+00
  0.1669E+00  0.0000E+00
  0.1660E+00  0.0000E+00
  0.1683E+00  0.0000E+00
 Events:
       42300           0
       43107           0
       42301           0
       42714           0
       42502           0
       43076           0
 Found        25619  events.
 Wrote        11845  events.
 Actual xsec    41494720.240590751     
 Correct abs xsec    41494720.240590751     
 Event xsec    41494720.240605116     
 Events wgts > 1:          229
 % Cross section > 1:    414683.38999373681       0.99936422655512636     
 Checking number of events   4981.0262176805136            11845  chi2:   0.45698201435528130     

 -------------------------------------------------------------------------------
 Accumulated results:   Integral =  0.4150E+08
                        Std dev  =  0.9507E+05
                       Cross sec =  0.1275E+01
             Chi**2 per DoF.     =
-------------------------------------------------
---------------------------
 Results Last   3 iters: Integral =   0.4149E+08
                     Abs integral =   0.4149E+08
                          Std dev =   0.9776E+05
                  Chi**2 per DoF. =      0.4570
-------------------------------------------------
---------------------------
 Status -1.20039999999999996E-004           9           9
 We found enough events       11845   4981.0262176805136     

ls status:
events.lhe
ftn25
ftn26
input_sg.txt
moffset.dat
results.dat
run_01_ftn26.gz
run_01_log.txt
run_01_results.dat
run_02_ftn26.gz
run_02_log.txt
run_02_results.dat
run_03_ftn26.gz
run_03_log.txt
run_03_results.dat
run_04_ftn26.gz
run_04_log.txt
run_04_results.dat
run_05_ftn26.gz
run_05_log.txt
run_05_results.dat
run_07_ftn26.gz
run_07_log.txt
run_07_results.dat
run_08_ftn26.gz
run_08_log.txt
run_08_results.dat
run1_app.log
