 Process in group number            0
 No PDF is used, alpha_s(MZ) from param_card is used
 Value of alpha_s from param_card:   0.11800000071525575     
 The default order of alpha_s running is fixed to            2
 *****************************************************
 *               MadGraph/MadEvent                   *
 *        --------------------------------           *
 *          http://madgraph.hep.uiuc.edu             *
 *          http://madgraph.phys.ucl.ac.be           *
 *          http://madgraph.roma2.infn.it            *
 *        --------------------------------           *
 *                                                   *
 *          PARAMETER AND COUPLING VALUES            *
 *                                                   *
 *****************************************************

  External Params
  ---------------------------------
  
 aEWM1 =    132.50700378417969     
 mdl_Gf =   1.16639000000000003E-005
 aS =   0.11800000071525575     
 mdl_ymb =    4.6999998092651367     
 mdl_ymt =    173.00000000000000     
 mdl_yme =   5.10999991092830896E-004
 mdl_ymm =   0.10565999895334244     
 mdl_ymtau =    1.7769999504089355     
 mdl_MZ =    91.188003540039063     
 mdl_MT =    173.00000000000000     
 mdl_MB =    4.6999998092651367     
 mdl_MH =    125.00000000000000     
 mdl_Me =   5.10999991092830896E-004
 mdl_MM =   0.10565999895334244     
 mdl_MTA =    1.7769999504089355     
 mdl_WZ =    2.4414041042327881     
 mdl_WW =    2.0476000308990479     
 mdl_WT =    1.4915000200271606     
 mdl_WH =   6.38233916833996773E-003
 mdl_WTau =   2.26999999999999982E-012
  Internal Params
  ---------------------------------
  
 mdl_conjg__CKM3x3 =    1.0000000000000000     
 mdl_CKM3x3 =    1.0000000000000000     
 mdl_conjg__CKM1x1 =    1.0000000000000000     
 mdl_complexi =  (  0.0000000000000000     ,  1.0000000000000000     )
 mdl_MZ__exp__2 =    8315.2519896181766     
 mdl_MZ__exp__4 =    69143415.650849044     
 mdl_sqrt__2 =    1.4142135623730951     
 mdl_MH__exp__2 =    15625.000000000000     
 mdl_aEW =   7.54677089845565054E-003
 mdl_MW =    80.419007276179556     
 mdl_sqrt__aEW =   8.68721526063194194E-002
 mdl_ee =   0.30795376284704501     
 mdl_MW__exp__2 =    6467.2167312862202     
 mdl_sw2 =   0.22224645274001076     
 mdl_cw =   0.88190336616887299     
 mdl_sqrt__sw2 =   0.47143022043565552     
 mdl_sw =   0.47143022043565552     
 mdl_g1 =   0.34919218438279087     
 mdl_gw =   0.65323296958447097     
 mdl_vev =    246.21845810181631     
 mdl_vev__exp__2 =    60623.529110035874     
 mdl_lam =   0.12886910601690271     
 mdl_yb =   2.69955531549349904E-002
 mdl_ye =   2.93504850670934038E-006
 mdl_ym =   6.06883028478528356E-004
 mdl_yt =   0.99366614581500645     
 mdl_ytau =   1.02066167158167895E-002
 mdl_muH =    88.388347648318444     
 mdl_I1x33 =  ( 2.69955531549349904E-002,  0.0000000000000000     )
 mdl_I2x33 =  ( 0.99366614581500645     ,  0.0000000000000000     )
 mdl_I3x33 =  ( 0.99366614581500645     ,  0.0000000000000000     )
 mdl_I4x33 =  ( 2.69955531549349904E-002,  0.0000000000000000     )
 mdl_ee__exp__2 =   9.48355200516540348E-002
 mdl_sw__exp__2 =   0.22224645274001076     
 mdl_cw__exp__2 =   0.77775354725998924     
  Internal Params evaluated point by point
  ----------------------------------------
  
 mdl_sqrt__aS =   0.34351128178744839     
 mdl_G__exp__2 =    1.4828317414825511     
  Couplings of sm-lepton_masses
  ---------------------------------
  
         GC_3 =  -0.00000E+00  -0.30795E+00
        GC_50 =  -0.00000E+00  -0.28804E+00
        GC_59 =   0.00000E+00   0.82310E-01
        GC_89 =  -0.00000E+00  -0.20754E-05

 Collider parameters:
 --------------------

 Running at e e   machine @   7.00000000000000067E-002  GeV
 PDF set = none   
 alpha_s(Mz)= 0.1180 running at 2 loops.
 alpha_s(Mz)= 0.1180 running at 2 loops.
 Renormalization scale fixed @    91.188000000000002     
 Factorization scales  fixed @    91.188000000000002        91.188000000000002     


 getting user params
Enter number of events and max and min iterations: 
 Number of events and iterations         2000           9           3
Enter desired fractional accuracy: 
 Desired fractional accuracy:  -5.51800000000000036E-006
Enter 0 for fixed, 2 for adjustable grid: 
Suppress amplitude (0 no, 1 yes)? 
 Using suppressed amplitude.
Exact helicity sum (0 yes, n = number/event)? 
 Explicitly summing over helicities
Enter Configuration Number: 
Running Configuration Number:   13
 Not subdividing B.W.
 Attempting mappinvarients           1           5
 Completed mapping           5
 about to integrate            5        2000           9           3           5           1
 Using non-zero grid deformation.
  5 dimensions   2000 events  5 invarients  9 iterations  1 config(s),  (0.99)
 Using h-tuple random number sequence.
 Error opening grid
 Using Uniform Grid!
 Using uniform alpha   1.0000000000000000     
 Grid defined OK
 Set CM energy to          0.07
 Mapping Graph          13  to config          13
Setting grid   1    0.53290E-04   1
Setting grid   2    0.18367E-04   1
 Masses: 0.511E-03 0.511E-03 0.000E+00 0.511E-03 0.511E-03
  13   1   2   3   4   5
 Got moffset           9
Using random seed offsets    13 :      1
  with seed                  150
 Ranmar initialization seeds        4179        7862
  Particle       3       4       5
      Et >     0.0     0.0     0.0
       E >     0.0     0.0     0.0
     Eta <    -1.0    -1.0    -1.0
   xqcut:      0.0     0.0     0.0
d R # 3  >    -0.0     0.0     0.0
d R # 4  >    -0.0    -0.0     0.4
s min # 3>     0.0     0.0     0.0
s min # 4>     0.0     0.0     0.0
xqcutij # 3>     0.0     0.0     0.0
xqcutij # 4>     0.0     0.0     0.0
 alpha_s for scale    91.188000000000002       is   0.11800000071525575     
 Added good helicity            1   6.6385020194735658       in event            1
 Added good helicity            2  1.20471789384101937E-002  in event            1
 Added good helicity            3  9.80287019285008138E-003  in event            1
 Added good helicity            4  7.94838253338316303E-006  in event            1
 Added good helicity            5  8.74300443550275903E-006  in event            1
 Added good helicity            6  2.78157884800444365E-005  in event            1
 Added good helicity            7  1.52223138134923506E-005  in event            1
 Added good helicity            9  2.47625596554575102E-005  in event            1
 Added good helicity           10  9.63729298266294450E-004  in event            1
 Added good helicity           11  3.36846058312639416E-003  in event            1
 Added good helicity           12  8.28793399618819350E-004  in event            1
 Added good helicity           13   1.9737679490389601       in event            1
 Added good helicity           14   3.9351277710083594       in event            1
 Added good helicity           15   3.4254861910119843       in event            1
 Added good helicity           16  2.05441540804124526E-005  in event            1
 Added good helicity           17  2.05441541743263734E-005  in event            1
 Added good helicity           18   3.4254861919297666       in event            1
 Added good helicity           19   3.9351277723585425       in event            1
 Added good helicity           20   1.9737679482472901       in event            1
 Added good helicity           21  8.28793399359986356E-004  in event            1
 Added good helicity           22  3.36846058224292378E-003  in event            1
 Added good helicity           23  9.63729300124944294E-004  in event            1
 Added good helicity           24  2.47625597548127402E-005  in event            1
 Added good helicity           26  1.52223138142710855E-005  in event            1
 Added good helicity           27  2.78157884716061011E-005  in event            1
 Added good helicity           28  8.74300443059556004E-006  in event            1
 Added good helicity           29  7.94838253349864412E-006  in event            1
 Added good helicity           30  9.80287020369635838E-003  in event            1
 Added good helicity           31  1.20471789307419197E-002  in event            1
 Added good helicity           32   6.6385020196513622       in event            1
 Iteration  1   Mean: 0.1566E+10 Abs mean: 0.1566E+10   Fluctuation:  0.646E+09   0.925E+12    73.9%
  1    0.1566E+10 0.1566E+10 +- 0.6463E+09     18.46
 Writing out events   117806.21357568142        18.455389368864047     
 Relative summed weights:
  0.1000E+01  0.0000E+00
 Relative number of events:
  0.1000E+01  0.0000E+00
 Events:
        2000           0
 Iteration  2   Mean: 0.1983E+10 Abs mean: 0.1983E+10   Fluctuation:  0.651E+09   0.240E+13    83.0%
  2    0.1983E+10 0.1983E+10 +- 0.6514E+09     20.78
 Relative summed weights:
  0.1000E+01  0.0000E+00
 Relative number of events:
  0.1000E+01  0.0000E+00
 Events:
        4000           0
 Iteration  3   Mean: 0.1727E+10 Abs mean: 0.1727E+10   Fluctuation:  0.888E+08   0.228E+12    81.0%
  3    0.1727E+10 0.1727E+10 +- 0.8877E+08      4.60
 Relative summed weights:
  0.1000E+01  0.0000E+00
 Relative number of events:
  0.1000E+01  0.0000E+00
 Events:
        8000           0
 Found          600  events.
 Wrote           65  events.
 Actual xsec    1730996569.6050818     
 Correct abs xsec    1730996569.6050818     
 Event xsec    1730996569.6050816     
 Events wgts > 1:            6
 % Cross section > 1:    14365644.721497536       0.82990601909598161     
 Checking number of events   9551.6390710808428               65  chi2:   0.10802426993632848     
 Found          600  events.
 Wrote           91  events.
 Actual xsec    1730996569.6050818     
 Correct abs xsec    1730996569.6050818     
 Event xsec    1730996569.6050861     
 Events wgts > 1:            6
 % Cross section > 1:    10285563.518423211       0.59419895446527582     
 Iteration  4   Mean: 0.1638E+10 Abs mean: 0.1638E+10   Fluctuation:  0.241E+08   0.624E+11    78.5%
  4    0.1638E+10 0.1638E+10 +- 0.2406E+08      1.86
 Relative summed weights:
  0.1000E+01  0.0000E+00
 Relative number of events:
  0.1000E+01  0.0000E+00
 Events:
       16000           0
 Found         1868  events.
 Wrote         1087  events.
 Actual xsec    1645316946.7519639     
 Correct abs xsec    1645316946.7519639     
 Event xsec    1645316946.7519221     
 Events wgts > 1:           32
 % Cross section > 1:    16457483.801421419        1.0002622190156563     
 Checking number of events   9078.8589121773366             1087  chi2:   0.60869046266926108     
 Found         1868  events.
 Wrote         1083  events.
 Actual xsec    1645316946.7519639     
 Correct abs xsec    1645316946.7519639     
 Event xsec    1645316946.7519488     
 Events wgts > 1:           32
 % Cross section > 1:    16517658.368015319        1.0039195427132224     
 Iteration  5   Mean: 0.1637E+10 Abs mean: 0.1637E+10   Fluctuation:  0.116E+08   0.249E+11    78.7%
  5    0.1637E+10 0.1637E+10 +- 0.1160E+08      1.27
 Relative summed weights:
  0.1000E+01  0.0000E+00
 Relative number of events:
  0.1000E+01  0.0000E+00
 Events:
       32000           0
 Found         4067  events.
 Wrote         4063  events.
 Actual xsec    1638426634.2955296     
 Correct abs xsec    1638426634.2955296     
 Event xsec    1638426634.2955225     
 Events wgts > 1:           48
 % Cross section > 1:    3292860.4040302243       0.20097698213054635     
 Checking number of events   9040.8381680427337             4063  chi2:   0.51174923749372159     
 Found         4067  events.
 Wrote         4063  events.
 Actual xsec    1638426634.2955296     
 Correct abs xsec    1638426634.2955296     
 Event xsec    1638426634.2955225     
 Events wgts > 1:           48
 % Cross section > 1:    3292860.4040302243       0.20097698213054635     
 Iteration  6   Mean: 0.1647E+10 Abs mean: 0.1647E+10   Fluctuation:  0.689E+07   0.310E+11    78.3%
  6    0.1647E+10 0.1647E+10 +- 0.6894E+07      1.06
 Relative summed weights:
  0.1000E+01  0.0000E+00
 Relative number of events:
  0.1000E+01  0.0000E+00
 Events:
       64000           0
 Found         8176  events.
 Wrote         8171  events.
 Actual xsec    1643929040.6880891     
 Correct abs xsec    1643929040.6880891     
 Event xsec    1643929040.6882384     
 Events wgts > 1:           15
 % Cross section > 1:    1090625.7562194660       6.63426297136809756E-002
 Checking number of events   9071.2004465168757             8171  chi2:   0.30941735927009295     
 Found         8176  events.
 Wrote         8171  events.
 Actual xsec    1643929040.6880891     
 Correct abs xsec    1643929040.6880891     
 Event xsec    1643929040.6882384     
 Events wgts > 1:           15
 % Cross section > 1:    1090625.7562194660       6.63426297136809756E-002
 Iteration  7   Mean: 0.1647E+10 Abs mean: 0.1647E+10   Fluctuation:  0.453E+07   0.892E+11    78.0%
  7    0.1647E+10 0.1647E+10 +- 0.4534E+07      0.99
 Relative summed weights:
  0.1000E+01  0.0000E+00
 Relative number of events:
  0.1000E+01  0.0000E+00
 Events:
      128000           0
 Found        16345  events.
 Wrote        16341  events.
 Actual xsec    1645739463.8693337     
 Correct abs xsec    1645739463.8693337     
 Event xsec    1645739463.8699391     
 Events wgts > 1:           47
 % Cross section > 1:    2273449.9544817526       0.13814154696975905     
 Checking number of events   9081.1903616309846            16341  chi2:   0.32511378767540988     

 -------------------------------------------------------------------------------
 Accumulated results:   Integral =  0.1646E+10
                        Std dev  =  0.3558E+07
                       Cross sec =  0.3471E+00
             Chi**2 per DoF.     =
-------------------------------------------------
---------------------------
 Results Last   3 iters: Integral =   0.1646E+10
                     Abs integral =   0.1646E+10
                          Std dev =   0.3601E+07
                  Chi**2 per DoF. =      0.3251
-------------------------------------------------
---------------------------
 Status -5.51800000000000036E-006           8           9
 We found enough events       16341   9081.1903616309846     

ls status:
events.lhe
ftn25
ftn26
input_sg.txt
moffset.dat
results.dat
run_07_ftn26.gz
run_07_log.txt
run_07_results.dat
run1_app.log
