 Process in group number            0
 No PDF is used, alpha_s(MZ) from param_card is used
 Value of alpha_s from param_card:   0.11800000071525575     
 The default order of alpha_s running is fixed to            2
 *****************************************************
 *               MadGraph/MadEvent                   *
 *        --------------------------------           *
 *          http://madgraph.hep.uiuc.edu             *
 *          http://madgraph.phys.ucl.ac.be           *
 *          http://madgraph.roma2.infn.it            *
 *        --------------------------------           *
 *                                                   *
 *          PARAMETER AND COUPLING VALUES            *
 *                                                   *
 *****************************************************

  External Params
  ---------------------------------
  
 aEWM1 =    132.50700378417969     
 mdl_Gf =   1.16639000000000003E-005
 aS =   0.11800000071525575     
 mdl_ymb =    4.6999998092651367     
 mdl_ymt =    173.00000000000000     
 mdl_yme =   5.10999991092830896E-004
 mdl_ymm =   0.10565999895334244     
 mdl_ymtau =    1.7769999504089355     
 mdl_MZ =    91.188003540039063     
 mdl_MT =    173.00000000000000     
 mdl_MB =    4.6999998092651367     
 mdl_MH =    125.00000000000000     
 mdl_Me =   5.10999991092830896E-004
 mdl_MM =   0.10565999895334244     
 mdl_MTA =    1.7769999504089355     
 mdl_WZ =    2.4414041042327881     
 mdl_WW =    2.0476000308990479     
 mdl_WT =    1.4915000200271606     
 mdl_WH =   6.38233916833996773E-003
 mdl_WTau =   2.26999999999999982E-012
  Internal Params
  ---------------------------------
  
 mdl_conjg__CKM3x3 =    1.0000000000000000     
 mdl_CKM3x3 =    1.0000000000000000     
 mdl_conjg__CKM1x1 =    1.0000000000000000     
 mdl_complexi =  (  0.0000000000000000     ,  1.0000000000000000     )
 mdl_MZ__exp__2 =    8315.2519896181766     
 mdl_MZ__exp__4 =    69143415.650849044     
 mdl_sqrt__2 =    1.4142135623730951     
 mdl_MH__exp__2 =    15625.000000000000     
 mdl_aEW =   7.54677089845565054E-003
 mdl_MW =    80.419007276179556     
 mdl_sqrt__aEW =   8.68721526063194194E-002
 mdl_ee =   0.30795376284704501     
 mdl_MW__exp__2 =    6467.2167312862202     
 mdl_sw2 =   0.22224645274001076     
 mdl_cw =   0.88190336616887299     
 mdl_sqrt__sw2 =   0.47143022043565552     
 mdl_sw =   0.47143022043565552     
 mdl_g1 =   0.34919218438279087     
 mdl_gw =   0.65323296958447097     
 mdl_vev =    246.21845810181631     
 mdl_vev__exp__2 =    60623.529110035874     
 mdl_lam =   0.12886910601690271     
 mdl_yb =   2.69955531549349904E-002
 mdl_ye =   2.93504850670934038E-006
 mdl_ym =   6.06883028478528356E-004
 mdl_yt =   0.99366614581500645     
 mdl_ytau =   1.02066167158167895E-002
 mdl_muH =    88.388347648318444     
 mdl_I1x33 =  ( 2.69955531549349904E-002,  0.0000000000000000     )
 mdl_I2x33 =  ( 0.99366614581500645     ,  0.0000000000000000     )
 mdl_I3x33 =  ( 0.99366614581500645     ,  0.0000000000000000     )
 mdl_I4x33 =  ( 2.69955531549349904E-002,  0.0000000000000000     )
 mdl_ee__exp__2 =   9.48355200516540348E-002
 mdl_sw__exp__2 =   0.22224645274001076     
 mdl_cw__exp__2 =   0.77775354725998924     
  Internal Params evaluated point by point
  ----------------------------------------
  
 mdl_sqrt__aS =   0.34351128178744839     
 mdl_G__exp__2 =    1.4828317414825511     
  Couplings of sm-lepton_masses
  ---------------------------------
  
         GC_3 =  -0.00000E+00  -0.30795E+00
        GC_50 =  -0.00000E+00  -0.28804E+00
        GC_59 =   0.00000E+00   0.82310E-01
        GC_89 =  -0.00000E+00  -0.20754E-05

 Collider parameters:
 --------------------

 Running at e e   machine @   7.00000000000000067E-002  GeV
 PDF set = none   
 alpha_s(Mz)= 0.1180 running at 2 loops.
 alpha_s(Mz)= 0.1180 running at 2 loops.
 Renormalization scale fixed @    91.188000000000002     
 Factorization scales  fixed @    91.188000000000002        91.188000000000002     


 getting user params
Enter number of events and max and min iterations: 
 Number of events and iterations         2000           9           3
Enter desired fractional accuracy: 
 Desired fractional accuracy:  -5.51800000000000036E-006
Enter 0 for fixed, 2 for adjustable grid: 
Suppress amplitude (0 no, 1 yes)? 
 Using suppressed amplitude.
Exact helicity sum (0 yes, n = number/event)? 
 Explicitly summing over helicities
Enter Configuration Number: 
Running Configuration Number:   13
 Not subdividing B.W.
 Attempting mappinvarients           1           5
 Completed mapping           5
 about to integrate            5        2000           9           3           5           1
 Using non-zero grid deformation.
  5 dimensions   2000 events  5 invarients  9 iterations  1 config(s),  (0.99)
 Using h-tuple random number sequence.
 Error opening grid
 Using Uniform Grid!
 Using uniform alpha   1.0000000000000000     
 Grid defined OK
 Set CM energy to          0.07
 Mapping Graph          13  to config          13
Setting grid   1    0.53290E-04   1
Setting grid   2    0.18367E-04   1
 Masses: 0.511E-03 0.511E-03 0.000E+00 0.511E-03 0.511E-03
  13   1   2   3   4   5
 Got moffset          16
Using random seed offsets    13 :      1
  with seed                  150
 Ranmar initialization seeds        4179       29961
  Particle       3       4       5
      Et >     0.0     0.0     0.0
       E >     0.0     0.0     0.0
     Eta <    -1.0    -1.0    -1.0
   xqcut:      0.0     0.0     0.0
d R # 3  >    -0.0     0.0     0.0
d R # 4  >    -0.0    -0.0     0.4
s min # 3>     0.0     0.0     0.0
s min # 4>     0.0     0.0     0.0
xqcutij # 3>     0.0     0.0     0.0
xqcutij # 4>     0.0     0.0     0.0
 alpha_s for scale    91.188000000000002       is   0.11800000071525575     
 Added good helicity            1   12.919944048377287       in event            1
 Added good helicity            2  1.74508702076735288E-003  in event            1
 Added good helicity            3  1.93821483905236682E-004  in event            1
 Added good helicity            5  0.37826829015381058       in event            1
 Added good helicity            6  1.48218610430799126E-004  in event            1
 Added good helicity            7  1.84707733521571891E-005  in event            1
 Added good helicity            9  2.84853190123102772E-005  in event            1
 Added good helicity           10  4.74432590381898694E-002  in event            1
 Added good helicity           11  1.64521484080816238E-002  in event            1
 Added good helicity           13  9.69455796229549971E-003  in event            1
 Added good helicity           14   2.4635477094722864       in event            1
 Added good helicity           15  0.16250084863213940       in event            1
 Added good helicity           16  1.41999700204020193E-005  in event            1
 Added good helicity           17  1.41999705387305550E-005  in event            1
 Added good helicity           18  0.16250084889587194       in event            1
 Added good helicity           19   2.4635478543426061       in event            1
 Added good helicity           20  9.69455803231972571E-003  in event            1
 Added good helicity           22  1.64521483818633012E-002  in event            1
 Added good helicity           23  4.74432619024509200E-002  in event            1
 Added good helicity           24  2.84853210184873180E-005  in event            1
 Added good helicity           26  1.84707739235810618E-005  in event            1
 Added good helicity           27  1.48218613212616735E-004  in event            1
 Added good helicity           28  0.37826829011961283       in event            1
 Added good helicity           30  1.93821480647587676E-004  in event            1
 Added good helicity           31  1.74508709605446688E-003  in event            1
 Added good helicity           32   12.919944049274234       in event            1
 Added good helicity           12  3.52696567936731768E-005  in event            5
 Added good helicity           21  3.52696521521216633E-005  in event            5
 Iteration  1   Mean: 0.1798E+10 Abs mean: 0.1798E+10   Fluctuation:  0.772E+09   0.106E+13    73.5%
  1    0.1798E+10 0.1798E+10 +- 0.7721E+09     19.21
 Writing out events   135836.14074814916        19.207265045277158     
 Relative summed weights:
  0.1000E+01  0.0000E+00
 Relative number of events:
  0.1000E+01  0.0000E+00
 Events:
        2000           0
 Iteration  2   Mean: 0.2511E+10 Abs mean: 0.2511E+10   Fluctuation:  0.105E+10   0.384E+13    77.9%
  2    0.2511E+10 0.2511E+10 +- 0.1048E+10     26.39
 Relative summed weights:
  0.1000E+01  0.0000E+00
 Relative number of events:
  0.1000E+01  0.0000E+00
 Events:
        4000           0
 Iteration  3   Mean: 0.1510E+10 Abs mean: 0.1510E+10   Fluctuation:  0.691E+08   0.232E+12    80.0%
  3    0.1510E+10 0.1510E+10 +- 0.6906E+08      4.09
 Relative summed weights:
  0.1000E+01  0.0000E+00
 Relative number of events:
  0.1000E+01  0.0000E+00
 Events:
        8000           0
 Found          490  events.
 Wrote           62  events.
 Actual xsec    1525377752.0465031     
 Correct abs xsec    1525377752.0465031     
 Event xsec    1525377752.0465038     
 Events wgts > 1:            2
 % Cross section > 1:    11823087.443883024       0.77509242730338290     
 Checking number of events   8417.0344357926042               62  chi2:   0.52816794220823682     
 Found          490  events.
 Wrote           91  events.
 Actual xsec    1525377752.0465031     
 Correct abs xsec    1525377752.0465031     
 Event xsec    1525377752.0465040     
 Events wgts > 1:            2
 % Cross section > 1:    8075236.7850127742       0.52939258974891523     
 Iteration  4   Mean: 0.1680E+10 Abs mean: 0.1680E+10   Fluctuation:  0.264E+08   0.555E+11    81.0%
  4    0.1680E+10 0.1680E+10 +- 0.2636E+08      1.98
 Relative summed weights:
  0.1000E+01  0.0000E+00
 Relative number of events:
  0.1000E+01  0.0000E+00
 Events:
       16000           0
 Found         1994  events.
 Wrote          867  events.
 Actual xsec    1663401890.8452582     
 Correct abs xsec    1663401890.8452582     
 Event xsec    1663401890.8452144     
 Events wgts > 1:           29
 % Cross section > 1:    16364149.607561432       0.98377606143314023     
 Checking number of events   9178.6516336841360              867  chi2:    2.9830686827033457     
 Found         1994  events.
 Wrote          883  events.
 Actual xsec    1663401890.8452582     
 Correct abs xsec    1663401890.8452582     
 Event xsec    1663401890.8452840     
 Events wgts > 1:           29
 % Cross section > 1:    16070495.212586043       0.96612221622638450     
 Iteration  5   Mean: 0.1628E+10 Abs mean: 0.1628E+10   Fluctuation:  0.117E+08   0.212E+11    80.8%
  5    0.1628E+10 0.1628E+10 +- 0.1168E+08      1.28
 Relative summed weights:
  0.1000E+01  0.0000E+00
 Relative number of events:
  0.1000E+01  0.0000E+00
 Events:
       32000           0
 Found         3833  events.
 Wrote         3828  events.
 Actual xsec    1634636436.1150794     
 Correct abs xsec    1634636436.1150794     
 Event xsec    1634636436.1151938     
 Events wgts > 1:           37
 % Cross section > 1:    2780625.6039263634       0.17010666974576180     
 Checking number of events   9019.9238544830096             3828  chi2:    3.2647366703352882     
 Found         3833  events.
 Wrote         3828  events.
 Actual xsec    1634636436.1150794     
 Correct abs xsec    1634636436.1150794     
 Event xsec    1634636436.1151938     
 Events wgts > 1:           37
 % Cross section > 1:    2780625.6039263634       0.17010666974576180     
 Iteration  6   Mean: 0.1648E+10 Abs mean: 0.1648E+10   Fluctuation:  0.684E+07   0.277E+11    80.3%
  6    0.1648E+10 0.1648E+10 +- 0.6844E+07      1.05
 Relative summed weights:
  0.1000E+01  0.0000E+00
 Relative number of events:
  0.1000E+01  0.0000E+00
 Events:
       64000           0
 Found         8071  events.
 Wrote         8067  events.
 Actual xsec    1644762332.4101295     
 Correct abs xsec    1644762332.4101295     
 Event xsec    1644762332.4103460     
 Events wgts > 1:           11
 % Cross section > 1:    1290938.9360572537       7.84878708989781154E-002
 Checking number of events   9075.7985502390948             8067  chi2:    2.0152248011202212     
 Found         8071  events.
 Wrote         8067  events.
 Actual xsec    1644762332.4101295     
 Correct abs xsec    1644762332.4101295     
 Event xsec    1644762332.4103460     
 Events wgts > 1:           11
 % Cross section > 1:    1290938.9360572537       7.84878708989781154E-002
 Iteration  7   Mean: 0.1647E+10 Abs mean: 0.1647E+10   Fluctuation:  0.439E+07   0.430E+11    79.0%
  7    0.1647E+10 0.1647E+10 +- 0.4386E+07      0.95
 Relative summed weights:
  0.1000E+01  0.0000E+00
 Relative number of events:
  0.1000E+01  0.0000E+00
 Events:
      128000           0
 Found        16110  events.
 Wrote        16108  events.
 Actual xsec    1645543715.6219935     
 Correct abs xsec    1645543715.6219935     
 Event xsec    1645543715.6216812     
 Events wgts > 1:           32
 % Cross section > 1:    1153092.4800126785       7.00736461186656362E-002
 Checking number of events   9080.1102228021609            16108  chi2:    1.2181070287500209     

 -------------------------------------------------------------------------------
 Accumulated results:   Integral =  0.1646E+10
                        Std dev  =  0.3485E+07
                       Cross sec =  0.1506E+01
             Chi**2 per DoF.     =
-------------------------------------------------
---------------------------
 Results Last   3 iters: Integral =   0.1646E+10
                     Abs integral =   0.1646E+10
                          Std dev =   0.3521E+07
                  Chi**2 per DoF. =      1.2181
-------------------------------------------------
---------------------------
 Status -5.51800000000000036E-006           8           9
 We found enough events       16108   9080.1102228021609     

ls status:
events.lhe
ftn25
ftn26
input_sg.txt
moffset.dat
results.dat
run_07_ftn26.gz
run_07_log.txt
run_07_results.dat
run1_app.log
