 Process in group number            0
 No PDF is used, alpha_s(MZ) from param_card is used
 Value of alpha_s from param_card:   0.11800000071525575     
 The default order of alpha_s running is fixed to            2
 *****************************************************
 *               MadGraph/MadEvent                   *
 *        --------------------------------           *
 *          http://madgraph.hep.uiuc.edu             *
 *          http://madgraph.phys.ucl.ac.be           *
 *          http://madgraph.roma2.infn.it            *
 *        --------------------------------           *
 *                                                   *
 *          PARAMETER AND COUPLING VALUES            *
 *                                                   *
 *****************************************************

  External Params
  ---------------------------------
  
 aEWM1 =    132.50700378417969     
 mdl_Gf =   1.16639000000000003E-005
 aS =   0.11800000071525575     
 mdl_ymb =    4.6999998092651367     
 mdl_ymt =    173.00000000000000     
 mdl_yme =   5.10999991092830896E-004
 mdl_ymm =   0.10565999895334244     
 mdl_ymtau =    1.7769999504089355     
 mdl_MZ =    91.188003540039063     
 mdl_MT =    173.00000000000000     
 mdl_MB =    4.6999998092651367     
 mdl_MH =    125.00000000000000     
 mdl_Me =   5.10999991092830896E-004
 mdl_MM =   0.10565999895334244     
 mdl_MTA =    1.7769999504089355     
 mdl_WZ =    2.4414041042327881     
 mdl_WW =    2.0476000308990479     
 mdl_WT =    1.4915000200271606     
 mdl_WH =   6.38233916833996773E-003
 mdl_WTau =   2.26999999999999982E-012
  Internal Params
  ---------------------------------
  
 mdl_conjg__CKM3x3 =    1.0000000000000000     
 mdl_CKM3x3 =    1.0000000000000000     
 mdl_conjg__CKM1x1 =    1.0000000000000000     
 mdl_complexi =  (  0.0000000000000000     ,  1.0000000000000000     )
 mdl_MZ__exp__2 =    8315.2519896181766     
 mdl_MZ__exp__4 =    69143415.650849044     
 mdl_sqrt__2 =    1.4142135623730951     
 mdl_MH__exp__2 =    15625.000000000000     
 mdl_aEW =   7.54677089845565054E-003
 mdl_MW =    80.419007276179556     
 mdl_sqrt__aEW =   8.68721526063194194E-002
 mdl_ee =   0.30795376284704501     
 mdl_MW__exp__2 =    6467.2167312862202     
 mdl_sw2 =   0.22224645274001076     
 mdl_cw =   0.88190336616887299     
 mdl_sqrt__sw2 =   0.47143022043565552     
 mdl_sw =   0.47143022043565552     
 mdl_g1 =   0.34919218438279087     
 mdl_gw =   0.65323296958447097     
 mdl_vev =    246.21845810181631     
 mdl_vev__exp__2 =    60623.529110035874     
 mdl_lam =   0.12886910601690271     
 mdl_yb =   2.69955531549349904E-002
 mdl_ye =   2.93504850670934038E-006
 mdl_ym =   6.06883028478528356E-004
 mdl_yt =   0.99366614581500645     
 mdl_ytau =   1.02066167158167895E-002
 mdl_muH =    88.388347648318444     
 mdl_I1x33 =  ( 2.69955531549349904E-002,  0.0000000000000000     )
 mdl_I2x33 =  ( 0.99366614581500645     ,  0.0000000000000000     )
 mdl_I3x33 =  ( 0.99366614581500645     ,  0.0000000000000000     )
 mdl_I4x33 =  ( 2.69955531549349904E-002,  0.0000000000000000     )
 mdl_ee__exp__2 =   9.48355200516540348E-002
 mdl_sw__exp__2 =   0.22224645274001076     
 mdl_cw__exp__2 =   0.77775354725998924     
  Internal Params evaluated point by point
  ----------------------------------------
  
 mdl_sqrt__aS =   0.34351128178744839     
 mdl_G__exp__2 =    1.4828317414825511     
  Couplings of sm-lepton_masses
  ---------------------------------
  
         GC_3 =  -0.00000E+00  -0.30795E+00

 Collider parameters:
 --------------------

 Running at e e   machine @   7.00000000000000067E-002  GeV
 PDF set = none   
 alpha_s(Mz)= 0.1180 running at 2 loops.
 alpha_s(Mz)= 0.1180 running at 2 loops.
 Renormalization scale fixed @    91.188000000000002     
 Factorization scales  fixed @    91.188000000000002        91.188000000000002     


 getting user params
Enter number of events and max and min iterations: 
 Number of events and iterations         1000           5           3
Enter desired fractional accuracy: 
 Desired fractional accuracy:   0.10000000000000001     
Enter 0 for fixed, 2 for adjustable grid: 
Suppress amplitude (0 no, 1 yes)? 
 Using suppressed amplitude.
Exact helicity sum (0 yes, n = number/event)? 
 Explicitly summing over helicities
Enter Configuration Number: 
Running Configuration Number:    1
 Not subdividing B.W.
 Attempting mappinvarients           1           5
 Completed mapping           5
 about to integrate            5        1000           5           3           5           1
 Using non-zero grid deformation.
  5 dimensions   1000 events  5 invarients  5 iterations  1 config(s),  (0.99)
 Using h-tuple random number sequence.
 Error opening grid
 Using Uniform Grid!
 Using uniform alpha   1.0000000000000000     
 Grid defined OK
 Set CM energy to          0.07
 Mapping Graph           1  to config           1
Setting grid   1    0.18367E-04   1
Setting grid   2    0.18367E-04   1
 Masses: 0.511E-03 0.511E-03 0.000E+00 0.000E+00 0.000E+00
   1   1   2   3   4   5
 Got moffset           1
Using random seed offsets     1 :      1
  with seed                  189
 Ranmar initialization seeds       21627       12727
  Particle       3       4       5
      Et >     0.0     0.0     0.0
       E >     0.0     0.0     0.0
     Eta <    -1.0    -1.0    -1.0
   xqcut:      0.0     0.0     0.0
d R # 3  >    -0.0     0.0     0.0
d R # 4  >    -0.0    -0.0     0.0
s min # 3>     0.0     0.0     0.0
s min # 4>     0.0     0.0     0.0
xqcutij # 3>     0.0     0.0     0.0
xqcutij # 4>     0.0     0.0     0.0
 alpha_s for scale    91.188000000000002       is   0.11800000071525575     
 Added good helicity            1  0.49520076183212663       in event            1
 Added good helicity            2  8.42684475480272977E-005  in event            1
 Added good helicity            3   14.264458982593377       in event            1
 Added good helicity            5  1.64894727510409705E-002  in event            1
 Added good helicity           10  0.88612099411571654       in event            1
 Added good helicity           11  8.49063753610825245E-005  in event            1
 Added good helicity           12  0.30458607576254410       in event            1
 Added good helicity           14  3.29738933523905028E-002  in event            1
 Added good helicity           19  3.29738933523905167E-002  in event            1
 Added good helicity           21  0.30458607576254421       in event            1
 Added good helicity           22  8.49063753610825516E-005  in event            1
 Added good helicity           23  0.88612099411571654       in event            1
 Added good helicity           28  1.64894727510409636E-002  in event            1
 Added good helicity           30   14.264458982593377       in event            1
 Added good helicity           31  8.42684475480272977E-005  in event            1
 Added good helicity           32  0.49520076183212663       in event            1
 Added good helicity            4  2.51543346148413717E-006  in event            2
 Added good helicity           13  1.34873161837319419E-005  in event            2
 Added good helicity           20  1.34873161837319419E-005  in event            2
 Added good helicity           29  2.51543346148413717E-006  in event            2
 Added good helicity           15  1.27773024498591001E-006  in event            3
 Added good helicity           18  1.27773024498591044E-006  in event            3
 Added good helicity            6  1.31253668105327096E-004  in event            4
 Added good helicity           27  1.31253668105327096E-004  in event            4
 Added good helicity            7  1.56593652465605100E-004  in event            5
 Added good helicity           26  1.56593652465605182E-004  in event            5
 Iteration  1   Mean: 0.3843E+08 Abs mean: 0.3843E+08   Fluctuation:  0.737E+07   0.700E+10    99.2%
  1    0.3843E+08 0.3843E+08 +- 0.7371E+07      6.07
 Writing out events   7748.1456430967983        6.0650684113657496     
 Relative summed weights:
  0.1253E+00  0.0000E+00
  0.1391E+00  0.0000E+00
  0.1547E+00  0.0000E+00
  0.1156E+00  0.0000E+00
  0.2721E+00  0.0000E+00
  0.1932E+00  0.0000E+00
 Relative number of events:
  0.1520E+00  0.0000E+00
  0.1590E+00  0.0000E+00
  0.1700E+00  0.0000E+00
  0.1530E+00  0.0000E+00
  0.1770E+00  0.0000E+00
  0.1890E+00  0.0000E+00
 Events:
         152           0
         159           0
         170           0
         153           0
         177           0
         189           0
 Iteration  2   Mean: 0.3730E+08 Abs mean: 0.3730E+08   Fluctuation:  0.272E+07   0.413E+10    96.8%
  2    0.3730E+08 0.3730E+08 +- 0.2724E+07      3.27
 Relative summed weights:
  0.2136E+00  0.0000E+00
  0.1522E+00  0.0000E+00
  0.1775E+00  0.0000E+00
  0.1578E+00  0.0000E+00
  0.1424E+00  0.0000E+00
  0.1565E+00  0.0000E+00
 Relative number of events:
  0.1545E+00  0.0000E+00
  0.1755E+00  0.0000E+00
  0.1680E+00  0.0000E+00
  0.1685E+00  0.0000E+00
  0.1630E+00  0.0000E+00
  0.1705E+00  0.0000E+00
 Events:
         309           0
         351           0
         336           0
         337           0
         326           0
         341           0
 Iteration  3   Mean: 0.4684E+08 Abs mean: 0.4684E+08   Fluctuation:  0.923E+07   0.362E+11    98.3%
  3    0.4684E+08 0.4684E+08 +- 0.9226E+07     12.46
 Relative summed weights:
  0.3285E+00  0.0000E+00
  0.1315E+00  0.0000E+00
  0.1225E+00  0.0000E+00
  0.1734E+00  0.0000E+00
  0.1328E+00  0.0000E+00
  0.1113E+00  0.0000E+00
 Relative number of events:
  0.1655E+00  0.0000E+00
  0.1668E+00  0.0000E+00
  0.1600E+00  0.0000E+00
  0.1703E+00  0.0000E+00
  0.1757E+00  0.0000E+00
  0.1618E+00  0.0000E+00
 Events:
         662           0
         667           0
         640           0
         681           0
         703           0
         647           0
 Accuracy:    0.054   0.100   0.064   0.697
 Finished due to accuracy   5.38466603042932201E-002  0.10000000000000001     

 -------------------------------------------------------------------------------
 Accumulated results:   Integral =  0.3845E+08
                        Std dev  =  0.2480E+07
                       Cross sec =  0.3845E+08
             Chi**2 per DoF.     =      0.6972
 -------------------------------------------------------------------------------
 Found          359  events.
 Wrote            5  events.
 Actual xsec    38449479.395871118     
 Correct abs xsec    38449479.395871118     
 Event xsec    38449479.395871118     
 Events wgts > 1:            1
 % Cross section > 1:   5.47117423266172409E-002  1.42295144658037779E-007
-------------------------------------------------
---------------------------
 Results Last   3 iters: Integral =   0.3845E+08
                     Abs integral =   0.3845E+08
                          Std dev =   0.2480E+07
                  Chi**2 per DoF. =      0.5025
-------------------------------------------------
---------------------------
 Status  0.10000000000000001                4           5

ls status:
events.lhe
input_app.txt
input_sg.txt
moffset.dat
multijob.dat
results.dat
run_01_log.txt
run_01_results.dat
run_02_log.txt
run_02_results.dat
run_03_log.txt
run_03_results.dat
run_04_log.txt
run_04_results.dat
run_05_log.txt
run_05_results.dat
run_06_ftn26.gz
run_06_log.txt
run_06_results.dat
run_07_log.txt
run_07_results.dat
run_08_log.txt
run_08_results.dat
run1_app.log
