 Process in group number            0
 No PDF is used, alpha_s(MZ) from param_card is used
 Value of alpha_s from param_card:   0.11800000071525575     
 The default order of alpha_s running is fixed to            2
 *****************************************************
 *               MadGraph/MadEvent                   *
 *        --------------------------------           *
 *          http://madgraph.hep.uiuc.edu             *
 *          http://madgraph.phys.ucl.ac.be           *
 *          http://madgraph.roma2.infn.it            *
 *        --------------------------------           *
 *                                                   *
 *          PARAMETER AND COUPLING VALUES            *
 *                                                   *
 *****************************************************

  External Params
  ---------------------------------
  
 aEWM1 =    132.50700378417969     
 mdl_Gf =   1.16639000000000003E-005
 aS =   0.11800000071525575     
 mdl_ymb =    4.6999998092651367     
 mdl_ymt =    173.00000000000000     
 mdl_yme =   5.10999991092830896E-004
 mdl_ymm =   0.10565999895334244     
 mdl_ymtau =    1.7769999504089355     
 mdl_MZ =    91.188003540039063     
 mdl_MT =    173.00000000000000     
 mdl_MB =    4.6999998092651367     
 mdl_MH =    125.00000000000000     
 mdl_Me =   5.10999991092830896E-004
 mdl_MM =   0.10565999895334244     
 mdl_MTA =    1.7769999504089355     
 mdl_WZ =    2.4414041042327881     
 mdl_WW =    2.0476000308990479     
 mdl_WT =    1.4915000200271606     
 mdl_WH =   6.38233916833996773E-003
 mdl_WTau =   2.26999999999999982E-012
  Internal Params
  ---------------------------------
  
 mdl_conjg__CKM3x3 =    1.0000000000000000     
 mdl_CKM3x3 =    1.0000000000000000     
 mdl_conjg__CKM1x1 =    1.0000000000000000     
 mdl_complexi =  (  0.0000000000000000     ,  1.0000000000000000     )
 mdl_MZ__exp__2 =    8315.2519896181766     
 mdl_MZ__exp__4 =    69143415.650849044     
 mdl_sqrt__2 =    1.4142135623730951     
 mdl_MH__exp__2 =    15625.000000000000     
 mdl_aEW =   7.54677089845565054E-003
 mdl_MW =    80.419007276179556     
 mdl_sqrt__aEW =   8.68721526063194194E-002
 mdl_ee =   0.30795376284704501     
 mdl_MW__exp__2 =    6467.2167312862202     
 mdl_sw2 =   0.22224645274001076     
 mdl_cw =   0.88190336616887299     
 mdl_sqrt__sw2 =   0.47143022043565552     
 mdl_sw =   0.47143022043565552     
 mdl_g1 =   0.34919218438279087     
 mdl_gw =   0.65323296958447097     
 mdl_vev =    246.21845810181631     
 mdl_vev__exp__2 =    60623.529110035874     
 mdl_lam =   0.12886910601690271     
 mdl_yb =   2.69955531549349904E-002
 mdl_ye =   2.93504850670934038E-006
 mdl_ym =   6.06883028478528356E-004
 mdl_yt =   0.99366614581500645     
 mdl_ytau =   1.02066167158167895E-002
 mdl_muH =    88.388347648318444     
 mdl_I1x33 =  ( 2.69955531549349904E-002,  0.0000000000000000     )
 mdl_I2x33 =  ( 0.99366614581500645     ,  0.0000000000000000     )
 mdl_I3x33 =  ( 0.99366614581500645     ,  0.0000000000000000     )
 mdl_I4x33 =  ( 2.69955531549349904E-002,  0.0000000000000000     )
 mdl_ee__exp__2 =   9.48355200516540348E-002
 mdl_sw__exp__2 =   0.22224645274001076     
 mdl_cw__exp__2 =   0.77775354725998924     
  Internal Params evaluated point by point
  ----------------------------------------
  
 mdl_sqrt__aS =   0.34351128178744839     
 mdl_G__exp__2 =    1.4828317414825511     
  Couplings of sm-lepton_masses
  ---------------------------------
  
         GC_3 =  -0.00000E+00  -0.30795E+00
        GC_50 =  -0.00000E+00  -0.28804E+00
        GC_59 =   0.00000E+00   0.82310E-01
        GC_89 =  -0.00000E+00  -0.20754E-05

 Collider parameters:
 --------------------

 Running at e e   machine @   7.00000000000000067E-002  GeV
 PDF set = none   
 alpha_s(Mz)= 0.1180 running at 2 loops.
 alpha_s(Mz)= 0.1180 running at 2 loops.
 Renormalization scale fixed @    91.188000000000002     
 Factorization scales  fixed @    91.188000000000002        91.188000000000002     


 getting user params
Enter number of events and max and min iterations: 
 Number of events and iterations         2000           9           3
Enter desired fractional accuracy: 
 Desired fractional accuracy:  -5.51800000000000036E-006
Enter 0 for fixed, 2 for adjustable grid: 
Suppress amplitude (0 no, 1 yes)? 
 Using suppressed amplitude.
Exact helicity sum (0 yes, n = number/event)? 
 Explicitly summing over helicities
Enter Configuration Number: 
Running Configuration Number:   16
 Not subdividing B.W.
 Attempting mappinvarients           1           5
 Completed mapping           5
 about to integrate            5        2000           9           3           5           1
 Using non-zero grid deformation.
  5 dimensions   2000 events  5 invarients  9 iterations  1 config(s),  (0.99)
 Using h-tuple random number sequence.
 Error opening grid
 Using Uniform Grid!
 Using uniform alpha   1.0000000000000000     
 Grid defined OK
 Set CM energy to          0.07
 Mapping Graph          16  to config          16
Setting grid   1    0.53290E-04   1
Setting grid   2    0.53290E-04   1
 Masses: 0.511E-03 0.511E-03 0.000E+00 0.511E-03 0.511E-03
  16   1   2   3   4   5
 Got moffset           2
Using random seed offsets    16 :      1
  with seed                  150
 Ranmar initialization seeds        4182       15844
  Particle       3       4       5
      Et >     0.0     0.0     0.0
       E >     0.0     0.0     0.0
     Eta <    -1.0    -1.0    -1.0
   xqcut:      0.0     0.0     0.0
d R # 3  >    -0.0     0.0     0.0
d R # 4  >    -0.0    -0.0     0.4
s min # 3>     0.0     0.0     0.0
s min # 4>     0.0     0.0     0.0
xqcutij # 3>     0.0     0.0     0.0
xqcutij # 4>     0.0     0.0     0.0
 alpha_s for scale    91.188000000000002       is   0.11800000071525575     
 Added good helicity            1   7.8061187891647936       in event            1
 Added good helicity            2  0.24499037587681849       in event            1
 Added good helicity            3  1.84584550835410497E-006  in event            1
 Added good helicity            5  9.78708848823471311E-002  in event            1
 Added good helicity            6  2.37231752787004857E-005  in event            1
 Added good helicity            9  2.30641143781709205E-005  in event            1
 Added good helicity           10  9.66544509036471183E-002  in event            1
 Added good helicity           13  0.23033056564260374       in event            1
 Added good helicity           14   7.5239839021761279       in event            1
 Added good helicity           16  2.17552168380450613E-006  in event            1
 Added good helicity           17  2.17552168681636174E-006  in event            1
 Added good helicity           19   7.5239839159790955       in event            1
 Added good helicity           20  0.23033056616080844       in event            1
 Added good helicity           23  9.66544510801717743E-002  in event            1
 Added good helicity           24  2.30641144207977959E-005  in event            1
 Added good helicity           27  2.37231752844195641E-005  in event            1
 Added good helicity           28  9.78708848824526717E-002  in event            1
 Added good helicity           30  1.84584549958152216E-006  in event            1
 Added good helicity           31  0.24499037577765231       in event            1
 Added good helicity           32   7.8061187891558346       in event            1
 Added good helicity            7  2.56956553241856413E-006  in event            2
 Added good helicity           11   3.8886720703969320       in event            2
 Added good helicity           12  7.39133653630016929E-003  in event            2
 Added good helicity           15  0.11063280132120877       in event            2
 Added good helicity           18  0.11063280163939593       in event            2
 Added good helicity           21  7.39133655485859926E-003  in event            2
 Added good helicity           22   3.8886720614184718       in event            2
 Added good helicity           26  2.56956566744444624E-006  in event            2
 Added good helicity            4  1.98740611418085188E-006  in event           10
 Added good helicity           29  1.98740569652569759E-006  in event           10
 Iteration  1   Mean: 0.2642E+10 Abs mean: 0.2642E+10   Fluctuation:  0.190E+09   0.124E+12    84.2%
  1    0.2642E+10 0.2642E+10 +- 0.1902E+09      3.22
 Writing out events   174273.83057833966        3.2197945688803720     
 Relative summed weights:
  0.1000E+01  0.0000E+00
 Relative number of events:
  0.1000E+01  0.0000E+00
 Events:
        2000           0
 Iteration  2   Mean: 0.2343E+10 Abs mean: 0.2343E+10   Fluctuation:  0.612E+08   0.324E+11    83.9%
  2    0.2343E+10 0.2343E+10 +- 0.6123E+08      1.65
 Relative summed weights:
  0.1000E+01  0.0000E+00
 Relative number of events:
  0.1000E+01  0.0000E+00
 Events:
        4000           0
 Iteration  3   Mean: 0.2410E+10 Abs mean: 0.2410E+10   Fluctuation:  0.357E+08   0.228E+11    81.3%
  3    0.2410E+10 0.2410E+10 +- 0.3573E+08      1.33
 Relative summed weights:
  0.1000E+01  0.0000E+00
 Relative number of events:
  0.1000E+01  0.0000E+00
 Events:
        8000           0
 Found         1005  events.
 Wrote         1001  events.
 Actual xsec    2401291892.5496454     
 Correct abs xsec    2401291892.5496454     
 Event xsec    2401291892.5496473     
 Events wgts > 1:            7
 % Cross section > 1:    1089118.9838113943       4.53555432886165247E-002
 Checking number of events   13250.328663088945             1001  chi2:    1.2852715676297122     
 Found         1005  events.
 Wrote         1001  events.
 Actual xsec    2401291892.5496454     
 Correct abs xsec    2401291892.5496454     
 Event xsec    2401291892.5496473     
 Events wgts > 1:            7
 % Cross section > 1:    1089118.9838113943       4.53555432886165247E-002
 Iteration  4   Mean: 0.2451E+10 Abs mean: 0.2451E+10   Fluctuation:  0.237E+08   0.115E+12    78.2%
  4    0.2451E+10 0.2451E+10 +- 0.2372E+08      1.22
 Relative summed weights:
  0.1000E+01  0.0000E+00
 Relative number of events:
  0.1000E+01  0.0000E+00
 Events:
       16000           0
 Found         2097  events.
 Wrote         2092  events.
 Actual xsec    2430387329.5991445     
 Correct abs xsec    2430387329.5991445     
 Event xsec    2430387329.5990138     
 Events wgts > 1:            4
 % Cross section > 1:    7852327.6011082996       0.32308955471734802     
 Checking number of events   13410.877284728080             2092  chi2:    1.5703751299240978     
 Found         2097  events.
 Wrote         2092  events.
 Actual xsec    2430387329.5991445     
 Correct abs xsec    2430387329.5991445     
 Event xsec    2430387329.5990138     
 Events wgts > 1:            4
 % Cross section > 1:    7852327.6011082996       0.32308955471734802     
 Iteration  5   Mean: 0.2397E+10 Abs mean: 0.2397E+10   Fluctuation:  0.150E+08   0.549E+11    74.1%
  5    0.2397E+10 0.2397E+10 +- 0.1501E+08      1.12
 Relative summed weights:
  0.1000E+01  0.0000E+00
 Relative number of events:
  0.1000E+01  0.0000E+00
 Events:
       32000           0
 Found         4271  events.
 Wrote         4266  events.
 Actual xsec    2412718639.6463923     
 Correct abs xsec    2412718639.6463923     
 Event xsec    2412718639.6464396     
 Events wgts > 1:           15
 % Cross section > 1:    3549043.9626485822       0.14709729946665726     
 Checking number of events   13313.381453568794             4266  chi2:    1.8516814536914707     
 Found         4271  events.
 Wrote         4266  events.
 Actual xsec    2412718639.6463923     
 Correct abs xsec    2412718639.6463923     
 Event xsec    2412718639.6464396     
 Events wgts > 1:           15
 % Cross section > 1:    3549043.9626485822       0.14709729946665726     
 Iteration  6   Mean: 0.2425E+10 Abs mean: 0.2425E+10   Fluctuation:  0.104E+08   0.510E+11    71.6%
  6    0.2425E+10 0.2425E+10 +- 0.1044E+08      1.09
 Relative summed weights:
  0.1000E+01  0.0000E+00
 Relative number of events:
  0.1000E+01  0.0000E+00
 Events:
       64000           0
 Found         9009  events.
 Wrote         9005  events.
 Actual xsec    2420497456.6656761     
 Correct abs xsec    2420497456.6656761     
 Event xsec    2420497456.6657290     
 Events wgts > 1:           35
 % Cross section > 1:    2880495.9712461298       0.11900429654712612     
 Checking number of events   13356.304965881201             9005  chi2:    2.1574925492609069     
 Found         9009  events.
 Wrote         9005  events.
 Actual xsec    2420497456.6656761     
 Correct abs xsec    2420497456.6656761     
 Event xsec    2420497456.6657290     
 Events wgts > 1:           35
 % Cross section > 1:    2880495.9712461298       0.11900429654712612     
 Iteration  7   Mean: 0.2412E+10 Abs mean: 0.2412E+10   Fluctuation:  0.759E+07   0.144E+12    68.9%
  7    0.2412E+10 0.2412E+10 +- 0.7588E+07      1.13
 Relative summed weights:
  0.1000E+01  0.0000E+00
 Relative number of events:
  0.1000E+01  0.0000E+00
 Events:
      128000           0
 Found        18438  events.
 Wrote        18434  events.
 Actual xsec    2414152472.5163493     
 Correct abs xsec    2414152472.5163493     
 Event xsec    2414152472.5154104     
 Events wgts > 1:          112
 % Cross section > 1:    9916078.0251681842       0.41074779402131928     
 Checking number of events   13321.293343345216            18434  chi2:    1.2575618812854554     

 -------------------------------------------------------------------------------
 Accumulated results:   Integral =  0.2416E+10
                        Std dev  =  0.5436E+07
                       Cross sec =  0.1320E+01
             Chi**2 per DoF.     =
-------------------------------------------------
---------------------------
 Results Last   3 iters: Integral =   0.2414E+10
                     Abs integral =   0.2414E+10
                          Std dev =   0.5681E+07
                  Chi**2 per DoF. =      1.2576
-------------------------------------------------
---------------------------
 Status -5.51800000000000036E-006           8           9
 We found enough events       18434   13321.293343345216     

ls status:
events.lhe
ftn25
ftn26
input_sg.txt
moffset.dat
results.dat
run_01_ftn26.gz
run_01_log.txt
run_01_results.dat
run_02_ftn26.gz
run_02_log.txt
run_02_results.dat
run_03_ftn26.gz
run_03_log.txt
run_03_results.dat
run_04_ftn26.gz
run_04_log.txt
run_04_results.dat
run_05_ftn26.gz
run_05_log.txt
run_05_results.dat
run_06_ftn26.gz
run_06_log.txt
run_06_results.dat
run_07_ftn26.gz
run_07_log.txt
run_07_results.dat
run1_app.log
