 Process in group number            0
 No PDF is used, alpha_s(MZ) from param_card is used
 Value of alpha_s from param_card:   0.11800000071525575     
 The default order of alpha_s running is fixed to            2
 *****************************************************
 *               MadGraph/MadEvent                   *
 *        --------------------------------           *
 *          http://madgraph.hep.uiuc.edu             *
 *          http://madgraph.phys.ucl.ac.be           *
 *          http://madgraph.roma2.infn.it            *
 *        --------------------------------           *
 *                                                   *
 *          PARAMETER AND COUPLING VALUES            *
 *                                                   *
 *****************************************************

  External Params
  ---------------------------------
  
 aEWM1 =    132.50700378417969     
 mdl_Gf =   1.16639000000000003E-005
 aS =   0.11800000071525575     
 mdl_ymb =    4.6999998092651367     
 mdl_ymt =    173.00000000000000     
 mdl_yme =   5.10999991092830896E-004
 mdl_ymm =   0.10565999895334244     
 mdl_ymtau =    1.7769999504089355     
 mdl_MZ =    91.188003540039063     
 mdl_MT =    173.00000000000000     
 mdl_MB =    4.6999998092651367     
 mdl_MH =    125.00000000000000     
 mdl_Me =   5.10999991092830896E-004
 mdl_MM =   0.10565999895334244     
 mdl_MTA =    1.7769999504089355     
 mdl_WZ =    2.4414041042327881     
 mdl_WW =    2.0476000308990479     
 mdl_WT =    1.4915000200271606     
 mdl_WH =   6.38233916833996773E-003
 mdl_WTau =   2.26999999999999982E-012
  Internal Params
  ---------------------------------
  
 mdl_conjg__CKM3x3 =    1.0000000000000000     
 mdl_CKM3x3 =    1.0000000000000000     
 mdl_conjg__CKM1x1 =    1.0000000000000000     
 mdl_complexi =  (  0.0000000000000000     ,  1.0000000000000000     )
 mdl_MZ__exp__2 =    8315.2519896181766     
 mdl_MZ__exp__4 =    69143415.650849044     
 mdl_sqrt__2 =    1.4142135623730951     
 mdl_MH__exp__2 =    15625.000000000000     
 mdl_aEW =   7.54677089845565054E-003
 mdl_MW =    80.419007276179556     
 mdl_sqrt__aEW =   8.68721526063194194E-002
 mdl_ee =   0.30795376284704501     
 mdl_MW__exp__2 =    6467.2167312862202     
 mdl_sw2 =   0.22224645274001076     
 mdl_cw =   0.88190336616887299     
 mdl_sqrt__sw2 =   0.47143022043565552     
 mdl_sw =   0.47143022043565552     
 mdl_g1 =   0.34919218438279087     
 mdl_gw =   0.65323296958447097     
 mdl_vev =    246.21845810181631     
 mdl_vev__exp__2 =    60623.529110035874     
 mdl_lam =   0.12886910601690271     
 mdl_yb =   2.69955531549349904E-002
 mdl_ye =   2.93504850670934038E-006
 mdl_ym =   6.06883028478528356E-004
 mdl_yt =   0.99366614581500645     
 mdl_ytau =   1.02066167158167895E-002
 mdl_muH =    88.388347648318444     
 mdl_I1x33 =  ( 2.69955531549349904E-002,  0.0000000000000000     )
 mdl_I2x33 =  ( 0.99366614581500645     ,  0.0000000000000000     )
 mdl_I3x33 =  ( 0.99366614581500645     ,  0.0000000000000000     )
 mdl_I4x33 =  ( 2.69955531549349904E-002,  0.0000000000000000     )
 mdl_ee__exp__2 =   9.48355200516540348E-002
 mdl_sw__exp__2 =   0.22224645274001076     
 mdl_cw__exp__2 =   0.77775354725998924     
  Internal Params evaluated point by point
  ----------------------------------------
  
 mdl_sqrt__aS =   0.34351128178744839     
 mdl_G__exp__2 =    1.4828317414825511     
  Couplings of sm-lepton_masses
  ---------------------------------
  
         GC_3 =  -0.00000E+00  -0.30795E+00
        GC_50 =  -0.00000E+00  -0.28804E+00
        GC_59 =   0.00000E+00   0.82310E-01
        GC_89 =  -0.00000E+00  -0.20754E-05

 Collider parameters:
 --------------------

 Running at e e   machine @   7.14879999999999960E-002  GeV
 PDF set = none   
 alpha_s(Mz)= 0.1180 running at 2 loops.
 alpha_s(Mz)= 0.1180 running at 2 loops.
 Renormalization scale fixed @    91.188000000000002     
 Factorization scales  fixed @    91.188000000000002        91.188000000000002     


 getting user params
Enter number of events and max and min iterations: 
 Number of events and iterations         2000           9           3
Enter desired fractional accuracy: 
 Desired fractional accuracy:  -7.67009999999999984E-007
Enter 0 for fixed, 2 for adjustable grid: 
Suppress amplitude (0 no, 1 yes)? 
 Using suppressed amplitude.
Exact helicity sum (0 yes, n = number/event)? 
 Explicitly summing over helicities
Enter Configuration Number: 
Running Configuration Number:    4
 Not subdividing B.W.
 Attempting mappinvarients           1           4
 Completed mapping           4
 about to integrate            2        2000           9           3           2           1
 Using non-zero grid deformation.
  2 dimensions   2000 events  2 invarients  9 iterations  1 config(s),  (0.99)
 Using h-tuple random number sequence.
 Error opening grid
 Using Uniform Grid!
 Using uniform alpha   1.0000000000000000     
 Grid defined OK
 Set CM energy to          0.07
 Mapping Graph           4  to config           4
Setting grid   1    0.17611E-02   1
 Masses: 0.511E-03 0.511E-03 0.511E-03 0.511E-03
   4   1   2
 Got moffset          20
Using random seed offsets     4 :      1
  with seed                  171
 Ranmar initialization seeds       29769       12529
  Particle       3       4
      Et >     0.0     0.0
       E >     0.0     0.0
     Eta <    -1.0    -1.0
   xqcut:      0.0     0.0
d R # 3  >    -0.0     0.4
s min # 3>     0.0     0.0
xqcutij # 3>     0.0     0.0
 alpha_s for scale    91.188000000000002       is   0.11800000071525575     
 Added good helicity            1   4.0191152245287434       in event            1
 Added good helicity            6   3.9808828356056054       in event            1
 Added good helicity           11   3.9808828393620095       in event            1
 Added good helicity           16   4.0191152245287434       in event            1
 Added good helicity            2  1.92506626819382235E-006  in event            2
 Added good helicity            3  1.92506627570285667E-006  in event            2
 Added good helicity            5  1.92506626819382235E-006  in event            2
 Added good helicity            8  1.92506626819381727E-006  in event            2
 Added good helicity            9  1.92506627570285667E-006  in event            2
 Added good helicity           12  1.92506627570286175E-006  in event            2
 Added good helicity           14  1.92506626819381727E-006  in event            2
 Added good helicity           15  1.92506627570286175E-006  in event            2
 Added good helicity            7   2.0095423862267410       in event            3
 Added good helicity           10   2.0095423862267410       in event            3
 Iteration  1   Mean: 0.3166E+11 Abs mean: 0.3166E+11   Fluctuation:  0.112E+10   0.200E+12    90.0%
  1    0.3166E+11 0.3166E+11 +- 0.1120E+10      1.58
 Writing out events   1953298.3195741284        1.5818700342134595     
 Relative summed weights:
  0.1000E+01  0.0000E+00
 Relative number of events:
  0.1000E+01  0.0000E+00
 Events:
        2000           0
 Iteration  2   Mean: 0.3016E+11 Abs mean: 0.3016E+11   Fluctuation:  0.395E+09   0.882E+11    98.9%
  2    0.3016E+11 0.3016E+11 +- 0.3947E+09      0.83
 Relative summed weights:
  0.1000E+01  0.0000E+00
 Relative number of events:
  0.1000E+01  0.0000E+00
 Events:
        4000           0
 Iteration  3   Mean: 0.3038E+11 Abs mean: 0.3038E+11   Fluctuation:  0.176E+09   0.747E+11    99.7%
  3    0.3038E+11 0.3038E+11 +- 0.1759E+09      0.52
 Relative summed weights:
  0.1000E+01  0.0000E+00
 Relative number of events:
  0.1000E+01  0.0000E+00
 Events:
        8000           0
 Found          821  events.
 Wrote          816  events.
 Actual xsec    30375450010.790508     
 Correct abs xsec    30375450010.790508     
 Event xsec    30375450010.790066     
 Events wgts > 1:            0
 % Cross section > 1:    0.0000000000000000        0.0000000000000000     
 Checking number of events   23298.273912776429              816  chi2:   0.80193491701571673     
 Found          821  events.
 Wrote          816  events.
 Actual xsec    30375450010.790508     
 Correct abs xsec    30375450010.790508     
 Event xsec    30375450010.790066     
 Events wgts > 1:            0
 % Cross section > 1:    0.0000000000000000        0.0000000000000000     
 Iteration  4   Mean: 0.3036E+11 Abs mean: 0.3036E+11   Fluctuation:  0.828E+08   0.552E+11    99.7%
  4    0.3036E+11 0.3036E+11 +- 0.8278E+08      0.34
 Relative summed weights:
  0.1000E+01  0.0000E+00
 Relative number of events:
  0.1000E+01  0.0000E+00
 Events:
       16000           0
 Found         1584  events.
 Wrote         1579  events.
 Actual xsec    30356681508.354610     
 Correct abs xsec    30356681508.354610     
 Event xsec    30356681508.354290     
 Events wgts > 1:            0
 % Cross section > 1:    0.0000000000000000        0.0000000000000000     
 Checking number of events   23283.878283723068             1579  chi2:   0.12932295194615567     
 Found         1584  events.
 Wrote         1579  events.
 Actual xsec    30356681508.354610     
 Correct abs xsec    30356681508.354610     
 Event xsec    30356681508.354290     
 Events wgts > 1:            0
 % Cross section > 1:    0.0000000000000000        0.0000000000000000     
 Iteration  5   Mean: 0.3026E+11 Abs mean: 0.3026E+11   Fluctuation:  0.413E+08   0.437E+11    99.7%
  5    0.3026E+11 0.3026E+11 +- 0.4134E+08      0.24
 Relative summed weights:
  0.1000E+01  0.0000E+00
 Relative number of events:
  0.1000E+01  0.0000E+00
 Events:
       32000           0
 Found         3206  events.
 Wrote         3201  events.
 Actual xsec    30287312099.233120     
 Correct abs xsec    30287312099.233120     
 Event xsec    30287312099.231064     
 Events wgts > 1:            0
 % Cross section > 1:    0.0000000000000000        0.0000000000000000     
 Checking number of events   23230.671253232795             3201  chi2:   0.68398182827228338     
 Found         3206  events.
 Wrote         3201  events.
 Actual xsec    30287312099.233120     
 Correct abs xsec    30287312099.233120     
 Event xsec    30287312099.231064     
 Events wgts > 1:            0
 % Cross section > 1:    0.0000000000000000        0.0000000000000000     
 Iteration  6   Mean: 0.3030E+11 Abs mean: 0.3030E+11   Fluctuation:  0.215E+08   0.399E+11    99.8%
  6    0.3030E+11 0.3030E+11 +- 0.2149E+08      0.18
 Relative summed weights:
  0.1000E+01  0.0000E+00
 Relative number of events:
  0.1000E+01  0.0000E+00
 Events:
       64000           0
 Found         6339  events.
 Wrote         6334  events.
 Actual xsec    30295855192.480728     
 Correct abs xsec    30295855192.480728     
 Event xsec    30295855192.480167     
 Events wgts > 1:            0
 % Cross section > 1:    0.0000000000000000        0.0000000000000000     
 Checking number of events   23237.223891184643             6334  chi2:   0.61204512124788713     
 Found         6339  events.
 Wrote         6334  events.
 Actual xsec    30295855192.480728     
 Correct abs xsec    30295855192.480728     
 Event xsec    30295855192.480167     
 Events wgts > 1:            0
 % Cross section > 1:    0.0000000000000000        0.0000000000000000     
Warning xbin not returning correct x   1  0.998549E+00  0.100000E+01  0.1890E-04
Warning xbin not returning correct x   1  0.998566E+00  0.100000E+01  0.1890E-04
Warning xbin not returning correct x   1  0.998804E+00  0.100000E+01  0.1890E-04
Warning xbin not returning correct x   1  0.998934E+00  0.100000E+01  0.1890E-04
 Iteration  7   Mean: 0.3029E+11 Abs mean: 0.3029E+11   Fluctuation:  0.125E+08   0.623E+11    99.8%
  7    0.3029E+11 0.3029E+11 +- 0.1245E+08      0.15
 Relative summed weights:
  0.1000E+01  0.0000E+00
 Relative number of events:
  0.1000E+01  0.0000E+00
 Events:
      128000           0
 Found        12861  events.
 Wrote        12856  events.
 Actual xsec    30288184110.852673     
 Correct abs xsec    30288184110.852673     
 Event xsec    30288184110.848804     
 Events wgts > 1:            0
 % Cross section > 1:    0.0000000000000000        0.0000000000000000     
 Checking number of events   23231.340094865107            12856  chi2:   0.33792692687015879     
 Found        12861  events.
 Wrote        12856  events.
 Actual xsec    30288184110.852673     
 Correct abs xsec    30288184110.852673     
 Event xsec    30288184110.848804     
 Events wgts > 1:            0
 % Cross section > 1:    0.0000000000000000        0.0000000000000000     
Warning xbin not returning correct x   1  0.998282E+00  0.100000E+01  0.1831E-04
Warning xbin not returning correct x   1  0.998271E+00  0.100000E+01  0.1831E-04
 Iteration  8   Mean: 0.3028E+11 Abs mean: 0.3028E+11   Fluctuation:  0.810E+07   0.932E+11    99.8%
  8    0.3028E+11 0.3028E+11 +- 0.8102E+07      0.14
 Relative summed weights:
  0.1000E+01  0.0000E+00
 Relative number of events:
  0.1000E+01  0.0000E+00
 Events:
      256000           0
 Found        25598  events.
 Wrote        25593  events.
 Actual xsec    30282004402.284760     
 Correct abs xsec    30282004402.284760     
 Event xsec    30282004402.290905     
 Events wgts > 1:            0
 % Cross section > 1:    0.0000000000000000        0.0000000000000000     
 Checking number of events   23226.600196596431            25593  chi2:   0.56706111835949924     

 -------------------------------------------------------------------------------
 Accumulated results:   Integral =  0.3028E+11
                        Std dev  =  0.6373E+07
                       Cross sec =  0.6105E+00
             Chi**2 per DoF.     =
-------------------------------------------------
---------------------------
 Results Last   3 iters: Integral =   0.3028E+11
                     Abs integral =   0.3028E+11
                          Std dev =   0.6476E+07
                  Chi**2 per DoF. =      0.5671
-------------------------------------------------
---------------------------
 Status -7.67009999999999984E-007           9           9
 We found enough events       25593   23226.600196596431     

ls status:
events.lhe
ftn25
ftn26
input_sg.txt
moffset.dat
results.dat
run_01_ftn26.gz
run_01_log.txt
run_01_results.dat
run_03_ftn26.gz
run_03_log.txt
run_03_results.dat
run_05_ftn26.gz
run_05_log.txt
run_05_results.dat
run1_app.log
