 Process in group number            0
 No PDF is used, alpha_s(MZ) from param_card is used
 Value of alpha_s from param_card:   0.11800000071525575     
 The default order of alpha_s running is fixed to            2
 *****************************************************
 *               MadGraph/MadEvent                   *
 *        --------------------------------           *
 *          http://madgraph.hep.uiuc.edu             *
 *          http://madgraph.phys.ucl.ac.be           *
 *          http://madgraph.roma2.infn.it            *
 *        --------------------------------           *
 *                                                   *
 *          PARAMETER AND COUPLING VALUES            *
 *                                                   *
 *****************************************************

  External Params
  ---------------------------------
  
 aEWM1 =    132.50700378417969     
 mdl_Gf =   1.16639000000000003E-005
 aS =   0.11800000071525575     
 mdl_ymb =    4.6999998092651367     
 mdl_ymt =    173.00000000000000     
 mdl_yme =   5.10999991092830896E-004
 mdl_ymm =   0.10565999895334244     
 mdl_ymtau =    1.7769999504089355     
 mdl_MZ =    91.188003540039063     
 mdl_MT =    173.00000000000000     
 mdl_MB =    4.6999998092651367     
 mdl_MH =    125.00000000000000     
 mdl_Me =   5.10999991092830896E-004
 mdl_MM =   0.10565999895334244     
 mdl_MTA =    1.7769999504089355     
 mdl_WZ =    2.4414041042327881     
 mdl_WW =    2.0476000308990479     
 mdl_WT =    1.4915000200271606     
 mdl_WH =   6.38233916833996773E-003
 mdl_WTau =   2.26999999999999982E-012
  Internal Params
  ---------------------------------
  
 mdl_conjg__CKM3x3 =    1.0000000000000000     
 mdl_CKM3x3 =    1.0000000000000000     
 mdl_conjg__CKM1x1 =    1.0000000000000000     
 mdl_complexi =  (  0.0000000000000000     ,  1.0000000000000000     )
 mdl_MZ__exp__2 =    8315.2519896181766     
 mdl_MZ__exp__4 =    69143415.650849044     
 mdl_sqrt__2 =    1.4142135623730951     
 mdl_MH__exp__2 =    15625.000000000000     
 mdl_aEW =   7.54677089845565054E-003
 mdl_MW =    80.419007276179556     
 mdl_sqrt__aEW =   8.68721526063194194E-002
 mdl_ee =   0.30795376284704501     
 mdl_MW__exp__2 =    6467.2167312862202     
 mdl_sw2 =   0.22224645274001076     
 mdl_cw =   0.88190336616887299     
 mdl_sqrt__sw2 =   0.47143022043565552     
 mdl_sw =   0.47143022043565552     
 mdl_g1 =   0.34919218438279087     
 mdl_gw =   0.65323296958447097     
 mdl_vev =    246.21845810181631     
 mdl_vev__exp__2 =    60623.529110035874     
 mdl_lam =   0.12886910601690271     
 mdl_yb =   2.69955531549349904E-002
 mdl_ye =   2.93504850670934038E-006
 mdl_ym =   6.06883028478528356E-004
 mdl_yt =   0.99366614581500645     
 mdl_ytau =   1.02066167158167895E-002
 mdl_muH =    88.388347648318444     
 mdl_I1x33 =  ( 2.69955531549349904E-002,  0.0000000000000000     )
 mdl_I2x33 =  ( 0.99366614581500645     ,  0.0000000000000000     )
 mdl_I3x33 =  ( 0.99366614581500645     ,  0.0000000000000000     )
 mdl_I4x33 =  ( 2.69955531549349904E-002,  0.0000000000000000     )
 mdl_ee__exp__2 =   9.48355200516540348E-002
 mdl_sw__exp__2 =   0.22224645274001076     
 mdl_cw__exp__2 =   0.77775354725998924     
  Internal Params evaluated point by point
  ----------------------------------------
  
 mdl_sqrt__aS =   0.34351128178744839     
 mdl_G__exp__2 =    1.4828317414825511     
  Couplings of sm-lepton_masses
  ---------------------------------
  
         GC_3 =  -0.00000E+00  -0.30795E+00
        GC_50 =  -0.00000E+00  -0.28804E+00
        GC_59 =   0.00000E+00   0.82310E-01
        GC_89 =  -0.00000E+00  -0.20754E-05

 Collider parameters:
 --------------------

 Running at e e   machine @   7.00000000000000067E-002  GeV
 PDF set = none   
 alpha_s(Mz)= 0.1180 running at 2 loops.
 alpha_s(Mz)= 0.1180 running at 2 loops.
 Renormalization scale fixed @    91.188000000000002     
 Factorization scales  fixed @    91.188000000000002        91.188000000000002     


 getting user params
Enter number of events and max and min iterations: 
 Number of events and iterations         2000           9           3
Enter desired fractional accuracy: 
 Desired fractional accuracy:  -5.51800000000000036E-006
Enter 0 for fixed, 2 for adjustable grid: 
Suppress amplitude (0 no, 1 yes)? 
 Using suppressed amplitude.
Exact helicity sum (0 yes, n = number/event)? 
 Explicitly summing over helicities
Enter Configuration Number: 
Running Configuration Number:   13
 Not subdividing B.W.
 Attempting mappinvarients           1           5
 Completed mapping           5
 about to integrate            5        2000           9           3           5           1
 Using non-zero grid deformation.
  5 dimensions   2000 events  5 invarients  9 iterations  1 config(s),  (0.99)
 Using h-tuple random number sequence.
 Error opening grid
 Using Uniform Grid!
 Using uniform alpha   1.0000000000000000     
 Grid defined OK
 Set CM energy to          0.07
 Mapping Graph          13  to config          13
Setting grid   1    0.53290E-04   1
Setting grid   2    0.18367E-04   1
 Masses: 0.511E-03 0.511E-03 0.000E+00 0.511E-03 0.511E-03
  13   1   2   3   4   5
 Got moffset          10
Using random seed offsets    13 :      1
  with seed                  150
 Ranmar initialization seeds        4179       11019
  Particle       3       4       5
      Et >     0.0     0.0     0.0
       E >     0.0     0.0     0.0
     Eta <    -1.0    -1.0    -1.0
   xqcut:      0.0     0.0     0.0
d R # 3  >    -0.0     0.0     0.0
d R # 4  >    -0.0    -0.0     0.4
s min # 3>     0.0     0.0     0.0
s min # 4>     0.0     0.0     0.0
xqcutij # 3>     0.0     0.0     0.0
xqcutij # 4>     0.0     0.0     0.0
 alpha_s for scale    91.188000000000002       is   0.11800000071525575     
 Added good helicity            1   12.561270037345727       in event            1
 Added good helicity            2  0.11159196947621357       in event            1
 Added good helicity            3  5.92359767735464379E-003  in event            1
 Added good helicity            5  1.95741650220192763E-003  in event            1
 Added good helicity            6  2.44616543200223704E-005  in event            1
 Added good helicity            7  2.49314970824700392E-006  in event            1
 Added good helicity            9  6.94115416779554605E-006  in event            1
 Added good helicity           10  3.85194915736552937E-004  in event            1
 Added good helicity           11  5.09133027975904260E-005  in event            1
 Added good helicity           13  0.38715377609027984       in event            1
 Added good helicity           14   2.7837254242635607       in event            1
 Added good helicity           15  0.14790485777691720       in event            1
 Added good helicity           16  2.71624648558284919E-006  in event            1
 Added good helicity           17  2.71624649008300098E-006  in event            1
 Added good helicity           18  0.14790485775743636       in event            1
 Added good helicity           19   2.7837254340944946       in event            1
 Added good helicity           20  0.38715377627972175       in event            1
 Added good helicity           22  5.09133028068565598E-005  in event            1
 Added good helicity           23  3.85194917046509855E-004  in event            1
 Added good helicity           24  6.94115419127906610E-006  in event            1
 Added good helicity           26  2.49314971242682564E-006  in event            1
 Added good helicity           27  2.44616543386092717E-005  in event            1
 Added good helicity           28  1.95741650222019037E-003  in event            1
 Added good helicity           30  5.92359767545289247E-003  in event            1
 Added good helicity           31  0.11159196970871849       in event            1
 Added good helicity           32   12.561270036824739       in event            1
 Added good helicity           12  8.94304889366738147E-006  in event            2
 Added good helicity           21  8.94304346430086598E-006  in event            2
 Added good helicity            4  1.07221539562584504E-006  in event            3
 Added good helicity           29  1.07221543311898807E-006  in event            3
 Iteration  1   Mean: 0.1135E+10 Abs mean: 0.1135E+10   Fluctuation:  0.517E+09   0.882E+12    73.2%
  1    0.1135E+10 0.1135E+10 +- 0.5169E+09     20.36
 Writing out events   86169.361215233963        20.358370877506246     
 Relative summed weights:
  0.1000E+01  0.0000E+00
 Relative number of events:
  0.1000E+01  0.0000E+00
 Events:
        2000           0
 Iteration  2   Mean: 0.1214E+10 Abs mean: 0.1214E+10   Fluctuation:  0.221E+09   0.612E+12    88.0%
  2    0.1214E+10 0.1214E+10 +- 0.2209E+09     11.51
 Relative summed weights:
  0.1000E+01  0.0000E+00
 Relative number of events:
  0.1000E+01  0.0000E+00
 Events:
        4000           0
 Iteration  3   Mean: 0.1493E+10 Abs mean: 0.1493E+10   Fluctuation:  0.752E+08   0.193E+12    86.6%
  3    0.1493E+10 0.1493E+10 +- 0.7518E+08      4.50
 Relative summed weights:
  0.1000E+01  0.0000E+00
 Relative number of events:
  0.1000E+01  0.0000E+00
 Events:
        8000           0
 Found          751  events.
 Wrote           91  events.
 Actual xsec    1469298461.4993925     
 Correct abs xsec    1469298461.4993925     
 Event xsec    1469298461.4993935     
 Events wgts > 1:            5
 % Cross section > 1:    15801382.196493490        1.0754371974478525     
 Checking number of events   8107.5889105536480               91  chi2:   0.92746504075735914     
 Found          751  events.
 Wrote          113  events.
 Actual xsec    1469298461.4993925     
 Correct abs xsec    1469298461.4993925     
 Event xsec    1469298461.4993942     
 Events wgts > 1:            5
 % Cross section > 1:    12751706.060771823       0.86787718049870699     
 Iteration  4   Mean: 0.1636E+10 Abs mean: 0.1636E+10   Fluctuation:  0.295E+08   0.116E+12    81.9%
  4    0.1636E+10 0.1636E+10 +- 0.2950E+08      2.28
 Relative summed weights:
  0.1000E+01  0.0000E+00
 Relative number of events:
  0.1000E+01  0.0000E+00
 Events:
       16000           0
 Found         1959  events.
 Wrote          544  events.
 Actual xsec    1616359353.4124529     
 Correct abs xsec    1616359353.4124529     
 Event xsec    1616359353.4124663     
 Events wgts > 1:           12
 % Cross section > 1:    16124119.174462046       0.99755782279607086     
 Checking number of events   8919.0709121299151              544  chi2:    3.2332292325823793     
 Found         1959  events.
 Wrote          557  events.
 Actual xsec    1616359353.4124529     
 Correct abs xsec    1616359353.4124529     
 Event xsec    1616359353.4124732     
 Events wgts > 1:           12
 % Cross section > 1:    15751460.538520347       0.97450239052755905     
 Iteration  5   Mean: 0.1666E+10 Abs mean: 0.1666E+10   Fluctuation:  0.126E+08   0.350E+11    81.1%
  5    0.1666E+10 0.1666E+10 +- 0.1262E+08      1.35
 Relative summed weights:
  0.1000E+01  0.0000E+00
 Relative number of events:
  0.1000E+01  0.0000E+00
 Events:
       32000           0
 Found         4016  events.
 Wrote         4011  events.
 Actual xsec    1657979684.1406395     
 Correct abs xsec    1657979684.1406395     
 Event xsec    1657979684.1405275     
 Events wgts > 1:          109
 % Cross section > 1:    12565584.843123214       0.75788533257191448     
 Checking number of events   9148.7318970880497             4011  chi2:    2.8646932401043763     
 Found         4016  events.
 Wrote         4011  events.
 Actual xsec    1657979684.1406395     
 Correct abs xsec    1657979684.1406395     
 Event xsec    1657979684.1405275     
 Events wgts > 1:          109
 % Cross section > 1:    12565584.843123214       0.75788533257191448     
 Iteration  6   Mean: 0.1642E+10 Abs mean: 0.1642E+10   Fluctuation:  0.687E+07   0.262E+11    80.2%
  6    0.1642E+10 0.1642E+10 +- 0.6867E+07      1.06
 Relative summed weights:
  0.1000E+01  0.0000E+00
 Relative number of events:
  0.1000E+01  0.0000E+00
 Events:
       64000           0
 Found         7866  events.
 Wrote         7861  events.
 Actual xsec    1646754774.3469417     
 Correct abs xsec    1646754774.3469417     
 Event xsec    1646754774.3471646     
 Events wgts > 1:            6
 % Cross section > 1:    376436.73105741950       2.28593071003333273E-002
 Checking number of events   9086.7928448464245             7861  chi2:    1.4602680198853331     
 Found         7866  events.
 Wrote         7861  events.
 Actual xsec    1646754774.3469417     
 Correct abs xsec    1646754774.3469417     
 Event xsec    1646754774.3471646     
 Events wgts > 1:            6
 % Cross section > 1:    376436.73105741950       2.28593071003333273E-002
 Iteration  7   Mean: 0.1653E+10 Abs mean: 0.1653E+10   Fluctuation:  0.443E+07   0.331E+11    79.0%
  7    0.1653E+10 0.1653E+10 +- 0.4431E+07      0.96
 Relative summed weights:
  0.1000E+01  0.0000E+00
 Relative number of events:
  0.1000E+01  0.0000E+00
 Events:
      128000           0
 Found        16367  events.
 Wrote        16362  events.
 Actual xsec    1651012567.5575893     
 Correct abs xsec    1651012567.5575893     
 Event xsec    1651012567.5572686     
 Events wgts > 1:           23
 % Cross section > 1:    959435.30374013376       5.81119321919912543E-002
 Checking number of events   9110.2873477827779            16362  chi2:    1.7143077240772666     

 -------------------------------------------------------------------------------
 Accumulated results:   Integral =  0.1650E+10
                        Std dev  =  0.3541E+07
                       Cross sec =  0.1644E+01
             Chi**2 per DoF.     =
-------------------------------------------------
---------------------------
 Results Last   3 iters: Integral =   0.1651E+10
                     Abs integral =   0.1651E+10
                          Std dev =   0.3571E+07
                  Chi**2 per DoF. =      1.7143
-------------------------------------------------
---------------------------
 Status -5.51800000000000036E-006           8           9
 We found enough events       16362   9110.2873477827779     

ls status:
events.lhe
ftn25
ftn26
input_sg.txt
moffset.dat
results.dat
run_07_ftn26.gz
run_07_log.txt
run_07_results.dat
run1_app.log
