 Process in group number            0
 No PDF is used, alpha_s(MZ) from param_card is used
 Value of alpha_s from param_card:   0.11800000071525575     
 The default order of alpha_s running is fixed to            2
 *****************************************************
 *               MadGraph/MadEvent                   *
 *        --------------------------------           *
 *          http://madgraph.hep.uiuc.edu             *
 *          http://madgraph.phys.ucl.ac.be           *
 *          http://madgraph.roma2.infn.it            *
 *        --------------------------------           *
 *                                                   *
 *          PARAMETER AND COUPLING VALUES            *
 *                                                   *
 *****************************************************

  External Params
  ---------------------------------
  
 aEWM1 =    132.50700378417969     
 mdl_Gf =   1.16639000000000003E-005
 aS =   0.11800000071525575     
 mdl_ymb =    4.6999998092651367     
 mdl_ymt =    173.00000000000000     
 mdl_yme =   5.10999991092830896E-004
 mdl_ymm =   0.10565999895334244     
 mdl_ymtau =    1.7769999504089355     
 mdl_MZ =    91.188003540039063     
 mdl_MT =    173.00000000000000     
 mdl_MB =    4.6999998092651367     
 mdl_MH =    125.00000000000000     
 mdl_Me =   5.10999991092830896E-004
 mdl_MM =   0.10565999895334244     
 mdl_MTA =    1.7769999504089355     
 mdl_WZ =    2.4414041042327881     
 mdl_WW =    2.0476000308990479     
 mdl_WT =    1.4915000200271606     
 mdl_WH =   6.38233916833996773E-003
 mdl_WTau =   2.26999999999999982E-012
  Internal Params
  ---------------------------------
  
 mdl_conjg__CKM3x3 =    1.0000000000000000     
 mdl_CKM3x3 =    1.0000000000000000     
 mdl_conjg__CKM1x1 =    1.0000000000000000     
 mdl_complexi =  (  0.0000000000000000     ,  1.0000000000000000     )
 mdl_MZ__exp__2 =    8315.2519896181766     
 mdl_MZ__exp__4 =    69143415.650849044     
 mdl_sqrt__2 =    1.4142135623730951     
 mdl_MH__exp__2 =    15625.000000000000     
 mdl_aEW =   7.54677089845565054E-003
 mdl_MW =    80.419007276179556     
 mdl_sqrt__aEW =   8.68721526063194194E-002
 mdl_ee =   0.30795376284704501     
 mdl_MW__exp__2 =    6467.2167312862202     
 mdl_sw2 =   0.22224645274001076     
 mdl_cw =   0.88190336616887299     
 mdl_sqrt__sw2 =   0.47143022043565552     
 mdl_sw =   0.47143022043565552     
 mdl_g1 =   0.34919218438279087     
 mdl_gw =   0.65323296958447097     
 mdl_vev =    246.21845810181631     
 mdl_vev__exp__2 =    60623.529110035874     
 mdl_lam =   0.12886910601690271     
 mdl_yb =   2.69955531549349904E-002
 mdl_ye =   2.93504850670934038E-006
 mdl_ym =   6.06883028478528356E-004
 mdl_yt =   0.99366614581500645     
 mdl_ytau =   1.02066167158167895E-002
 mdl_muH =    88.388347648318444     
 mdl_I1x33 =  ( 2.69955531549349904E-002,  0.0000000000000000     )
 mdl_I2x33 =  ( 0.99366614581500645     ,  0.0000000000000000     )
 mdl_I3x33 =  ( 0.99366614581500645     ,  0.0000000000000000     )
 mdl_I4x33 =  ( 2.69955531549349904E-002,  0.0000000000000000     )
 mdl_ee__exp__2 =   9.48355200516540348E-002
 mdl_sw__exp__2 =   0.22224645274001076     
 mdl_cw__exp__2 =   0.77775354725998924     
  Internal Params evaluated point by point
  ----------------------------------------
  
 mdl_sqrt__aS =   0.34351128178744839     
 mdl_G__exp__2 =    1.4828317414825511     
  Couplings of sm-lepton_masses
  ---------------------------------
  
         GC_3 =  -0.00000E+00  -0.30795E+00

 Collider parameters:
 --------------------

 Running at e e   machine @   7.00000000000000067E-002  GeV
 PDF set = none   
 alpha_s(Mz)= 0.1180 running at 2 loops.
 alpha_s(Mz)= 0.1180 running at 2 loops.
 Renormalization scale fixed @    91.188000000000002     
 Factorization scales  fixed @    91.188000000000002        91.188000000000002     


 getting user params
Enter number of events and max and min iterations: 
 Number of events and iterations         2000           9           3
Enter desired fractional accuracy: 
 Desired fractional accuracy:  -1.20039999999999996E-004
Enter 0 for fixed, 2 for adjustable grid: 
Suppress amplitude (0 no, 1 yes)? 
 Using suppressed amplitude.
Exact helicity sum (0 yes, n = number/event)? 
 Explicitly summing over helicities
Enter Configuration Number: 
Running Configuration Number:    1
 Not subdividing B.W.
 Attempting mappinvarients           1           5
 Completed mapping           5
 about to integrate            5        2000           9           3           5           1
 Using non-zero grid deformation.
  5 dimensions   2000 events  5 invarients  9 iterations  1 config(s),  (0.99)
 Using h-tuple random number sequence.
 Error opening grid
 Using Uniform Grid!
 Using uniform alpha   1.0000000000000000     
 Grid defined OK
 Set CM energy to          0.07
 Mapping Graph           1  to config           1
Setting grid   1    0.18367E-04   1
Setting grid   2    0.18367E-04   1
 Masses: 0.511E-03 0.511E-03 0.000E+00 0.000E+00 0.000E+00
   1   1   2   3   4   5
 Got moffset          16
Using random seed offsets     1 :      1
  with seed                  192
 Ranmar initialization seeds       25284       30004
  Particle       3       4       5
      Et >     0.0     0.0     0.0
       E >     0.0     0.0     0.0
     Eta <    -1.0    -1.0    -1.0
   xqcut:      0.0     0.0     0.0
d R # 3  >    -0.0     0.0     0.0
d R # 4  >    -0.0    -0.0     0.0
s min # 3>     0.0     0.0     0.0
s min # 4>     0.0     0.0     0.0
xqcutij # 3>     0.0     0.0     0.0
xqcutij # 4>     0.0     0.0     0.0
 alpha_s for scale    91.188000000000002       is   0.11800000071525575     
 Added good helicity            1  4.22700473359819140E-002  in event            1
 Added good helicity            2  9.31018717736498093E-004  in event            1
 Added good helicity            3  0.44261221882306262       in event            1
 Added good helicity            4  2.17766335407285023E-004  in event            1
 Added good helicity            5  0.34502698127977760       in event            1
 Added good helicity            6  2.37310841568728106E-004  in event            1
 Added good helicity           10  0.29844949654667946       in event            1
 Added good helicity           11  0.19261172955948255       in event            1
 Added good helicity           12   8.1235278288344457       in event            1
 Added good helicity           13  0.12868321728083446       in event            1
 Added good helicity           14   6.4254321787005182       in event            1
 Added good helicity           19   6.4254321787005182       in event            1
 Added good helicity           20  0.12868321728083446       in event            1
 Added good helicity           21   8.1235278288344457       in event            1
 Added good helicity           22  0.19261172955948255       in event            1
 Added good helicity           23  0.29844949654668002       in event            1
 Added good helicity           27  2.37310841568728106E-004  in event            1
 Added good helicity           28  0.34502698127977760       in event            1
 Added good helicity           29  2.17766335407284969E-004  in event            1
 Added good helicity           30  0.44261221882306273       in event            1
 Added good helicity           31  9.31018717736498093E-004  in event            1
 Added good helicity           32  4.22700473359819140E-002  in event            1
 Added good helicity            7  8.98028831564923516E-004  in event            2
 Added good helicity           15   8.0120549283158393       in event            2
 Added good helicity           18   8.0120549283158393       in event            2
 Added good helicity           26  8.98028831564923516E-004  in event            2
 Iteration  1   Mean: 0.5476E+08 Abs mean: 0.5476E+08   Fluctuation:  0.242E+08   0.483E+11    99.0%
  1    0.5476E+08 0.5476E+08 +- 0.2419E+08     19.76
 Writing out events   3072.8801060622500        19.756501566553847     
 Relative summed weights:
  0.7359E-01  0.0000E+00
  0.9189E-01  0.0000E+00
  0.1075E+00  0.0000E+00
  0.5345E+00  0.0000E+00
  0.9017E-01  0.0000E+00
  0.1024E+00  0.0000E+00
 Relative number of events:
  0.1730E+00  0.0000E+00
  0.1590E+00  0.0000E+00
  0.1805E+00  0.0000E+00
  0.1665E+00  0.0000E+00
  0.1580E+00  0.0000E+00
  0.1630E+00  0.0000E+00
 Events:
         346           0
         318           0
         361           0
         333           0
         316           0
         326           0
 Iteration  2   Mean: 0.6615E+08 Abs mean: 0.6615E+08   Fluctuation:  0.218E+08   0.852E+11    97.8%
  2    0.6615E+08 0.6615E+08 +- 0.2183E+08     20.87
 Relative summed weights:
  0.4757E+00  0.0000E+00
  0.1025E+00  0.0000E+00
  0.1004E+00  0.0000E+00
  0.9612E-01  0.0000E+00
  0.1469E+00  0.0000E+00
  0.7830E-01  0.0000E+00
 Relative number of events:
  0.1613E+00  0.0000E+00
  0.1735E+00  0.0000E+00
  0.1675E+00  0.0000E+00
  0.1648E+00  0.0000E+00
  0.1715E+00  0.0000E+00
  0.1615E+00  0.0000E+00
 Events:
         645           0
         694           0
         670           0
         659           0
         686           0
         646           0
 Iteration  3   Mean: 0.4289E+08 Abs mean: 0.4289E+08   Fluctuation:  0.184E+07   0.120E+11    96.2%
  3    0.4289E+08 0.4289E+08 +- 0.1836E+07      3.83
 Relative summed weights:
  0.1664E+00  0.0000E+00
  0.1662E+00  0.0000E+00
  0.1597E+00  0.0000E+00
  0.1983E+00  0.0000E+00
  0.1675E+00  0.0000E+00
  0.1419E+00  0.0000E+00
 Relative number of events:
  0.1646E+00  0.0000E+00
  0.1671E+00  0.0000E+00
  0.1684E+00  0.0000E+00
  0.1631E+00  0.0000E+00
  0.1718E+00  0.0000E+00
  0.1650E+00  0.0000E+00
 Events:
        1317           0
        1337           0
        1347           0
        1305           0
        1374           0
        1320           0
 Found          511  events.
 Wrote           17  events.
 Actual xsec    43377549.060538024     
 Correct abs xsec    43377549.060538024     
 Event xsec    43377549.060538016     
 Events wgts > 1:            1
 % Cross section > 1:   0.35799265699461102       8.25294800531477541E-007
 Checking number of events   5207.0409892269845               17  chi2:   0.69045137396887624     
 Found          511  events.
 Wrote           38  events.
 Actual xsec    43377549.060538024     
 Correct abs xsec    43377549.060538024     
 Event xsec    43377549.060538009     
 Events wgts > 1:            1
 % Cross section > 1:   0.16015461040660739       3.69210833426975081E-007
 Iteration  4   Mean: 0.4081E+08 Abs mean: 0.4081E+08   Fluctuation:  0.690E+06   0.394E+10    97.2%
  4    0.4081E+08 0.4081E+08 +- 0.6902E+06      2.14
 Relative summed weights:
  0.1708E+00  0.0000E+00
  0.1654E+00  0.0000E+00
  0.1622E+00  0.0000E+00
  0.1755E+00  0.0000E+00
  0.1631E+00  0.0000E+00
  0.1629E+00  0.0000E+00
 Relative number of events:
  0.1700E+00  0.0000E+00
  0.1617E+00  0.0000E+00
  0.1603E+00  0.0000E+00
  0.1690E+00  0.0000E+00
  0.1683E+00  0.0000E+00
  0.1708E+00  0.0000E+00
 Events:
        2720           0
        2587           0
        2564           0
        2704           0
        2693           0
        2732           0
 Found         1471  events.
 Wrote          321  events.
 Actual xsec    41143262.285625212     
 Correct abs xsec    41143262.285625212     
 Event xsec    41143262.285624921     
 Events wgts > 1:            6
 % Cross section > 1:    324708.17049555277       0.78921347617347992     
 Checking number of events   4938.8372047664507              321  chi2:    1.2276497434848814     
 Found         1471  events.
 Wrote          304  events.
 Actual xsec    41143262.285625212     
 Correct abs xsec    41143262.285625212     
 Event xsec    41143262.285625033     
 Events wgts > 1:            6
 % Cross section > 1:    342714.94058105850       0.83297950026874523     
 Iteration  5   Mean: 0.4127E+08 Abs mean: 0.4127E+08   Fluctuation:  0.459E+06   0.555E+10    97.2%
  5    0.4127E+08 0.4127E+08 +- 0.4586E+06      1.99
 Relative summed weights:
  0.1646E+00  0.0000E+00
  0.1568E+00  0.0000E+00
  0.1693E+00  0.0000E+00
  0.1677E+00  0.0000E+00
  0.1627E+00  0.0000E+00
  0.1789E+00  0.0000E+00
 Relative number of events:
  0.1653E+00  0.0000E+00
  0.1653E+00  0.0000E+00
  0.1688E+00  0.0000E+00
  0.1631E+00  0.0000E+00
  0.1656E+00  0.0000E+00
  0.1719E+00  0.0000E+00
 Events:
        5290           0
        5289           0
        5401           0
        5220           0
        5300           0
        5500           0
 Found         3163  events.
 Wrote          761  events.
 Actual xsec    41207431.274247989     
 Correct abs xsec    41207431.274247989     
 Event xsec    41207431.274248123     
 Events wgts > 1:           14
 % Cross section > 1:    334729.31628685870       0.81230328107358163     
 Checking number of events   4946.5400501607282              761  chi2:   0.59747939949714834     
 Found         3163  events.
 Wrote          751  events.
 Actual xsec    41207431.274247989     
 Correct abs xsec    41207431.274247989     
 Event xsec    41207431.274247997     
 Events wgts > 1:           14
 % Cross section > 1:    339149.74760189623       0.82303054840946399     
 Iteration  6   Mean: 0.4120E+08 Abs mean: 0.4120E+08   Fluctuation:  0.269E+06   0.328E+10    96.9%
  6    0.4120E+08 0.4120E+08 +- 0.2689E+06      1.65
 Relative summed weights:
  0.1659E+00  0.0000E+00
  0.1695E+00  0.0000E+00
  0.1650E+00  0.0000E+00
  0.1686E+00  0.0000E+00
  0.1655E+00  0.0000E+00
  0.1655E+00  0.0000E+00
 Relative number of events:
  0.1671E+00  0.0000E+00
  0.1672E+00  0.0000E+00
  0.1652E+00  0.0000E+00
  0.1662E+00  0.0000E+00
  0.1673E+00  0.0000E+00
  0.1670E+00  0.0000E+00
 Events:
       10694           0
       10702           0
       10574           0
       10636           0
       10708           0
       10686           0
 Found         6278  events.
 Wrote         2334  events.
 Actual xsec    41176513.364168316     
 Correct abs xsec    41176513.364168316     
 Event xsec    41176513.364169784     
 Events wgts > 1:           45
 % Cross section > 1:    412402.47723349027        1.0015478328292531     
 Checking number of events   4942.8286642347648             2334  chi2:   0.16851525984839646     
 Found         6278  events.
 Wrote         2399  events.
 Actual xsec    41176513.364168316     
 Correct abs xsec    41176513.364168316     
 Event xsec    41176513.364168905     
 Events wgts > 1:           45
 % Cross section > 1:    401337.49688125134       0.97467576560401148     
 Iteration  7   Mean: 0.4128E+08 Abs mean: 0.4128E+08   Fluctuation:  0.178E+06   0.412E+10    96.8%
  7    0.4128E+08 0.4128E+08 +- 0.1782E+06      1.54
 Relative summed weights:
  0.1644E+00  0.0000E+00
  0.1685E+00  0.0000E+00
  0.1667E+00  0.0000E+00
  0.1677E+00  0.0000E+00
  0.1673E+00  0.0000E+00
  0.1654E+00  0.0000E+00
 Relative number of events:
  0.1661E+00  0.0000E+00
  0.1668E+00  0.0000E+00
  0.1680E+00  0.0000E+00
  0.1661E+00  0.0000E+00
  0.1673E+00  0.0000E+00
  0.1657E+00  0.0000E+00
 Events:
       21262           0
       21344           0
       21504           0
       21267           0
       21418           0
       21205           0
 Found        12784  events.
 Wrote         5760  events.
 Actual xsec    41254444.802637145     
 Correct abs xsec    41254444.802637145     
 Event xsec    41254444.802641362     
 Events wgts > 1:          119
 % Cross section > 1:    407372.64849576505       0.98746365499429190     
 Checking number of events   4952.1835541085629             5760  chi2:   2.80554415056103387E-002

 -------------------------------------------------------------------------------
 Accumulated results:   Integral =  0.4125E+08
                        Std dev  =  0.1380E+06
                       Cross sec =  0.8699E+00
             Chi**2 per DoF.     =
-------------------------------------------------
---------------------------
 Results Last   3 iters: Integral =   0.4125E+08
                     Abs integral =   0.4125E+08
                          Std dev =   0.1413E+06
                  Chi**2 per DoF. =      0.0281
-------------------------------------------------
---------------------------
 Status -1.20039999999999996E-004           8           9
 We found enough events        5760   4952.1835541085629     

ls status:
events.lhe
ftn25
ftn26
input_sg.txt
moffset.dat
results.dat
run_01_ftn26.gz
run_01_log.txt
run_01_results.dat
run_02_ftn26.gz
run_02_log.txt
run_02_results.dat
run_03_ftn26.gz
run_03_log.txt
run_03_results.dat
run_04_ftn26.gz
run_04_log.txt
run_04_results.dat
run_05_ftn26.gz
run_05_log.txt
run_05_results.dat
run_08_ftn26.gz
run_08_log.txt
run_08_results.dat
run1_app.log
