 Process in group number            0
 No PDF is used, alpha_s(MZ) from param_card is used
 Value of alpha_s from param_card:   0.11800000071525575     
 The default order of alpha_s running is fixed to            2
 *****************************************************
 *               MadGraph/MadEvent                   *
 *        --------------------------------           *
 *          http://madgraph.hep.uiuc.edu             *
 *          http://madgraph.phys.ucl.ac.be           *
 *          http://madgraph.roma2.infn.it            *
 *        --------------------------------           *
 *                                                   *
 *          PARAMETER AND COUPLING VALUES            *
 *                                                   *
 *****************************************************

  External Params
  ---------------------------------
  
 aEWM1 =    132.50700378417969     
 mdl_Gf =   1.16639000000000003E-005
 aS =   0.11800000071525575     
 mdl_ymb =    4.6999998092651367     
 mdl_ymt =    173.00000000000000     
 mdl_yme =   5.10999991092830896E-004
 mdl_ymm =   0.10565999895334244     
 mdl_ymtau =    1.7769999504089355     
 mdl_MZ =    91.188003540039063     
 mdl_MT =    173.00000000000000     
 mdl_MB =    4.6999998092651367     
 mdl_MH =    125.00000000000000     
 mdl_Me =   5.10999991092830896E-004
 mdl_MM =   0.10565999895334244     
 mdl_MTA =    1.7769999504089355     
 mdl_WZ =    2.4414041042327881     
 mdl_WW =    2.0476000308990479     
 mdl_WT =    1.4915000200271606     
 mdl_WH =   6.38233916833996773E-003
 mdl_WTau =   2.26999999999999982E-012
  Internal Params
  ---------------------------------
  
 mdl_conjg__CKM3x3 =    1.0000000000000000     
 mdl_CKM3x3 =    1.0000000000000000     
 mdl_conjg__CKM1x1 =    1.0000000000000000     
 mdl_complexi =  (  0.0000000000000000     ,  1.0000000000000000     )
 mdl_MZ__exp__2 =    8315.2519896181766     
 mdl_MZ__exp__4 =    69143415.650849044     
 mdl_sqrt__2 =    1.4142135623730951     
 mdl_MH__exp__2 =    15625.000000000000     
 mdl_aEW =   7.54677089845565054E-003
 mdl_MW =    80.419007276179556     
 mdl_sqrt__aEW =   8.68721526063194194E-002
 mdl_ee =   0.30795376284704501     
 mdl_MW__exp__2 =    6467.2167312862202     
 mdl_sw2 =   0.22224645274001076     
 mdl_cw =   0.88190336616887299     
 mdl_sqrt__sw2 =   0.47143022043565552     
 mdl_sw =   0.47143022043565552     
 mdl_g1 =   0.34919218438279087     
 mdl_gw =   0.65323296958447097     
 mdl_vev =    246.21845810181631     
 mdl_vev__exp__2 =    60623.529110035874     
 mdl_lam =   0.12886910601690271     
 mdl_yb =   2.69955531549349904E-002
 mdl_ye =   2.93504850670934038E-006
 mdl_ym =   6.06883028478528356E-004
 mdl_yt =   0.99366614581500645     
 mdl_ytau =   1.02066167158167895E-002
 mdl_muH =    88.388347648318444     
 mdl_I1x33 =  ( 2.69955531549349904E-002,  0.0000000000000000     )
 mdl_I2x33 =  ( 0.99366614581500645     ,  0.0000000000000000     )
 mdl_I3x33 =  ( 0.99366614581500645     ,  0.0000000000000000     )
 mdl_I4x33 =  ( 2.69955531549349904E-002,  0.0000000000000000     )
 mdl_ee__exp__2 =   9.48355200516540348E-002
 mdl_sw__exp__2 =   0.22224645274001076     
 mdl_cw__exp__2 =   0.77775354725998924     
  Internal Params evaluated point by point
  ----------------------------------------
  
 mdl_sqrt__aS =   0.34351128178744839     
 mdl_G__exp__2 =    1.4828317414825511     
  Couplings of sm-lepton_masses
  ---------------------------------
  
         GC_3 =  -0.00000E+00  -0.30795E+00
        GC_50 =  -0.00000E+00  -0.28804E+00
        GC_59 =   0.00000E+00   0.82310E-01
        GC_89 =  -0.00000E+00  -0.20754E-05

 Collider parameters:
 --------------------

 Running at e e   machine @   7.00000000000000067E-002  GeV
 PDF set = none   
 alpha_s(Mz)= 0.1180 running at 2 loops.
 alpha_s(Mz)= 0.1180 running at 2 loops.
 Renormalization scale fixed @    91.188000000000002     
 Factorization scales  fixed @    91.188000000000002        91.188000000000002     


 getting user params
Enter number of events and max and min iterations: 
 Number of events and iterations         2000           9           3
Enter desired fractional accuracy: 
 Desired fractional accuracy:  -1.43470000000000007E-004
Enter 0 for fixed, 2 for adjustable grid: 
Suppress amplitude (0 no, 1 yes)? 
 Using suppressed amplitude.
Exact helicity sum (0 yes, n = number/event)? 
 Explicitly summing over helicities
Enter Configuration Number: 
Running Configuration Number:    1
 Not subdividing B.W.
 Attempting mappinvarients           1           5
 Completed mapping           5
 about to integrate            5        2000           9           3           5           1
 Using non-zero grid deformation.
  5 dimensions   2000 events  5 invarients  9 iterations  1 config(s),  (0.99)
 Using h-tuple random number sequence.
 Error opening grid
 Using Uniform Grid!
 Using uniform alpha   1.0000000000000000     
 Grid defined OK
 Set CM energy to          0.07
 Mapping Graph           1  to config           1
Setting grid   1    0.53290E-04   1
Setting grid   2    0.21316E-03   1
 Masses: 0.511E-03 0.511E-03 0.000E+00 0.511E-03 0.511E-03
   1   1   2   3   4   5
 Got moffset           1
Using random seed offsets     1 :      1
  with seed                  150
 Ranmar initialization seeds        4167       12687
  Particle       3       4       5
      Et >     0.0     0.0     0.0
       E >     0.0     0.0     0.0
     Eta <    -1.0    -1.0    -1.0
   xqcut:      0.0     0.0     0.0
d R # 3  >    -0.0     0.0     0.0
d R # 4  >    -0.0    -0.0     0.4
s min # 3>     0.0     0.0     0.0
s min # 4>     0.0     0.0     0.0
xqcutij # 3>     0.0     0.0     0.0
xqcutij # 4>     0.0     0.0     0.0
 alpha_s for scale    91.188000000000002       is   0.11800000071525575     
 Added good helicity            1   1.8253124101743750       in event            1
 Added good helicity            2   6.8743097846547219       in event            1
 Added good helicity            3  3.88413405123438224E-006  in event            1
 Added good helicity            4  1.52682753016989048E-005  in event            1
 Added good helicity            5  0.24630720887104998       in event            1
 Added good helicity            6  4.09383328538732108E-006  in event            1
 Added good helicity            9  3.79600217898248560E-006  in event            1
 Added good helicity           10  3.96883762881824879E-005  in event            1
 Added good helicity           11   1.4173147534736725       in event            1
 Added good helicity           12   5.4527769997344802       in event            1
 Added good helicity           13  5.77848130906846196E-005  in event            1
 Added good helicity           14  2.52418130059810877E-005  in event            1
 Added good helicity           15  0.18382459887233027       in event            1
 Added good helicity           16  3.97616288550297587E-006  in event            1
 Added good helicity           17  3.97616096598342887E-006  in event            1
 Added good helicity           18  0.18382459842240725       in event            1
 Added good helicity           19  2.52419743783055704E-005  in event            1
 Added good helicity           20  5.77852124003274117E-005  in event            1
 Added good helicity           21   5.4527770005406717       in event            1
 Added good helicity           22   1.4173147518134366       in event            1
 Added good helicity           23  3.96884638146207064E-005  in event            1
 Added good helicity           24  3.79600004573445868E-006  in event            1
 Added good helicity           27  4.09383133896830144E-006  in event            1
 Added good helicity           28  0.24630720786549018       in event            1
 Added good helicity           29  1.52682814520420417E-005  in event            1
 Added good helicity           30  3.88413595185164618E-006  in event            1
 Added good helicity           31   6.8743097855205448       in event            1
 Added good helicity           32   1.8253124120631836       in event            1
 Added good helicity            7  3.49529398152223932E-006  in event            2
 Added good helicity           26  3.49530045277155529E-006  in event            2
 Iteration  1   Mean: 0.2256E+07 Abs mean: 0.2256E+07   Fluctuation:  0.282E+06   0.339E+09    98.3%
  1    0.2256E+07 0.2256E+07 +- 0.2820E+06      5.59
 Writing out events   127.49864476327053        5.5910036609703075     
 Relative summed weights:
  0.5016E+00  0.0000E+00
  0.4984E+00  0.0000E+00
 Relative number of events:
  0.4970E+00  0.0000E+00
  0.5030E+00  0.0000E+00
 Events:
         994           0
        1006           0
 Iteration  2   Mean: 0.2934E+07 Abs mean: 0.2934E+07   Fluctuation:  0.221E+06   0.447E+09    98.2%
  2    0.2934E+07 0.2934E+07 +- 0.2211E+06      4.77
 Relative summed weights:
  0.4906E+00  0.0000E+00
  0.5094E+00  0.0000E+00
 Relative number of events:
  0.4930E+00  0.0000E+00
  0.5070E+00  0.0000E+00
 Events:
        1972           0
        2028           0
 Iteration  3   Mean: 0.2604E+07 Abs mean: 0.2604E+07   Fluctuation:  0.874E+05   0.271E+09    98.1%
  3    0.2604E+07 0.2604E+07 +- 0.8739E+05      3.00
 Relative summed weights:
  0.4947E+00  0.0000E+00
  0.5053E+00  0.0000E+00
 Relative number of events:
  0.4975E+00  0.0000E+00
  0.5025E+00  0.0000E+00
 Events:
        3980           0
        4020           0
 Found          659  events.
 Wrote          119  events.
 Actual xsec    2635640.8126713759     
 Correct abs xsec    2635640.8126713759     
 Event xsec    2635640.8126713764     
 Events wgts > 1:            4
 % Cross section > 1:    18975.657980379649       0.71996373288614801     
 Checking number of events   378.13538739396233              119  chi2:    1.8876473643864382     
 Found          659  events.
 Wrote          153  events.
 Actual xsec    2635640.8126713759     
 Correct abs xsec    2635640.8126713759     
 Event xsec    2635640.8126713685     
 Events wgts > 1:            4
 % Cross section > 1:    14782.495897913133       0.56086913766258817     
 Iteration  4   Mean: 0.2555E+07 Abs mean: 0.2555E+07   Fluctuation:  0.501E+05   0.194E+09    97.3%
  4    0.2555E+07 0.2555E+07 +- 0.5009E+05      2.48
 Relative summed weights:
  0.5077E+00  0.0000E+00
  0.4923E+00  0.0000E+00
 Relative number of events:
  0.5019E+00  0.0000E+00
  0.4981E+00  0.0000E+00
 Events:
        8030           0
        7970           0
 Found         1426  events.
 Wrote          483  events.
 Actual xsec    2585151.2659427328     
 Correct abs xsec    2585151.2659427328     
 Event xsec    2585151.2659427375     
 Events wgts > 1:           13
 % Cross section > 1:    25013.857627684705       0.96759744612324661     
 Checking number of events   370.89165212480390              483  chi2:    1.4489917188564250     

 -------------------------------------------------------------------------------
 Accumulated results:   Integral =  0.2579E+07
                        Std dev  =  0.4224E+05
                       Cross sec =  0.1551E+01
             Chi**2 per DoF.     =
-------------------------------------------------
---------------------------
 Results Last   3 iters: Integral =   0.2585E+07
                     Abs integral =   0.2585E+07
                          Std dev =   0.4270E+05
                  Chi**2 per DoF. =      1.4490
-------------------------------------------------
---------------------------
 Status -1.43470000000000007E-004           5           9
 We found enough events         483   370.89165212480390     

ls status:
events.lhe
ftn25
ftn26
input_app.txt
input_sg.txt
log.txt
moffset.dat
multijob.dat
results.dat
run_01_log.txt
run_01_results.dat
run_02_ftn26.gz
run_02_log.txt
run_02_results.dat
run_03_log.txt
run_03_results.dat
run_04_log.txt
run_04_results.dat
run_05_log.txt
run_05_results.dat
run_06_log.txt
run_06_results.dat
run_07_log.txt
run_07_results.dat
run1_app.log
