 Process in group number            0
 No PDF is used, alpha_s(MZ) from param_card is used
 Value of alpha_s from param_card:   0.11800000071525575     
 The default order of alpha_s running is fixed to            2
 *****************************************************
 *               MadGraph/MadEvent                   *
 *        --------------------------------           *
 *          http://madgraph.hep.uiuc.edu             *
 *          http://madgraph.phys.ucl.ac.be           *
 *          http://madgraph.roma2.infn.it            *
 *        --------------------------------           *
 *                                                   *
 *          PARAMETER AND COUPLING VALUES            *
 *                                                   *
 *****************************************************

  External Params
  ---------------------------------
  
 aEWM1 =    132.50700378417969     
 mdl_Gf =   1.16639000000000003E-005
 aS =   0.11800000071525575     
 mdl_ymb =    4.6999998092651367     
 mdl_ymt =    173.00000000000000     
 mdl_yme =   5.10999991092830896E-004
 mdl_ymm =   0.10565999895334244     
 mdl_ymtau =    1.7769999504089355     
 mdl_MZ =    91.188003540039063     
 mdl_MT =    173.00000000000000     
 mdl_MB =    4.6999998092651367     
 mdl_MH =    125.00000000000000     
 mdl_Me =   5.10999991092830896E-004
 mdl_MM =   0.10565999895334244     
 mdl_MTA =    1.7769999504089355     
 mdl_WZ =    2.4414041042327881     
 mdl_WW =    2.0476000308990479     
 mdl_WT =    1.4915000200271606     
 mdl_WH =   6.38233916833996773E-003
 mdl_WTau =   2.26999999999999982E-012
  Internal Params
  ---------------------------------
  
 mdl_conjg__CKM3x3 =    1.0000000000000000     
 mdl_CKM3x3 =    1.0000000000000000     
 mdl_conjg__CKM1x1 =    1.0000000000000000     
 mdl_complexi =  (  0.0000000000000000     ,  1.0000000000000000     )
 mdl_MZ__exp__2 =    8315.2519896181766     
 mdl_MZ__exp__4 =    69143415.650849044     
 mdl_sqrt__2 =    1.4142135623730951     
 mdl_MH__exp__2 =    15625.000000000000     
 mdl_aEW =   7.54677089845565054E-003
 mdl_MW =    80.419007276179556     
 mdl_sqrt__aEW =   8.68721526063194194E-002
 mdl_ee =   0.30795376284704501     
 mdl_MW__exp__2 =    6467.2167312862202     
 mdl_sw2 =   0.22224645274001076     
 mdl_cw =   0.88190336616887299     
 mdl_sqrt__sw2 =   0.47143022043565552     
 mdl_sw =   0.47143022043565552     
 mdl_g1 =   0.34919218438279087     
 mdl_gw =   0.65323296958447097     
 mdl_vev =    246.21845810181631     
 mdl_vev__exp__2 =    60623.529110035874     
 mdl_lam =   0.12886910601690271     
 mdl_yb =   2.69955531549349904E-002
 mdl_ye =   2.93504850670934038E-006
 mdl_ym =   6.06883028478528356E-004
 mdl_yt =   0.99366614581500645     
 mdl_ytau =   1.02066167158167895E-002
 mdl_muH =    88.388347648318444     
 mdl_I1x33 =  ( 2.69955531549349904E-002,  0.0000000000000000     )
 mdl_I2x33 =  ( 0.99366614581500645     ,  0.0000000000000000     )
 mdl_I3x33 =  ( 0.99366614581500645     ,  0.0000000000000000     )
 mdl_I4x33 =  ( 2.69955531549349904E-002,  0.0000000000000000     )
 mdl_ee__exp__2 =   9.48355200516540348E-002
 mdl_sw__exp__2 =   0.22224645274001076     
 mdl_cw__exp__2 =   0.77775354725998924     
  Internal Params evaluated point by point
  ----------------------------------------
  
 mdl_sqrt__aS =   0.34351128178744839     
 mdl_G__exp__2 =    1.4828317414825511     
  Couplings of sm-lepton_masses
  ---------------------------------
  
         GC_3 =  -0.00000E+00  -0.30795E+00

 Collider parameters:
 --------------------

 Running at e e   machine @   7.00000000000000067E-002  GeV
 PDF set = none   
 alpha_s(Mz)= 0.1180 running at 2 loops.
 alpha_s(Mz)= 0.1180 running at 2 loops.
 Renormalization scale fixed @    91.188000000000002     
 Factorization scales  fixed @    91.188000000000002        91.188000000000002     


 getting user params
Enter number of events and max and min iterations: 
 Number of events and iterations         2000           9           3
Enter desired fractional accuracy: 
 Desired fractional accuracy:  -3.08659999999999989E-005
Enter 0 for fixed, 2 for adjustable grid: 
Suppress amplitude (0 no, 1 yes)? 
 Using suppressed amplitude.
Exact helicity sum (0 yes, n = number/event)? 
 Explicitly summing over helicities
Enter Configuration Number: 
Running Configuration Number:    1
 Not subdividing B.W.
 Attempting mappinvarients           1           4
 Completed mapping           4
 about to integrate            2        2000           9           3           2           1
 Using non-zero grid deformation.
  2 dimensions   2000 events  2 invarients  9 iterations  1 config(s),  (0.99)
 Using h-tuple random number sequence.
 Error opening grid
 Using Uniform Grid!
 Using uniform alpha   1.0000000000000000     
 Grid defined OK
 Set CM energy to          0.07
 Mapping Graph           1  to config           1
Setting grid   1    0.18367E-02   1
 Masses: 0.511E-03 0.511E-03 0.000E+00 0.000E+00
   1   1   2
 Got moffset          23
Using random seed offsets     1 :      1
  with seed                  138
 Ranmar initialization seeds       19620       21966
  Particle       3       4
      Et >     0.0     0.0
       E >     0.0     0.0
     Eta <    -1.0    -1.0
   xqcut:      0.0     0.0
d R # 3  >    -0.0     0.0
s min # 3>     0.0     0.0
xqcutij # 3>     0.0     0.0
 alpha_s for scale    91.188000000000002       is   0.11800000071525575     
 Added good helicity            1  1.21509539645315110E-002  in event            1
 Added good helicity            2  6.98421402520442311E-005  in event            1
 Added good helicity            3  6.98421402520441905E-005  in event            1
 Added good helicity            6  1.34627575283096344E-002  in event            1
 Added good helicity            7   7.9742466041921416       in event            1
 Added good helicity           10   7.9742466041921416       in event            1
 Added good helicity           11  1.34627575283096344E-002  in event            1
 Added good helicity           14  6.98421402520441905E-005  in event            1
 Added good helicity           15  6.98421402520442311E-005  in event            1
 Added good helicity           16  1.21509539645315110E-002  in event            1
 Iteration  1   Mean: 0.1516E+09 Abs mean: 0.1516E+09   Fluctuation:  0.170E+07   0.185E+09    90.4%
  1    0.1516E+09 0.1516E+09 +- 0.1705E+07      0.50
 Writing out events   9316.0785399168290       0.50278082460136087     
 Relative summed weights:
  0.5017E+00  0.0000E+00
  0.4983E+00  0.0000E+00
 Relative number of events:
  0.5030E+00  0.0000E+00
  0.4970E+00  0.0000E+00
 Events:
        1006           0
         994           0
 Iteration  2   Mean: 0.1501E+09 Abs mean: 0.1501E+09   Fluctuation:  0.510E+06   0.224E+09    99.5%
  2    0.1501E+09 0.1501E+09 +- 0.5097E+06      0.21
 Relative summed weights:
  0.5082E+00  0.0000E+00
  0.4918E+00  0.0000E+00
 Relative number of events:
  0.5078E+00  0.0000E+00
  0.4923E+00  0.0000E+00
 Events:
        2031           0
        1969           0
 Iteration  3   Mean: 0.1497E+09 Abs mean: 0.1497E+09   Fluctuation:  0.280E+06   0.197E+09    99.6%
  3    0.1497E+09 0.1497E+09 +- 0.2798E+06      0.17
 Relative summed weights:
  0.4988E+00  0.0000E+00
  0.5012E+00  0.0000E+00
 Relative number of events:
  0.4991E+00  0.0000E+00
  0.5009E+00  0.0000E+00
 Events:
        3993           0
        4007           0
 Found          819  events.
 Wrote          814  events.
 Actual xsec    149847471.98364773     
 Correct abs xsec    149847471.98364773     
 Event xsec    149847471.98364550     
 Events wgts > 1:            0
 % Cross section > 1:    0.0000000000000000        0.0000000000000000     
 Checking number of events   4625.1920702472707              814  chi2:   0.79074552958938082     
 Found          819  events.
 Wrote          814  events.
 Actual xsec    149847471.98364773     
 Correct abs xsec    149847471.98364773     
 Event xsec    149847471.98364550     
 Events wgts > 1:            0
 % Cross section > 1:    0.0000000000000000        0.0000000000000000     
 Iteration  4   Mean: 0.1501E+09 Abs mean: 0.1501E+09   Fluctuation:  0.144E+06   0.189E+09    99.8%
  4    0.1501E+09 0.1501E+09 +- 0.1444E+06      0.12
 Relative summed weights:
  0.4964E+00  0.0000E+00
  0.5036E+00  0.0000E+00
 Relative number of events:
  0.4964E+00  0.0000E+00
  0.5036E+00  0.0000E+00
 Events:
        7942           0
        8058           0
 Found         1594  events.
 Wrote         1590  events.
 Actual xsec    150029175.21728507     
 Correct abs xsec    150029175.21728507     
 Event xsec    150029175.21728230     
 Events wgts > 1:            0
 % Cross section > 1:    0.0000000000000000        0.0000000000000000     
 Checking number of events   4630.8005222567208             1590  chi2:   0.77768535900320379     
 Found         1594  events.
 Wrote         1590  events.
 Actual xsec    150029175.21728507     
 Correct abs xsec    150029175.21728507     
 Event xsec    150029175.21728230     
 Events wgts > 1:            0
 % Cross section > 1:    0.0000000000000000        0.0000000000000000     
Warning xbin not returning correct x   1  0.998828E+00  0.100000E+01  0.8110E-04
 Iteration  5   Mean: 0.1499E+09 Abs mean: 0.1499E+09   Fluctuation:  0.876E+05   0.195E+09    99.8%
  5    0.1499E+09 0.1499E+09 +- 0.8756E+05      0.10
 Relative summed weights:
  0.5030E+00  0.0000E+00
  0.4970E+00  0.0000E+00
 Relative number of events:
  0.5030E+00  0.0000E+00
  0.4970E+00  0.0000E+00
 Events:
       16097           0
       15903           0
 Found         3223  events.
 Wrote         3218  events.
 Actual xsec    149951667.76741949     
 Correct abs xsec    149951667.76741949     
 Event xsec    149951667.76741737     
 Events wgts > 1:            0
 % Cross section > 1:    0.0000000000000000        0.0000000000000000     
 Checking number of events   4628.4081773091693             3218  chi2:   0.98966171574623363     
 Found         3223  events.
 Wrote         3218  events.
 Actual xsec    149951667.76741949     
 Correct abs xsec    149951667.76741949     
 Event xsec    149951667.76741737     
 Events wgts > 1:            0
 % Cross section > 1:    0.0000000000000000        0.0000000000000000     
 Iteration  6   Mean: 0.1499E+09 Abs mean: 0.1499E+09   Fluctuation:  0.586E+05   0.234E+09    99.8%
  6    0.1499E+09 0.1499E+09 +- 0.5859E+05      0.10
 Relative summed weights:
  0.5007E+00  0.0000E+00
  0.4993E+00  0.0000E+00
 Relative number of events:
  0.5003E+00  0.0000E+00
  0.4997E+00  0.0000E+00
 Events:
       32018           0
       31982           0
 Found         6373  events.
 Wrote         6369  events.
 Actual xsec    149922295.40013602     
 Correct abs xsec    149922295.40013602     
 Event xsec    149922295.40015262     
 Events wgts > 1:            0
 % Cross section > 1:    0.0000000000000000        0.0000000000000000     
 Checking number of events   4627.5015698205980             6369  chi2:   0.91719992696766672     

 -------------------------------------------------------------------------------
 Accumulated results:   Integral =  0.1499E+09
                        Std dev  =  0.4533E+05
                       Cross sec =  0.7072E+00
             Chi**2 per DoF.     =
-------------------------------------------------
---------------------------
 Results Last   3 iters: Integral =   0.1499E+09
                     Abs integral =   0.1499E+09
                          Std dev =   0.4614E+05
                  Chi**2 per DoF. =      0.9172
-------------------------------------------------
---------------------------
 Status -3.08659999999999989E-005           7           9
 We found enough events        6369   4627.5015698205980     

ls status:
events.lhe
ftn25
ftn26
input_sg.txt
moffset.dat
results.dat
run_01_ftn26.gz
run_01_log.txt
run_01_results.dat
run_02_ftn26.gz
run_02_log.txt
run_02_results.dat
run_03_ftn26.gz
run_03_log.txt
run_03_results.dat
run_04_ftn26.gz
run_04_log.txt
run_04_results.dat
run_05_ftn26.gz
run_05_log.txt
run_05_results.dat
run_06_ftn26.gz
run_06_log.txt
run_06_results.dat
run_07_ftn26.gz
run_07_log.txt
run_07_results.dat
run_09_ftn26.gz
run_09_log.txt
run_09_results.dat
run1_app.log
