 Process in group number            0
 No PDF is used, alpha_s(MZ) from param_card is used
 Value of alpha_s from param_card:   0.11800000071525575     
 The default order of alpha_s running is fixed to            2
 *****************************************************
 *               MadGraph/MadEvent                   *
 *        --------------------------------           *
 *          http://madgraph.hep.uiuc.edu             *
 *          http://madgraph.phys.ucl.ac.be           *
 *          http://madgraph.roma2.infn.it            *
 *        --------------------------------           *
 *                                                   *
 *          PARAMETER AND COUPLING VALUES            *
 *                                                   *
 *****************************************************

  External Params
  ---------------------------------
  
 aEWM1 =    132.50700378417969     
 mdl_Gf =   1.16639000000000003E-005
 aS =   0.11800000071525575     
 mdl_ymb =    4.6999998092651367     
 mdl_ymt =    173.00000000000000     
 mdl_yme =   5.10999991092830896E-004
 mdl_ymm =   0.10565999895334244     
 mdl_ymtau =    1.7769999504089355     
 mdl_MZ =    91.188003540039063     
 mdl_MT =    173.00000000000000     
 mdl_MB =    4.6999998092651367     
 mdl_MH =    125.00000000000000     
 mdl_Me =   5.10999991092830896E-004
 mdl_MM =   0.10565999895334244     
 mdl_MTA =    1.7769999504089355     
 mdl_WZ =    2.4414041042327881     
 mdl_WW =    2.0476000308990479     
 mdl_WT =    1.4915000200271606     
 mdl_WH =   6.38233916833996773E-003
 mdl_WTau =   2.26999999999999982E-012
  Internal Params
  ---------------------------------
  
 mdl_conjg__CKM3x3 =    1.0000000000000000     
 mdl_CKM3x3 =    1.0000000000000000     
 mdl_conjg__CKM1x1 =    1.0000000000000000     
 mdl_complexi =  (  0.0000000000000000     ,  1.0000000000000000     )
 mdl_MZ__exp__2 =    8315.2519896181766     
 mdl_MZ__exp__4 =    69143415.650849044     
 mdl_sqrt__2 =    1.4142135623730951     
 mdl_MH__exp__2 =    15625.000000000000     
 mdl_aEW =   7.54677089845565054E-003
 mdl_MW =    80.419007276179556     
 mdl_sqrt__aEW =   8.68721526063194194E-002
 mdl_ee =   0.30795376284704501     
 mdl_MW__exp__2 =    6467.2167312862202     
 mdl_sw2 =   0.22224645274001076     
 mdl_cw =   0.88190336616887299     
 mdl_sqrt__sw2 =   0.47143022043565552     
 mdl_sw =   0.47143022043565552     
 mdl_g1 =   0.34919218438279087     
 mdl_gw =   0.65323296958447097     
 mdl_vev =    246.21845810181631     
 mdl_vev__exp__2 =    60623.529110035874     
 mdl_lam =   0.12886910601690271     
 mdl_yb =   2.69955531549349904E-002
 mdl_ye =   2.93504850670934038E-006
 mdl_ym =   6.06883028478528356E-004
 mdl_yt =   0.99366614581500645     
 mdl_ytau =   1.02066167158167895E-002
 mdl_muH =    88.388347648318444     
 mdl_I1x33 =  ( 2.69955531549349904E-002,  0.0000000000000000     )
 mdl_I2x33 =  ( 0.99366614581500645     ,  0.0000000000000000     )
 mdl_I3x33 =  ( 0.99366614581500645     ,  0.0000000000000000     )
 mdl_I4x33 =  ( 2.69955531549349904E-002,  0.0000000000000000     )
 mdl_ee__exp__2 =   9.48355200516540348E-002
 mdl_sw__exp__2 =   0.22224645274001076     
 mdl_cw__exp__2 =   0.77775354725998924     
  Internal Params evaluated point by point
  ----------------------------------------
  
 mdl_sqrt__aS =   0.34351128178744839     
 mdl_G__exp__2 =    1.4828317414825511     
  Couplings of sm-lepton_masses
  ---------------------------------
  
         GC_3 =  -0.00000E+00  -0.30795E+00
        GC_50 =  -0.00000E+00  -0.28804E+00
        GC_59 =   0.00000E+00   0.82310E-01
        GC_89 =  -0.00000E+00  -0.20754E-05

 Collider parameters:
 --------------------

 Running at e e   machine @   7.00000000000000067E-002  GeV
 PDF set = none   
 alpha_s(Mz)= 0.1180 running at 2 loops.
 alpha_s(Mz)= 0.1180 running at 2 loops.
 Renormalization scale fixed @    91.188000000000002     
 Factorization scales  fixed @    91.188000000000002        91.188000000000002     


 getting user params
Enter number of events and max and min iterations: 
 Number of events and iterations         2000           9           3
Enter desired fractional accuracy: 
 Desired fractional accuracy:  -5.51800000000000036E-006
Enter 0 for fixed, 2 for adjustable grid: 
Suppress amplitude (0 no, 1 yes)? 
 Using suppressed amplitude.
Exact helicity sum (0 yes, n = number/event)? 
 Explicitly summing over helicities
Enter Configuration Number: 
Running Configuration Number:    7
 Not subdividing B.W.
 Attempting mappinvarients           1           5
 Completed mapping           5
 about to integrate            5        2000           9           3           5           1
 Using non-zero grid deformation.
  5 dimensions   2000 events  5 invarients  9 iterations  1 config(s),  (0.99)
 Using h-tuple random number sequence.
 Error opening grid
 Using Uniform Grid!
 Using uniform alpha   1.0000000000000000     
 Grid defined OK
 Set CM energy to          0.07
 Mapping Graph           7  to config           7
Setting grid   1    0.18367E-04   1
Setting grid   2    0.53290E-04   1
 Masses: 0.511E-03 0.511E-03 0.000E+00 0.511E-03 0.511E-03
   7   1   2   3   4   5
 Got moffset          24
Using random seed offsets     7 :      1
  with seed                  150
 Ranmar initialization seeds        4173       25136
  Particle       3       4       5
      Et >     0.0     0.0     0.0
       E >     0.0     0.0     0.0
     Eta <    -1.0    -1.0    -1.0
   xqcut:      0.0     0.0     0.0
d R # 3  >    -0.0     0.0     0.0
d R # 4  >    -0.0    -0.0     0.4
s min # 3>     0.0     0.0     0.0
s min # 4>     0.0     0.0     0.0
xqcutij # 3>     0.0     0.0     0.0
xqcutij # 4>     0.0     0.0     0.0
 alpha_s for scale    91.188000000000002       is   0.11800000071525575     
 Added good helicity            1   8.9532043968141366       in event            1
 Added good helicity            2  7.05972249533144431E-003  in event            1
 Added good helicity            3  4.57005075339527239E-005  in event            1
 Added good helicity            5   2.3794240129278137       in event            1
 Added good helicity            6  7.18800592708366785E-006  in event            1
 Added good helicity            7  2.96508037556530634E-005  in event            1
 Added good helicity            9  1.72030960574972880E-005  in event            1
 Added good helicity           10   1.7524183298338207       in event            1
 Added good helicity           11  1.55032210850957631E-002  in event            1
 Added good helicity           12  5.67641166121353891E-004  in event            1
 Added good helicity           13  8.01042200560289912E-004  in event            1
 Added good helicity           14   2.8899616549789369       in event            1
 Added good helicity           15  9.09391047051714909E-004  in event            1
 Added good helicity           16  5.05990312623226066E-005  in event            1
 Added good helicity           17  5.05990371897532517E-005  in event            1
 Added good helicity           18  9.09391080905472163E-004  in event            1
 Added good helicity           19   2.8899619419884091       in event            1
 Added good helicity           20  8.01042326340605437E-004  in event            1
 Added good helicity           21  5.67641158525326894E-004  in event            1
 Added good helicity           22  1.55032205138219102E-002  in event            1
 Added good helicity           23   1.7524184581820985       in event            1
 Added good helicity           24  1.72030983233162936E-005  in event            1
 Added good helicity           26  2.96508017729262077E-005  in event            1
 Added good helicity           27  7.18800865621126494E-006  in event            1
 Added good helicity           28   2.3794239998435693       in event            1
 Added good helicity           30  4.57004985046735414E-005  in event            1
 Added good helicity           31  7.05972240008740683E-003  in event            1
 Added good helicity           32   8.9532044460428484       in event            1
 Added good helicity            4  2.35688463020199044E-006  in event           74
 Added good helicity           29  2.35688462907026168E-006  in event           74
 Iteration  1   Mean: 0.1745E+10 Abs mean: 0.1745E+10   Fluctuation:  0.106E+09   0.749E+11    73.1%
  1    0.1745E+10 0.1745E+10 +- 0.1060E+09      2.72
 Writing out events   132657.18872535441        2.7150469776147137     
 Relative summed weights:
  0.1000E+01  0.0000E+00
 Relative number of events:
  0.1000E+01  0.0000E+00
 Events:
        2000           0
 Iteration  2   Mean: 0.1815E+10 Abs mean: 0.1815E+10   Fluctuation:  0.443E+08   0.643E+11    84.1%
  2    0.1815E+10 0.1815E+10 +- 0.4428E+08      1.54
 Relative summed weights:
  0.1000E+01  0.0000E+00
 Relative number of events:
  0.1000E+01  0.0000E+00
 Events:
        4000           0
 Iteration  3   Mean: 0.1715E+10 Abs mean: 0.1715E+10   Fluctuation:  0.209E+08   0.212E+11    82.1%
  3    0.1715E+10 0.1715E+10 +- 0.2085E+08      1.09
 Relative summed weights:
  0.1000E+01  0.0000E+00
 Relative number of events:
  0.1000E+01  0.0000E+00
 Events:
        8000           0
 Found          918  events.
 Wrote          913  events.
 Actual xsec    1735112054.9957409     
 Correct abs xsec    1735112054.9957409     
 Event xsec    1735112054.9957139     
 Events wgts > 1:            2
 % Cross section > 1:    908377.02619427838       5.23526433684147335E-002
 Checking number of events   9574.3483194664987              913  chi2:    2.0826198567731051     
 Found          918  events.
 Wrote          913  events.
 Actual xsec    1735112054.9957409     
 Correct abs xsec    1735112054.9957409     
 Event xsec    1735112054.9957139     
 Events wgts > 1:            2
 % Cross section > 1:    908377.02619427838       5.23526433684147335E-002
 Iteration  4   Mean: 0.1711E+10 Abs mean: 0.1711E+10   Fluctuation:  0.130E+08   0.154E+11    78.5%
  4    0.1711E+10 0.1711E+10 +- 0.1304E+08      0.96
 Relative summed weights:
  0.1000E+01  0.0000E+00
 Relative number of events:
  0.1000E+01  0.0000E+00
 Events:
       16000           0
 Found         1994  events.
 Wrote         1990  events.
 Actual xsec    1718814122.1278441     
 Correct abs xsec    1718814122.1278441     
 Event xsec    1718814122.1278930     
 Events wgts > 1:            1
 % Cross section > 1:    120862.13743533567       7.03171657012616712E-003
 Checking number of events   9484.4163259014440             1990  chi2:    2.5366998182815914     
 Found         1994  events.
 Wrote         1990  events.
 Actual xsec    1718814122.1278441     
 Correct abs xsec    1718814122.1278441     
 Event xsec    1718814122.1278930     
 Events wgts > 1:            1
 % Cross section > 1:    120862.13743533567       7.03171657012616712E-003
 Iteration  5   Mean: 0.1720E+10 Abs mean: 0.1720E+10   Fluctuation:  0.867E+07   0.126E+11    76.7%
  5    0.1720E+10 0.1720E+10 +- 0.8675E+07      0.90
 Relative summed weights:
  0.1000E+01  0.0000E+00
 Relative number of events:
  0.1000E+01  0.0000E+00
 Events:
       32000           0
 Found         4187  events.
 Wrote         4183  events.
 Actual xsec    1716873696.0872271     
 Correct abs xsec    1716873696.0872271     
 Event xsec    1716873696.0871112     
 Events wgts > 1:            0
 % Cross section > 1:    0.0000000000000000        0.0000000000000000     
 Checking number of events   9473.7090550093199             4183  chi2:   0.16248733747944158     
 Found         4187  events.
 Wrote         4183  events.
 Actual xsec    1716873696.0872271     
 Correct abs xsec    1716873696.0872271     
 Event xsec    1716873696.0871112     
 Events wgts > 1:            0
 % Cross section > 1:    0.0000000000000000        0.0000000000000000     
 Iteration  6   Mean: 0.1736E+10 Abs mean: 0.1736E+10   Fluctuation:  0.614E+07   0.484E+11    75.2%
  6    0.1736E+10 0.1736E+10 +- 0.6138E+07      0.89
 Relative summed weights:
  0.1000E+01  0.0000E+00
 Relative number of events:
  0.1000E+01  0.0000E+00
 Events:
       64000           0
 Found         8546  events.
 Wrote         8541  events.
 Actual xsec    1728023627.0859203     
 Correct abs xsec    1728023627.0859203     
 Event xsec    1728023627.0857539     
 Events wgts > 1:           13
 % Cross section > 1:    1729199.8811786408       0.10006806932928751     
 Checking number of events   9535.2343742601097             8541  chi2:    2.0952644935171216     
 Found         8546  events.
 Wrote         8541  events.
 Actual xsec    1728023627.0859203     
 Correct abs xsec    1728023627.0859203     
 Event xsec    1728023627.0857539     
 Events wgts > 1:           13
 % Cross section > 1:    1729199.8811786408       0.10006806932928751     
 Iteration  7   Mean: 0.1728E+10 Abs mean: 0.1728E+10   Fluctuation:  0.428E+07   0.418E+11    73.4%
  7    0.1728E+10 0.1728E+10 +- 0.4282E+07      0.89
 Exceeded boost           4          96   128000.00    
 Relative summed weights:
  0.1000E+01  0.0000E+00
 Relative number of events:
  0.1000E+01  0.0000E+00
 Events:
      128000           0
 Found        17374  events.
 Wrote        17369  events.
 Actual xsec    1729038694.8361988     
 Correct abs xsec    1729038694.8361988     
 Event xsec    1729038694.8368669     
 Events wgts > 1:           22
 % Cross section > 1:    1337228.6999296458       7.73394316693306882E-002
 Checking number of events   9540.8355181061452            17369  chi2:    1.1959158318274055     

 -------------------------------------------------------------------------------
 Accumulated results:   Integral =  0.1728E+10
                        Std dev  =  0.3114E+07
                       Cross sec =  0.1464E+01
             Chi**2 per DoF.     =
-------------------------------------------------
---------------------------
 Results Last   3 iters: Integral =   0.1729E+10
                     Abs integral =   0.1729E+10
                          Std dev =   0.3255E+07
                  Chi**2 per DoF. =      1.1959
-------------------------------------------------
---------------------------
 Status -5.51800000000000036E-006           8           9
 We found enough events       17369   9540.8355181061452     

ls status:
events.lhe
ftn25
ftn26
input_sg.txt
moffset.dat
results.dat
run_07_ftn26.gz
run_07_log.txt
run_07_results.dat
run1_app.log
