 Process in group number            0
 No PDF is used, alpha_s(MZ) from param_card is used
 Value of alpha_s from param_card:   0.11800000071525575     
 The default order of alpha_s running is fixed to            2
 *****************************************************
 *               MadGraph/MadEvent                   *
 *        --------------------------------           *
 *          http://madgraph.hep.uiuc.edu             *
 *          http://madgraph.phys.ucl.ac.be           *
 *          http://madgraph.roma2.infn.it            *
 *        --------------------------------           *
 *                                                   *
 *          PARAMETER AND COUPLING VALUES            *
 *                                                   *
 *****************************************************

  External Params
  ---------------------------------
  
 aEWM1 =    132.50700378417969     
 mdl_Gf =   1.16639000000000003E-005
 aS =   0.11800000071525575     
 mdl_ymb =    4.6999998092651367     
 mdl_ymt =    173.00000000000000     
 mdl_yme =   5.10999991092830896E-004
 mdl_ymm =   0.10565999895334244     
 mdl_ymtau =    1.7769999504089355     
 mdl_MZ =    91.188003540039063     
 mdl_MT =    173.00000000000000     
 mdl_MB =    4.6999998092651367     
 mdl_MH =    125.00000000000000     
 mdl_Me =   5.10999991092830896E-004
 mdl_MM =   0.10565999895334244     
 mdl_MTA =    1.7769999504089355     
 mdl_WZ =    2.4414041042327881     
 mdl_WW =    2.0476000308990479     
 mdl_WT =    1.4915000200271606     
 mdl_WH =   6.38233916833996773E-003
 mdl_WTau =   2.26999999999999982E-012
  Internal Params
  ---------------------------------
  
 mdl_conjg__CKM3x3 =    1.0000000000000000     
 mdl_CKM3x3 =    1.0000000000000000     
 mdl_conjg__CKM1x1 =    1.0000000000000000     
 mdl_complexi =  (  0.0000000000000000     ,  1.0000000000000000     )
 mdl_MZ__exp__2 =    8315.2519896181766     
 mdl_MZ__exp__4 =    69143415.650849044     
 mdl_sqrt__2 =    1.4142135623730951     
 mdl_MH__exp__2 =    15625.000000000000     
 mdl_aEW =   7.54677089845565054E-003
 mdl_MW =    80.419007276179556     
 mdl_sqrt__aEW =   8.68721526063194194E-002
 mdl_ee =   0.30795376284704501     
 mdl_MW__exp__2 =    6467.2167312862202     
 mdl_sw2 =   0.22224645274001076     
 mdl_cw =   0.88190336616887299     
 mdl_sqrt__sw2 =   0.47143022043565552     
 mdl_sw =   0.47143022043565552     
 mdl_g1 =   0.34919218438279087     
 mdl_gw =   0.65323296958447097     
 mdl_vev =    246.21845810181631     
 mdl_vev__exp__2 =    60623.529110035874     
 mdl_lam =   0.12886910601690271     
 mdl_yb =   2.69955531549349904E-002
 mdl_ye =   2.93504850670934038E-006
 mdl_ym =   6.06883028478528356E-004
 mdl_yt =   0.99366614581500645     
 mdl_ytau =   1.02066167158167895E-002
 mdl_muH =    88.388347648318444     
 mdl_I1x33 =  ( 2.69955531549349904E-002,  0.0000000000000000     )
 mdl_I2x33 =  ( 0.99366614581500645     ,  0.0000000000000000     )
 mdl_I3x33 =  ( 0.99366614581500645     ,  0.0000000000000000     )
 mdl_I4x33 =  ( 2.69955531549349904E-002,  0.0000000000000000     )
 mdl_ee__exp__2 =   9.48355200516540348E-002
 mdl_sw__exp__2 =   0.22224645274001076     
 mdl_cw__exp__2 =   0.77775354725998924     
  Internal Params evaluated point by point
  ----------------------------------------
  
 mdl_sqrt__aS =   0.34351128178744839     
 mdl_G__exp__2 =    1.4828317414825511     
  Couplings of sm-lepton_masses
  ---------------------------------
  
         GC_3 =  -0.00000E+00  -0.30795E+00
        GC_50 =  -0.00000E+00  -0.28804E+00
        GC_59 =   0.00000E+00   0.82310E-01
        GC_89 =  -0.00000E+00  -0.20754E-05

 Collider parameters:
 --------------------

 Running at e e   machine @   7.00000000000000067E-002  GeV
 PDF set = none   
 alpha_s(Mz)= 0.1180 running at 2 loops.
 alpha_s(Mz)= 0.1180 running at 2 loops.
 Renormalization scale fixed @    91.188000000000002     
 Factorization scales  fixed @    91.188000000000002        91.188000000000002     


 getting user params
Enter number of events and max and min iterations: 
 Number of events and iterations         2000           9           3
Enter desired fractional accuracy: 
 Desired fractional accuracy:  -5.51800000000000036E-006
Enter 0 for fixed, 2 for adjustable grid: 
Suppress amplitude (0 no, 1 yes)? 
 Using suppressed amplitude.
Exact helicity sum (0 yes, n = number/event)? 
 Explicitly summing over helicities
Enter Configuration Number: 
Running Configuration Number:   22
 Not subdividing B.W.
 Attempting mappinvarients           1           5
 Completed mapping           5
 about to integrate            5        2000           9           3           5           1
 Using non-zero grid deformation.
  5 dimensions   2000 events  5 invarients  9 iterations  1 config(s),  (0.99)
 Using h-tuple random number sequence.
 Error opening grid
 Using Uniform Grid!
 Using uniform alpha   1.0000000000000000     
 Grid defined OK
 Set CM energy to          0.07
 Mapping Graph          22  to config          22
Setting grid   1    0.53290E-04   1
Setting grid   2    0.53290E-04   1
 Masses: 0.511E-03 0.511E-03 0.000E+00 0.511E-03 0.511E-03
  22   1   2   3   4   5
 Got moffset          23
Using random seed offsets    22 :      1
  with seed                  150
 Ranmar initialization seeds        4188       21979
  Particle       3       4       5
      Et >     0.0     0.0     0.0
       E >     0.0     0.0     0.0
     Eta <    -1.0    -1.0    -1.0
   xqcut:      0.0     0.0     0.0
d R # 3  >    -0.0     0.0     0.0
d R # 4  >    -0.0    -0.0     0.4
s min # 3>     0.0     0.0     0.0
s min # 4>     0.0     0.0     0.0
xqcutij # 3>     0.0     0.0     0.0
xqcutij # 4>     0.0     0.0     0.0
 alpha_s for scale    91.188000000000002       is   0.11800000071525575     
 Added good helicity            1   4.3516623795387135       in event            1
 Added good helicity            2  2.24622831475301927E-006  in event            1
 Added good helicity            5   3.6626774661517056       in event            1
 Added good helicity           10   4.0802076373786109       in event            1
 Added good helicity           13  1.96901204102090781E-006  in event            1
 Added good helicity           14   3.9054467939327560       in event            1
 Added good helicity           19   3.9054467942441033       in event            1
 Added good helicity           20  1.96901204449005279E-006  in event            1
 Added good helicity           23   4.0802076376375132       in event            1
 Added good helicity           28   3.6626774661371808       in event            1
 Added good helicity           31  2.24622831099464260E-006  in event            1
 Added good helicity           32   4.3516623795559051       in event            1
 Added good helicity            3  8.77825646152022288E-005  in event            2
 Added good helicity            7  4.12670104936039189E-006  in event            2
 Added good helicity           12  1.04104029632359275E-004  in event            2
 Added good helicity           16  4.38973028501059399E-006  in event            2
 Added good helicity           17  4.38973028594179914E-006  in event            2
 Added good helicity           21  1.04104029156369191E-004  in event            2
 Added good helicity           26  4.12670104921798108E-006  in event            2
 Added good helicity           30  8.77825642009398273E-005  in event            2
 Added good helicity            6  3.43640539237601968E-005  in event            3
 Added good helicity            9  3.13344234686299149E-005  in event            3
 Added good helicity           11  0.28022135061837422       in event            3
 Added good helicity           15  3.63259451622912420E-005  in event            3
 Added good helicity           18  3.63259451096468636E-005  in event            3
 Added good helicity           22  0.28022135098499312       in event            3
 Added good helicity           24  3.13344236477985794E-005  in event            3
 Added good helicity           27  3.43640543172070415E-005  in event            3
 Added good helicity            4  2.00298272422606308E-006  in event            5
 Added good helicity           29  2.00298344240392164E-006  in event            5
 Iteration  1   Mean: 0.2516E+10 Abs mean: 0.2516E+10   Fluctuation:  0.170E+09   0.900E+11    82.3%
  1    0.2516E+10 0.2516E+10 +- 0.1703E+09      3.03
 Writing out events   169837.00686709458        3.0272835781239258     
 Relative summed weights:
  0.1000E+01  0.0000E+00
 Relative number of events:
  0.1000E+01  0.0000E+00
 Events:
        2000           0
 Iteration  2   Mean: 0.2538E+10 Abs mean: 0.2538E+10   Fluctuation:  0.705E+08   0.530E+11    86.0%
  2    0.2538E+10 0.2538E+10 +- 0.7047E+08      1.76
 Relative summed weights:
  0.1000E+01  0.0000E+00
 Relative number of events:
  0.1000E+01  0.0000E+00
 Events:
        4000           0
 Iteration  3   Mean: 0.2466E+10 Abs mean: 0.2466E+10   Fluctuation:  0.365E+08   0.477E+11    81.7%
  3    0.2466E+10 0.2466E+10 +- 0.3652E+08      1.32
 Relative summed weights:
  0.1000E+01  0.0000E+00
 Relative number of events:
  0.1000E+01  0.0000E+00
 Events:
        8000           0
 Found          925  events.
 Wrote          920  events.
 Actual xsec    2483301866.6082630     
 Correct abs xsec    2483301866.6082630     
 Event xsec    2483301866.6083245     
 Events wgts > 1:            8
 % Cross section > 1:    5731388.0252086874       0.23079707313378600     
 Checking number of events   13702.859699944396              920  chi2:   0.43629186343662402     
 Found          925  events.
 Wrote          920  events.
 Actual xsec    2483301866.6082630     
 Correct abs xsec    2483301866.6082630     
 Event xsec    2483301866.6083245     
 Events wgts > 1:            8
 % Cross section > 1:    5731388.0252086874       0.23079707313378600     
 Iteration  4   Mean: 0.2427E+10 Abs mean: 0.2427E+10   Fluctuation:  0.226E+08   0.281E+11    77.4%
  4    0.2427E+10 0.2427E+10 +- 0.2257E+08      1.18
 Relative summed weights:
  0.1000E+01  0.0000E+00
 Relative number of events:
  0.1000E+01  0.0000E+00
 Events:
       16000           0
 Found         2014  events.
 Wrote         2010  events.
 Actual xsec    2445577557.3526306     
 Correct abs xsec    2445577557.3526306     
 Event xsec    2445577557.3525591     
 Events wgts > 1:            4
 % Cross section > 1:    970652.45548037649       3.96901113424981203E-002
 Checking number of events   13494.696961471816             2010  chi2:    1.3609150363337559     
 Found         2014  events.
 Wrote         2010  events.
 Actual xsec    2445577557.3526306     
 Correct abs xsec    2445577557.3526306     
 Event xsec    2445577557.3525591     
 Events wgts > 1:            4
 % Cross section > 1:    970652.45548037649       3.96901113424981203E-002
 Iteration  5   Mean: 0.2406E+10 Abs mean: 0.2406E+10   Fluctuation:  0.152E+08   0.613E+11    73.9%
  5    0.2406E+10 0.2406E+10 +- 0.1515E+08      1.13
 Relative summed weights:
  0.1000E+01  0.0000E+00
 Relative number of events:
  0.1000E+01  0.0000E+00
 Events:
       32000           0
 Found         4265  events.
 Wrote         4261  events.
 Actual xsec    2418296892.0349255     
 Correct abs xsec    2418296892.0349255     
 Event xsec    2418296892.0350332     
 Events wgts > 1:           18
 % Cross section > 1:    5616260.1708355704       0.23224030884435379     
 Checking number of events   13344.162250248719             4261  chi2:    1.2797273021527307     
 Found         4265  events.
 Wrote         4261  events.
 Actual xsec    2418296892.0349255     
 Correct abs xsec    2418296892.0349255     
 Event xsec    2418296892.0350332     
 Events wgts > 1:           18
 % Cross section > 1:    5616260.1708355704       0.23224030884435379     
 Iteration  6   Mean: 0.2404E+10 Abs mean: 0.2404E+10   Fluctuation:  0.103E+08   0.331E+11    71.3%
  6    0.2404E+10 0.2404E+10 +- 0.1030E+08      1.08
 Relative summed weights:
  0.1000E+01  0.0000E+00
 Relative number of events:
  0.1000E+01  0.0000E+00
 Events:
       64000           0
 Found         8836  events.
 Wrote         8831  events.
 Actual xsec    2407161889.4171801     
 Correct abs xsec    2407161889.4171801     
 Event xsec    2407161889.4170680     
 Events wgts > 1:           25
 % Cross section > 1:    1962833.8974205370       8.15414163064814845E-002
 Checking number of events   13282.719305804001             8831  chi2:   0.45274030434048540     
 Found         8836  events.
 Wrote         8831  events.
 Actual xsec    2407161889.4171801     
 Correct abs xsec    2407161889.4171801     
 Event xsec    2407161889.4170680     
 Events wgts > 1:           25
 % Cross section > 1:    1962833.8974205370       8.15414163064814845E-002
 Iteration  7   Mean: 0.2424E+10 Abs mean: 0.2424E+10   Fluctuation:  0.753E+07   0.100E+12    69.2%
  7    0.2424E+10 0.2424E+10 +- 0.7529E+07      1.11
 Relative summed weights:
  0.1000E+01  0.0000E+00
 Relative number of events:
  0.1000E+01  0.0000E+00
 Events:
      128000           0
 Found        18551  events.
 Wrote        18547  events.
 Actual xsec    2415392486.3979230     
 Correct abs xsec    2415392486.3979230     
 Event xsec    2415392486.3983245     
 Events wgts > 1:          121
 % Cross section > 1:    8388417.8739735074       0.34729005415106545     
 Checking number of events   13328.135739943740            18547  chi2:    1.5019375574674303     

 -------------------------------------------------------------------------------
 Accumulated results:   Integral =  0.2418E+10
                        Std dev  =  0.5395E+07
                       Cross sec =  0.1457E+01
             Chi**2 per DoF.     =
-------------------------------------------------
---------------------------
 Results Last   3 iters: Integral =   0.2415E+10
                     Abs integral =   0.2415E+10
                          Std dev =   0.5642E+07
                  Chi**2 per DoF. =      1.5019
-------------------------------------------------
---------------------------
 Status -5.51800000000000036E-006           8           9
 We found enough events       18547   13328.135739943740     

ls status:
events.lhe
ftn25
ftn26
input_sg.txt
moffset.dat
results.dat
run_01_ftn26.gz
run_01_log.txt
run_01_results.dat
run_04_ftn26.gz
run_04_log.txt
run_04_results.dat
run_07_ftn26.gz
run_07_log.txt
run_07_results.dat
run1_app.log
