 Process in group number            0
 No PDF is used, alpha_s(MZ) from param_card is used
 Value of alpha_s from param_card:   0.11800000071525575     
 The default order of alpha_s running is fixed to            2
 *****************************************************
 *               MadGraph/MadEvent                   *
 *        --------------------------------           *
 *          http://madgraph.hep.uiuc.edu             *
 *          http://madgraph.phys.ucl.ac.be           *
 *          http://madgraph.roma2.infn.it            *
 *        --------------------------------           *
 *                                                   *
 *          PARAMETER AND COUPLING VALUES            *
 *                                                   *
 *****************************************************

  External Params
  ---------------------------------
  
 aEWM1 =    132.50700378417969     
 mdl_Gf =   1.16639000000000003E-005
 aS =   0.11800000071525575     
 mdl_ymb =    4.6999998092651367     
 mdl_ymt =    173.00000000000000     
 mdl_yme =   5.10999991092830896E-004
 mdl_ymm =   0.10565999895334244     
 mdl_ymtau =    1.7769999504089355     
 mdl_MZ =    91.188003540039063     
 mdl_MT =    173.00000000000000     
 mdl_MB =    4.6999998092651367     
 mdl_MH =    125.00000000000000     
 mdl_Me =   5.10999991092830896E-004
 mdl_MM =   0.10565999895334244     
 mdl_MTA =    1.7769999504089355     
 mdl_WZ =    2.4414041042327881     
 mdl_WW =    2.0476000308990479     
 mdl_WT =    1.4915000200271606     
 mdl_WH =   6.38233916833996773E-003
 mdl_WTau =   2.26999999999999982E-012
  Internal Params
  ---------------------------------
  
 mdl_conjg__CKM3x3 =    1.0000000000000000     
 mdl_CKM3x3 =    1.0000000000000000     
 mdl_conjg__CKM1x1 =    1.0000000000000000     
 mdl_complexi =  (  0.0000000000000000     ,  1.0000000000000000     )
 mdl_MZ__exp__2 =    8315.2519896181766     
 mdl_MZ__exp__4 =    69143415.650849044     
 mdl_sqrt__2 =    1.4142135623730951     
 mdl_MH__exp__2 =    15625.000000000000     
 mdl_aEW =   7.54677089845565054E-003
 mdl_MW =    80.419007276179556     
 mdl_sqrt__aEW =   8.68721526063194194E-002
 mdl_ee =   0.30795376284704501     
 mdl_MW__exp__2 =    6467.2167312862202     
 mdl_sw2 =   0.22224645274001076     
 mdl_cw =   0.88190336616887299     
 mdl_sqrt__sw2 =   0.47143022043565552     
 mdl_sw =   0.47143022043565552     
 mdl_g1 =   0.34919218438279087     
 mdl_gw =   0.65323296958447097     
 mdl_vev =    246.21845810181631     
 mdl_vev__exp__2 =    60623.529110035874     
 mdl_lam =   0.12886910601690271     
 mdl_yb =   2.69955531549349904E-002
 mdl_ye =   2.93504850670934038E-006
 mdl_ym =   6.06883028478528356E-004
 mdl_yt =   0.99366614581500645     
 mdl_ytau =   1.02066167158167895E-002
 mdl_muH =    88.388347648318444     
 mdl_I1x33 =  ( 2.69955531549349904E-002,  0.0000000000000000     )
 mdl_I2x33 =  ( 0.99366614581500645     ,  0.0000000000000000     )
 mdl_I3x33 =  ( 0.99366614581500645     ,  0.0000000000000000     )
 mdl_I4x33 =  ( 2.69955531549349904E-002,  0.0000000000000000     )
 mdl_ee__exp__2 =   9.48355200516540348E-002
 mdl_sw__exp__2 =   0.22224645274001076     
 mdl_cw__exp__2 =   0.77775354725998924     
  Internal Params evaluated point by point
  ----------------------------------------
  
 mdl_sqrt__aS =   0.34351128178744839     
 mdl_G__exp__2 =    1.4828317414825511     
  Couplings of sm-lepton_masses
  ---------------------------------
  
         GC_3 =  -0.00000E+00  -0.30795E+00
        GC_50 =  -0.00000E+00  -0.28804E+00
        GC_59 =   0.00000E+00   0.82310E-01
        GC_89 =  -0.00000E+00  -0.20754E-05

 Collider parameters:
 --------------------

 Running at e e   machine @   7.00000000000000067E-002  GeV
 PDF set = none   
 alpha_s(Mz)= 0.1180 running at 2 loops.
 alpha_s(Mz)= 0.1180 running at 2 loops.
 Renormalization scale fixed @    91.188000000000002     
 Factorization scales  fixed @    91.188000000000002        91.188000000000002     


 getting user params
Enter number of events and max and min iterations: 
 Number of events and iterations         2000           9           3
Enter desired fractional accuracy: 
 Desired fractional accuracy:  -5.51800000000000036E-006
Enter 0 for fixed, 2 for adjustable grid: 
Suppress amplitude (0 no, 1 yes)? 
 Using suppressed amplitude.
Exact helicity sum (0 yes, n = number/event)? 
 Explicitly summing over helicities
Enter Configuration Number: 
Running Configuration Number:   16
 Not subdividing B.W.
 Attempting mappinvarients           1           5
 Completed mapping           5
 about to integrate            5        2000           9           3           5           1
 Using non-zero grid deformation.
  5 dimensions   2000 events  5 invarients  9 iterations  1 config(s),  (0.99)
 Using h-tuple random number sequence.
 Error opening grid
 Using Uniform Grid!
 Using uniform alpha   1.0000000000000000     
 Grid defined OK
 Set CM energy to          0.07
 Mapping Graph          16  to config          16
Setting grid   1    0.53290E-04   1
Setting grid   2    0.53290E-04   1
 Masses: 0.511E-03 0.511E-03 0.000E+00 0.511E-03 0.511E-03
  16   1   2   3   4   5
 Got moffset          25
Using random seed offsets    16 :      1
  with seed                  150
 Ranmar initialization seeds        4182       28293
  Particle       3       4       5
      Et >     0.0     0.0     0.0
       E >     0.0     0.0     0.0
     Eta <    -1.0    -1.0    -1.0
   xqcut:      0.0     0.0     0.0
d R # 3  >    -0.0     0.0     0.0
d R # 4  >    -0.0    -0.0     0.4
s min # 3>     0.0     0.0     0.0
s min # 4>     0.0     0.0     0.0
xqcutij # 3>     0.0     0.0     0.0
xqcutij # 4>     0.0     0.0     0.0
 alpha_s for scale    91.188000000000002       is   0.11800000071525575     
 Added good helicity            1   6.9721348281884250       in event            1
 Added good helicity            2  3.04111617221752405E-003  in event            1
 Added good helicity            3  2.01884505578739695E-005  in event            1
 Added good helicity            5   4.7251029894911305       in event            1
 Added good helicity            6  1.76644842649104686E-005  in event            1
 Added good helicity            7  1.50611828384624831E-005  in event            1
 Added good helicity            9  1.91381076314128718E-005  in event            1
 Added good helicity           10   1.7646995091383857       in event            1
 Added good helicity           11  1.78952523052207137E-002  in event            1
 Added good helicity           12  4.37187197114136659E-005  in event            1
 Added good helicity           13  1.10707466167809078E-003  in event            1
 Added good helicity           14   2.5050331921223559       in event            1
 Added good helicity           15  1.08493950339136891E-002  in event            1
 Added good helicity           16  2.05987606482168900E-005  in event            1
 Added good helicity           17  2.05987638587059478E-005  in event            1
 Added good helicity           18  1.08493950278502494E-002  in event            1
 Added good helicity           19   2.5050334735144455       in event            1
 Added good helicity           20  1.10707479402392950E-003  in event            1
 Added good helicity           21  4.37187233799918499E-005  in event            1
 Added good helicity           22  1.78952523129856378E-002  in event            1
 Added good helicity           23   1.7646997075264768       in event            1
 Added good helicity           24  1.91381106656717952E-005  in event            1
 Added good helicity           26  1.50611806267895234E-005  in event            1
 Added good helicity           27  1.76644872423667561E-005  in event            1
 Added good helicity           28   4.7251029896304129       in event            1
 Added good helicity           30  2.01884473556111974E-005  in event            1
 Added good helicity           31  3.04111619415712350E-003  in event            1
 Added good helicity           32   6.9721348279463280       in event            1
 Added good helicity            4  1.44519393762533465E-006  in event            4
 Added good helicity           29  1.44519389261617287E-006  in event            4
 Iteration  1   Mean: 0.2474E+10 Abs mean: 0.2474E+10   Fluctuation:  0.174E+09   0.914E+11    83.7%
  1    0.2474E+10 0.2474E+10 +- 0.1738E+09      3.14
 Writing out events   164204.17081816733        3.1407301274964761     
 Relative summed weights:
  0.1000E+01  0.0000E+00
 Relative number of events:
  0.1000E+01  0.0000E+00
 Events:
        2000           0
 Iteration  2   Mean: 0.2390E+10 Abs mean: 0.2390E+10   Fluctuation:  0.675E+08   0.600E+11    85.2%
  2    0.2390E+10 0.2390E+10 +- 0.6754E+08      1.79
 Relative summed weights:
  0.1000E+01  0.0000E+00
 Relative number of events:
  0.1000E+01  0.0000E+00
 Events:
        4000           0
 Iteration  3   Mean: 0.2422E+10 Abs mean: 0.2422E+10   Fluctuation:  0.363E+08   0.464E+11    79.9%
  3    0.2422E+10 0.2422E+10 +- 0.3634E+08      1.34
 Relative summed weights:
  0.1000E+01  0.0000E+00
 Relative number of events:
  0.1000E+01  0.0000E+00
 Events:
        8000           0
 Found          978  events.
 Wrote          973  events.
 Actual xsec    2416740097.6122060     
 Correct abs xsec    2416740097.6122060     
 Event xsec    2416740097.6121998     
 Events wgts > 1:            9
 % Cross section > 1:    8510734.5452519190       0.35215762562390301     
 Checking number of events   13335.571858624153              973  chi2:   0.14062480364716901     
 Found          978  events.
 Wrote          973  events.
 Actual xsec    2416740097.6122060     
 Correct abs xsec    2416740097.6122060     
 Event xsec    2416740097.6121998     
 Events wgts > 1:            9
 % Cross section > 1:    8510734.5452519190       0.35215762562390301     
 Iteration  4   Mean: 0.2434E+10 Abs mean: 0.2434E+10   Fluctuation:  0.225E+08   0.270E+11    77.3%
  4    0.2434E+10 0.2434E+10 +- 0.2247E+08      1.17
 Relative summed weights:
  0.1000E+01  0.0000E+00
 Relative number of events:
  0.1000E+01  0.0000E+00
 Events:
       16000           0
 Found         2096  events.
 Wrote         2093  events.
 Actual xsec    2427844234.1399479     
 Correct abs xsec    2427844234.1399479     
 Event xsec    2427844234.1398287     
 Events wgts > 1:            5
 % Cross section > 1:    1570384.5931240777       6.46822630151334954E-002
 Checking number of events   13396.844483984234             2093  chi2:   0.20991491675338891     
 Found         2096  events.
 Wrote         2093  events.
 Actual xsec    2427844234.1399479     
 Correct abs xsec    2427844234.1399479     
 Event xsec    2427844234.1398287     
 Events wgts > 1:            5
 % Cross section > 1:    1570384.5931240777       6.46822630151334954E-002
 Iteration  5   Mean: 0.2415E+10 Abs mean: 0.2415E+10   Fluctuation:  0.150E+08   0.396E+11    74.1%
  5    0.2415E+10 0.2415E+10 +- 0.1498E+08      1.11
 Relative summed weights:
  0.1000E+01  0.0000E+00
 Relative number of events:
  0.1000E+01  0.0000E+00
 Events:
       32000           0
 Found         4257  events.
 Wrote         4253  events.
 Actual xsec    2421170188.5987206     
 Correct abs xsec    2421170188.5987206     
 Event xsec    2421170188.5988774     
 Events wgts > 1:           15
 % Cross section > 1:    2769836.0595416604       0.11440071716497363     
 Checking number of events   13360.017100687741             4253  chi2:   0.24812206725034958     
 Found         4257  events.
 Wrote         4253  events.
 Actual xsec    2421170188.5987206     
 Correct abs xsec    2421170188.5987206     
 Event xsec    2421170188.5988774     
 Events wgts > 1:           15
 % Cross section > 1:    2769836.0595416604       0.11440071716497363     
 Iteration  6   Mean: 0.2407E+10 Abs mean: 0.2407E+10   Fluctuation:  0.108E+08   0.123E+12    71.3%
  6    0.2407E+10 0.2407E+10 +- 0.1076E+08      1.13
 Relative summed weights:
  0.1000E+01  0.0000E+00
 Relative number of events:
  0.1000E+01  0.0000E+00
 Events:
       64000           0
 Found         8855  events.
 Wrote         8851  events.
 Actual xsec    2412940991.5777407     
 Correct abs xsec    2412940991.5777407     
 Event xsec    2412940991.5772166     
 Events wgts > 1:           53
 % Cross section > 1:    9343636.4395314977       0.38723020878451064     
 Checking number of events   13314.608391525973             8851  chi2:   0.62476474068834942     
 Found         8855  events.
 Wrote         8851  events.
 Actual xsec    2412940991.5777407     
 Correct abs xsec    2412940991.5777407     
 Event xsec    2412940991.5772166     
 Events wgts > 1:           53
 % Cross section > 1:    9343636.4395314977       0.38723020878451064     
 Iteration  7   Mean: 0.2418E+10 Abs mean: 0.2418E+10   Fluctuation:  0.750E+07   0.130E+12    69.4%
  7    0.2418E+10 0.2418E+10 +- 0.7502E+07      1.11
 Relative summed weights:
  0.1000E+01  0.0000E+00
 Relative number of events:
  0.1000E+01  0.0000E+00
 Events:
      128000           0
 Found        18487  events.
 Wrote        18482  events.
 Actual xsec    2414503929.6944933     
 Correct abs xsec    2414503929.6944933     
 Event xsec    2414503929.6936798     
 Events wgts > 1:          124
 % Cross section > 1:    7674668.0047369404       0.31785692747704913     
 Checking number of events   13323.232684054215            18482  chi2:   0.37139218199827662     

 -------------------------------------------------------------------------------
 Accumulated results:   Integral =  0.2416E+10
                        Std dev  =  0.5436E+07
                       Cross sec =  0.2931E+00
             Chi**2 per DoF.     =
-------------------------------------------------
---------------------------
 Results Last   3 iters: Integral =   0.2415E+10
                     Abs integral =   0.2415E+10
                          Std dev =   0.5693E+07
                  Chi**2 per DoF. =      0.3714
-------------------------------------------------
---------------------------
 Status -5.51800000000000036E-006           8           9
 We found enough events       18482   13323.232684054215     

ls status:
events.lhe
ftn25
ftn26
input_sg.txt
moffset.dat
results.dat
run_01_ftn26.gz
run_01_log.txt
run_01_results.dat
run_03_ftn26.gz
run_03_log.txt
run_03_results.dat
run_07_ftn26.gz
run_07_log.txt
run_07_results.dat
run1_app.log
