 Process in group number            0
 No PDF is used, alpha_s(MZ) from param_card is used
 Value of alpha_s from param_card:   0.11800000071525575     
 The default order of alpha_s running is fixed to            2
 *****************************************************
 *               MadGraph/MadEvent                   *
 *        --------------------------------           *
 *          http://madgraph.hep.uiuc.edu             *
 *          http://madgraph.phys.ucl.ac.be           *
 *          http://madgraph.roma2.infn.it            *
 *        --------------------------------           *
 *                                                   *
 *          PARAMETER AND COUPLING VALUES            *
 *                                                   *
 *****************************************************

  External Params
  ---------------------------------
  
 aEWM1 =    132.50700378417969     
 mdl_Gf =   1.16639000000000003E-005
 aS =   0.11800000071525575     
 mdl_ymb =    4.6999998092651367     
 mdl_ymt =    173.00000000000000     
 mdl_yme =   5.10999991092830896E-004
 mdl_ymm =   0.10565999895334244     
 mdl_ymtau =    1.7769999504089355     
 mdl_MZ =    91.188003540039063     
 mdl_MT =    173.00000000000000     
 mdl_MB =    4.6999998092651367     
 mdl_MH =    125.00000000000000     
 mdl_Me =   5.10999991092830896E-004
 mdl_MM =   0.10565999895334244     
 mdl_MTA =    1.7769999504089355     
 mdl_WZ =    2.4414041042327881     
 mdl_WW =    2.0476000308990479     
 mdl_WT =    1.4915000200271606     
 mdl_WH =   6.38233916833996773E-003
 mdl_WTau =   2.26999999999999982E-012
  Internal Params
  ---------------------------------
  
 mdl_conjg__CKM3x3 =    1.0000000000000000     
 mdl_CKM3x3 =    1.0000000000000000     
 mdl_conjg__CKM1x1 =    1.0000000000000000     
 mdl_complexi =  (  0.0000000000000000     ,  1.0000000000000000     )
 mdl_MZ__exp__2 =    8315.2519896181766     
 mdl_MZ__exp__4 =    69143415.650849044     
 mdl_sqrt__2 =    1.4142135623730951     
 mdl_MH__exp__2 =    15625.000000000000     
 mdl_aEW =   7.54677089845565054E-003
 mdl_MW =    80.419007276179556     
 mdl_sqrt__aEW =   8.68721526063194194E-002
 mdl_ee =   0.30795376284704501     
 mdl_MW__exp__2 =    6467.2167312862202     
 mdl_sw2 =   0.22224645274001076     
 mdl_cw =   0.88190336616887299     
 mdl_sqrt__sw2 =   0.47143022043565552     
 mdl_sw =   0.47143022043565552     
 mdl_g1 =   0.34919218438279087     
 mdl_gw =   0.65323296958447097     
 mdl_vev =    246.21845810181631     
 mdl_vev__exp__2 =    60623.529110035874     
 mdl_lam =   0.12886910601690271     
 mdl_yb =   2.69955531549349904E-002
 mdl_ye =   2.93504850670934038E-006
 mdl_ym =   6.06883028478528356E-004
 mdl_yt =   0.99366614581500645     
 mdl_ytau =   1.02066167158167895E-002
 mdl_muH =    88.388347648318444     
 mdl_I1x33 =  ( 2.69955531549349904E-002,  0.0000000000000000     )
 mdl_I2x33 =  ( 0.99366614581500645     ,  0.0000000000000000     )
 mdl_I3x33 =  ( 0.99366614581500645     ,  0.0000000000000000     )
 mdl_I4x33 =  ( 2.69955531549349904E-002,  0.0000000000000000     )
 mdl_ee__exp__2 =   9.48355200516540348E-002
 mdl_sw__exp__2 =   0.22224645274001076     
 mdl_cw__exp__2 =   0.77775354725998924     
  Internal Params evaluated point by point
  ----------------------------------------
  
 mdl_sqrt__aS =   0.34351128178744839     
 mdl_G__exp__2 =    1.4828317414825511     
  Couplings of sm-lepton_masses
  ---------------------------------
  
         GC_3 =  -0.00000E+00  -0.30795E+00

 Collider parameters:
 --------------------

 Running at e e   machine @   7.00000000000000067E-002  GeV
 PDF set = none   
 alpha_s(Mz)= 0.1180 running at 2 loops.
 alpha_s(Mz)= 0.1180 running at 2 loops.
 Renormalization scale fixed @    91.188000000000002     
 Factorization scales  fixed @    91.188000000000002        91.188000000000002     


 getting user params
Enter number of events and max and min iterations: 
 Number of events and iterations         2000           9           3
Enter desired fractional accuracy: 
 Desired fractional accuracy:  -1.20039999999999996E-004
Enter 0 for fixed, 2 for adjustable grid: 
Suppress amplitude (0 no, 1 yes)? 
 Using suppressed amplitude.
Exact helicity sum (0 yes, n = number/event)? 
 Explicitly summing over helicities
Enter Configuration Number: 
Running Configuration Number:    1
 Not subdividing B.W.
 Attempting mappinvarients           1           5
 Completed mapping           5
 about to integrate            5        2000           9           3           5           1
 Using non-zero grid deformation.
  5 dimensions   2000 events  5 invarients  9 iterations  1 config(s),  (0.99)
 Using h-tuple random number sequence.
 Error opening grid
 Using Uniform Grid!
 Using uniform alpha   1.0000000000000000     
 Grid defined OK
 Set CM energy to          0.07
 Mapping Graph           1  to config           1
Setting grid   1    0.18367E-04   1
Setting grid   2    0.18367E-04   1
 Masses: 0.511E-03 0.511E-03 0.000E+00 0.000E+00 0.000E+00
   1   1   2   3   4   5
 Got moffset           3
Using random seed offsets     1 :      1
  with seed                  192
 Ranmar initialization seeds       25284       19044
  Particle       3       4       5
      Et >     0.0     0.0     0.0
       E >     0.0     0.0     0.0
     Eta <    -1.0    -1.0    -1.0
   xqcut:      0.0     0.0     0.0
d R # 3  >    -0.0     0.0     0.0
d R # 4  >    -0.0    -0.0     0.0
s min # 3>     0.0     0.0     0.0
s min # 4>     0.0     0.0     0.0
xqcutij # 3>     0.0     0.0     0.0
xqcutij # 4>     0.0     0.0     0.0
 alpha_s for scale    91.188000000000002       is   0.11800000071525575     
 Added good helicity            1  3.80640675240959681E-002  in event            1
 Added good helicity            2  8.92120894113282372E-004  in event            1
 Added good helicity            3  0.26143074790274573       in event            1
 Added good helicity            4  7.80943463454986960E-005  in event            1
 Added good helicity            5   5.2551941110661371       in event            1
 Added good helicity            6  6.13133274580033812E-005  in event            1
 Added good helicity           10  2.31086320630191078E-002  in event            1
 Added good helicity           11  8.66943833291224271E-003  in event            1
 Added good helicity           12  0.52149341503228841       in event            1
 Added good helicity           13  0.24645391511911022       in event            1
 Added good helicity           14   9.6445541438080316       in event            1
 Added good helicity           19   9.6445541438080316       in event            1
 Added good helicity           20  0.24645391511911002       in event            1
 Added good helicity           21  0.52149341503228841       in event            1
 Added good helicity           22  8.66943833291224271E-003  in event            1
 Added good helicity           23  2.31086320630191078E-002  in event            1
 Added good helicity           27  6.13133274580034084E-005  in event            1
 Added good helicity           28   5.2551941110661371       in event            1
 Added good helicity           29  7.80943463454986960E-005  in event            1
 Added good helicity           30  0.26143074790274579       in event            1
 Added good helicity           31  8.92120894113282805E-004  in event            1
 Added good helicity           32  3.80640675240958987E-002  in event            1
 Added good helicity            7  2.19246123082472228E-004  in event            2
 Added good helicity           15  0.66172903565097574       in event            2
 Added good helicity           18  0.66172903565097574       in event            2
 Added good helicity           26  2.19246123082472282E-004  in event            2
 Iteration  1   Mean: 0.3204E+08 Abs mean: 0.3204E+08   Fluctuation:  0.189E+07   0.170E+10    99.2%
  1    0.3204E+08 0.3204E+08 +- 0.1886E+07      2.63
 Writing out events   1794.3394102307968        2.6326743644556037     
 Relative summed weights:
  0.1924E+00  0.0000E+00
  0.1724E+00  0.0000E+00
  0.1876E+00  0.0000E+00
  0.1611E+00  0.0000E+00
  0.1510E+00  0.0000E+00
  0.1355E+00  0.0000E+00
 Relative number of events:
  0.1725E+00  0.0000E+00
  0.1520E+00  0.0000E+00
  0.1570E+00  0.0000E+00
  0.1735E+00  0.0000E+00
  0.1785E+00  0.0000E+00
  0.1665E+00  0.0000E+00
 Events:
         345           0
         304           0
         314           0
         347           0
         357           0
         333           0
 Iteration  2   Mean: 0.5831E+08 Abs mean: 0.5831E+08   Fluctuation:  0.224E+08   0.893E+11    97.6%
  2    0.5831E+08 0.5831E+08 +- 0.2240E+08     24.29
 Relative summed weights:
  0.1091E+00  0.0000E+00
  0.1014E+00  0.0000E+00
  0.8677E-01  0.0000E+00
  0.1011E+00  0.0000E+00
  0.1159E+00  0.0000E+00
  0.4857E+00  0.0000E+00
 Relative number of events:
  0.1720E+00  0.0000E+00
  0.1663E+00  0.0000E+00
  0.1623E+00  0.0000E+00
  0.1628E+00  0.0000E+00
  0.1695E+00  0.0000E+00
  0.1673E+00  0.0000E+00
 Events:
         688           0
         665           0
         649           0
         651           0
         678           0
         669           0
 Iteration  3   Mean: 0.3984E+08 Abs mean: 0.3984E+08   Fluctuation:  0.118E+07   0.459E+10    98.0%
  3    0.3984E+08 0.3984E+08 +- 0.1176E+07      2.64
 Relative summed weights:
  0.1655E+00  0.0000E+00
  0.1798E+00  0.0000E+00
  0.1855E+00  0.0000E+00
  0.1581E+00  0.0000E+00
  0.1565E+00  0.0000E+00
  0.1546E+00  0.0000E+00
 Relative number of events:
  0.1615E+00  0.0000E+00
  0.1674E+00  0.0000E+00
  0.1766E+00  0.0000E+00
  0.1684E+00  0.0000E+00
  0.1609E+00  0.0000E+00
  0.1653E+00  0.0000E+00
 Events:
        1292           0
        1339           0
        1413           0
        1347           0
        1287           0
        1322           0
 Found          541  events.
 Wrote           71  events.
 Actual xsec    38366250.305586316     
 Correct abs xsec    38366250.305586316     
 Event xsec    38366250.305586331     
 Events wgts > 1:            1
 % Cross section > 1:    102149.13191480469       0.26624736871909327     
 Checking number of events   4605.4846866825810               71  chi2:    6.8009753647994380     
 Found          541  events.
 Wrote          106  events.
 Actual xsec    38366250.305586316     
 Correct abs xsec    38366250.305586316     
 Event xsec    38366250.305586338     
 Events wgts > 1:            1
 % Cross section > 1:    68480.847753621289       0.17849241770611632     
 Iteration  4   Mean: 0.4276E+08 Abs mean: 0.4276E+08   Fluctuation:  0.120E+07   0.121E+11    97.4%
  4    0.4276E+08 0.4276E+08 +- 0.1199E+07      3.55
 Relative summed weights:
  0.1567E+00  0.0000E+00
  0.1603E+00  0.0000E+00
  0.1711E+00  0.0000E+00
  0.1736E+00  0.0000E+00
  0.1698E+00  0.0000E+00
  0.1685E+00  0.0000E+00
 Relative number of events:
  0.1678E+00  0.0000E+00
  0.1616E+00  0.0000E+00
  0.1687E+00  0.0000E+00
  0.1688E+00  0.0000E+00
  0.1639E+00  0.0000E+00
  0.1693E+00  0.0000E+00
 Events:
        2685           0
        2586           0
        2699           0
        2700           0
        2622           0
        2708           0
 Found         1563  events.
 Wrote          112  events.
 Actual xsec    41421155.601386487     
 Correct abs xsec    41421155.601386487     
 Event xsec    41421155.601386517     
 Events wgts > 1:            2
 % Cross section > 1:    333765.32712452690       0.80578468243738366     
 Checking number of events   4972.1955183904338              112  chi2:    1.8149194277967555     
 Found         1563  events.
 Wrote           98  events.
 Actual xsec    41421155.601386487     
 Correct abs xsec    41421155.601386487     
 Event xsec    41421155.601386510     
 Events wgts > 1:            2
 % Cross section > 1:    381007.50241468864       0.91983793518772561     
 Iteration  5   Mean: 0.4260E+08 Abs mean: 0.4260E+08   Fluctuation:  0.550E+06   0.502E+10    97.2%
  5    0.4260E+08 0.4260E+08 +- 0.5496E+06      2.31
 Relative summed weights:
  0.1623E+00  0.0000E+00
  0.1670E+00  0.0000E+00
  0.1679E+00  0.0000E+00
  0.1666E+00  0.0000E+00
  0.1714E+00  0.0000E+00
  0.1647E+00  0.0000E+00
 Relative number of events:
  0.1650E+00  0.0000E+00
  0.1677E+00  0.0000E+00
  0.1671E+00  0.0000E+00
  0.1650E+00  0.0000E+00
  0.1698E+00  0.0000E+00
  0.1655E+00  0.0000E+00
 Events:
        5280           0
        5367           0
        5347           0
        5279           0
        5432           0
        5295           0
 Found         3045  events.
 Wrote          597  events.
 Actual xsec    42245714.520301901     
 Correct abs xsec    42245714.520301901     
 Event xsec    42245714.520301752     
 Events wgts > 1:           12
 % Cross section > 1:    395367.08908969490       0.93587501970098264     
 Checking number of events   5071.1755710170401              597  chi2:    2.3935677903792829     
 Found         3045  events.
 Wrote          590  events.
 Actual xsec    42245714.520301901     
 Correct abs xsec    42245714.520301901     
 Event xsec    42245714.520301536     
 Events wgts > 1:           12
 % Cross section > 1:    400013.46915866935       0.94687348456714937     
 Iteration  6   Mean: 0.4141E+08 Abs mean: 0.4141E+08   Fluctuation:  0.298E+06   0.372E+10    97.0%
  6    0.4141E+08 0.4141E+08 +- 0.2979E+06      1.82
 Relative summed weights:
  0.1665E+00  0.0000E+00
  0.1639E+00  0.0000E+00
  0.1623E+00  0.0000E+00
  0.1704E+00  0.0000E+00
  0.1713E+00  0.0000E+00
  0.1656E+00  0.0000E+00
 Relative number of events:
  0.1665E+00  0.0000E+00
  0.1644E+00  0.0000E+00
  0.1658E+00  0.0000E+00
  0.1695E+00  0.0000E+00
  0.1680E+00  0.0000E+00
  0.1657E+00  0.0000E+00
 Events:
       10659           0
       10522           0
       10613           0
       10848           0
       10754           0
       10604           0
 Found         6029  events.
 Wrote         1918  events.
 Actual xsec    41743104.641634248     
 Correct abs xsec    41743104.641634248     
 Event xsec    41743104.641631596     
 Events wgts > 1:           45
 % Cross section > 1:    422177.19230929349        1.0113698919467626     
 Checking number of events   5010.8422811817754             1918  chi2:    2.1894840166229148     
 Found         6029  events.
 Wrote         1976  events.
 Actual xsec    41743104.641634248     
 Correct abs xsec    41743104.641634248     
 Event xsec    41743104.641632199     
 Events wgts > 1:           45
 % Cross section > 1:    409907.03647653537       0.98197544240089274     
 Iteration  7   Mean: 0.4140E+08 Abs mean: 0.4140E+08   Fluctuation:  0.192E+06   0.387E+10    96.9%
  7    0.4140E+08 0.4140E+08 +- 0.1920E+06      1.66
 Relative summed weights:
  0.1655E+00  0.0000E+00
  0.1647E+00  0.0000E+00
  0.1682E+00  0.0000E+00
  0.1649E+00  0.0000E+00
  0.1687E+00  0.0000E+00
  0.1680E+00  0.0000E+00
 Relative number of events:
  0.1667E+00  0.0000E+00
  0.1651E+00  0.0000E+00
  0.1678E+00  0.0000E+00
  0.1662E+00  0.0000E+00
  0.1670E+00  0.0000E+00
  0.1673E+00  0.0000E+00
 Events:
       21335           0
       21127           0
       21480           0
       21277           0
       21371           0
       21410           0
 Found        12737  events.
 Wrote         4635  events.
 Actual xsec    41503059.112881400     
 Correct abs xsec    41503059.112881400     
 Event xsec    41503059.112882562     
 Events wgts > 1:           99
 % Cross section > 1:    415582.01860746904        1.0013286429733859     
 Checking number of events   4982.0272159102833             4635  chi2:    2.1726966215966548     
 Found        12737  events.
 Wrote         4627  events.
 Actual xsec    41503059.112881400     
 Correct abs xsec    41503059.112881400     
 Event xsec    41503059.112887435     
 Events wgts > 1:           99
 % Cross section > 1:    416293.34526249749        1.0030425567671735     
 Iteration  8   Mean: 0.4166E+08 Abs mean: 0.4166E+08   Fluctuation:  0.133E+06   0.482E+10    96.7%
  8    0.4166E+08 0.4166E+08 +- 0.1326E+06      1.61
 Relative summed weights:
  0.1656E+00  0.0000E+00
  0.1685E+00  0.0000E+00
  0.1671E+00  0.0000E+00
  0.1668E+00  0.0000E+00
  0.1666E+00  0.0000E+00
  0.1655E+00  0.0000E+00
 Relative number of events:
  0.1661E+00  0.0000E+00
  0.1673E+00  0.0000E+00
  0.1666E+00  0.0000E+00
  0.1679E+00  0.0000E+00
  0.1661E+00  0.0000E+00
  0.1661E+00  0.0000E+00
 Events:
       42524           0
       42816           0
       42656           0
       42977           0
       42510           0
       42517           0
 Found        25737  events.
 Wrote        10393  events.
 Actual xsec    41558972.500709385     
 Correct abs xsec    41558972.500709385     
 Event xsec    41558972.500711858     
 Events wgts > 1:          208
 % Cross section > 1:    415589.62224323448       0.99999975272756292     
 Checking number of events   4988.7390589851548            10393  chi2:   0.77303094376249193     

 -------------------------------------------------------------------------------
 Accumulated results:   Integral =  0.4158E+08
                        Std dev  =  0.9991E+05
                       Cross sec =  0.3500E+01
             Chi**2 per DoF.     =
-------------------------------------------------
---------------------------
 Results Last   3 iters: Integral =   0.4156E+08
                     Abs integral =   0.4156E+08
                          Std dev =   0.1025E+06
                  Chi**2 per DoF. =      0.7730
-------------------------------------------------
---------------------------
 Status -1.20039999999999996E-004           9           9
 We found enough events       10393   4988.7390589851548     

ls status:
events.lhe
ftn25
ftn26
input_sg.txt
moffset.dat
results.dat
run_01_ftn26.gz
run_01_log.txt
run_01_results.dat
run_02_ftn26.gz
run_02_log.txt
run_02_results.dat
run_03_ftn26.gz
run_03_log.txt
run_03_results.dat
run_04_ftn26.gz
run_04_log.txt
run_04_results.dat
run_05_ftn26.gz
run_05_log.txt
run_05_results.dat
run_07_ftn26.gz
run_07_log.txt
run_07_results.dat
run_08_ftn26.gz
run_08_log.txt
run_08_results.dat
run1_app.log
