 Process in group number            0
 No PDF is used, alpha_s(MZ) from param_card is used
 Value of alpha_s from param_card:   0.11800000071525575     
 The default order of alpha_s running is fixed to            2
 *****************************************************
 *               MadGraph/MadEvent                   *
 *        --------------------------------           *
 *          http://madgraph.hep.uiuc.edu             *
 *          http://madgraph.phys.ucl.ac.be           *
 *          http://madgraph.roma2.infn.it            *
 *        --------------------------------           *
 *                                                   *
 *          PARAMETER AND COUPLING VALUES            *
 *                                                   *
 *****************************************************

  External Params
  ---------------------------------
  
 aEWM1 =    132.50700378417969     
 mdl_Gf =   1.16639000000000003E-005
 aS =   0.11800000071525575     
 mdl_ymb =    4.6999998092651367     
 mdl_ymt =    173.00000000000000     
 mdl_yme =   5.10999991092830896E-004
 mdl_ymm =   0.10565999895334244     
 mdl_ymtau =    1.7769999504089355     
 mdl_MZ =    91.188003540039063     
 mdl_MT =    173.00000000000000     
 mdl_MB =    4.6999998092651367     
 mdl_MH =    125.00000000000000     
 mdl_Me =   5.10999991092830896E-004
 mdl_MM =   0.10565999895334244     
 mdl_MTA =    1.7769999504089355     
 mdl_WZ =    2.4414041042327881     
 mdl_WW =    2.0476000308990479     
 mdl_WT =    1.4915000200271606     
 mdl_WH =   6.38233916833996773E-003
 mdl_WTau =   2.26999999999999982E-012
  Internal Params
  ---------------------------------
  
 mdl_conjg__CKM3x3 =    1.0000000000000000     
 mdl_CKM3x3 =    1.0000000000000000     
 mdl_conjg__CKM1x1 =    1.0000000000000000     
 mdl_complexi =  (  0.0000000000000000     ,  1.0000000000000000     )
 mdl_MZ__exp__2 =    8315.2519896181766     
 mdl_MZ__exp__4 =    69143415.650849044     
 mdl_sqrt__2 =    1.4142135623730951     
 mdl_MH__exp__2 =    15625.000000000000     
 mdl_aEW =   7.54677089845565054E-003
 mdl_MW =    80.419007276179556     
 mdl_sqrt__aEW =   8.68721526063194194E-002
 mdl_ee =   0.30795376284704501     
 mdl_MW__exp__2 =    6467.2167312862202     
 mdl_sw2 =   0.22224645274001076     
 mdl_cw =   0.88190336616887299     
 mdl_sqrt__sw2 =   0.47143022043565552     
 mdl_sw =   0.47143022043565552     
 mdl_g1 =   0.34919218438279087     
 mdl_gw =   0.65323296958447097     
 mdl_vev =    246.21845810181631     
 mdl_vev__exp__2 =    60623.529110035874     
 mdl_lam =   0.12886910601690271     
 mdl_yb =   2.69955531549349904E-002
 mdl_ye =   2.93504850670934038E-006
 mdl_ym =   6.06883028478528356E-004
 mdl_yt =   0.99366614581500645     
 mdl_ytau =   1.02066167158167895E-002
 mdl_muH =    88.388347648318444     
 mdl_I1x33 =  ( 2.69955531549349904E-002,  0.0000000000000000     )
 mdl_I2x33 =  ( 0.99366614581500645     ,  0.0000000000000000     )
 mdl_I3x33 =  ( 0.99366614581500645     ,  0.0000000000000000     )
 mdl_I4x33 =  ( 2.69955531549349904E-002,  0.0000000000000000     )
 mdl_ee__exp__2 =   9.48355200516540348E-002
 mdl_sw__exp__2 =   0.22224645274001076     
 mdl_cw__exp__2 =   0.77775354725998924     
  Internal Params evaluated point by point
  ----------------------------------------
  
 mdl_sqrt__aS =   0.34351128178744839     
 mdl_G__exp__2 =    1.4828317414825511     
  Couplings of sm-lepton_masses
  ---------------------------------
  
         GC_3 =  -0.00000E+00  -0.30795E+00

 Collider parameters:
 --------------------

 Running at e e   machine @   7.00000000000000067E-002  GeV
 PDF set = none   
 alpha_s(Mz)= 0.1180 running at 2 loops.
 alpha_s(Mz)= 0.1180 running at 2 loops.
 Renormalization scale fixed @    91.188000000000002     
 Factorization scales  fixed @    91.188000000000002        91.188000000000002     


 getting user params
Enter number of events and max and min iterations: 
 Number of events and iterations         2000           9           3
Enter desired fractional accuracy: 
 Desired fractional accuracy:  -1.20039999999999996E-004
Enter 0 for fixed, 2 for adjustable grid: 
Suppress amplitude (0 no, 1 yes)? 
 Using suppressed amplitude.
Exact helicity sum (0 yes, n = number/event)? 
 Explicitly summing over helicities
Enter Configuration Number: 
Running Configuration Number:    1
 Not subdividing B.W.
 Attempting mappinvarients           1           5
 Completed mapping           5
 about to integrate            5        2000           9           3           5           1
 Using non-zero grid deformation.
  5 dimensions   2000 events  5 invarients  9 iterations  1 config(s),  (0.99)
 Using h-tuple random number sequence.
 Error opening grid
 Using Uniform Grid!
 Using uniform alpha   1.0000000000000000     
 Grid defined OK
 Set CM energy to          0.07
 Mapping Graph           1  to config           1
Setting grid   1    0.18367E-04   1
Setting grid   2    0.18367E-04   1
 Masses: 0.511E-03 0.511E-03 0.000E+00 0.000E+00 0.000E+00
   1   1   2   3   4   5
 Got moffset          14
Using random seed offsets     1 :      1
  with seed                  192
 Ranmar initialization seeds       25284       23690
  Particle       3       4       5
      Et >     0.0     0.0     0.0
       E >     0.0     0.0     0.0
     Eta <    -1.0    -1.0    -1.0
   xqcut:      0.0     0.0     0.0
d R # 3  >    -0.0     0.0     0.0
d R # 4  >    -0.0    -0.0     0.0
s min # 3>     0.0     0.0     0.0
s min # 4>     0.0     0.0     0.0
xqcutij # 3>     0.0     0.0     0.0
xqcutij # 4>     0.0     0.0     0.0
 alpha_s for scale    91.188000000000002       is   0.11800000071525575     
 Added good helicity            1  3.29566946001647321E-002  in event            1
 Added good helicity            2  3.19111142694349023E-002  in event            1
 Added good helicity            3  1.84894339796110268E-003  in event            1
 Added good helicity            4  4.39323362996586791E-005  in event            1
 Added good helicity            5  2.65526853845553972E-004  in event            1
 Added good helicity            6  3.69044608899200103E-005  in event            1
 Added good helicity            7  2.21203743362078052E-005  in event            1
 Added good helicity           10  2.77900683076397446E-002  in event            1
 Added good helicity           11  5.02173030733301436E-003  in event            1
 Added good helicity           12  4.45618807433007490E-003  in event            1
 Added good helicity           13   9.5347310520349478       in event            1
 Added good helicity           14   5.9724658812605309       in event            1
 Added good helicity           15  0.38844984362867352       in event            1
 Added good helicity           18  0.38844984362867352       in event            1
 Added good helicity           19   5.9724658812605291       in event            1
 Added good helicity           20   9.5347310520349478       in event            1
 Added good helicity           21  4.45618807433007490E-003  in event            1
 Added good helicity           22  5.02173030733301436E-003  in event            1
 Added good helicity           23  2.77900683076397446E-002  in event            1
 Added good helicity           26  2.21203743362078052E-005  in event            1
 Added good helicity           27  3.69044608899200103E-005  in event            1
 Added good helicity           28  2.65526853845554026E-004  in event            1
 Added good helicity           29  4.39323362996586791E-005  in event            1
 Added good helicity           30  1.84894339796110268E-003  in event            1
 Added good helicity           31  3.19111142694349023E-002  in event            1
 Added good helicity           32  3.29566946001647321E-002  in event            1
 Iteration  1   Mean: 0.4070E+08 Abs mean: 0.4070E+08   Fluctuation:  0.597E+07   0.920E+10    99.0%
  1    0.4070E+08 0.4070E+08 +- 0.5970E+07      6.56
 Writing out events   2283.7358577818040        6.5599377562752590     
 Relative summed weights:
  0.1210E+00  0.0000E+00
  0.1862E+00  0.0000E+00
  0.1200E+00  0.0000E+00
  0.1921E+00  0.0000E+00
  0.1240E+00  0.0000E+00
  0.2567E+00  0.0000E+00
 Relative number of events:
  0.1635E+00  0.0000E+00
  0.1820E+00  0.0000E+00
  0.1675E+00  0.0000E+00
  0.1505E+00  0.0000E+00
  0.1630E+00  0.0000E+00
  0.1735E+00  0.0000E+00
 Events:
         327           0
         364           0
         335           0
         301           0
         326           0
         347           0
 Iteration  2   Mean: 0.9448E+08 Abs mean: 0.9448E+08   Fluctuation:  0.581E+08   0.232E+12    96.8%
  2    0.9448E+08 0.9448E+08 +- 0.5809E+08     38.89
 Relative summed weights:
  0.6152E-01  0.0000E+00
  0.6545E-01  0.0000E+00
  0.6883E+00  0.0000E+00
  0.6638E-01  0.0000E+00
  0.5326E-01  0.0000E+00
  0.6508E-01  0.0000E+00
 Relative number of events:
  0.1618E+00  0.0000E+00
  0.1653E+00  0.0000E+00
  0.1650E+00  0.0000E+00
  0.1703E+00  0.0000E+00
  0.1653E+00  0.0000E+00
  0.1725E+00  0.0000E+00
 Events:
         647           0
         661           0
         660           0
         681           0
         661           0
         690           0
 Iteration  3   Mean: 0.4145E+08 Abs mean: 0.4145E+08   Fluctuation:  0.171E+07   0.780E+10    97.2%
  3    0.4145E+08 0.4145E+08 +- 0.1711E+07      3.69
 Relative summed weights:
  0.1415E+00  0.0000E+00
  0.1939E+00  0.0000E+00
  0.1703E+00  0.0000E+00
  0.1677E+00  0.0000E+00
  0.1340E+00  0.0000E+00
  0.1927E+00  0.0000E+00
 Relative number of events:
  0.1643E+00  0.0000E+00
  0.1766E+00  0.0000E+00
  0.1658E+00  0.0000E+00
  0.1665E+00  0.0000E+00
  0.1643E+00  0.0000E+00
  0.1626E+00  0.0000E+00
 Events:
        1314           0
        1413           0
        1326           0
        1332           0
        1314           0
        1301           0
 Found          353  events.
 Wrote           63  events.
 Actual xsec    41611730.643971935     
 Correct abs xsec    41611730.643971935     
 Event xsec    41611730.643971913     
 Events wgts > 1:            2
 % Cross section > 1:    373816.26359610097       0.89834346664034725     
 Checking number of events   4995.0721465023908               63  chi2:   0.43051551391264697     
 Found          353  events.
 Wrote           66  events.
 Actual xsec    41611730.643971935     
 Correct abs xsec    41611730.643971935     
 Event xsec    41611730.643971987     
 Events wgts > 1:            2
 % Cross section > 1:    356970.37980013143       0.85785996947436105     
 Iteration  4   Mean: 0.4180E+08 Abs mean: 0.4180E+08   Fluctuation:  0.854E+06   0.591E+10    96.9%
  4    0.4180E+08 0.4180E+08 +- 0.8542E+06      2.58
 Relative summed weights:
  0.1579E+00  0.0000E+00
  0.1595E+00  0.0000E+00
  0.1600E+00  0.0000E+00
  0.1937E+00  0.0000E+00
  0.1658E+00  0.0000E+00
  0.1631E+00  0.0000E+00
 Relative number of events:
  0.1674E+00  0.0000E+00
  0.1626E+00  0.0000E+00
  0.1635E+00  0.0000E+00
  0.1721E+00  0.0000E+00
  0.1658E+00  0.0000E+00
  0.1686E+00  0.0000E+00
 Events:
        2679           0
        2602           0
        2616           0
        2753           0
        2653           0
        2697           0
 Found         1519  events.
 Wrote          228  events.
 Actual xsec    41780246.555583887     
 Correct abs xsec    41780246.555583887     
 Event xsec    41780246.555583954     
 Events wgts > 1:            7
 % Cross section > 1:    268708.74495346646       0.64314782009718274     
 Checking number of events   5015.3007965322895              228  chi2:   0.43102366434330625     
 Found         1519  events.
 Wrote          220  events.
 Actual xsec    41780246.555583887     
 Correct abs xsec    41780246.555583887     
 Event xsec    41780246.555583976     
 Events wgts > 1:            7
 % Cross section > 1:    278414.85862108157       0.66637916617050486     
 Iteration  5   Mean: 0.4143E+08 Abs mean: 0.4143E+08   Fluctuation:  0.480E+06   0.645E+10    96.3%
  5    0.4143E+08 0.4143E+08 +- 0.4799E+06      2.07
 Relative summed weights:
  0.1621E+00  0.0000E+00
  0.1679E+00  0.0000E+00
  0.1606E+00  0.0000E+00
  0.1690E+00  0.0000E+00
  0.1689E+00  0.0000E+00
  0.1715E+00  0.0000E+00
 Relative number of events:
  0.1650E+00  0.0000E+00
  0.1699E+00  0.0000E+00
  0.1660E+00  0.0000E+00
  0.1665E+00  0.0000E+00
  0.1658E+00  0.0000E+00
  0.1668E+00  0.0000E+00
 Events:
        5281           0
        5436           0
        5312           0
        5327           0
        5305           0
        5339           0
 Found         3126  events.
 Wrote          785  events.
 Actual xsec    41516716.536576398     
 Correct abs xsec    41516716.536576398     
 Event xsec    41516716.536576577     
 Events wgts > 1:           12
 % Cross section > 1:    387830.59132120054       0.93415526003728777     
 Checking number of events   4983.6666530506309              785  chi2:   7.37451850296932526E-002
 Found         3126  events.
 Wrote          740  events.
 Actual xsec    41516716.536576398     
 Correct abs xsec    41516716.536576398     
 Event xsec    41516716.536576308     
 Events wgts > 1:           12
 % Cross section > 1:    411181.30534661387       0.99039938523163873     
 Iteration  6   Mean: 0.4184E+08 Abs mean: 0.4184E+08   Fluctuation:  0.316E+06   0.577E+10    96.5%
  6    0.4184E+08 0.4184E+08 +- 0.3164E+06      1.91
 Relative summed weights:
  0.1637E+00  0.0000E+00
  0.1599E+00  0.0000E+00
  0.1667E+00  0.0000E+00
  0.1702E+00  0.0000E+00
  0.1671E+00  0.0000E+00
  0.1724E+00  0.0000E+00
 Relative number of events:
  0.1671E+00  0.0000E+00
  0.1648E+00  0.0000E+00
  0.1692E+00  0.0000E+00
  0.1670E+00  0.0000E+00
  0.1662E+00  0.0000E+00
  0.1657E+00  0.0000E+00
 Events:
       10694           0
       10550           0
       10828           0
       10685           0
       10637           0
       10606           0
 Found         6367  events.
 Wrote         1556  events.
 Actual xsec    41727912.681293935     
 Correct abs xsec    41727912.681293935     
 Event xsec    41727912.681293026     
 Events wgts > 1:           21
 % Cross section > 1:    402681.03888749075       0.96501601209498333     
 Checking number of events   5009.0186382625234             1556  chi2:   0.26451148843430050     
 Found         6367  events.
 Wrote         1619  events.
 Actual xsec    41727912.681293935     
 Correct abs xsec    41727912.681293935     
 Event xsec    41727912.681292109     
 Events wgts > 1:           21
 % Cross section > 1:    387156.93173012522       0.92781284002182896     
 Iteration  7   Mean: 0.4149E+08 Abs mean: 0.4149E+08   Fluctuation:  0.190E+06   0.430E+10    96.5%
  7    0.4149E+08 0.4149E+08 +- 0.1896E+06      1.64
 Relative summed weights:
  0.1680E+00  0.0000E+00
  0.1670E+00  0.0000E+00
  0.1663E+00  0.0000E+00
  0.1649E+00  0.0000E+00
  0.1668E+00  0.0000E+00
  0.1669E+00  0.0000E+00
 Relative number of events:
  0.1678E+00  0.0000E+00
  0.1668E+00  0.0000E+00
  0.1675E+00  0.0000E+00
  0.1660E+00  0.0000E+00
  0.1655E+00  0.0000E+00
  0.1664E+00  0.0000E+00
 Events:
       21478           0
       21346           0
       21441           0
       21252           0
       21181           0
       21302           0
 Found        12706  events.
 Wrote         4827  events.
 Actual xsec    41569898.277447805     
 Correct abs xsec    41569898.277447805     
 Event xsec    41569898.277452089     
 Events wgts > 1:           95
 % Cross section > 1:    414553.27590791788       0.99724390264571694     
 Checking number of events   4990.0505892248348             4827  chi2:   0.50471410594811716     
 Found        12706  events.
 Wrote         4857  events.
 Actual xsec    41569898.277447805     
 Correct abs xsec    41569898.277447805     
 Event xsec    41569898.277454138     
 Events wgts > 1:           95
 % Cross section > 1:    412018.10326742788       0.99114532471899308     
 Iteration  8   Mean: 0.4169E+08 Abs mean: 0.4169E+08   Fluctuation:  0.134E+06   0.537E+10    96.6%
  8    0.4169E+08 0.4169E+08 +- 0.1343E+06      1.63
 Relative summed weights:
  0.1661E+00  0.0000E+00
  0.1690E+00  0.0000E+00
  0.1638E+00  0.0000E+00
  0.1661E+00  0.0000E+00
  0.1689E+00  0.0000E+00
  0.1661E+00  0.0000E+00
 Relative number of events:
  0.1660E+00  0.0000E+00
  0.1678E+00  0.0000E+00
  0.1663E+00  0.0000E+00
  0.1662E+00  0.0000E+00
  0.1666E+00  0.0000E+00
  0.1670E+00  0.0000E+00
 Events:
       42496           0
       42961           0
       42583           0
       42554           0
       42645           0
       42761           0
 Found        25627  events.
 Wrote         9994  events.
 Actual xsec    41650561.691063039     
 Correct abs xsec    41650561.691063039     
 Event xsec    41650561.691070132     
 Events wgts > 1:          190
 % Cross section > 1:    417157.22039407620        1.0015644530515768     
 Checking number of events   4999.7334253952067             9994  chi2:   0.59345000664727621     

 -------------------------------------------------------------------------------
 Accumulated results:   Integral =  0.4164E+08
                        Std dev  =  0.1003E+06
                       Cross sec =  0.8167E+00
             Chi**2 per DoF.     =
-------------------------------------------------
---------------------------
 Results Last   3 iters: Integral =   0.4165E+08
                     Abs integral =   0.4165E+08
                          Std dev =   0.1035E+06
                  Chi**2 per DoF. =      0.5935
-------------------------------------------------
---------------------------
 Status -1.20039999999999996E-004           9           9
 We found enough events        9994   4999.7334253952067     

ls status:
events.lhe
ftn25
ftn26
input_sg.txt
moffset.dat
results.dat
run_01_ftn26.gz
run_01_log.txt
run_01_results.dat
run_02_ftn26.gz
run_02_log.txt
run_02_results.dat
run_03_ftn26.gz
run_03_log.txt
run_03_results.dat
run_04_ftn26.gz
run_04_log.txt
run_04_results.dat
run_05_ftn26.gz
run_05_log.txt
run_05_results.dat
run_08_ftn26.gz
run_08_log.txt
run_08_results.dat
run1_app.log
