 Process in group number            0
 No PDF is used, alpha_s(MZ) from param_card is used
 Value of alpha_s from param_card:   0.11800000071525575     
 The default order of alpha_s running is fixed to            2
 *****************************************************
 *               MadGraph/MadEvent                   *
 *        --------------------------------           *
 *          http://madgraph.hep.uiuc.edu             *
 *          http://madgraph.phys.ucl.ac.be           *
 *          http://madgraph.roma2.infn.it            *
 *        --------------------------------           *
 *                                                   *
 *          PARAMETER AND COUPLING VALUES            *
 *                                                   *
 *****************************************************

  External Params
  ---------------------------------
  
 aEWM1 =    132.50700378417969     
 mdl_Gf =   1.16639000000000003E-005
 aS =   0.11800000071525575     
 mdl_ymb =    4.6999998092651367     
 mdl_ymt =    173.00000000000000     
 mdl_yme =   5.10999991092830896E-004
 mdl_ymm =   0.10565999895334244     
 mdl_ymtau =    1.7769999504089355     
 mdl_MZ =    91.188003540039063     
 mdl_MT =    173.00000000000000     
 mdl_MB =    4.6999998092651367     
 mdl_MH =    125.00000000000000     
 mdl_Me =   5.10999991092830896E-004
 mdl_MM =   0.10565999895334244     
 mdl_MTA =    1.7769999504089355     
 mdl_WZ =    2.4414041042327881     
 mdl_WW =    2.0476000308990479     
 mdl_WT =    1.4915000200271606     
 mdl_WH =   6.38233916833996773E-003
 mdl_WTau =   2.26999999999999982E-012
  Internal Params
  ---------------------------------
  
 mdl_conjg__CKM3x3 =    1.0000000000000000     
 mdl_CKM3x3 =    1.0000000000000000     
 mdl_conjg__CKM1x1 =    1.0000000000000000     
 mdl_complexi =  (  0.0000000000000000     ,  1.0000000000000000     )
 mdl_MZ__exp__2 =    8315.2519896181766     
 mdl_MZ__exp__4 =    69143415.650849044     
 mdl_sqrt__2 =    1.4142135623730951     
 mdl_MH__exp__2 =    15625.000000000000     
 mdl_aEW =   7.54677089845565054E-003
 mdl_MW =    80.419007276179556     
 mdl_sqrt__aEW =   8.68721526063194194E-002
 mdl_ee =   0.30795376284704501     
 mdl_MW__exp__2 =    6467.2167312862202     
 mdl_sw2 =   0.22224645274001076     
 mdl_cw =   0.88190336616887299     
 mdl_sqrt__sw2 =   0.47143022043565552     
 mdl_sw =   0.47143022043565552     
 mdl_g1 =   0.34919218438279087     
 mdl_gw =   0.65323296958447097     
 mdl_vev =    246.21845810181631     
 mdl_vev__exp__2 =    60623.529110035874     
 mdl_lam =   0.12886910601690271     
 mdl_yb =   2.69955531549349904E-002
 mdl_ye =   2.93504850670934038E-006
 mdl_ym =   6.06883028478528356E-004
 mdl_yt =   0.99366614581500645     
 mdl_ytau =   1.02066167158167895E-002
 mdl_muH =    88.388347648318444     
 mdl_I1x33 =  ( 2.69955531549349904E-002,  0.0000000000000000     )
 mdl_I2x33 =  ( 0.99366614581500645     ,  0.0000000000000000     )
 mdl_I3x33 =  ( 0.99366614581500645     ,  0.0000000000000000     )
 mdl_I4x33 =  ( 2.69955531549349904E-002,  0.0000000000000000     )
 mdl_ee__exp__2 =   9.48355200516540348E-002
 mdl_sw__exp__2 =   0.22224645274001076     
 mdl_cw__exp__2 =   0.77775354725998924     
  Internal Params evaluated point by point
  ----------------------------------------
  
 mdl_sqrt__aS =   0.34351128178744839     
 mdl_G__exp__2 =    1.4828317414825511     
  Couplings of sm-lepton_masses
  ---------------------------------
  
         GC_3 =  -0.00000E+00  -0.30795E+00
        GC_50 =  -0.00000E+00  -0.28804E+00
        GC_59 =   0.00000E+00   0.82310E-01
        GC_89 =  -0.00000E+00  -0.20754E-05

 Collider parameters:
 --------------------

 Running at e e   machine @   7.00000000000000067E-002  GeV
 PDF set = none   
 alpha_s(Mz)= 0.1180 running at 2 loops.
 alpha_s(Mz)= 0.1180 running at 2 loops.
 Renormalization scale fixed @    91.188000000000002     
 Factorization scales  fixed @    91.188000000000002        91.188000000000002     


 getting user params
Enter number of events and max and min iterations: 
 Number of events and iterations         2000           9           3
Enter desired fractional accuracy: 
 Desired fractional accuracy:  -5.51800000000000036E-006
Enter 0 for fixed, 2 for adjustable grid: 
Suppress amplitude (0 no, 1 yes)? 
 Using suppressed amplitude.
Exact helicity sum (0 yes, n = number/event)? 
 Explicitly summing over helicities
Enter Configuration Number: 
Running Configuration Number:   22
 Not subdividing B.W.
 Attempting mappinvarients           1           5
 Completed mapping           5
 about to integrate            5        2000           9           3           5           1
 Using non-zero grid deformation.
  5 dimensions   2000 events  5 invarients  9 iterations  1 config(s),  (0.99)
 Using h-tuple random number sequence.
 Error opening grid
 Using Uniform Grid!
 Using uniform alpha   1.0000000000000000     
 Grid defined OK
 Set CM energy to          0.07
 Mapping Graph          22  to config          22
Setting grid   1    0.53290E-04   1
Setting grid   2    0.53290E-04   1
 Masses: 0.511E-03 0.511E-03 0.000E+00 0.511E-03 0.511E-03
  22   1   2   3   4   5
 Got moffset          10
Using random seed offsets    22 :      1
  with seed                  150
 Ranmar initialization seeds        4188       11019
  Particle       3       4       5
      Et >     0.0     0.0     0.0
       E >     0.0     0.0     0.0
     Eta <    -1.0    -1.0    -1.0
   xqcut:      0.0     0.0     0.0
d R # 3  >    -0.0     0.0     0.0
d R # 4  >    -0.0    -0.0     0.4
s min # 3>     0.0     0.0     0.0
s min # 4>     0.0     0.0     0.0
xqcutij # 3>     0.0     0.0     0.0
xqcutij # 4>     0.0     0.0     0.0
 alpha_s for scale    91.188000000000002       is   0.11800000071525575     
 Added good helicity            1   7.4808212898778494       in event            1
 Added good helicity            2  1.20570876135693044E-006  in event            1
 Added good helicity            3  5.50431856722401885E-003  in event            1
 Added good helicity            5  0.67888676376064938       in event            1
 Added good helicity            7  1.40365757519728032E-005  in event            1
 Added good helicity            9  1.54871402234127480E-006  in event            1
 Added good helicity           10   7.1488613381044006       in event            1
 Added good helicity           12  4.62868678299613225E-003  in event            1
 Added good helicity           14  0.68126641165926050       in event            1
 Added good helicity           16  1.39569866615938948E-005  in event            1
 Added good helicity           17  1.39569866811383059E-005  in event            1
 Added good helicity           19  0.68126641263234566       in event            1
 Added good helicity           21  4.62868680734066385E-003  in event            1
 Added good helicity           23   7.1488613483149352       in event            1
 Added good helicity           24  1.54871402480195061E-006  in event            1
 Added good helicity           26  1.40365757497824471E-005  in event            1
 Added good helicity           28  0.67888676376106383       in event            1
 Added good helicity           30  5.50431858738763789E-003  in event            1
 Added good helicity           31  1.20570877024564188E-006  in event            1
 Added good helicity           32   7.4808212898741919       in event            1
 Added good helicity            4  1.42473103303550761E-005  in event            3
 Added good helicity            6  3.66132425929041301E-004  in event            3
 Added good helicity           11   5.7739018874402621       in event            3
 Added good helicity           13  4.04626896075299738E-002  in event            3
 Added good helicity           15   1.4662595249977770       in event            3
 Added good helicity           18   1.4662595275490657       in event            3
 Added good helicity           20  4.04626894613345917E-002  in event            3
 Added good helicity           22   5.7739018773415838       in event            3
 Added good helicity           27  3.66132419026230242E-004  in event            3
 Added good helicity           29  1.42473103274296327E-005  in event            3
 Iteration  1   Mean: 0.2412E+10 Abs mean: 0.2412E+10   Fluctuation:  0.165E+09   0.840E+11    84.0%
  1    0.2412E+10 0.2412E+10 +- 0.1650E+09      3.06
 Writing out events   159524.94670168334        3.0587271255512105     
 Relative summed weights:
  0.1000E+01  0.0000E+00
 Relative number of events:
  0.1000E+01  0.0000E+00
 Events:
        2000           0
 Iteration  2   Mean: 0.2479E+10 Abs mean: 0.2479E+10   Fluctuation:  0.680E+08   0.351E+11    85.5%
  2    0.2479E+10 0.2479E+10 +- 0.6798E+08      1.73
 Relative summed weights:
  0.1000E+01  0.0000E+00
 Relative number of events:
  0.1000E+01  0.0000E+00
 Events:
        4000           0
 Iteration  3   Mean: 0.2475E+10 Abs mean: 0.2475E+10   Fluctuation:  0.369E+08   0.347E+11    80.4%
  3    0.2475E+10 0.2475E+10 +- 0.3689E+08      1.33
 Relative summed weights:
  0.1000E+01  0.0000E+00
 Relative number of events:
  0.1000E+01  0.0000E+00
 Events:
        8000           0
 Found          976  events.
 Wrote          971  events.
 Actual xsec    2473995952.6677413     
 Correct abs xsec    2473995952.6677413     
 Event xsec    2473995952.6677394     
 Events wgts > 1:            8
 % Cross section > 1:    4014376.3491044887       0.16226285029996670     
 Checking number of events   13651.509666820597              971  chi2:   7.42238812746896653E-002
 Found          976  events.
 Wrote          971  events.
 Actual xsec    2473995952.6677413     
 Correct abs xsec    2473995952.6677413     
 Event xsec    2473995952.6677394     
 Events wgts > 1:            8
 % Cross section > 1:    4014376.3491044887       0.16226285029996670     
 Iteration  4   Mean: 0.2412E+10 Abs mean: 0.2412E+10   Fluctuation:  0.225E+08   0.306E+11    76.8%
  4    0.2412E+10 0.2412E+10 +- 0.2254E+08      1.18
 Relative summed weights:
  0.1000E+01  0.0000E+00
 Relative number of events:
  0.1000E+01  0.0000E+00
 Events:
       16000           0
 Found         1996  events.
 Wrote         1992  events.
 Actual xsec    2433645155.3193617     
 Correct abs xsec    2433645155.3193617     
 Event xsec    2433645155.3194375     
 Events wgts > 1:            5
 % Cross section > 1:    1551287.6316360114       6.37433780452841409E-002
 Checking number of events   13428.853967052239             1992  chi2:    1.3290200477655794     
 Found         1996  events.
 Wrote         1992  events.
 Actual xsec    2433645155.3193617     
 Correct abs xsec    2433645155.3193617     
 Event xsec    2433645155.3194375     
 Events wgts > 1:            5
 % Cross section > 1:    1551287.6316360114       6.37433780452841409E-002
 Iteration  5   Mean: 0.2445E+10 Abs mean: 0.2445E+10   Fluctuation:  0.151E+08   0.285E+11    73.9%
  5    0.2445E+10 0.2445E+10 +- 0.1506E+08      1.10
 Relative summed weights:
  0.1000E+01  0.0000E+00
 Relative number of events:
  0.1000E+01  0.0000E+00
 Events:
       32000           0
 Found         4398  events.
 Wrote         4394  events.
 Actual xsec    2439253376.2446885     
 Correct abs xsec    2439253376.2446885     
 Event xsec    2439253376.2448397     
 Events wgts > 1:            9
 % Cross section > 1:    1349466.3669188796       5.53229270915817778E-002
 Checking number of events   13459.800130118192             4394  chi2:    1.2871851768595028     
 Found         4398  events.
 Wrote         4394  events.
 Actual xsec    2439253376.2446885     
 Correct abs xsec    2439253376.2446885     
 Event xsec    2439253376.2448397     
 Events wgts > 1:            9
 % Cross section > 1:    1349466.3669188796       5.53229270915817778E-002
 Iteration  6   Mean: 0.2407E+10 Abs mean: 0.2407E+10   Fluctuation:  0.104E+08   0.490E+11    70.9%
  6    0.2407E+10 0.2407E+10 +- 0.1043E+08      1.10
 Relative summed weights:
  0.1000E+01  0.0000E+00
 Relative number of events:
  0.1000E+01  0.0000E+00
 Events:
       64000           0
 Found         8809  events.
 Wrote         8805  events.
 Actual xsec    2418720610.7926927     
 Correct abs xsec    2418720610.7926927     
 Event xsec    2418720610.7924719     
 Events wgts > 1:           30
 % Cross section > 1:    2960569.4889832092       0.12240229300453206     
 Checking number of events   13346.500330354080             8805  chi2:    2.1705758568920976     
 Found         8809  events.
 Wrote         8805  events.
 Actual xsec    2418720610.7926927     
 Correct abs xsec    2418720610.7926927     
 Event xsec    2418720610.7924719     
 Events wgts > 1:           30
 % Cross section > 1:    2960569.4889832092       0.12240229300453206     
 Iteration  7   Mean: 0.2413E+10 Abs mean: 0.2413E+10   Fluctuation:  0.749E+07   0.156E+12    68.9%
  7    0.2413E+10 0.2413E+10 +- 0.7493E+07      1.11
 Relative summed weights:
  0.1000E+01  0.0000E+00
 Relative number of events:
  0.1000E+01  0.0000E+00
 Events:
      128000           0
 Found        18633  events.
 Wrote        18629  events.
 Actual xsec    2415891063.1494851     
 Correct abs xsec    2415891063.1494851     
 Event xsec    2415891063.1491475     
 Events wgts > 1:          106
 % Cross section > 1:    7635003.3329601083       0.31603259970703218     
 Checking number of events   13330.886886458860            18629  chi2:    2.2832919366341522     

 -------------------------------------------------------------------------------
 Accumulated results:   Integral =  0.2417E+10
                        Std dev  =  0.5395E+07
                       Cross sec =  0.1373E+01
             Chi**2 per DoF.     =
-------------------------------------------------
---------------------------
 Results Last   3 iters: Integral =   0.2416E+10
                     Abs integral =   0.2416E+10
                          Std dev =   0.5643E+07
                  Chi**2 per DoF. =      2.2833
-------------------------------------------------
---------------------------
 Status -5.51800000000000036E-006           8           9
 We found enough events       18629   13330.886886458860     

ls status:
events.lhe
ftn25
ftn26
input_sg.txt
moffset.dat
results.dat
run_01_ftn26.gz
run_01_log.txt
run_01_results.dat
run_02_ftn26.gz
run_02_log.txt
run_02_results.dat
run_04_ftn26.gz
run_04_log.txt
run_04_results.dat
run_05_ftn26.gz
run_05_log.txt
run_05_results.dat
run_07_ftn26.gz
run_07_log.txt
run_07_results.dat
run1_app.log
