 Process in group number            0
 No PDF is used, alpha_s(MZ) from param_card is used
 Value of alpha_s from param_card:   0.11800000071525575     
 The default order of alpha_s running is fixed to            2
 *****************************************************
 *               MadGraph/MadEvent                   *
 *        --------------------------------           *
 *          http://madgraph.hep.uiuc.edu             *
 *          http://madgraph.phys.ucl.ac.be           *
 *          http://madgraph.roma2.infn.it            *
 *        --------------------------------           *
 *                                                   *
 *          PARAMETER AND COUPLING VALUES            *
 *                                                   *
 *****************************************************

  External Params
  ---------------------------------
  
 aEWM1 =    132.50700378417969     
 mdl_Gf =   1.16639000000000003E-005
 aS =   0.11800000071525575     
 mdl_ymb =    4.6999998092651367     
 mdl_ymt =    173.00000000000000     
 mdl_yme =   5.10999991092830896E-004
 mdl_ymm =   0.10565999895334244     
 mdl_ymtau =    1.7769999504089355     
 mdl_MZ =    91.188003540039063     
 mdl_MT =    173.00000000000000     
 mdl_MB =    4.6999998092651367     
 mdl_MH =    125.00000000000000     
 mdl_Me =   5.10999991092830896E-004
 mdl_MM =   0.10565999895334244     
 mdl_MTA =    1.7769999504089355     
 mdl_WZ =    2.4414041042327881     
 mdl_WW =    2.0476000308990479     
 mdl_WT =    1.4915000200271606     
 mdl_WH =   6.38233916833996773E-003
 mdl_WTau =   2.26999999999999982E-012
  Internal Params
  ---------------------------------
  
 mdl_conjg__CKM3x3 =    1.0000000000000000     
 mdl_CKM3x3 =    1.0000000000000000     
 mdl_conjg__CKM1x1 =    1.0000000000000000     
 mdl_complexi =  (  0.0000000000000000     ,  1.0000000000000000     )
 mdl_MZ__exp__2 =    8315.2519896181766     
 mdl_MZ__exp__4 =    69143415.650849044     
 mdl_sqrt__2 =    1.4142135623730951     
 mdl_MH__exp__2 =    15625.000000000000     
 mdl_aEW =   7.54677089845565054E-003
 mdl_MW =    80.419007276179556     
 mdl_sqrt__aEW =   8.68721526063194194E-002
 mdl_ee =   0.30795376284704501     
 mdl_MW__exp__2 =    6467.2167312862202     
 mdl_sw2 =   0.22224645274001076     
 mdl_cw =   0.88190336616887299     
 mdl_sqrt__sw2 =   0.47143022043565552     
 mdl_sw =   0.47143022043565552     
 mdl_g1 =   0.34919218438279087     
 mdl_gw =   0.65323296958447097     
 mdl_vev =    246.21845810181631     
 mdl_vev__exp__2 =    60623.529110035874     
 mdl_lam =   0.12886910601690271     
 mdl_yb =   2.69955531549349904E-002
 mdl_ye =   2.93504850670934038E-006
 mdl_ym =   6.06883028478528356E-004
 mdl_yt =   0.99366614581500645     
 mdl_ytau =   1.02066167158167895E-002
 mdl_muH =    88.388347648318444     
 mdl_I1x33 =  ( 2.69955531549349904E-002,  0.0000000000000000     )
 mdl_I2x33 =  ( 0.99366614581500645     ,  0.0000000000000000     )
 mdl_I3x33 =  ( 0.99366614581500645     ,  0.0000000000000000     )
 mdl_I4x33 =  ( 2.69955531549349904E-002,  0.0000000000000000     )
 mdl_ee__exp__2 =   9.48355200516540348E-002
 mdl_sw__exp__2 =   0.22224645274001076     
 mdl_cw__exp__2 =   0.77775354725998924     
  Internal Params evaluated point by point
  ----------------------------------------
  
 mdl_sqrt__aS =   0.34351128178744839     
 mdl_G__exp__2 =    1.4828317414825511     
  Couplings of sm-lepton_masses
  ---------------------------------
  
         GC_3 =  -0.00000E+00  -0.30795E+00
        GC_50 =  -0.00000E+00  -0.28804E+00
        GC_59 =   0.00000E+00   0.82310E-01
        GC_89 =  -0.00000E+00  -0.20754E-05

 Collider parameters:
 --------------------

 Running at e e   machine @   7.00000000000000067E-002  GeV
 PDF set = none   
 alpha_s(Mz)= 0.1180 running at 2 loops.
 alpha_s(Mz)= 0.1180 running at 2 loops.
 Renormalization scale fixed @    91.188000000000002     
 Factorization scales  fixed @    91.188000000000002        91.188000000000002     


 getting user params
Enter number of events and max and min iterations: 
 Number of events and iterations         2000           9           3
Enter desired fractional accuracy: 
 Desired fractional accuracy:  -5.51800000000000036E-006
Enter 0 for fixed, 2 for adjustable grid: 
Suppress amplitude (0 no, 1 yes)? 
 Using suppressed amplitude.
Exact helicity sum (0 yes, n = number/event)? 
 Explicitly summing over helicities
Enter Configuration Number: 
Running Configuration Number:   13
 Not subdividing B.W.
 Attempting mappinvarients           1           5
 Completed mapping           5
 about to integrate            5        2000           9           3           5           1
 Using non-zero grid deformation.
  5 dimensions   2000 events  5 invarients  9 iterations  1 config(s),  (0.99)
 Using h-tuple random number sequence.
 Error opening grid
 Using Uniform Grid!
 Using uniform alpha   1.0000000000000000     
 Grid defined OK
 Set CM energy to          0.07
 Mapping Graph          13  to config          13
Setting grid   1    0.53290E-04   1
Setting grid   2    0.18367E-04   1
 Masses: 0.511E-03 0.511E-03 0.000E+00 0.511E-03 0.511E-03
  13   1   2   3   4   5
 Got moffset          21
Using random seed offsets    13 :      1
  with seed                  150
 Ranmar initialization seeds        4179       15665
  Particle       3       4       5
      Et >     0.0     0.0     0.0
       E >     0.0     0.0     0.0
     Eta <    -1.0    -1.0    -1.0
   xqcut:      0.0     0.0     0.0
d R # 3  >    -0.0     0.0     0.0
d R # 4  >    -0.0    -0.0     0.4
s min # 3>     0.0     0.0     0.0
s min # 4>     0.0     0.0     0.0
xqcutij # 3>     0.0     0.0     0.0
xqcutij # 4>     0.0     0.0     0.0
 alpha_s for scale    91.188000000000002       is   0.11800000071525575     
 Added good helicity            1   9.6004570557299740       in event            1
 Added good helicity            2  4.72671552689801679E-003  in event            1
 Added good helicity            3  1.40494252622144268E-003  in event            1
 Added good helicity            5   4.3635202274689702       in event            1
 Added good helicity            6  2.58266083301459308E-005  in event            1
 Added good helicity            7  4.41517268195457733E-006  in event            1
 Added good helicity            9  4.04375967585764339E-006  in event            1
 Added good helicity           10  0.47930775501448586       in event            1
 Added good helicity           11  0.14186799836636918       in event            1
 Added good helicity           13  4.29028675341313476E-002  in event            1
 Added good helicity           14   1.0555259213940900       in event            1
 Added good helicity           15  0.31024926121450724       in event            1
 Added good helicity           16  1.89707645476217670E-006  in event            1
 Added good helicity           17  1.89707800033839119E-006  in event            1
 Added good helicity           18  0.31024926135205971       in event            1
 Added good helicity           19   1.0555261204144786       in event            1
 Added good helicity           20  4.29028675404674320E-002  in event            1
 Added good helicity           22  0.14186799830341296       in event            1
 Added good helicity           23  0.47930784539455662       in event            1
 Added good helicity           24  4.04376213903053821E-006  in event            1
 Added good helicity           26  4.41517470422732101E-006  in event            1
 Added good helicity           27  2.58266133659646641E-005  in event            1
 Added good helicity           28   4.3635202271183031       in event            1
 Added good helicity           30  1.40494252888450147E-003  in event            1
 Added good helicity           31  4.72671642301574629E-003  in event            1
 Added good helicity           32   9.6004570564536689       in event            1
 Added good helicity           12  3.41965581674399846E-006  in event            4
 Added good helicity           21  3.41965565370361928E-006  in event            4
 Added good helicity            4  6.74581176125331162E-006  in event            9
 Added good helicity           29  6.74581176079816863E-006  in event            9
 Iteration  1   Mean: 0.7268E+09 Abs mean: 0.7268E+09   Fluctuation:  0.220E+09   0.290E+12    74.0%
  1    0.7268E+09 0.7268E+09 +- 0.2201E+09     13.54
 Writing out events   54587.377711834437        13.544774693991126     
 Relative summed weights:
  0.1000E+01  0.0000E+00
 Relative number of events:
  0.1000E+01  0.0000E+00
 Events:
        2000           0
 Iteration  2   Mean: 0.1335E+10 Abs mean: 0.1335E+10   Fluctuation:  0.383E+09   0.123E+13    88.3%
  2    0.1335E+10 0.1335E+10 +- 0.3833E+09     18.16
 Relative summed weights:
  0.1000E+01  0.0000E+00
 Relative number of events:
  0.1000E+01  0.0000E+00
 Events:
        4000           0
 Iteration  3   Mean: 0.1508E+10 Abs mean: 0.1508E+10   Fluctuation:  0.760E+08   0.259E+12    85.4%
  3    0.1508E+10 0.1508E+10 +- 0.7602E+08      4.51
 Relative summed weights:
  0.1000E+01  0.0000E+00
 Relative number of events:
  0.1000E+01  0.0000E+00
 Events:
        8000           0
 Found          762  events.
 Wrote           57  events.
 Actual xsec    1482361010.9616392     
 Correct abs xsec    1482361010.9616392     
 Event xsec    1482361010.9616413     
 Events wgts > 1:            2
 % Cross section > 1:    5882965.2582251951       0.39686454343593280     
 Checking number of events   8179.6680584863252               57  chi2:    6.0223313761540593     
 Found          762  events.
 Wrote           58  events.
 Actual xsec    1482361010.9616392     
 Correct abs xsec    1482361010.9616392     
 Event xsec    1482361010.9616373     
 Events wgts > 1:            2
 % Cross section > 1:    5781930.4508745149       0.39004874036208365     
 Iteration  4   Mean: 0.1558E+10 Abs mean: 0.1558E+10   Fluctuation:  0.280E+08   0.110E+12    82.9%
  4    0.1558E+10 0.1558E+10 +- 0.2797E+08      2.27
 Relative summed weights:
  0.1000E+01  0.0000E+00
 Relative number of events:
  0.1000E+01  0.0000E+00
 Events:
       16000           0
 Found         1759  events.
 Wrote          564  events.
 Actual xsec    1551884975.5920029     
 Correct abs xsec    1551884975.5920029     
 Event xsec    1551884975.5920234     
 Events wgts > 1:           16
 % Cross section > 1:    14276555.553000433       0.91994933758245312     
 Checking number of events   8563.3012953166726              564  chi2:   0.35444246285018766     
 Found         1759  events.
 Wrote          587  events.
 Actual xsec    1551884975.5920029     
 Correct abs xsec    1551884975.5920029     
 Event xsec    1551884975.5920010     
 Events wgts > 1:           16
 % Cross section > 1:    13722113.750028620       0.88422234674925027     
 Iteration  5   Mean: 0.1589E+10 Abs mean: 0.1589E+10   Fluctuation:  0.121E+08   0.460E+11    80.2%
  5    0.1589E+10 0.1589E+10 +- 0.1210E+08      1.36
 Relative summed weights:
  0.1000E+01  0.0000E+00
 Relative number of events:
  0.1000E+01  0.0000E+00
 Events:
       32000           0
 Found         4053  events.
 Wrote         4049  events.
 Actual xsec    1583060125.3904793     
 Correct abs xsec    1583060125.3904793     
 Event xsec    1583060125.3905334     
 Events wgts > 1:          121
 % Cross section > 1:    15656349.209537523       0.98899270838971931     
 Checking number of events   8735.3257719046651             4049  chi2:    1.0104036177570686     
 Found         4053  events.
 Wrote         4049  events.
 Actual xsec    1583060125.3904793     
 Correct abs xsec    1583060125.3904793     
 Event xsec    1583060125.3905334     
 Events wgts > 1:          121
 % Cross section > 1:    15656349.209537523       0.98899270838971931     
 Iteration  6   Mean: 0.1603E+10 Abs mean: 0.1603E+10   Fluctuation:  0.690E+07   0.273E+11    78.9%
  6    0.1603E+10 0.1603E+10 +- 0.6898E+07      1.09
 Relative summed weights:
  0.1000E+01  0.0000E+00
 Relative number of events:
  0.1000E+01  0.0000E+00
 Events:
       64000           0
 Found         8056  events.
 Wrote         8052  events.
 Actual xsec    1597995545.5597370     
 Correct abs xsec    1597995545.5597370     
 Event xsec    1597995545.5595481     
 Events wgts > 1:           48
 % Cross section > 1:    2882405.4985604272       0.18037631622753583     
 Checking number of events   8817.7394203986296             8052  chi2:    1.5398336452898231     
 Found         8056  events.
 Wrote         8052  events.
 Actual xsec    1597995545.5597370     
 Correct abs xsec    1597995545.5597370     
 Event xsec    1597995545.5595481     
 Events wgts > 1:           48
 % Cross section > 1:    2882405.4985604272       0.18037631622753583     
 Iteration  7   Mean: 0.1619E+10 Abs mean: 0.1619E+10   Fluctuation:  0.450E+07   0.681E+11    78.3%
  7    0.1619E+10 0.1619E+10 +- 0.4500E+07      0.99
 Relative summed weights:
  0.1000E+01  0.0000E+00
 Relative number of events:
  0.1000E+01  0.0000E+00
 Events:
      128000           0
 Found        16579  events.
 Wrote        16574  events.
 Actual xsec    1611869719.1934438     
 Correct abs xsec    1611869719.1934438     
 Event xsec    1611869719.1937799     
 Events wgts > 1:           69
 % Cross section > 1:    1675841.5810974357       0.10396879854133949     
 Checking number of events   8894.2971105094239            16574  chi2:    3.6683932527239476     

 -------------------------------------------------------------------------------
 Accumulated results:   Integral =  0.1611E+10
                        Std dev  =  0.3565E+07
                       Cross sec =  0.2646E+01
             Chi**2 per DoF.     =
-------------------------------------------------
---------------------------
 Results Last   3 iters: Integral =   0.1612E+10
                     Abs integral =   0.1612E+10
                          Std dev =   0.3598E+07
                  Chi**2 per DoF. =      3.6684
-------------------------------------------------
---------------------------
 Status -5.51800000000000036E-006           8           9
 We found enough events       16574   8894.2971105094239     

ls status:
events.lhe
ftn25
ftn26
input_sg.txt
moffset.dat
results.dat
run1_app.log
