 Process in group number            0
 No PDF is used, alpha_s(MZ) from param_card is used
 Value of alpha_s from param_card:   0.11800000071525575     
 The default order of alpha_s running is fixed to            2
 *****************************************************
 *               MadGraph/MadEvent                   *
 *        --------------------------------           *
 *          http://madgraph.hep.uiuc.edu             *
 *          http://madgraph.phys.ucl.ac.be           *
 *          http://madgraph.roma2.infn.it            *
 *        --------------------------------           *
 *                                                   *
 *          PARAMETER AND COUPLING VALUES            *
 *                                                   *
 *****************************************************

  External Params
  ---------------------------------
  
 aEWM1 =    132.50700378417969     
 mdl_Gf =   1.16639000000000003E-005
 aS =   0.11800000071525575     
 mdl_ymb =    4.6999998092651367     
 mdl_ymt =    173.00000000000000     
 mdl_yme =   5.10999991092830896E-004
 mdl_ymm =   0.10565999895334244     
 mdl_ymtau =    1.7769999504089355     
 mdl_MZ =    91.188003540039063     
 mdl_MT =    173.00000000000000     
 mdl_MB =    4.6999998092651367     
 mdl_MH =    125.00000000000000     
 mdl_Me =   5.10999991092830896E-004
 mdl_MM =   0.10565999895334244     
 mdl_MTA =    1.7769999504089355     
 mdl_WZ =    2.4414041042327881     
 mdl_WW =    2.0476000308990479     
 mdl_WT =    1.4915000200271606     
 mdl_WH =   6.38233916833996773E-003
 mdl_WTau =   2.26999999999999982E-012
  Internal Params
  ---------------------------------
  
 mdl_conjg__CKM3x3 =    1.0000000000000000     
 mdl_CKM3x3 =    1.0000000000000000     
 mdl_conjg__CKM1x1 =    1.0000000000000000     
 mdl_complexi =  (  0.0000000000000000     ,  1.0000000000000000     )
 mdl_MZ__exp__2 =    8315.2519896181766     
 mdl_MZ__exp__4 =    69143415.650849044     
 mdl_sqrt__2 =    1.4142135623730951     
 mdl_MH__exp__2 =    15625.000000000000     
 mdl_aEW =   7.54677089845565054E-003
 mdl_MW =    80.419007276179556     
 mdl_sqrt__aEW =   8.68721526063194194E-002
 mdl_ee =   0.30795376284704501     
 mdl_MW__exp__2 =    6467.2167312862202     
 mdl_sw2 =   0.22224645274001076     
 mdl_cw =   0.88190336616887299     
 mdl_sqrt__sw2 =   0.47143022043565552     
 mdl_sw =   0.47143022043565552     
 mdl_g1 =   0.34919218438279087     
 mdl_gw =   0.65323296958447097     
 mdl_vev =    246.21845810181631     
 mdl_vev__exp__2 =    60623.529110035874     
 mdl_lam =   0.12886910601690271     
 mdl_yb =   2.69955531549349904E-002
 mdl_ye =   2.93504850670934038E-006
 mdl_ym =   6.06883028478528356E-004
 mdl_yt =   0.99366614581500645     
 mdl_ytau =   1.02066167158167895E-002
 mdl_muH =    88.388347648318444     
 mdl_I1x33 =  ( 2.69955531549349904E-002,  0.0000000000000000     )
 mdl_I2x33 =  ( 0.99366614581500645     ,  0.0000000000000000     )
 mdl_I3x33 =  ( 0.99366614581500645     ,  0.0000000000000000     )
 mdl_I4x33 =  ( 2.69955531549349904E-002,  0.0000000000000000     )
 mdl_ee__exp__2 =   9.48355200516540348E-002
 mdl_sw__exp__2 =   0.22224645274001076     
 mdl_cw__exp__2 =   0.77775354725998924     
  Internal Params evaluated point by point
  ----------------------------------------
  
 mdl_sqrt__aS =   0.34351128178744839     
 mdl_G__exp__2 =    1.4828317414825511     
  Couplings of sm-lepton_masses
  ---------------------------------
  
         GC_3 =  -0.00000E+00  -0.30795E+00
        GC_50 =  -0.00000E+00  -0.28804E+00
        GC_59 =   0.00000E+00   0.82310E-01
        GC_89 =  -0.00000E+00  -0.20754E-05

 Collider parameters:
 --------------------

 Running at e e   machine @   7.00000000000000067E-002  GeV
 PDF set = none   
 alpha_s(Mz)= 0.1180 running at 2 loops.
 alpha_s(Mz)= 0.1180 running at 2 loops.
 Renormalization scale fixed @    91.188000000000002     
 Factorization scales  fixed @    91.188000000000002        91.188000000000002     


 getting user params
Enter number of events and max and min iterations: 
 Number of events and iterations         2000           9           3
Enter desired fractional accuracy: 
 Desired fractional accuracy:  -5.51800000000000036E-006
Enter 0 for fixed, 2 for adjustable grid: 
Suppress amplitude (0 no, 1 yes)? 
 Using suppressed amplitude.
Exact helicity sum (0 yes, n = number/event)? 
 Explicitly summing over helicities
Enter Configuration Number: 
Running Configuration Number:   13
 Not subdividing B.W.
 Attempting mappinvarients           1           5
 Completed mapping           5
 about to integrate            5        2000           9           3           5           1
 Using non-zero grid deformation.
  5 dimensions   2000 events  5 invarients  9 iterations  1 config(s),  (0.99)
 Using h-tuple random number sequence.
 Error opening grid
 Using Uniform Grid!
 Using uniform alpha   1.0000000000000000     
 Grid defined OK
 Set CM energy to          0.07
 Mapping Graph          13  to config          13
Setting grid   1    0.53290E-04   1
Setting grid   2    0.18367E-04   1
 Masses: 0.511E-03 0.511E-03 0.000E+00 0.511E-03 0.511E-03
  13   1   2   3   4   5
 Got moffset           6
Using random seed offsets    13 :      1
  with seed                  150
 Ranmar initialization seeds        4179       28472
  Particle       3       4       5
      Et >     0.0     0.0     0.0
       E >     0.0     0.0     0.0
     Eta <    -1.0    -1.0    -1.0
   xqcut:      0.0     0.0     0.0
d R # 3  >    -0.0     0.0     0.0
d R # 4  >    -0.0    -0.0     0.4
s min # 3>     0.0     0.0     0.0
s min # 4>     0.0     0.0     0.0
xqcutij # 3>     0.0     0.0     0.0
xqcutij # 4>     0.0     0.0     0.0
 alpha_s for scale    91.188000000000002       is   0.11800000071525575     
 Added good helicity            1   13.598112772686331       in event            1
 Added good helicity            2  1.93493053578808749E-002  in event            1
 Added good helicity            3  4.71281036386307778E-002  in event            1
 Added good helicity            5  0.14176361385245778       in event            1
 Added good helicity            6  4.02163876755784095E-005  in event            1
 Added good helicity            7  5.95447244833507844E-005  in event            1
 Added good helicity           10  1.15658088708237624E-002  in event            1
 Added good helicity           11  6.99736269815506157E-003  in event            1
 Added good helicity           13  0.47399988005962074       in event            1
 Added good helicity           14  0.70359819862476580       in event            1
 Added good helicity           15  0.99738474552937750       in event            1
 Added good helicity           18  0.99738474527816856       in event            1
 Added good helicity           19  0.70359821898694397       in event            1
 Added good helicity           20  0.47399987915565506       in event            1
 Added good helicity           22  6.99736269922804962E-003  in event            1
 Added good helicity           23  1.15658092107688137E-002  in event            1
 Added good helicity           26  5.95447250336646276E-005  in event            1
 Added good helicity           27  4.02163880358299177E-005  in event            1
 Added good helicity           28  0.14176361385693376       in event            1
 Added good helicity           30  4.71281037978130771E-002  in event            1
 Added good helicity           31  1.93493061853386925E-002  in event            1
 Added good helicity           32   13.598112772914748       in event            1
 Added good helicity            9  3.01698459252041587E-006  in event            2
 Added good helicity           24  3.01698232453438538E-006  in event            2
 Added good helicity           12  2.29996375592665756E-003  in event            3
 Added good helicity           16  1.81794487861144415E-005  in event            3
 Added good helicity           17  1.81794601737848603E-005  in event            3
 Added good helicity           21  2.29996485578610804E-003  in event            3
 Added good helicity            4  1.13943560929092802E-006  in event           10
 Added good helicity           29  1.13943560931544116E-006  in event           10
 Iteration  1   Mean: 0.5305E+09 Abs mean: 0.5305E+09   Fluctuation:  0.996E+08   0.114E+12    72.5%
  1    0.5305E+09 0.5305E+09 +- 0.9958E+08      8.39
 Writing out events   40644.574845210962        8.3939903632043151     
 Relative summed weights:
  0.1000E+01  0.0000E+00
 Relative number of events:
  0.1000E+01  0.0000E+00
 Events:
        2000           0
 Iteration  2   Mean: 0.8721E+09 Abs mean: 0.8721E+09   Fluctuation:  0.116E+09   0.284E+12    82.5%
  2    0.8721E+09 0.8721E+09 +- 0.1160E+09      8.42
 Relative summed weights:
  0.1000E+01  0.0000E+00
 Relative number of events:
  0.1000E+01  0.0000E+00
 Events:
        4000           0
 Iteration  3   Mean: 0.1561E+10 Abs mean: 0.1561E+10   Fluctuation:  0.770E+08   0.254E+12    83.1%
  3    0.1561E+10 0.1561E+10 +- 0.7697E+08      4.41
 Relative summed weights:
  0.1000E+01  0.0000E+00
 Relative number of events:
  0.1000E+01  0.0000E+00
 Events:
        8000           0
 Found         1095  events.
 Wrote           58  events.
 Actual xsec    1423678292.0453975     
 Correct abs xsec    1423678292.0453975     
 Event xsec    1423678292.0453966     
 Events wgts > 1:            2
 % Cross section > 1:    8923561.5882608034       0.62679621078160397     
 Checking number of events   7855.8568155065041               58  chi2:    53.113376585798775     
 Found         1095  events.
 Wrote           55  events.
 Actual xsec    1423678292.0453975     
 Correct abs xsec    1423678292.0453975     
 Event xsec    1423678292.0453947     
 Events wgts > 1:            2
 % Cross section > 1:    9407085.1338115595       0.66075918881199114     
 Iteration  4   Mean: 0.1615E+10 Abs mean: 0.1615E+10   Fluctuation:  0.227E+08   0.444E+11    83.0%
  4    0.1615E+10 0.1615E+10 +- 0.2273E+08      1.78
 Relative summed weights:
  0.1000E+01  0.0000E+00
 Relative number of events:
  0.1000E+01  0.0000E+00
 Events:
       16000           0
 Found         1939  events.
 Wrote         1317  events.
 Actual xsec    1602923928.6756420     
 Correct abs xsec    1602923928.6756420     
 Event xsec    1602923928.6756289     
 Events wgts > 1:           48
 % Cross section > 1:    15985919.582395814       0.99729745725386565     
 Checking number of events   8844.9342384321935             1317  chi2:    20.109786312096084     
 Found         1939  events.
 Wrote         1349  events.
 Actual xsec    1602923928.6756420     
 Correct abs xsec    1602923928.6756420     
 Event xsec    1602923928.6755600     
 Events wgts > 1:           48
 % Cross section > 1:    15610406.167454457       0.97387068021080636     
 Iteration  5   Mean: 0.1598E+10 Abs mean: 0.1598E+10   Fluctuation:  0.109E+08   0.204E+11    80.9%
  5    0.1598E+10 0.1598E+10 +- 0.1089E+08      1.22
 Relative summed weights:
  0.1000E+01  0.0000E+00
 Relative number of events:
  0.1000E+01  0.0000E+00
 Events:
       32000           0
 Found         3844  events.
 Wrote         3840  events.
 Actual xsec    1600392065.7490046     
 Correct abs xsec    1600392065.7490046     
 Event xsec    1600392065.7491124     
 Events wgts > 1:           27
 % Cross section > 1:    1809003.2188983914       0.11303500296045471     
 Checking number of events   8830.9634188030086             3840  chi2:   0.35152054231595181     
 Found         3844  events.
 Wrote         3840  events.
 Actual xsec    1600392065.7490046     
 Correct abs xsec    1600392065.7490046     
 Event xsec    1600392065.7491124     
 Events wgts > 1:           27
 % Cross section > 1:    1809003.2188983914       0.11303500296045471     
 Iteration  6   Mean: 0.1624E+10 Abs mean: 0.1624E+10   Fluctuation:  0.644E+07   0.224E+11    80.5%
  6    0.1624E+10 0.1624E+10 +- 0.6438E+07      1.00
 Relative summed weights:
  0.1000E+01  0.0000E+00
 Relative number of events:
  0.1000E+01  0.0000E+00
 Events:
       64000           0
 Found         8065  events.
 Wrote         8061  events.
 Actual xsec    1617408557.9818344     
 Correct abs xsec    1617408557.9818344     
 Event xsec    1617408557.9815421     
 Events wgts > 1:            5
 % Cross section > 1:    460587.45890280267       2.84768778197635151E-002
 Checking number of events   8924.8604229437624             8061  chi2:    2.1913246722069171     
 Found         8065  events.
 Wrote         8061  events.
 Actual xsec    1617408557.9818344     
 Correct abs xsec    1617408557.9818344     
 Event xsec    1617408557.9815421     
 Events wgts > 1:            5
 % Cross section > 1:    460587.45890280267       2.84768778197635151E-002
 Iteration  7   Mean: 0.1620E+10 Abs mean: 0.1620E+10   Fluctuation:  0.420E+07   0.441E+11    80.2%
  7    0.1620E+10 0.1620E+10 +- 0.4200E+07      0.93
 Relative summed weights:
  0.1000E+01  0.0000E+00
 Relative number of events:
  0.1000E+01  0.0000E+00
 Events:
      128000           0
 Found        16040  events.
 Wrote        16036  events.
 Actual xsec    1619343472.1308188     
 Correct abs xsec    1619343472.1308188     
 Event xsec    1619343472.1312013     
 Events wgts > 1:           23
 % Cross section > 1:    1304439.1348232599       8.05535797236704154E-002
 Checking number of events   8935.5372792178587            16036  chi2:    2.2727731897233379     

 -------------------------------------------------------------------------------
 Accumulated results:   Integral =  0.1619E+10
                        Std dev  =  0.3308E+07
                       Cross sec =  0.4980E+01
             Chi**2 per DoF.     =
-------------------------------------------------
---------------------------
 Results Last   3 iters: Integral =   0.1619E+10
                     Abs integral =   0.1619E+10
                          Std dev =   0.3347E+07
                  Chi**2 per DoF. =      2.2728
-------------------------------------------------
---------------------------
 Status -5.51800000000000036E-006           8           9
 We found enough events       16036   8935.5372792178587     

ls status:
events.lhe
ftn25
ftn26
input_sg.txt
moffset.dat
results.dat
run_07_ftn26.gz
run_07_log.txt
run_07_results.dat
run1_app.log
