 Process in group number            0
 No PDF is used, alpha_s(MZ) from param_card is used
 Value of alpha_s from param_card:   0.11800000071525575     
 The default order of alpha_s running is fixed to            2
 *****************************************************
 *               MadGraph/MadEvent                   *
 *        --------------------------------           *
 *          http://madgraph.hep.uiuc.edu             *
 *          http://madgraph.phys.ucl.ac.be           *
 *          http://madgraph.roma2.infn.it            *
 *        --------------------------------           *
 *                                                   *
 *          PARAMETER AND COUPLING VALUES            *
 *                                                   *
 *****************************************************

  External Params
  ---------------------------------
  
 aEWM1 =    132.50700378417969     
 mdl_Gf =   1.16639000000000003E-005
 aS =   0.11800000071525575     
 mdl_ymb =    4.6999998092651367     
 mdl_ymt =    173.00000000000000     
 mdl_yme =   5.10999991092830896E-004
 mdl_ymm =   0.10565999895334244     
 mdl_ymtau =    1.7769999504089355     
 mdl_MZ =    91.188003540039063     
 mdl_MT =    173.00000000000000     
 mdl_MB =    4.6999998092651367     
 mdl_MH =    125.00000000000000     
 mdl_Me =   5.10999991092830896E-004
 mdl_MM =   0.10565999895334244     
 mdl_MTA =    1.7769999504089355     
 mdl_WZ =    2.4414041042327881     
 mdl_WW =    2.0476000308990479     
 mdl_WT =    1.4915000200271606     
 mdl_WH =   6.38233916833996773E-003
 mdl_WTau =   2.26999999999999982E-012
  Internal Params
  ---------------------------------
  
 mdl_conjg__CKM3x3 =    1.0000000000000000     
 mdl_CKM3x3 =    1.0000000000000000     
 mdl_conjg__CKM1x1 =    1.0000000000000000     
 mdl_complexi =  (  0.0000000000000000     ,  1.0000000000000000     )
 mdl_MZ__exp__2 =    8315.2519896181766     
 mdl_MZ__exp__4 =    69143415.650849044     
 mdl_sqrt__2 =    1.4142135623730951     
 mdl_MH__exp__2 =    15625.000000000000     
 mdl_aEW =   7.54677089845565054E-003
 mdl_MW =    80.419007276179556     
 mdl_sqrt__aEW =   8.68721526063194194E-002
 mdl_ee =   0.30795376284704501     
 mdl_MW__exp__2 =    6467.2167312862202     
 mdl_sw2 =   0.22224645274001076     
 mdl_cw =   0.88190336616887299     
 mdl_sqrt__sw2 =   0.47143022043565552     
 mdl_sw =   0.47143022043565552     
 mdl_g1 =   0.34919218438279087     
 mdl_gw =   0.65323296958447097     
 mdl_vev =    246.21845810181631     
 mdl_vev__exp__2 =    60623.529110035874     
 mdl_lam =   0.12886910601690271     
 mdl_yb =   2.69955531549349904E-002
 mdl_ye =   2.93504850670934038E-006
 mdl_ym =   6.06883028478528356E-004
 mdl_yt =   0.99366614581500645     
 mdl_ytau =   1.02066167158167895E-002
 mdl_muH =    88.388347648318444     
 mdl_I1x33 =  ( 2.69955531549349904E-002,  0.0000000000000000     )
 mdl_I2x33 =  ( 0.99366614581500645     ,  0.0000000000000000     )
 mdl_I3x33 =  ( 0.99366614581500645     ,  0.0000000000000000     )
 mdl_I4x33 =  ( 2.69955531549349904E-002,  0.0000000000000000     )
 mdl_ee__exp__2 =   9.48355200516540348E-002
 mdl_sw__exp__2 =   0.22224645274001076     
 mdl_cw__exp__2 =   0.77775354725998924     
  Internal Params evaluated point by point
  ----------------------------------------
  
 mdl_sqrt__aS =   0.34351128178744839     
 mdl_G__exp__2 =    1.4828317414825511     
  Couplings of sm-lepton_masses
  ---------------------------------
  
         GC_3 =  -0.00000E+00  -0.30795E+00
        GC_50 =  -0.00000E+00  -0.28804E+00
        GC_59 =   0.00000E+00   0.82310E-01
        GC_89 =  -0.00000E+00  -0.20754E-05

 Collider parameters:
 --------------------

 Running at e e   machine @   7.14879999999999960E-002  GeV
 PDF set = none   
 alpha_s(Mz)= 0.1180 running at 2 loops.
 alpha_s(Mz)= 0.1180 running at 2 loops.
 Renormalization scale fixed @    91.188000000000002     
 Factorization scales  fixed @    91.188000000000002        91.188000000000002     


 getting user params
Enter number of events and max and min iterations: 
 Number of events and iterations         2000           9           3
Enter desired fractional accuracy: 
 Desired fractional accuracy:  -7.67009999999999984E-007
Enter 0 for fixed, 2 for adjustable grid: 
Suppress amplitude (0 no, 1 yes)? 
 Using suppressed amplitude.
Exact helicity sum (0 yes, n = number/event)? 
 Explicitly summing over helicities
Enter Configuration Number: 
Running Configuration Number:    4
 Not subdividing B.W.
 Attempting mappinvarients           1           4
 Completed mapping           4
 about to integrate            2        2000           9           3           2           1
 Using non-zero grid deformation.
  2 dimensions   2000 events  2 invarients  9 iterations  1 config(s),  (0.99)
 Using h-tuple random number sequence.
 Error opening grid
 Using Uniform Grid!
 Using uniform alpha   1.0000000000000000     
 Grid defined OK
 Set CM energy to          0.07
 Mapping Graph           4  to config           4
Setting grid   1    0.17611E-02   1
 Masses: 0.511E-03 0.511E-03 0.511E-03 0.511E-03
   4   1   2
 Got moffset          19
Using random seed offsets     4 :      1
  with seed                  171
 Ranmar initialization seeds       29769        9372
  Particle       3       4
      Et >     0.0     0.0
       E >     0.0     0.0
     Eta <    -1.0    -1.0
   xqcut:      0.0     0.0
d R # 3  >    -0.0     0.4
s min # 3>     0.0     0.0
xqcutij # 3>     0.0     0.0
 alpha_s for scale    91.188000000000002       is   0.11800000071525575     
 Added good helicity            1   5.9923700536812534       in event            1
 Added good helicity            2  1.50261082131933616E-005  in event            1
 Added good helicity            3  1.50261109727790192E-005  in event            1
 Added good helicity            5  1.50261082131933413E-005  in event            1
 Added good helicity            6   1.9873222566347839       in event            1
 Added good helicity            7  2.02474523349275223E-002  in event            1
 Added good helicity            8  1.50261082131933480E-005  in event            1
 Added good helicity            9  1.50261109727790039E-005  in event            1
 Added good helicity           10  2.02474523349275223E-002  in event            1
 Added good helicity           11   1.9873225056888413       in event            1
 Added good helicity           12  1.50261109727790090E-005  in event            1
 Added good helicity           14  1.50261082131933514E-005  in event            1
 Added good helicity           15  1.50261109727790293E-005  in event            1
 Added good helicity           16   5.9923700536812534       in event            1
 Iteration  1   Mean: 0.3030E+11 Abs mean: 0.3030E+11   Fluctuation:  0.108E+10   0.202E+12    90.5%
  1    0.3030E+11 0.3030E+11 +- 0.1083E+10      1.60
 Writing out events   1860026.4610052020        1.5977996976518187     
 Relative summed weights:
  0.1000E+01  0.0000E+00
 Relative number of events:
  0.1000E+01  0.0000E+00
 Events:
        2000           0
 Iteration  2   Mean: 0.2997E+11 Abs mean: 0.2997E+11   Fluctuation:  0.392E+09   0.101E+12    98.8%
  2    0.2997E+11 0.2997E+11 +- 0.3923E+09      0.83
 Relative summed weights:
  0.1000E+01  0.0000E+00
 Relative number of events:
  0.1000E+01  0.0000E+00
 Events:
        4000           0
 Iteration  3   Mean: 0.3027E+11 Abs mean: 0.3027E+11   Fluctuation:  0.176E+09   0.714E+11    99.7%
  3    0.3027E+11 0.3027E+11 +- 0.1760E+09      0.52
 Relative summed weights:
  0.1000E+01  0.0000E+00
 Relative number of events:
  0.1000E+01  0.0000E+00
 Events:
        8000           0
 Found          821  events.
 Wrote          816  events.
 Actual xsec    30220290721.697418     
 Correct abs xsec    30220290721.697418     
 Event xsec    30220290721.697147     
 Events wgts > 1:            0
 % Cross section > 1:    0.0000000000000000        0.0000000000000000     
 Checking number of events   23179.265186449134              816  chi2:   0.23708176234196862     
 Found          821  events.
 Wrote          816  events.
 Actual xsec    30220290721.697418     
 Correct abs xsec    30220290721.697418     
 Event xsec    30220290721.697147     
 Events wgts > 1:            0
 % Cross section > 1:    0.0000000000000000        0.0000000000000000     
 Iteration  4   Mean: 0.3022E+11 Abs mean: 0.3022E+11   Fluctuation:  0.839E+08   0.567E+11    99.6%
  4    0.3022E+11 0.3022E+11 +- 0.8387E+08      0.35
 Relative summed weights:
  0.1000E+01  0.0000E+00
 Relative number of events:
  0.1000E+01  0.0000E+00
 Events:
       16000           0
 Found         1608  events.
 Wrote         1603  events.
 Actual xsec    30221247995.194534     
 Correct abs xsec    30221247995.194534     
 Event xsec    30221247995.195679     
 Events wgts > 1:            0
 % Cross section > 1:    0.0000000000000000        0.0000000000000000     
 Checking number of events   23179.999424794158             1603  chi2:   0.23458413086288257     
 Found         1608  events.
 Wrote         1603  events.
 Actual xsec    30221247995.194534     
 Correct abs xsec    30221247995.194534     
 Event xsec    30221247995.195679     
 Events wgts > 1:            0
 % Cross section > 1:    0.0000000000000000        0.0000000000000000     
 Iteration  5   Mean: 0.3030E+11 Abs mean: 0.3030E+11   Fluctuation:  0.410E+08   0.444E+11    99.8%
  5    0.3030E+11 0.3030E+11 +- 0.4098E+08      0.24
 Relative summed weights:
  0.1000E+01  0.0000E+00
 Relative number of events:
  0.1000E+01  0.0000E+00
 Events:
       32000           0
 Found         3190  events.
 Wrote         3185  events.
 Actual xsec    30281604611.131229     
 Correct abs xsec    30281604611.131229     
 Event xsec    30281604611.129681     
 Events wgts > 1:            0
 % Cross section > 1:    0.0000000000000000        0.0000000000000000     
 Checking number of events   23226.293552783765             3185  chi2:   0.32266766281274467     
 Found         3190  events.
 Wrote         3185  events.
 Actual xsec    30281604611.131229     
 Correct abs xsec    30281604611.131229     
 Event xsec    30281604611.129681     
 Events wgts > 1:            0
 % Cross section > 1:    0.0000000000000000        0.0000000000000000     
 Iteration  6   Mean: 0.3026E+11 Abs mean: 0.3026E+11   Fluctuation:  0.217E+08   0.398E+11    99.7%
  6    0.3026E+11 0.3026E+11 +- 0.2175E+08      0.18
 Relative summed weights:
  0.1000E+01  0.0000E+00
 Relative number of events:
  0.1000E+01  0.0000E+00
 Events:
       64000           0
 Found         6363  events.
 Wrote         6360  events.
 Actual xsec    30264931752.584541     
 Correct abs xsec    30264931752.584541     
 Event xsec    30264931752.582500     
 Events wgts > 1:            0
 % Cross section > 1:    0.0000000000000000        0.0000000000000000     
 Checking number of events   23213.505303549868             6360  chi2:   0.46756497990434320     
 Found         6363  events.
 Wrote         6360  events.
 Actual xsec    30264931752.584541     
 Correct abs xsec    30264931752.584541     
 Event xsec    30264931752.582500     
 Events wgts > 1:            0
 % Cross section > 1:    0.0000000000000000        0.0000000000000000     
Warning xbin not returning correct x   1  0.998939E+00  0.100000E+01  0.1885E-04
 Iteration  7   Mean: 0.3027E+11 Abs mean: 0.3027E+11   Fluctuation:  0.125E+08   0.636E+11    99.8%
  7    0.3027E+11 0.3027E+11 +- 0.1253E+08      0.15
 Relative summed weights:
  0.1000E+01  0.0000E+00
 Relative number of events:
  0.1000E+01  0.0000E+00
 Events:
      128000           0
 Found        12895  events.
 Wrote        12890  events.
 Actual xsec    30270045288.802563     
 Correct abs xsec    30270045288.802563     
 Event xsec    30270045288.806499     
 Events wgts > 1:            0
 % Cross section > 1:    0.0000000000000000        0.0000000000000000     
 Checking number of events   23217.427436964452            12890  chi2:   0.34571574586231951     
 Found        12895  events.
 Wrote        12890  events.
 Actual xsec    30270045288.802563     
 Correct abs xsec    30270045288.802563     
 Event xsec    30270045288.806499     
 Events wgts > 1:            0
 % Cross section > 1:    0.0000000000000000        0.0000000000000000     
Warning xbin not returning correct x   1  0.998441E+00  0.100000E+01  0.1828E-04
Warning xbin not returning correct x   1  0.998288E+00  0.100000E+01  0.1828E-04
 Iteration  8   Mean: 0.3028E+11 Abs mean: 0.3028E+11   Fluctuation:  0.796E+07   0.936E+11    99.8%
  8    0.3028E+11 0.3028E+11 +- 0.7959E+07      0.13
 Relative summed weights:
  0.1000E+01  0.0000E+00
 Relative number of events:
  0.1000E+01  0.0000E+00
 Events:
      256000           0
 Found        25655  events.
 Wrote        25650  events.
 Actual xsec    30278733222.150593     
 Correct abs xsec    30278733222.150593     
 Event xsec    30278733222.163094     
 Events wgts > 1:            0
 % Cross section > 1:    0.0000000000000000        0.0000000000000000     
 Checking number of events   23224.091168721727            25650  chi2:   0.84721166431318373     

 -------------------------------------------------------------------------------
 Accumulated results:   Integral =  0.3028E+11
                        Std dev  =  0.6319E+07
                       Cross sec =  0.4200E+00
             Chi**2 per DoF.     =
-------------------------------------------------
---------------------------
 Results Last   3 iters: Integral =   0.3028E+11
                     Abs integral =   0.3028E+11
                          Std dev =   0.6419E+07
                  Chi**2 per DoF. =      0.8472
-------------------------------------------------
---------------------------
 Status -7.67009999999999984E-007           9           9
 We found enough events       25650   23224.091168721727     

ls status:
events.lhe
ftn25
ftn26
input_sg.txt
moffset.dat
results.dat
run_01_ftn26.gz
run_01_log.txt
run_01_results.dat
run_03_ftn26.gz
run_03_log.txt
run_03_results.dat
run_05_ftn26.gz
run_05_log.txt
run_05_results.dat
run1_app.log
