 Process in group number            0
 No PDF is used, alpha_s(MZ) from param_card is used
 Value of alpha_s from param_card:   0.11800000071525575     
 The default order of alpha_s running is fixed to            2
 *****************************************************
 *               MadGraph/MadEvent                   *
 *        --------------------------------           *
 *          http://madgraph.hep.uiuc.edu             *
 *          http://madgraph.phys.ucl.ac.be           *
 *          http://madgraph.roma2.infn.it            *
 *        --------------------------------           *
 *                                                   *
 *          PARAMETER AND COUPLING VALUES            *
 *                                                   *
 *****************************************************

  External Params
  ---------------------------------
  
 aEWM1 =    132.50700378417969     
 mdl_Gf =   1.16639000000000003E-005
 aS =   0.11800000071525575     
 mdl_ymb =    4.6999998092651367     
 mdl_ymt =    173.00000000000000     
 mdl_yme =   5.10999991092830896E-004
 mdl_ymm =   0.10565999895334244     
 mdl_ymtau =    1.7769999504089355     
 mdl_MZ =    91.188003540039063     
 mdl_MT =    173.00000000000000     
 mdl_MB =    4.6999998092651367     
 mdl_MH =    125.00000000000000     
 mdl_Me =   5.10999991092830896E-004
 mdl_MM =   0.10565999895334244     
 mdl_MTA =    1.7769999504089355     
 mdl_WZ =    2.4414041042327881     
 mdl_WW =    2.0476000308990479     
 mdl_WT =    1.4915000200271606     
 mdl_WH =   6.38233916833996773E-003
 mdl_WTau =   2.26999999999999982E-012
  Internal Params
  ---------------------------------
  
 mdl_conjg__CKM3x3 =    1.0000000000000000     
 mdl_CKM3x3 =    1.0000000000000000     
 mdl_conjg__CKM1x1 =    1.0000000000000000     
 mdl_complexi =  (  0.0000000000000000     ,  1.0000000000000000     )
 mdl_MZ__exp__2 =    8315.2519896181766     
 mdl_MZ__exp__4 =    69143415.650849044     
 mdl_sqrt__2 =    1.4142135623730951     
 mdl_MH__exp__2 =    15625.000000000000     
 mdl_aEW =   7.54677089845565054E-003
 mdl_MW =    80.419007276179556     
 mdl_sqrt__aEW =   8.68721526063194194E-002
 mdl_ee =   0.30795376284704501     
 mdl_MW__exp__2 =    6467.2167312862202     
 mdl_sw2 =   0.22224645274001076     
 mdl_cw =   0.88190336616887299     
 mdl_sqrt__sw2 =   0.47143022043565552     
 mdl_sw =   0.47143022043565552     
 mdl_g1 =   0.34919218438279087     
 mdl_gw =   0.65323296958447097     
 mdl_vev =    246.21845810181631     
 mdl_vev__exp__2 =    60623.529110035874     
 mdl_lam =   0.12886910601690271     
 mdl_yb =   2.69955531549349904E-002
 mdl_ye =   2.93504850670934038E-006
 mdl_ym =   6.06883028478528356E-004
 mdl_yt =   0.99366614581500645     
 mdl_ytau =   1.02066167158167895E-002
 mdl_muH =    88.388347648318444     
 mdl_I1x33 =  ( 2.69955531549349904E-002,  0.0000000000000000     )
 mdl_I2x33 =  ( 0.99366614581500645     ,  0.0000000000000000     )
 mdl_I3x33 =  ( 0.99366614581500645     ,  0.0000000000000000     )
 mdl_I4x33 =  ( 2.69955531549349904E-002,  0.0000000000000000     )
 mdl_ee__exp__2 =   9.48355200516540348E-002
 mdl_sw__exp__2 =   0.22224645274001076     
 mdl_cw__exp__2 =   0.77775354725998924     
  Internal Params evaluated point by point
  ----------------------------------------
  
 mdl_sqrt__aS =   0.34351128178744839     
 mdl_G__exp__2 =    1.4828317414825511     
  Couplings of sm-lepton_masses
  ---------------------------------
  
         GC_3 =  -0.00000E+00  -0.30795E+00
        GC_50 =  -0.00000E+00  -0.28804E+00
        GC_59 =   0.00000E+00   0.82310E-01
        GC_89 =  -0.00000E+00  -0.20754E-05

 Collider parameters:
 --------------------

 Running at e e   machine @   7.14879999999999960E-002  GeV
 PDF set = none   
 alpha_s(Mz)= 0.1180 running at 2 loops.
 alpha_s(Mz)= 0.1180 running at 2 loops.
 Renormalization scale fixed @    91.188000000000002     
 Factorization scales  fixed @    91.188000000000002        91.188000000000002     


 getting user params
Enter number of events and max and min iterations: 
 Number of events and iterations         2000           9           3
Enter desired fractional accuracy: 
 Desired fractional accuracy:  -7.67009999999999984E-007
Enter 0 for fixed, 2 for adjustable grid: 
Suppress amplitude (0 no, 1 yes)? 
 Using suppressed amplitude.
Exact helicity sum (0 yes, n = number/event)? 
 Explicitly summing over helicities
Enter Configuration Number: 
Running Configuration Number:    4
 Not subdividing B.W.
 Attempting mappinvarients           1           4
 Completed mapping           4
 about to integrate            2        2000           9           3           2           1
 Using non-zero grid deformation.
  2 dimensions   2000 events  2 invarients  9 iterations  1 config(s),  (0.99)
 Using h-tuple random number sequence.
 Error opening grid
 Using Uniform Grid!
 Using uniform alpha   1.0000000000000000     
 Grid defined OK
 Set CM energy to          0.07
 Mapping Graph           4  to config           4
Setting grid   1    0.17611E-02   1
 Masses: 0.511E-03 0.511E-03 0.511E-03 0.511E-03
   4   1   2
 Got moffset           6
Using random seed offsets     4 :      1
  with seed                  171
 Ranmar initialization seeds       29769       28493
  Particle       3       4
      Et >     0.0     0.0
       E >     0.0     0.0
     Eta <    -1.0    -1.0
   xqcut:      0.0     0.0
d R # 3  >    -0.0     0.4
s min # 3>     0.0     0.0
xqcutij # 3>     0.0     0.0
 alpha_s for scale    91.188000000000002       is   0.11800000071525575     
 Added good helicity            1   6.9357427382864341       in event            1
 Added good helicity            2  3.21099840284493248E-006  in event            1
 Added good helicity            3  3.21099450645474702E-006  in event            1
 Added good helicity            5  3.21099840284492613E-006  in event            1
 Added good helicity            6  0.18275170661291956       in event            1
 Added good helicity            7  0.88149264093648749       in event            1
 Added good helicity            8  3.21099840284490792E-006  in event            1
 Added good helicity            9  3.21099450645474406E-006  in event            1
 Added good helicity           10  0.88149264093648771       in event            1
 Added good helicity           11  0.18275181342484573       in event            1
 Added good helicity           12  3.21099450645476015E-006  in event            1
 Added good helicity           14  3.21099840284491978E-006  in event            1
 Added good helicity           15  3.21099450645476015E-006  in event            1
 Added good helicity           16   6.9357427382864332       in event            1
 Iteration  1   Mean: 0.2901E+11 Abs mean: 0.2901E+11   Fluctuation:  0.101E+10   0.199E+12    90.3%
  1    0.2901E+11 0.2901E+11 +- 0.1012E+10      1.56
 Writing out events   1783831.7721319944        1.5602200767684022     
 Relative summed weights:
  0.1000E+01  0.0000E+00
 Relative number of events:
  0.1000E+01  0.0000E+00
 Events:
        2000           0
 Iteration  2   Mean: 0.2964E+11 Abs mean: 0.2964E+11   Fluctuation:  0.394E+09   0.108E+12    98.6%
  2    0.2964E+11 0.2964E+11 +- 0.3944E+09      0.84
 Relative summed weights:
  0.1000E+01  0.0000E+00
 Relative number of events:
  0.1000E+01  0.0000E+00
 Events:
        4000           0
 Iteration  3   Mean: 0.2996E+11 Abs mean: 0.2996E+11   Fluctuation:  0.176E+09   0.699E+11    99.7%
  3    0.2996E+11 0.2996E+11 +- 0.1757E+09      0.52
 Relative summed weights:
  0.1000E+01  0.0000E+00
 Relative number of events:
  0.1000E+01  0.0000E+00
 Events:
        8000           0
 Found          815  events.
 Wrote          810  events.
 Actual xsec    29885808955.596729     
 Correct abs xsec    29885808955.596729     
 Event xsec    29885808955.596348     
 Events wgts > 1:            0
 % Cross section > 1:    0.0000000000000000        0.0000000000000000     
 Checking number of events   22922.714327032249              810  chi2:   0.66710930215188569     
 Found          815  events.
 Wrote          810  events.
 Actual xsec    29885808955.596729     
 Correct abs xsec    29885808955.596729     
 Event xsec    29885808955.596348     
 Events wgts > 1:            0
 % Cross section > 1:    0.0000000000000000        0.0000000000000000     
Warning xbin not returning correct x   1  0.998490E+00  0.100000E+01  0.2871E-04
 Iteration  4   Mean: 0.3024E+11 Abs mean: 0.3024E+11   Fluctuation:  0.836E+08   0.554E+11    99.8%
  4    0.3024E+11 0.3024E+11 +- 0.8362E+08      0.35
 Relative summed weights:
  0.1000E+01  0.0000E+00
 Relative number of events:
  0.1000E+01  0.0000E+00
 Events:
       16000           0
 Found         1612  events.
 Wrote         1607  events.
 Actual xsec    30173628392.996296     
 Correct abs xsec    30173628392.996296     
 Event xsec    30173628392.995682     
 Events wgts > 1:            0
 % Cross section > 1:    0.0000000000000000        0.0000000000000000     
 Checking number of events   23143.474713712087             1607  chi2:    2.0336733252445720     
 Found         1612  events.
 Wrote         1607  events.
 Actual xsec    30173628392.996296     
 Correct abs xsec    30173628392.996296     
 Event xsec    30173628392.995682     
 Events wgts > 1:            0
 % Cross section > 1:    0.0000000000000000        0.0000000000000000     
Warning xbin not returning correct x   1  0.998856E+00  0.100000E+01  0.2310E-04
 Iteration  5   Mean: 0.3029E+11 Abs mean: 0.3029E+11   Fluctuation:  0.413E+08   0.444E+11    99.8%
  5    0.3029E+11 0.3029E+11 +- 0.4131E+08      0.24
 Relative summed weights:
  0.1000E+01  0.0000E+00
 Relative number of events:
  0.1000E+01  0.0000E+00
 Events:
       32000           0
 Found         3197  events.
 Wrote         3192  events.
 Actual xsec    30265488266.636463     
 Correct abs xsec    30265488266.636463     
 Event xsec    30265488266.638340     
 Events wgts > 1:            0
 % Cross section > 1:    0.0000000000000000        0.0000000000000000     
 Checking number of events   23213.932155392835             3192  chi2:    1.6878855249985343     
 Found         3197  events.
 Wrote         3192  events.
 Actual xsec    30265488266.636463     
 Correct abs xsec    30265488266.636463     
 Event xsec    30265488266.638340     
 Events wgts > 1:            0
 % Cross section > 1:    0.0000000000000000        0.0000000000000000     
Warning xbin not returning correct x   1  0.998742E+00  0.100000E+01  0.2041E-04
 Iteration  6   Mean: 0.3023E+11 Abs mean: 0.3023E+11   Fluctuation:  0.219E+08   0.406E+11    99.8%
  6    0.3023E+11 0.3023E+11 +- 0.2194E+08      0.18
 Relative summed weights:
  0.1000E+01  0.0000E+00
 Relative number of events:
  0.1000E+01  0.0000E+00
 Events:
       64000           0
 Found         6366  events.
 Wrote         6361  events.
 Actual xsec    30239758355.089382     
 Correct abs xsec    30239758355.089382     
 Event xsec    30239758355.092522     
 Events wgts > 1:            0
 % Cross section > 1:    0.0000000000000000        0.0000000000000000     
 Checking number of events   23194.197055937108             6361  chi2:   0.85642015625773460     
 Found         6366  events.
 Wrote         6361  events.
 Actual xsec    30239758355.089382     
 Correct abs xsec    30239758355.089382     
 Event xsec    30239758355.092522     
 Events wgts > 1:            0
 % Cross section > 1:    0.0000000000000000        0.0000000000000000     
 Iteration  7   Mean: 0.3026E+11 Abs mean: 0.3026E+11   Fluctuation:  0.126E+08   0.656E+11    99.8%
  7    0.3026E+11 0.3026E+11 +- 0.1259E+08      0.15
 Relative summed weights:
  0.1000E+01  0.0000E+00
 Relative number of events:
  0.1000E+01  0.0000E+00
 Events:
      128000           0
 Found        12867  events.
 Wrote        12864  events.
 Actual xsec    30252040368.774544     
 Correct abs xsec    30252040368.774544     
 Event xsec    30252040368.764652     
 Events wgts > 1:            0
 % Cross section > 1:    0.0000000000000000        0.0000000000000000     
 Checking number of events   23203.617483253762            12864  chi2:    1.1536432755352148     
 Found        12867  events.
 Wrote        12864  events.
 Actual xsec    30252040368.774544     
 Correct abs xsec    30252040368.774544     
 Event xsec    30252040368.764652     
 Events wgts > 1:            0
 % Cross section > 1:    0.0000000000000000        0.0000000000000000     
Warning xbin not returning correct x   1  0.998452E+00  0.100000E+01  0.1843E-04
Warning xbin not returning correct x   1  0.998605E+00  0.100000E+01  0.1843E-04
 Iteration  8   Mean: 0.3026E+11 Abs mean: 0.3026E+11   Fluctuation:  0.802E+07   0.944E+11    99.8%
  8    0.3026E+11 0.3026E+11 +- 0.8018E+07      0.13
 Relative summed weights:
  0.1000E+01  0.0000E+00
 Relative number of events:
  0.1000E+01  0.0000E+00
 Events:
      256000           0
 Found        25656  events.
 Wrote        25651  events.
 Actual xsec    30256246999.575184     
 Correct abs xsec    30256246999.575184     
 Event xsec    30256246999.583771     
 Events wgts > 1:            0
 % Cross section > 1:    0.0000000000000000        0.0000000000000000     
 Checking number of events   23206.844011144160            25651  chi2:    1.0539210865876829     

 -------------------------------------------------------------------------------
 Accumulated results:   Integral =  0.3026E+11
                        Std dev  =  0.6362E+07
                       Cross sec =  0.1324E+01
             Chi**2 per DoF.     =
-------------------------------------------------
---------------------------
 Results Last   3 iters: Integral =   0.3026E+11
                     Abs integral =   0.3026E+11
                          Std dev =   0.6463E+07
                  Chi**2 per DoF. =      1.0539
-------------------------------------------------
---------------------------
 Status -7.67009999999999984E-007           9           9
 We found enough events       25651   23206.844011144160     

ls status:
events.lhe
ftn25
ftn26
input_sg.txt
moffset.dat
results.dat
run_01_ftn26.gz
run_01_log.txt
run_01_results.dat
run_02_ftn26.gz
run_02_log.txt
run_02_results.dat
run_03_ftn26.gz
run_03_log.txt
run_03_results.dat
run_04_ftn26.gz
run_04_log.txt
run_04_results.dat
run_05_ftn26.gz
run_05_log.txt
run_05_results.dat
run_09_ftn26.gz
run_09_log.txt
run_09_results.dat
run_10_ftn26.gz
run_10_log.txt
run_10_results.dat
run1_app.log
