 Process in group number            0
 No PDF is used, alpha_s(MZ) from param_card is used
 Value of alpha_s from param_card:   0.11800000071525575     
 The default order of alpha_s running is fixed to            2
 *****************************************************
 *               MadGraph/MadEvent                   *
 *        --------------------------------           *
 *          http://madgraph.hep.uiuc.edu             *
 *          http://madgraph.phys.ucl.ac.be           *
 *          http://madgraph.roma2.infn.it            *
 *        --------------------------------           *
 *                                                   *
 *          PARAMETER AND COUPLING VALUES            *
 *                                                   *
 *****************************************************

  External Params
  ---------------------------------
  
 aEWM1 =    132.50700378417969     
 mdl_Gf =   1.16639000000000003E-005
 aS =   0.11800000071525575     
 mdl_ymb =    4.6999998092651367     
 mdl_ymt =    173.00000000000000     
 mdl_yme =   5.10999991092830896E-004
 mdl_ymm =   0.10565999895334244     
 mdl_ymtau =    1.7769999504089355     
 mdl_MZ =    91.188003540039063     
 mdl_MT =    173.00000000000000     
 mdl_MB =    4.6999998092651367     
 mdl_MH =    125.00000000000000     
 mdl_Me =   5.10999991092830896E-004
 mdl_MM =   0.10565999895334244     
 mdl_MTA =    1.7769999504089355     
 mdl_WZ =    2.4414041042327881     
 mdl_WW =    2.0476000308990479     
 mdl_WT =    1.4915000200271606     
 mdl_WH =   6.38233916833996773E-003
 mdl_WTau =   2.26999999999999982E-012
  Internal Params
  ---------------------------------
  
 mdl_conjg__CKM3x3 =    1.0000000000000000     
 mdl_CKM3x3 =    1.0000000000000000     
 mdl_conjg__CKM1x1 =    1.0000000000000000     
 mdl_complexi =  (  0.0000000000000000     ,  1.0000000000000000     )
 mdl_MZ__exp__2 =    8315.2519896181766     
 mdl_MZ__exp__4 =    69143415.650849044     
 mdl_sqrt__2 =    1.4142135623730951     
 mdl_MH__exp__2 =    15625.000000000000     
 mdl_aEW =   7.54677089845565054E-003
 mdl_MW =    80.419007276179556     
 mdl_sqrt__aEW =   8.68721526063194194E-002
 mdl_ee =   0.30795376284704501     
 mdl_MW__exp__2 =    6467.2167312862202     
 mdl_sw2 =   0.22224645274001076     
 mdl_cw =   0.88190336616887299     
 mdl_sqrt__sw2 =   0.47143022043565552     
 mdl_sw =   0.47143022043565552     
 mdl_g1 =   0.34919218438279087     
 mdl_gw =   0.65323296958447097     
 mdl_vev =    246.21845810181631     
 mdl_vev__exp__2 =    60623.529110035874     
 mdl_lam =   0.12886910601690271     
 mdl_yb =   2.69955531549349904E-002
 mdl_ye =   2.93504850670934038E-006
 mdl_ym =   6.06883028478528356E-004
 mdl_yt =   0.99366614581500645     
 mdl_ytau =   1.02066167158167895E-002
 mdl_muH =    88.388347648318444     
 mdl_I1x33 =  ( 2.69955531549349904E-002,  0.0000000000000000     )
 mdl_I2x33 =  ( 0.99366614581500645     ,  0.0000000000000000     )
 mdl_I3x33 =  ( 0.99366614581500645     ,  0.0000000000000000     )
 mdl_I4x33 =  ( 2.69955531549349904E-002,  0.0000000000000000     )
 mdl_ee__exp__2 =   9.48355200516540348E-002
 mdl_sw__exp__2 =   0.22224645274001076     
 mdl_cw__exp__2 =   0.77775354725998924     
  Internal Params evaluated point by point
  ----------------------------------------
  
 mdl_sqrt__aS =   0.34351128178744839     
 mdl_G__exp__2 =    1.4828317414825511     
  Couplings of sm-lepton_masses
  ---------------------------------
  
         GC_3 =  -0.00000E+00  -0.30795E+00
        GC_50 =  -0.00000E+00  -0.28804E+00
        GC_59 =   0.00000E+00   0.82310E-01
        GC_89 =  -0.00000E+00  -0.20754E-05

 Collider parameters:
 --------------------

 Running at e e   machine @   7.14879999999999960E-002  GeV
 PDF set = none   
 alpha_s(Mz)= 0.1180 running at 2 loops.
 alpha_s(Mz)= 0.1180 running at 2 loops.
 Renormalization scale fixed @    91.188000000000002     
 Factorization scales  fixed @    91.188000000000002        91.188000000000002     


 getting user params
Enter number of events and max and min iterations: 
 Number of events and iterations         2000           9           3
Enter desired fractional accuracy: 
 Desired fractional accuracy:  -7.67009999999999984E-007
Enter 0 for fixed, 2 for adjustable grid: 
Suppress amplitude (0 no, 1 yes)? 
 Using suppressed amplitude.
Exact helicity sum (0 yes, n = number/event)? 
 Explicitly summing over helicities
Enter Configuration Number: 
Running Configuration Number:    4
 Not subdividing B.W.
 Attempting mappinvarients           1           4
 Completed mapping           4
 about to integrate            2        2000           9           3           2           1
 Using non-zero grid deformation.
  2 dimensions   2000 events  2 invarients  9 iterations  1 config(s),  (0.99)
 Using h-tuple random number sequence.
 Error opening grid
 Using Uniform Grid!
 Using uniform alpha   1.0000000000000000     
 Grid defined OK
 Set CM energy to          0.07
 Mapping Graph           4  to config           4
Setting grid   1    0.17611E-02   1
 Masses: 0.511E-03 0.511E-03 0.511E-03 0.511E-03
   4   1   2
 Got moffset          24
Using random seed offsets     4 :      1
  with seed                  171
 Ranmar initialization seeds       29769       25157
  Particle       3       4
      Et >     0.0     0.0
       E >     0.0     0.0
     Eta <    -1.0    -1.0
   xqcut:      0.0     0.0
d R # 3  >    -0.0     0.4
s min # 3>     0.0     0.0
xqcutij # 3>     0.0     0.0
 alpha_s for scale    91.188000000000002       is   0.11800000071525575     
 Added good helicity            1   4.3797971969580285       in event            1
 Added good helicity            2  8.16617306471716540E-006  in event            1
 Added good helicity            3  8.16617322984887951E-006  in event            1
 Added good helicity            5  8.16617306471716031E-006  in event            1
 Added good helicity            6   3.6201496982266441       in event            1
 Added good helicity            7  2.04049419867796148E-005  in event            1
 Added good helicity            8  8.16617306471715523E-006  in event            1
 Added good helicity            9  8.16617322984888629E-006  in event            1
 Added good helicity           10  2.04049419867796181E-005  in event            1
 Added good helicity           11   3.6201497678684773       in event            1
 Added good helicity           12  8.16617322984889137E-006  in event            1
 Added good helicity           14  8.16617306471714846E-006  in event            1
 Added good helicity           15  8.16617322984889645E-006  in event            1
 Added good helicity           16   4.3797971969580294       in event            1
 Iteration  1   Mean: 0.2988E+11 Abs mean: 0.2988E+11   Fluctuation:  0.107E+10   0.201E+12    90.3%
  1    0.2988E+11 0.2988E+11 +- 0.1065E+10      1.59
 Writing out events   1837804.1426423821        1.5942245300547455     
 Relative summed weights:
  0.1000E+01  0.0000E+00
 Relative number of events:
  0.1000E+01  0.0000E+00
 Events:
        2000           0
 Iteration  2   Mean: 0.3105E+11 Abs mean: 0.3105E+11   Fluctuation:  0.399E+09   0.114E+12    98.8%
  2    0.3105E+11 0.3105E+11 +- 0.3986E+09      0.81
 Relative summed weights:
  0.1000E+01  0.0000E+00
 Relative number of events:
  0.1000E+01  0.0000E+00
 Events:
        4000           0
 Iteration  3   Mean: 0.3011E+11 Abs mean: 0.3011E+11   Fluctuation:  0.175E+09   0.830E+11    99.7%
  3    0.3011E+11 0.3011E+11 +- 0.1747E+09      0.52
 Relative summed weights:
  0.1000E+01  0.0000E+00
 Relative number of events:
  0.1000E+01  0.0000E+00
 Events:
        8000           0
 Found          769  events.
 Wrote          764  events.
 Actual xsec    30263107524.442204     
 Correct abs xsec    30263107524.442204     
 Event xsec    30263107524.442341     
 Events wgts > 1:            0
 % Cross section > 1:    0.0000000000000000        0.0000000000000000     
 Checking number of events   23212.106102322414              764  chi2:    2.3856407295355395     
 Found          769  events.
 Wrote          764  events.
 Actual xsec    30263107524.442204     
 Correct abs xsec    30263107524.442204     
 Event xsec    30263107524.442341     
 Events wgts > 1:            0
 % Cross section > 1:    0.0000000000000000        0.0000000000000000     
 Iteration  4   Mean: 0.3028E+11 Abs mean: 0.3028E+11   Fluctuation:  0.835E+08   0.503E+11    99.7%
  4    0.3028E+11 0.3028E+11 +- 0.8351E+08      0.35
 Relative summed weights:
  0.1000E+01  0.0000E+00
 Relative number of events:
  0.1000E+01  0.0000E+00
 Events:
       16000           0
 Found         1586  events.
 Wrote         1582  events.
 Actual xsec    30276519349.917061     
 Correct abs xsec    30276519349.917061     
 Event xsec    30276519349.917751     
 Events wgts > 1:            0
 % Cross section > 1:    0.0000000000000000        0.0000000000000000     
 Checking number of events   23222.393106579886             1582  chi2:    2.3254056400585075     
 Found         1586  events.
 Wrote         1582  events.
 Actual xsec    30276519349.917061     
 Correct abs xsec    30276519349.917061     
 Event xsec    30276519349.917751     
 Events wgts > 1:            0
 % Cross section > 1:    0.0000000000000000        0.0000000000000000     
 Iteration  5   Mean: 0.3023E+11 Abs mean: 0.3023E+11   Fluctuation:  0.413E+08   0.416E+11    99.7%
  5    0.3023E+11 0.3023E+11 +- 0.4132E+08      0.24
 Relative summed weights:
  0.1000E+01  0.0000E+00
 Relative number of events:
  0.1000E+01  0.0000E+00
 Events:
       32000           0
 Found         3196  events.
 Wrote         3191  events.
 Actual xsec    30236371895.633614     
 Correct abs xsec    30236371895.633614     
 Event xsec    30236371895.633068     
 Events wgts > 1:            0
 % Cross section > 1:    0.0000000000000000        0.0000000000000000     
 Checking number of events   23191.599607669938             3191  chi2:   0.37871987957262615     
 Found         3196  events.
 Wrote         3191  events.
 Actual xsec    30236371895.633614     
 Correct abs xsec    30236371895.633614     
 Event xsec    30236371895.633068     
 Events wgts > 1:            0
 % Cross section > 1:    0.0000000000000000        0.0000000000000000     
 Iteration  6   Mean: 0.3027E+11 Abs mean: 0.3027E+11   Fluctuation:  0.217E+08   0.380E+11    99.7%
  6    0.3027E+11 0.3027E+11 +- 0.2173E+08      0.18
 Relative summed weights:
  0.1000E+01  0.0000E+00
 Relative number of events:
  0.1000E+01  0.0000E+00
 Events:
       64000           0
 Found         6369  events.
 Wrote         6367  events.
 Actual xsec    30263608695.358704     
 Correct abs xsec    30263608695.358704     
 Event xsec    30263608695.361156     
 Events wgts > 1:            0
 % Cross section > 1:    0.0000000000000000        0.0000000000000000     
 Checking number of events   23212.490505427078             6367  chi2:   0.34694593579907890     
 Found         6369  events.
 Wrote         6367  events.
 Actual xsec    30263608695.358704     
 Correct abs xsec    30263608695.358704     
 Event xsec    30263608695.361156     
 Events wgts > 1:            0
 % Cross section > 1:    0.0000000000000000        0.0000000000000000     
Warning xbin not returning correct x   1  0.998458E+00  0.100000E+01  0.1904E-04
Warning xbin not returning correct x   1  0.998583E+00  0.100000E+01  0.1904E-04
 Iteration  7   Mean: 0.3028E+11 Abs mean: 0.3028E+11   Fluctuation:  0.125E+08   0.635E+11    99.8%
  7    0.3028E+11 0.3028E+11 +- 0.1246E+08      0.15
 Relative summed weights:
  0.1000E+01  0.0000E+00
 Relative number of events:
  0.1000E+01  0.0000E+00
 Events:
      128000           0
 Found        12884  events.
 Wrote        12879  events.
 Actual xsec    30275010796.862770     
 Correct abs xsec    30275010796.862770     
 Event xsec    30275010796.868618     
 Events wgts > 1:            0
 % Cross section > 1:    0.0000000000000000        0.0000000000000000     
 Checking number of events   23221.236031301713            12879  chi2:   0.61563218815499099     
 Found        12884  events.
 Wrote        12879  events.
 Actual xsec    30275010796.862770     
 Correct abs xsec    30275010796.862770     
 Event xsec    30275010796.868618     
 Events wgts > 1:            0
 % Cross section > 1:    0.0000000000000000        0.0000000000000000     
 Iteration  8   Mean: 0.3028E+11 Abs mean: 0.3028E+11   Fluctuation:  0.794E+07   0.965E+11    99.8%
  8    0.3028E+11 0.3028E+11 +- 0.7942E+07      0.13
 Relative summed weights:
  0.1000E+01  0.0000E+00
 Relative number of events:
  0.1000E+01  0.0000E+00
 Events:
      256000           0
 Found        25628  events.
 Wrote        25623  events.
 Actual xsec    30276591412.343262     
 Correct abs xsec    30276591412.343262     
 Event xsec    30276591412.349922     
 Events wgts > 1:            0
 % Cross section > 1:    0.0000000000000000        0.0000000000000000     
 Checking number of events   23222.448379181405            25623  chi2:   7.59249022072340241E-002

 -------------------------------------------------------------------------------
 Accumulated results:   Integral =  0.3028E+11
                        Std dev  =  0.6302E+07
                       Cross sec =  0.8860E+00
             Chi**2 per DoF.     =
-------------------------------------------------
---------------------------
 Results Last   3 iters: Integral =   0.3028E+11
                     Abs integral =   0.3028E+11
                          Std dev =   0.6401E+07
                  Chi**2 per DoF. =      0.0759
-------------------------------------------------
---------------------------
 Status -7.67009999999999984E-007           9           9
 We found enough events       25623   23222.448379181405     

ls status:
events.lhe
ftn25
ftn26
input_sg.txt
moffset.dat
results.dat
run_01_ftn26.gz
run_01_log.txt
run_01_results.dat
run_03_ftn26.gz
run_03_log.txt
run_03_results.dat
run_05_ftn26.gz
run_05_log.txt
run_05_results.dat
run1_app.log
