 Process in group number            0
 No PDF is used, alpha_s(MZ) from param_card is used
 Value of alpha_s from param_card:   0.11800000071525575     
 The default order of alpha_s running is fixed to            2
 *****************************************************
 *               MadGraph/MadEvent                   *
 *        --------------------------------           *
 *          http://madgraph.hep.uiuc.edu             *
 *          http://madgraph.phys.ucl.ac.be           *
 *          http://madgraph.roma2.infn.it            *
 *        --------------------------------           *
 *                                                   *
 *          PARAMETER AND COUPLING VALUES            *
 *                                                   *
 *****************************************************

  External Params
  ---------------------------------
  
 aEWM1 =    132.50700378417969     
 mdl_Gf =   1.16639000000000003E-005
 aS =   0.11800000071525575     
 mdl_ymb =    4.6999998092651367     
 mdl_ymt =    173.00000000000000     
 mdl_yme =   5.10999991092830896E-004
 mdl_ymm =   0.10565999895334244     
 mdl_ymtau =    1.7769999504089355     
 mdl_MZ =    91.188003540039063     
 mdl_MT =    173.00000000000000     
 mdl_MB =    4.6999998092651367     
 mdl_MH =    125.00000000000000     
 mdl_Me =   5.10999991092830896E-004
 mdl_MM =   0.10565999895334244     
 mdl_MTA =    1.7769999504089355     
 mdl_WZ =    2.4414041042327881     
 mdl_WW =    2.0476000308990479     
 mdl_WT =    1.4915000200271606     
 mdl_WH =   6.38233916833996773E-003
 mdl_WTau =   2.26999999999999982E-012
  Internal Params
  ---------------------------------
  
 mdl_conjg__CKM3x3 =    1.0000000000000000     
 mdl_CKM3x3 =    1.0000000000000000     
 mdl_conjg__CKM1x1 =    1.0000000000000000     
 mdl_complexi =  (  0.0000000000000000     ,  1.0000000000000000     )
 mdl_MZ__exp__2 =    8315.2519896181766     
 mdl_MZ__exp__4 =    69143415.650849044     
 mdl_sqrt__2 =    1.4142135623730951     
 mdl_MH__exp__2 =    15625.000000000000     
 mdl_aEW =   7.54677089845565054E-003
 mdl_MW =    80.419007276179556     
 mdl_sqrt__aEW =   8.68721526063194194E-002
 mdl_ee =   0.30795376284704501     
 mdl_MW__exp__2 =    6467.2167312862202     
 mdl_sw2 =   0.22224645274001076     
 mdl_cw =   0.88190336616887299     
 mdl_sqrt__sw2 =   0.47143022043565552     
 mdl_sw =   0.47143022043565552     
 mdl_g1 =   0.34919218438279087     
 mdl_gw =   0.65323296958447097     
 mdl_vev =    246.21845810181631     
 mdl_vev__exp__2 =    60623.529110035874     
 mdl_lam =   0.12886910601690271     
 mdl_yb =   2.69955531549349904E-002
 mdl_ye =   2.93504850670934038E-006
 mdl_ym =   6.06883028478528356E-004
 mdl_yt =   0.99366614581500645     
 mdl_ytau =   1.02066167158167895E-002
 mdl_muH =    88.388347648318444     
 mdl_I1x33 =  ( 2.69955531549349904E-002,  0.0000000000000000     )
 mdl_I2x33 =  ( 0.99366614581500645     ,  0.0000000000000000     )
 mdl_I3x33 =  ( 0.99366614581500645     ,  0.0000000000000000     )
 mdl_I4x33 =  ( 2.69955531549349904E-002,  0.0000000000000000     )
 mdl_ee__exp__2 =   9.48355200516540348E-002
 mdl_sw__exp__2 =   0.22224645274001076     
 mdl_cw__exp__2 =   0.77775354725998924     
  Internal Params evaluated point by point
  ----------------------------------------
  
 mdl_sqrt__aS =   0.34351128178744839     
 mdl_G__exp__2 =    1.4828317414825511     
  Couplings of sm-lepton_masses
  ---------------------------------
  
         GC_3 =  -0.00000E+00  -0.30795E+00
        GC_50 =  -0.00000E+00  -0.28804E+00
        GC_59 =   0.00000E+00   0.82310E-01
        GC_89 =  -0.00000E+00  -0.20754E-05

 Collider parameters:
 --------------------

 Running at e e   machine @   7.00000000000000067E-002  GeV
 PDF set = none   
 alpha_s(Mz)= 0.1180 running at 2 loops.
 alpha_s(Mz)= 0.1180 running at 2 loops.
 Renormalization scale fixed @    91.188000000000002     
 Factorization scales  fixed @    91.188000000000002        91.188000000000002     


 getting user params
Enter number of events and max and min iterations: 
 Number of events and iterations         2000           9           3
Enter desired fractional accuracy: 
 Desired fractional accuracy:  -5.51800000000000036E-006
Enter 0 for fixed, 2 for adjustable grid: 
Suppress amplitude (0 no, 1 yes)? 
 Using suppressed amplitude.
Exact helicity sum (0 yes, n = number/event)? 
 Explicitly summing over helicities
Enter Configuration Number: 
Running Configuration Number:   16
 Not subdividing B.W.
 Attempting mappinvarients           1           5
 Completed mapping           5
 about to integrate            5        2000           9           3           5           1
 Using non-zero grid deformation.
  5 dimensions   2000 events  5 invarients  9 iterations  1 config(s),  (0.99)
 Using h-tuple random number sequence.
 Error opening grid
 Using Uniform Grid!
 Using uniform alpha   1.0000000000000000     
 Grid defined OK
 Set CM energy to          0.07
 Mapping Graph          16  to config          16
Setting grid   1    0.53290E-04   1
Setting grid   2    0.53290E-04   1
 Masses: 0.511E-03 0.511E-03 0.000E+00 0.511E-03 0.511E-03
  16   1   2   3   4   5
 Got moffset           7
Using random seed offsets    16 :      1
  with seed                  150
 Ranmar initialization seeds        4182        1548
  Particle       3       4       5
      Et >     0.0     0.0     0.0
       E >     0.0     0.0     0.0
     Eta <    -1.0    -1.0    -1.0
   xqcut:      0.0     0.0     0.0
d R # 3  >    -0.0     0.0     0.0
d R # 4  >    -0.0    -0.0     0.4
s min # 3>     0.0     0.0     0.0
s min # 4>     0.0     0.0     0.0
xqcutij # 3>     0.0     0.0     0.0
xqcutij # 4>     0.0     0.0     0.0
 alpha_s for scale    91.188000000000002       is   0.11800000071525575     
 Added good helicity            1   7.6031501925089486       in event            1
 Added good helicity            2   1.1164197919790075       in event            1
 Added good helicity            3  2.28634511273480306E-005  in event            1
 Added good helicity            4  3.33472744845609681E-006  in event            1
 Added good helicity            5  0.88253844887623045       in event            1
 Added good helicity            6  2.35173544736925069E-005  in event            1
 Added good helicity            7  2.66431175736469706E-006  in event            1
 Added good helicity            9  2.32718384580264665E-005  in event            1
 Added good helicity           10  0.58718235317803413       in event            1
 Added good helicity           11  6.59485530995685158E-004  in event            1
 Added good helicity           12  9.69035586999100973E-005  in event            1
 Added good helicity           13  0.74319147512130224       in event            1
 Added good helicity           14   5.0665638440426930       in event            1
 Added good helicity           15  9.88133983629196954E-005  in event            1
 Added good helicity           16  2.29092749867350229E-005  in event            1
 Added good helicity           17  2.29092760181755300E-005  in event            1
 Added good helicity           18  9.88133993178112160E-005  in event            1
 Added good helicity           19   5.0665640470206901       in event            1
 Added good helicity           20  0.74319150498829367       in event            1
 Added good helicity           21  9.69035583484677385E-005  in event            1
 Added good helicity           22  6.59485529420940483E-004  in event            1
 Added good helicity           23  0.58718237670195284       in event            1
 Added good helicity           24  2.32718394954486966E-005  in event            1
 Added good helicity           26  2.66431163709636971E-006  in event            1
 Added good helicity           27  2.35173554948032101E-005  in event            1
 Added good helicity           28  0.88253844885908650       in event            1
 Added good helicity           29  3.33472729561461773E-006  in event            1
 Added good helicity           30  2.28634500980076061E-005  in event            1
 Added good helicity           31   1.1164197918831067       in event            1
 Added good helicity           32   7.6031501926733434       in event            1
 Iteration  1   Mean: 0.2493E+10 Abs mean: 0.2493E+10   Fluctuation:  0.164E+09   0.745E+11    83.8%
  1    0.2493E+10 0.2493E+10 +- 0.1635E+09      2.93
 Writing out events   165359.23833973162        2.9337364218658650     
 Relative summed weights:
  0.1000E+01  0.0000E+00
 Relative number of events:
  0.1000E+01  0.0000E+00
 Events:
        2000           0
 Iteration  2   Mean: 0.2479E+10 Abs mean: 0.2479E+10   Fluctuation:  0.701E+08   0.449E+11    85.6%
  2    0.2479E+10 0.2479E+10 +- 0.7011E+08      1.79
 Relative summed weights:
  0.1000E+01  0.0000E+00
 Relative number of events:
  0.1000E+01  0.0000E+00
 Events:
        4000           0
 Iteration  3   Mean: 0.2403E+10 Abs mean: 0.2403E+10   Fluctuation:  0.355E+08   0.258E+11    81.1%
  3    0.2403E+10 0.2403E+10 +- 0.3549E+08      1.32
 Relative summed weights:
  0.1000E+01  0.0000E+00
 Relative number of events:
  0.1000E+01  0.0000E+00
 Events:
        8000           0
 Found          956  events.
 Wrote          951  events.
 Actual xsec    2422067795.5492940     
 Correct abs xsec    2422067795.5492940     
 Event xsec    2422067795.5493345     
 Events wgts > 1:            6
 % Cross section > 1:    1454564.5623758971       6.00546592894191100E-002
 Checking number of events   13364.970095841005              951  chi2:   0.56983224662838017     
 Found          956  events.
 Wrote          951  events.
 Actual xsec    2422067795.5492940     
 Correct abs xsec    2422067795.5492940     
 Event xsec    2422067795.5493345     
 Events wgts > 1:            6
 % Cross section > 1:    1454564.5623758971       6.00546592894191100E-002
 Iteration  4   Mean: 0.2433E+10 Abs mean: 0.2433E+10   Fluctuation:  0.229E+08   0.636E+11    76.8%
  4    0.2433E+10 0.2433E+10 +- 0.2288E+08      1.19
 Relative summed weights:
  0.1000E+01  0.0000E+00
 Relative number of events:
  0.1000E+01  0.0000E+00
 Events:
       16000           0
 Found         2112  events.
 Wrote         2108  events.
 Actual xsec    2428164751.1415563     
 Correct abs xsec    2428164751.1415563     
 Event xsec    2428164751.1415300     
 Events wgts > 1:            9
 % Cross section > 1:    5752278.1255346537       0.23689818093399098     
 Checking number of events   13398.613096799108             2108  chi2:   0.53683798103681468     
 Found         2112  events.
 Wrote         2108  events.
 Actual xsec    2428164751.1415563     
 Correct abs xsec    2428164751.1415563     
 Event xsec    2428164751.1415300     
 Events wgts > 1:            9
 % Cross section > 1:    5752278.1255346537       0.23689818093399098     
 Iteration  5   Mean: 0.2425E+10 Abs mean: 0.2425E+10   Fluctuation:  0.151E+08   0.390E+11    73.8%
  5    0.2425E+10 0.2425E+10 +- 0.1514E+08      1.12
 Relative summed weights:
  0.1000E+01  0.0000E+00
 Relative number of events:
  0.1000E+01  0.0000E+00
 Events:
       32000           0
 Found         4330  events.
 Wrote         4327  events.
 Actual xsec    2424499228.2747602     
 Correct abs xsec    2424499228.2747602     
 Event xsec    2424499228.2747545     
 Events wgts > 1:           16
 % Cross section > 1:    2953872.3228278719       0.12183432720371758     
 Checking number of events   13378.386741620128             4327  chi2:   0.25010069074633656     
 Found         4330  events.
 Wrote         4327  events.
 Actual xsec    2424499228.2747602     
 Correct abs xsec    2424499228.2747602     
 Event xsec    2424499228.2747545     
 Events wgts > 1:           16
 % Cross section > 1:    2953872.3228278719       0.12183432720371758     
 Iteration  6   Mean: 0.2421E+10 Abs mean: 0.2421E+10   Fluctuation:  0.107E+08   0.745E+11    71.3%
  6    0.2421E+10 0.2421E+10 +- 0.1067E+08      1.12
 Relative summed weights:
  0.1000E+01  0.0000E+00
 Relative number of events:
  0.1000E+01  0.0000E+00
 Events:
       64000           0
 Found         8832  events.
 Wrote         8827  events.
 Actual xsec    2423295744.1072712     
 Correct abs xsec    2423295744.1072712     
 Event xsec    2423295744.1070061     
 Events wgts > 1:           43
 % Cross section > 1:    6177417.0134802004       0.25491799870083964     
 Checking number of events   13371.745915983924             8827  chi2:   0.12413148566797773     
 Found         8832  events.
 Wrote         8827  events.
 Actual xsec    2423295744.1072712     
 Correct abs xsec    2423295744.1072712     
 Event xsec    2423295744.1070061     
 Events wgts > 1:           43
 % Cross section > 1:    6177417.0134802004       0.25491799870083964     
 Iteration  7   Mean: 0.2418E+10 Abs mean: 0.2418E+10   Fluctuation:  0.750E+07   0.161E+12    69.0%
  7    0.2418E+10 0.2418E+10 +- 0.7500E+07      1.11
 Relative summed weights:
  0.1000E+01  0.0000E+00
 Relative number of events:
  0.1000E+01  0.0000E+00
 Events:
      128000           0
 Found        18650  events.
 Wrote        18646  events.
 Actual xsec    2419403615.1039357     
 Correct abs xsec    2419403615.1039357     
 Event xsec    2419403615.1041818     
 Events wgts > 1:          119
 % Cross section > 1:    6798527.8273537420       0.28100015164526365     
 Checking number of events   13350.269148143518            18646  chi2:   9.75147828507874487E-002

 -------------------------------------------------------------------------------
 Accumulated results:   Integral =  0.2420E+10
                        Std dev  =  0.5434E+07
                       Cross sec =  0.2838E+00
             Chi**2 per DoF.     =
-------------------------------------------------
---------------------------
 Results Last   3 iters: Integral =   0.2419E+10
                     Abs integral =   0.2419E+10
                          Std dev =   0.5687E+07
                  Chi**2 per DoF. =      0.0975
-------------------------------------------------
---------------------------
 Status -5.51800000000000036E-006           8           9
 We found enough events       18646   13350.269148143518     

ls status:
events.lhe
ftn25
ftn26
input_sg.txt
moffset.dat
results.dat
run_01_ftn26.gz
run_01_log.txt
run_01_results.dat
run_02_ftn26.gz
run_02_log.txt
run_02_results.dat
run_03_ftn26.gz
run_03_log.txt
run_03_results.dat
run_04_ftn26.gz
run_04_log.txt
run_04_results.dat
run_05_ftn26.gz
run_05_log.txt
run_05_results.dat
run_07_ftn26.gz
run_07_log.txt
run_07_results.dat
run1_app.log
