 Process in group number            0
 No PDF is used, alpha_s(MZ) from param_card is used
 Value of alpha_s from param_card:   0.11800000071525575     
 The default order of alpha_s running is fixed to            2
 *****************************************************
 *               MadGraph/MadEvent                   *
 *        --------------------------------           *
 *          http://madgraph.hep.uiuc.edu             *
 *          http://madgraph.phys.ucl.ac.be           *
 *          http://madgraph.roma2.infn.it            *
 *        --------------------------------           *
 *                                                   *
 *          PARAMETER AND COUPLING VALUES            *
 *                                                   *
 *****************************************************

  External Params
  ---------------------------------
  
 aEWM1 =    132.50700378417969     
 mdl_Gf =   1.16639000000000003E-005
 aS =   0.11800000071525575     
 mdl_ymb =    4.6999998092651367     
 mdl_ymt =    173.00000000000000     
 mdl_yme =   5.10999991092830896E-004
 mdl_ymm =   0.10565999895334244     
 mdl_ymtau =    1.7769999504089355     
 mdl_MZ =    91.188003540039063     
 mdl_MT =    173.00000000000000     
 mdl_MB =    4.6999998092651367     
 mdl_MH =    125.00000000000000     
 mdl_Me =   5.10999991092830896E-004
 mdl_MM =   0.10565999895334244     
 mdl_MTA =    1.7769999504089355     
 mdl_WZ =    2.4414041042327881     
 mdl_WW =    2.0476000308990479     
 mdl_WT =    1.4915000200271606     
 mdl_WH =   6.38233916833996773E-003
 mdl_WTau =   2.26999999999999982E-012
  Internal Params
  ---------------------------------
  
 mdl_conjg__CKM3x3 =    1.0000000000000000     
 mdl_CKM3x3 =    1.0000000000000000     
 mdl_conjg__CKM1x1 =    1.0000000000000000     
 mdl_complexi =  (  0.0000000000000000     ,  1.0000000000000000     )
 mdl_MZ__exp__2 =    8315.2519896181766     
 mdl_MZ__exp__4 =    69143415.650849044     
 mdl_sqrt__2 =    1.4142135623730951     
 mdl_MH__exp__2 =    15625.000000000000     
 mdl_aEW =   7.54677089845565054E-003
 mdl_MW =    80.419007276179556     
 mdl_sqrt__aEW =   8.68721526063194194E-002
 mdl_ee =   0.30795376284704501     
 mdl_MW__exp__2 =    6467.2167312862202     
 mdl_sw2 =   0.22224645274001076     
 mdl_cw =   0.88190336616887299     
 mdl_sqrt__sw2 =   0.47143022043565552     
 mdl_sw =   0.47143022043565552     
 mdl_g1 =   0.34919218438279087     
 mdl_gw =   0.65323296958447097     
 mdl_vev =    246.21845810181631     
 mdl_vev__exp__2 =    60623.529110035874     
 mdl_lam =   0.12886910601690271     
 mdl_yb =   2.69955531549349904E-002
 mdl_ye =   2.93504850670934038E-006
 mdl_ym =   6.06883028478528356E-004
 mdl_yt =   0.99366614581500645     
 mdl_ytau =   1.02066167158167895E-002
 mdl_muH =    88.388347648318444     
 mdl_I1x33 =  ( 2.69955531549349904E-002,  0.0000000000000000     )
 mdl_I2x33 =  ( 0.99366614581500645     ,  0.0000000000000000     )
 mdl_I3x33 =  ( 0.99366614581500645     ,  0.0000000000000000     )
 mdl_I4x33 =  ( 2.69955531549349904E-002,  0.0000000000000000     )
 mdl_ee__exp__2 =   9.48355200516540348E-002
 mdl_sw__exp__2 =   0.22224645274001076     
 mdl_cw__exp__2 =   0.77775354725998924     
  Internal Params evaluated point by point
  ----------------------------------------
  
 mdl_sqrt__aS =   0.34351128178744839     
 mdl_G__exp__2 =    1.4828317414825511     
  Couplings of sm-lepton_masses
  ---------------------------------
  
         GC_3 =  -0.00000E+00  -0.30795E+00
        GC_50 =  -0.00000E+00  -0.28804E+00
        GC_59 =   0.00000E+00   0.82310E-01
        GC_89 =  -0.00000E+00  -0.20754E-05

 Collider parameters:
 --------------------

 Running at e e   machine @   7.00000000000000067E-002  GeV
 PDF set = none   
 alpha_s(Mz)= 0.1180 running at 2 loops.
 alpha_s(Mz)= 0.1180 running at 2 loops.
 Renormalization scale fixed @    91.188000000000002     
 Factorization scales  fixed @    91.188000000000002        91.188000000000002     


 getting user params
Enter number of events and max and min iterations: 
 Number of events and iterations         2000           9           3
Enter desired fractional accuracy: 
 Desired fractional accuracy:  -5.51800000000000036E-006
Enter 0 for fixed, 2 for adjustable grid: 
Suppress amplitude (0 no, 1 yes)? 
 Using suppressed amplitude.
Exact helicity sum (0 yes, n = number/event)? 
 Explicitly summing over helicities
Enter Configuration Number: 
Running Configuration Number:   22
 Not subdividing B.W.
 Attempting mappinvarients           1           5
 Completed mapping           5
 about to integrate            5        2000           9           3           5           1
 Using non-zero grid deformation.
  5 dimensions   2000 events  5 invarients  9 iterations  1 config(s),  (0.99)
 Using h-tuple random number sequence.
 Error opening grid
 Using Uniform Grid!
 Using uniform alpha   1.0000000000000000     
 Grid defined OK
 Set CM energy to          0.07
 Mapping Graph          22  to config          22
Setting grid   1    0.53290E-04   1
Setting grid   2    0.53290E-04   1
 Masses: 0.511E-03 0.511E-03 0.000E+00 0.511E-03 0.511E-03
  22   1   2   3   4   5
 Got moffset           8
Using random seed offsets    22 :      1
  with seed                  150
 Ranmar initialization seeds        4188        4705
  Particle       3       4       5
      Et >     0.0     0.0     0.0
       E >     0.0     0.0     0.0
     Eta <    -1.0    -1.0    -1.0
   xqcut:      0.0     0.0     0.0
d R # 3  >    -0.0     0.0     0.0
d R # 4  >    -0.0    -0.0     0.4
s min # 3>     0.0     0.0     0.0
s min # 4>     0.0     0.0     0.0
xqcutij # 3>     0.0     0.0     0.0
xqcutij # 4>     0.0     0.0     0.0
 alpha_s for scale    91.188000000000002       is   0.11800000071525575     
 Added good helicity            1   9.7565702266909042       in event            1
 Added good helicity            2  1.21316663324239430E-005  in event            1
 Added good helicity            3  1.27520290920315181E-004  in event            1
 Added good helicity            5   2.7787708170627399       in event            1
 Added good helicity            6  4.50901940516284345E-005  in event            1
 Added good helicity            7  6.45901732136258189E-005  in event            1
 Added good helicity            9  5.60820727867869357E-005  in event            1
 Added good helicity           10   2.0234807351004869       in event            1
 Added good helicity           11  2.69099321514126300E-002  in event            1
 Added good helicity           12  2.49522770445984280E-005  in event            1
 Added good helicity           13  6.39438430583991001E-005  in event            1
 Added good helicity           14   1.3624082560184474       in event            1
 Added good helicity           15  5.14122123343893483E-002  in event            1
 Added good helicity           16  5.32850631577968116E-005  in event            1
 Added good helicity           17  5.32850683840527698E-005  in event            1
 Added good helicity           18  5.14122127578072810E-002  in event            1
 Added good helicity           19   1.3624084036801776       in event            1
 Added good helicity           20  6.39438421898037162E-005  in event            1
 Added good helicity           21  2.49522750891835297E-005  in event            1
 Added good helicity           22  2.69099319309886835E-002  in event            1
 Added good helicity           23   2.0234809619754870       in event            1
 Added good helicity           24  5.60820784662272251E-005  in event            1
 Added good helicity           26  6.45901703169340214E-005  in event            1
 Added good helicity           27  4.50901956466460909E-005  in event            1
 Added good helicity           28   2.7787708165594163       in event            1
 Added good helicity           30  1.27520303706215069E-004  in event            1
 Added good helicity           31  1.21316696252879629E-005  in event            1
 Added good helicity           32   9.7565702284535991       in event            1
 Added good helicity            4  1.48990393067979686E-006  in event            6
 Added good helicity           29  1.48990391305093381E-006  in event            6
 Iteration  1   Mean: 0.2487E+10 Abs mean: 0.2487E+10   Fluctuation:  0.166E+09   0.924E+11    82.6%
  1    0.2487E+10 0.2487E+10 +- 0.1662E+09      2.99
 Writing out events   167192.52581228199        2.9878692161569629     
 Relative summed weights:
  0.1000E+01  0.0000E+00
 Relative number of events:
  0.1000E+01  0.0000E+00
 Events:
        2000           0
 Iteration  2   Mean: 0.2471E+10 Abs mean: 0.2471E+10   Fluctuation:  0.693E+08   0.459E+11    86.3%
  2    0.2471E+10 0.2471E+10 +- 0.6931E+08      1.77
 Relative summed weights:
  0.1000E+01  0.0000E+00
 Relative number of events:
  0.1000E+01  0.0000E+00
 Events:
        4000           0
 Iteration  3   Mean: 0.2488E+10 Abs mean: 0.2488E+10   Fluctuation:  0.377E+08   0.283E+11    80.7%
  3    0.2488E+10 0.2488E+10 +- 0.3768E+08      1.35
 Relative summed weights:
  0.1000E+01  0.0000E+00
 Relative number of events:
  0.1000E+01  0.0000E+00
 Events:
        8000           0
 Found          978  events.
 Wrote          973  events.
 Actual xsec    2484130441.4290948     
 Correct abs xsec    2484130441.4290948     
 Event xsec    2484130441.4290791     
 Events wgts > 1:           13
 % Cross section > 1:    4885417.2951311208       0.19666508705237801     
 Checking number of events   13707.431775805746              973  chi2:   2.16567150048231419E-002
 Found          978  events.
 Wrote          973  events.
 Actual xsec    2484130441.4290948     
 Correct abs xsec    2484130441.4290948     
 Event xsec    2484130441.4290791     
 Events wgts > 1:           13
 % Cross section > 1:    4885417.2951311208       0.19666508705237801     
 Iteration  4   Mean: 0.2427E+10 Abs mean: 0.2427E+10   Fluctuation:  0.226E+08   0.236E+11    77.7%
  4    0.2427E+10 0.2427E+10 +- 0.2265E+08      1.18
 Relative summed weights:
  0.1000E+01  0.0000E+00
 Relative number of events:
  0.1000E+01  0.0000E+00
 Events:
       16000           0
 Found         1982  events.
 Wrote         1977  events.
 Actual xsec    2445932454.0578775     
 Correct abs xsec    2445932454.0578775     
 Event xsec    2445932454.0578885     
 Events wgts > 1:            5
 % Cross section > 1:    931628.17508387100       3.80888758206820860E-002
 Checking number of events   13496.655281491368             1977  chi2:    1.0212951511889530     
 Found         1982  events.
 Wrote         1977  events.
 Actual xsec    2445932454.0578775     
 Correct abs xsec    2445932454.0578775     
 Event xsec    2445932454.0578885     
 Events wgts > 1:            5
 % Cross section > 1:    931628.17508387100       3.80888758206820860E-002
 Iteration  5   Mean: 0.2421E+10 Abs mean: 0.2421E+10   Fluctuation:  0.151E+08   0.317E+11    74.2%
  5    0.2421E+10 0.2421E+10 +- 0.1505E+08      1.11
 Relative summed weights:
  0.1000E+01  0.0000E+00
 Relative number of events:
  0.1000E+01  0.0000E+00
 Events:
       32000           0
 Found         4313  events.
 Wrote         4308  events.
 Actual xsec    2429867293.7155557     
 Correct abs xsec    2429867293.7155557     
 Event xsec    2429867293.7153945     
 Events wgts > 1:           23
 % Cross section > 1:    2892361.4596323650       0.11903372118770292     
 Checking number of events   13408.007726722437             4308  chi2:    1.3475001947321110     
 Found         4313  events.
 Wrote         4308  events.
 Actual xsec    2429867293.7155557     
 Correct abs xsec    2429867293.7155557     
 Event xsec    2429867293.7153945     
 Events wgts > 1:           23
 % Cross section > 1:    2892361.4596323650       0.11903372118770292     
 Iteration  6   Mean: 0.2438E+10 Abs mean: 0.2438E+10   Fluctuation:  0.105E+08   0.492E+11    71.8%
  6    0.2438E+10 0.2438E+10 +- 0.1054E+08      1.09
 Relative summed weights:
  0.1000E+01  0.0000E+00
 Relative number of events:
  0.1000E+01  0.0000E+00
 Events:
       64000           0
 Found         8937  events.
 Wrote         8933  events.
 Actual xsec    2431585907.8639612     
 Correct abs xsec    2431585907.8639612     
 Event xsec    2431585907.8644190     
 Events wgts > 1:           47
 % Cross section > 1:    4505461.1886705551       0.18528899900672444     
 Checking number of events   13417.491039593338             8933  chi2:   0.41025057518133712     
 Found         8937  events.
 Wrote         8933  events.
 Actual xsec    2431585907.8639612     
 Correct abs xsec    2431585907.8639612     
 Event xsec    2431585907.8644190     
 Events wgts > 1:           47
 % Cross section > 1:    4505461.1886705551       0.18528899900672444     
 Iteration  7   Mean: 0.2424E+10 Abs mean: 0.2424E+10   Fluctuation:  0.757E+07   0.171E+12    69.5%
  7    0.2424E+10 0.2424E+10 +- 0.7566E+07      1.12
 Relative summed weights:
  0.1000E+01  0.0000E+00
 Relative number of events:
  0.1000E+01  0.0000E+00
 Events:
      128000           0
 Found        18268  events.
 Wrote        18263  events.
 Actual xsec    2427489591.8024549     
 Correct abs xsec    2427489591.8024549     
 Event xsec    2427489591.8028855     
 Events wgts > 1:          112
 % Cross section > 1:    7832582.6316491840       0.32266184201564219     
 Checking number of events   13394.887567565947            18263  chi2:   0.65259465205263167     

 -------------------------------------------------------------------------------
 Accumulated results:   Integral =  0.2429E+10
                        Std dev  =  0.5441E+07
                       Cross sec =  0.7409E+00
             Chi**2 per DoF.     =
-------------------------------------------------
---------------------------
 Results Last   3 iters: Integral =   0.2427E+10
                     Abs integral =   0.2427E+10
                          Std dev =   0.5691E+07
                  Chi**2 per DoF. =      0.6526
-------------------------------------------------
---------------------------
 Status -5.51800000000000036E-006           8           9
 We found enough events       18263   13394.887567565947     

ls status:
events.lhe
ftn25
ftn26
input_sg.txt
moffset.dat
results.dat
run_01_ftn26.gz
run_01_log.txt
run_01_results.dat
run_02_ftn26.gz
run_02_log.txt
run_02_results.dat
run_04_ftn26.gz
run_04_log.txt
run_04_results.dat
run_05_ftn26.gz
run_05_log.txt
run_05_results.dat
run_07_ftn26.gz
run_07_log.txt
run_07_results.dat
run1_app.log
