 Process in group number            0
 No PDF is used, alpha_s(MZ) from param_card is used
 Value of alpha_s from param_card:   0.11800000071525575     
 The default order of alpha_s running is fixed to            2
 *****************************************************
 *               MadGraph/MadEvent                   *
 *        --------------------------------           *
 *          http://madgraph.hep.uiuc.edu             *
 *          http://madgraph.phys.ucl.ac.be           *
 *          http://madgraph.roma2.infn.it            *
 *        --------------------------------           *
 *                                                   *
 *          PARAMETER AND COUPLING VALUES            *
 *                                                   *
 *****************************************************

  External Params
  ---------------------------------
  
 aEWM1 =    132.50700378417969     
 mdl_Gf =   1.16639000000000003E-005
 aS =   0.11800000071525575     
 mdl_ymb =    4.6999998092651367     
 mdl_ymt =    173.00000000000000     
 mdl_yme =   5.10999991092830896E-004
 mdl_ymm =   0.10565999895334244     
 mdl_ymtau =    1.7769999504089355     
 mdl_MZ =    91.188003540039063     
 mdl_MT =    173.00000000000000     
 mdl_MB =    4.6999998092651367     
 mdl_MH =    125.00000000000000     
 mdl_Me =   5.10999991092830896E-004
 mdl_MM =   0.10565999895334244     
 mdl_MTA =    1.7769999504089355     
 mdl_WZ =    2.4414041042327881     
 mdl_WW =    2.0476000308990479     
 mdl_WT =    1.4915000200271606     
 mdl_WH =   6.38233916833996773E-003
 mdl_WTau =   2.26999999999999982E-012
  Internal Params
  ---------------------------------
  
 mdl_conjg__CKM3x3 =    1.0000000000000000     
 mdl_CKM3x3 =    1.0000000000000000     
 mdl_conjg__CKM1x1 =    1.0000000000000000     
 mdl_complexi =  (  0.0000000000000000     ,  1.0000000000000000     )
 mdl_MZ__exp__2 =    8315.2519896181766     
 mdl_MZ__exp__4 =    69143415.650849044     
 mdl_sqrt__2 =    1.4142135623730951     
 mdl_MH__exp__2 =    15625.000000000000     
 mdl_aEW =   7.54677089845565054E-003
 mdl_MW =    80.419007276179556     
 mdl_sqrt__aEW =   8.68721526063194194E-002
 mdl_ee =   0.30795376284704501     
 mdl_MW__exp__2 =    6467.2167312862202     
 mdl_sw2 =   0.22224645274001076     
 mdl_cw =   0.88190336616887299     
 mdl_sqrt__sw2 =   0.47143022043565552     
 mdl_sw =   0.47143022043565552     
 mdl_g1 =   0.34919218438279087     
 mdl_gw =   0.65323296958447097     
 mdl_vev =    246.21845810181631     
 mdl_vev__exp__2 =    60623.529110035874     
 mdl_lam =   0.12886910601690271     
 mdl_yb =   2.69955531549349904E-002
 mdl_ye =   2.93504850670934038E-006
 mdl_ym =   6.06883028478528356E-004
 mdl_yt =   0.99366614581500645     
 mdl_ytau =   1.02066167158167895E-002
 mdl_muH =    88.388347648318444     
 mdl_I1x33 =  ( 2.69955531549349904E-002,  0.0000000000000000     )
 mdl_I2x33 =  ( 0.99366614581500645     ,  0.0000000000000000     )
 mdl_I3x33 =  ( 0.99366614581500645     ,  0.0000000000000000     )
 mdl_I4x33 =  ( 2.69955531549349904E-002,  0.0000000000000000     )
 mdl_ee__exp__2 =   9.48355200516540348E-002
 mdl_sw__exp__2 =   0.22224645274001076     
 mdl_cw__exp__2 =   0.77775354725998924     
  Internal Params evaluated point by point
  ----------------------------------------
  
 mdl_sqrt__aS =   0.34351128178744839     
 mdl_G__exp__2 =    1.4828317414825511     
  Couplings of sm-lepton_masses
  ---------------------------------
  
         GC_3 =  -0.00000E+00  -0.30795E+00
        GC_50 =  -0.00000E+00  -0.28804E+00
        GC_59 =   0.00000E+00   0.82310E-01
        GC_89 =  -0.00000E+00  -0.20754E-05

 Collider parameters:
 --------------------

 Running at e e   machine @   7.00000000000000067E-002  GeV
 PDF set = none   
 alpha_s(Mz)= 0.1180 running at 2 loops.
 alpha_s(Mz)= 0.1180 running at 2 loops.
 Renormalization scale fixed @    91.188000000000002     
 Factorization scales  fixed @    91.188000000000002        91.188000000000002     


 getting user params
Enter number of events and max and min iterations: 
 Number of events and iterations         2000           9           3
Enter desired fractional accuracy: 
 Desired fractional accuracy:  -5.51800000000000036E-006
Enter 0 for fixed, 2 for adjustable grid: 
Suppress amplitude (0 no, 1 yes)? 
 Using suppressed amplitude.
Exact helicity sum (0 yes, n = number/event)? 
 Explicitly summing over helicities
Enter Configuration Number: 
Running Configuration Number:   13
 Not subdividing B.W.
 Attempting mappinvarients           1           5
 Completed mapping           5
 about to integrate            5        2000           9           3           5           1
 Using non-zero grid deformation.
  5 dimensions   2000 events  5 invarients  9 iterations  1 config(s),  (0.99)
 Using h-tuple random number sequence.
 Error opening grid
 Using Uniform Grid!
 Using uniform alpha   1.0000000000000000     
 Grid defined OK
 Set CM energy to          0.07
 Mapping Graph          13  to config          13
Setting grid   1    0.53290E-04   1
Setting grid   2    0.18367E-04   1
 Masses: 0.511E-03 0.511E-03 0.000E+00 0.511E-03 0.511E-03
  13   1   2   3   4   5
 Got moffset           4
Using random seed offsets    13 :      1
  with seed                  150
 Ranmar initialization seeds        4179       22158
  Particle       3       4       5
      Et >     0.0     0.0     0.0
       E >     0.0     0.0     0.0
     Eta <    -1.0    -1.0    -1.0
   xqcut:      0.0     0.0     0.0
d R # 3  >    -0.0     0.0     0.0
d R # 4  >    -0.0    -0.0     0.4
s min # 3>     0.0     0.0     0.0
s min # 4>     0.0     0.0     0.0
xqcutij # 3>     0.0     0.0     0.0
xqcutij # 4>     0.0     0.0     0.0
 alpha_s for scale    91.188000000000002       is   0.11800000071525575     
 Added good helicity            1   12.717426720098532       in event            1
 Added good helicity            2  1.15962015022479693E-002  in event            1
 Added good helicity            3   1.2850221580740595       in event            1
 Added good helicity            5  3.25648051974784065E-004  in event            1
 Added good helicity            6  2.56049380487231885E-006  in event            1
 Added good helicity            7  1.81314693284872071E-006  in event            1
 Added good helicity            9  1.37044206413109045E-005  in event            1
 Added good helicity           10  1.92670040682184048E-003  in event            1
 Added good helicity           12  1.60360811301628136E-004  in event            1
 Added good helicity           13  9.56781144397707561E-002  in event            1
 Added good helicity           14   1.7573802463180006       in event            1
 Added good helicity           15  0.13046340989134819       in event            1
 Added good helicity           16  1.51129660168001763E-006  in event            1
 Added good helicity           17  1.51129660206332841E-006  in event            1
 Added good helicity           18  0.13046340990460173       in event            1
 Added good helicity           19   1.7573802470173212       in event            1
 Added good helicity           20  9.56781144239276377E-002  in event            1
 Added good helicity           21  1.60360811332713079E-004  in event            1
 Added good helicity           23  1.92670040724480119E-003  in event            1
 Added good helicity           24  1.37044206442135780E-005  in event            1
 Added good helicity           26  1.81314693080909015E-006  in event            1
 Added good helicity           27  2.56049380504983451E-006  in event            1
 Added good helicity           28  3.25648051962022409E-004  in event            1
 Added good helicity           30   1.2850221581560874       in event            1
 Added good helicity           31  1.15962014970443540E-002  in event            1
 Added good helicity           32   12.717426720583942       in event            1
 Added good helicity           11  3.81642470886765306E-004  in event            2
 Added good helicity           22  3.81642470926937111E-004  in event            2
 Added good helicity            4  1.04025542083632971E-006  in event           27
 Added good helicity           29  1.04025541787880216E-006  in event           27
 Iteration  1   Mean: 0.9621E+09 Abs mean: 0.9621E+09   Fluctuation:  0.413E+09   0.766E+12    73.7%
  1    0.9621E+09 0.9621E+09 +- 0.4129E+09     19.19
 Writing out events   72480.554436152539        19.192135049093938     
 Relative summed weights:
  0.1000E+01  0.0000E+00
 Relative number of events:
  0.1000E+01  0.0000E+00
 Events:
        2000           0
 Iteration  2   Mean: 0.1496E+10 Abs mean: 0.1496E+10   Fluctuation:  0.351E+09   0.121E+13    83.1%
  2    0.1496E+10 0.1496E+10 +- 0.3511E+09     14.85
 Relative summed weights:
  0.1000E+01  0.0000E+00
 Relative number of events:
  0.1000E+01  0.0000E+00
 Events:
        4000           0
 Iteration  3   Mean: 0.1611E+10 Abs mean: 0.1611E+10   Fluctuation:  0.911E+08   0.356E+12    78.3%
  3    0.1611E+10 0.1611E+10 +- 0.9113E+08      5.06
 Relative summed weights:
  0.1000E+01  0.0000E+00
 Relative number of events:
  0.1000E+01  0.0000E+00
 Events:
        8000           0
 Found          742  events.
 Wrote           45  events.
 Actual xsec    1594529262.3333468     
 Correct abs xsec    1594529262.3333468     
 Event xsec    1594529262.3333445     
 Events wgts > 1:            2
 % Cross section > 1:    19355442.060259193        1.2138655913994032     
 Checking number of events   8798.6124695554081               45  chi2:    1.2295251082367602     
 Found          742  events.
 Wrote           55  events.
 Actual xsec    1594529262.3333468     
 Correct abs xsec    1594529262.3333468     
 Event xsec    1594529262.3333452     
 Events wgts > 1:            2
 % Cross section > 1:    15871299.183793899       0.99535954332808707     
 Iteration  4   Mean: 0.1665E+10 Abs mean: 0.1665E+10   Fluctuation:  0.277E+08   0.642E+11    77.9%
  4    0.1665E+10 0.1665E+10 +- 0.2767E+08      2.10
 Relative summed weights:
  0.1000E+01  0.0000E+00
 Relative number of events:
  0.1000E+01  0.0000E+00
 Events:
       16000           0
 Found         1971  events.
 Wrote          864  events.
 Actual xsec    1659610467.7625761     
 Correct abs xsec    1659610467.7625761     
 Event xsec    1659610467.7625623     
 Events wgts > 1:           31
 % Cross section > 1:    16415469.044674026       0.98911578129564792     
 Checking number of events   9157.7305611138963              864  chi2:   0.26625953630769589     
 Found         1971  events.
 Wrote          896  events.
 Actual xsec    1659610467.7625761     
 Correct abs xsec    1659610467.7625761     
 Event xsec    1659610467.7625484     
 Events wgts > 1:           31
 % Cross section > 1:    15834796.024021724       0.95412726851318663     
 Iteration  5   Mean: 0.1627E+10 Abs mean: 0.1627E+10   Fluctuation:  0.123E+08   0.239E+11    77.1%
  5    0.1627E+10 0.1627E+10 +- 0.1231E+08      1.35
 Relative summed weights:
  0.1000E+01  0.0000E+00
 Relative number of events:
  0.1000E+01  0.0000E+00
 Events:
       32000           0
 Found         4083  events.
 Wrote         4079  events.
 Actual xsec    1633010372.8896079     
 Correct abs xsec    1633010372.8896079     
 Event xsec    1633010372.8896105     
 Events wgts > 1:           90
 % Cross section > 1:    7019557.0185621083       0.42985379242515209     
 Checking number of events   9010.9512376048569             4079  chi2:   0.80591798200320586     
 Found         4083  events.
 Wrote         4079  events.
 Actual xsec    1633010372.8896079     
 Correct abs xsec    1633010372.8896079     
 Event xsec    1633010372.8896105     
 Events wgts > 1:           90
 % Cross section > 1:    7019557.0185621083       0.42985379242515209     
 Iteration  6   Mean: 0.1646E+10 Abs mean: 0.1646E+10   Fluctuation:  0.709E+07   0.213E+11    78.0%
  6    0.1646E+10 0.1646E+10 +- 0.7088E+07      1.09
 Relative summed weights:
  0.1000E+01  0.0000E+00
 Relative number of events:
  0.1000E+01  0.0000E+00
 Events:
       64000           0
 Found         8342  events.
 Wrote         8337  events.
 Actual xsec    1642146936.3665094     
 Correct abs xsec    1642146936.3665094     
 Event xsec    1642146936.3666790     
 Events wgts > 1:           13
 % Cross section > 1:    645394.22345760255       3.93018559524012587E-002
 Checking number of events   9061.3667948704006             8337  chi2:    1.2199682241878484     
 Found         8342  events.
 Wrote         8337  events.
 Actual xsec    1642146936.3665094     
 Correct abs xsec    1642146936.3665094     
 Event xsec    1642146936.3666790     
 Events wgts > 1:           13
 % Cross section > 1:    645394.22345760255       3.93018559524012587E-002
 Iteration  7   Mean: 0.1643E+10 Abs mean: 0.1643E+10   Fluctuation:  0.452E+07   0.289E+11    77.8%
  7    0.1643E+10 0.1643E+10 +- 0.4520E+07      0.98
 Relative summed weights:
  0.1000E+01  0.0000E+00
 Relative number of events:
  0.1000E+01  0.0000E+00
 Events:
      128000           0
 Found        16429  events.
 Wrote        16424  events.
 Actual xsec    1642044375.4841518     
 Correct abs xsec    1642044375.4841518     
 Event xsec    1642044375.4843106     
 Events wgts > 1:           17
 % Cross section > 1:    954046.72353403619       5.81011535241029095E-002
 Checking number of events   9060.8008639215514            16424  chi2:   0.89491117581370572     

 -------------------------------------------------------------------------------
 Accumulated results:   Integral =  0.1642E+10
                        Std dev  =  0.3606E+07
                       Cross sec =  0.6038E+00
             Chi**2 per DoF.     =
-------------------------------------------------
---------------------------
 Results Last   3 iters: Integral =   0.1642E+10
                     Abs integral =   0.1642E+10
                          Std dev =   0.3640E+07
                  Chi**2 per DoF. =      0.8949
-------------------------------------------------
---------------------------
 Status -5.51800000000000036E-006           8           9
 We found enough events       16424   9060.8008639215514     

ls status:
events.lhe
ftn25
ftn26
input_sg.txt
moffset.dat
results.dat
run_07_ftn26.gz
run_07_log.txt
run_07_results.dat
run1_app.log
