 Process in group number            0
 No PDF is used, alpha_s(MZ) from param_card is used
 Value of alpha_s from param_card:   0.11800000071525575     
 The default order of alpha_s running is fixed to            2
 *****************************************************
 *               MadGraph/MadEvent                   *
 *        --------------------------------           *
 *          http://madgraph.hep.uiuc.edu             *
 *          http://madgraph.phys.ucl.ac.be           *
 *          http://madgraph.roma2.infn.it            *
 *        --------------------------------           *
 *                                                   *
 *          PARAMETER AND COUPLING VALUES            *
 *                                                   *
 *****************************************************

  External Params
  ---------------------------------
  
 aEWM1 =    132.50700378417969     
 mdl_Gf =   1.16639000000000003E-005
 aS =   0.11800000071525575     
 mdl_ymb =    4.6999998092651367     
 mdl_ymt =    173.00000000000000     
 mdl_yme =   5.10999991092830896E-004
 mdl_ymm =   0.10565999895334244     
 mdl_ymtau =    1.7769999504089355     
 mdl_MZ =    91.188003540039063     
 mdl_MT =    173.00000000000000     
 mdl_MB =    4.6999998092651367     
 mdl_MH =    125.00000000000000     
 mdl_Me =   5.10999991092830896E-004
 mdl_MM =   0.10565999895334244     
 mdl_MTA =    1.7769999504089355     
 mdl_WZ =    2.4414041042327881     
 mdl_WW =    2.0476000308990479     
 mdl_WT =    1.4915000200271606     
 mdl_WH =   6.38233916833996773E-003
 mdl_WTau =   2.26999999999999982E-012
  Internal Params
  ---------------------------------
  
 mdl_conjg__CKM3x3 =    1.0000000000000000     
 mdl_CKM3x3 =    1.0000000000000000     
 mdl_conjg__CKM1x1 =    1.0000000000000000     
 mdl_complexi =  (  0.0000000000000000     ,  1.0000000000000000     )
 mdl_MZ__exp__2 =    8315.2519896181766     
 mdl_MZ__exp__4 =    69143415.650849044     
 mdl_sqrt__2 =    1.4142135623730951     
 mdl_MH__exp__2 =    15625.000000000000     
 mdl_aEW =   7.54677089845565054E-003
 mdl_MW =    80.419007276179556     
 mdl_sqrt__aEW =   8.68721526063194194E-002
 mdl_ee =   0.30795376284704501     
 mdl_MW__exp__2 =    6467.2167312862202     
 mdl_sw2 =   0.22224645274001076     
 mdl_cw =   0.88190336616887299     
 mdl_sqrt__sw2 =   0.47143022043565552     
 mdl_sw =   0.47143022043565552     
 mdl_g1 =   0.34919218438279087     
 mdl_gw =   0.65323296958447097     
 mdl_vev =    246.21845810181631     
 mdl_vev__exp__2 =    60623.529110035874     
 mdl_lam =   0.12886910601690271     
 mdl_yb =   2.69955531549349904E-002
 mdl_ye =   2.93504850670934038E-006
 mdl_ym =   6.06883028478528356E-004
 mdl_yt =   0.99366614581500645     
 mdl_ytau =   1.02066167158167895E-002
 mdl_muH =    88.388347648318444     
 mdl_I1x33 =  ( 2.69955531549349904E-002,  0.0000000000000000     )
 mdl_I2x33 =  ( 0.99366614581500645     ,  0.0000000000000000     )
 mdl_I3x33 =  ( 0.99366614581500645     ,  0.0000000000000000     )
 mdl_I4x33 =  ( 2.69955531549349904E-002,  0.0000000000000000     )
 mdl_ee__exp__2 =   9.48355200516540348E-002
 mdl_sw__exp__2 =   0.22224645274001076     
 mdl_cw__exp__2 =   0.77775354725998924     
  Internal Params evaluated point by point
  ----------------------------------------
  
 mdl_sqrt__aS =   0.34351128178744839     
 mdl_G__exp__2 =    1.4828317414825511     
  Couplings of sm-lepton_masses
  ---------------------------------
  
         GC_3 =  -0.00000E+00  -0.30795E+00
        GC_50 =  -0.00000E+00  -0.28804E+00
        GC_59 =   0.00000E+00   0.82310E-01
        GC_89 =  -0.00000E+00  -0.20754E-05

 Collider parameters:
 --------------------

 Running at e e   machine @   7.00000000000000067E-002  GeV
 PDF set = none   
 alpha_s(Mz)= 0.1180 running at 2 loops.
 alpha_s(Mz)= 0.1180 running at 2 loops.
 Renormalization scale fixed @    91.188000000000002     
 Factorization scales  fixed @    91.188000000000002        91.188000000000002     


 getting user params
Enter number of events and max and min iterations: 
 Number of events and iterations         2000           9           3
Enter desired fractional accuracy: 
 Desired fractional accuracy:  -5.51800000000000036E-006
Enter 0 for fixed, 2 for adjustable grid: 
Suppress amplitude (0 no, 1 yes)? 
 Using suppressed amplitude.
Exact helicity sum (0 yes, n = number/event)? 
 Explicitly summing over helicities
Enter Configuration Number: 
Running Configuration Number:   22
 Not subdividing B.W.
 Attempting mappinvarients           1           5
 Completed mapping           5
 about to integrate            5        2000           9           3           5           1
 Using non-zero grid deformation.
  5 dimensions   2000 events  5 invarients  9 iterations  1 config(s),  (0.99)
 Using h-tuple random number sequence.
 Error opening grid
 Using Uniform Grid!
 Using uniform alpha   1.0000000000000000     
 Grid defined OK
 Set CM energy to          0.07
 Mapping Graph          22  to config          22
Setting grid   1    0.53290E-04   1
Setting grid   2    0.53290E-04   1
 Masses: 0.511E-03 0.511E-03 0.000E+00 0.511E-03 0.511E-03
  22   1   2   3   4   5
 Got moffset           7
Using random seed offsets    22 :      1
  with seed                  150
 Ranmar initialization seeds        4188        1548
  Particle       3       4       5
      Et >     0.0     0.0     0.0
       E >     0.0     0.0     0.0
     Eta <    -1.0    -1.0    -1.0
   xqcut:      0.0     0.0     0.0
d R # 3  >    -0.0     0.0     0.0
d R # 4  >    -0.0    -0.0     0.4
s min # 3>     0.0     0.0     0.0
s min # 4>     0.0     0.0     0.0
xqcutij # 3>     0.0     0.0     0.0
xqcutij # 4>     0.0     0.0     0.0
 alpha_s for scale    91.188000000000002       is   0.11800000071525575     
 Added good helicity            1   6.4932215195028027       in event            1
 Added good helicity            2  4.11150022732212030E-006  in event            1
 Added good helicity            3  0.22787829248468264       in event            1
 Added good helicity            5   1.4842227316348111       in event            1
 Added good helicity            7  4.15919098397722946E-006  in event            1
 Added good helicity            9  4.12235993910751491E-006  in event            1
 Added good helicity           10   6.1661403712292069       in event            1
 Added good helicity           12  0.21532860991563177       in event            1
 Added good helicity           14   1.4131894234081486       in event            1
 Added good helicity           16  4.15050274259141566E-006  in event            1
 Added good helicity           17  4.15050276271021338E-006  in event            1
 Added good helicity           19   1.4131894302554746       in event            1
 Added good helicity           21  0.21532861099771580       in event            1
 Added good helicity           23   6.1661404011059435       in event            1
 Added good helicity           24  4.12235995957411367E-006  in event            1
 Added good helicity           26  4.15919096460138468E-006  in event            1
 Added good helicity           28   1.4842227316359371       in event            1
 Added good helicity           30  0.22787829252383479       in event            1
 Added good helicity           31  4.11150024831707619E-006  in event            1
 Added good helicity           32   6.4932215194979976       in event            1
 Added good helicity           11  8.19052996199825578E-006  in event            3
 Added good helicity           22  8.19052997582173183E-006  in event            3
 Added good helicity           15  4.66136853738375639E-006  in event            4
 Added good helicity           18  4.66136850145795254E-006  in event            4
 Added good helicity            6  3.21111114224487259E-006  in event            6
 Added good helicity           13  6.56526996656312207E-006  in event            6
 Added good helicity           20  6.56527142250145149E-006  in event            6
 Added good helicity           27  3.21111083820515581E-006  in event            6
 Added good helicity            4  1.17539922056475847E-005  in event           16
 Added good helicity           29  1.17539931356238785E-005  in event           16
 Iteration  1   Mean: 0.2354E+10 Abs mean: 0.2354E+10   Fluctuation:  0.159E+09   0.823E+11    82.9%
  1    0.2354E+10 0.2354E+10 +- 0.1587E+09      3.01
 Writing out events   157846.08156924171        3.0143224048583956     
 Relative summed weights:
  0.1000E+01  0.0000E+00
 Relative number of events:
  0.1000E+01  0.0000E+00
 Events:
        2000           0
 Iteration  2   Mean: 0.2463E+10 Abs mean: 0.2463E+10   Fluctuation:  0.686E+08   0.450E+11    85.7%
  2    0.2463E+10 0.2463E+10 +- 0.6859E+08      1.76
 Relative summed weights:
  0.1000E+01  0.0000E+00
 Relative number of events:
  0.1000E+01  0.0000E+00
 Events:
        4000           0
 Iteration  3   Mean: 0.2379E+10 Abs mean: 0.2379E+10   Fluctuation:  0.360E+08   0.336E+11    81.8%
  3    0.2379E+10 0.2379E+10 +- 0.3596E+08      1.35
 Relative summed weights:
  0.1000E+01  0.0000E+00
 Relative number of events:
  0.1000E+01  0.0000E+00
 Events:
        8000           0
 Found          954  events.
 Wrote          949  events.
 Actual xsec    2396608685.6990004     
 Correct abs xsec    2396608685.6990004     
 Event xsec    2396608685.6989989     
 Events wgts > 1:           10
 % Cross section > 1:    4569988.6703788191       0.19068564249344397     
 Checking number of events   13224.486727687085              949  chi2:   0.62987971265830223     
 Found          954  events.
 Wrote          949  events.
 Actual xsec    2396608685.6990004     
 Correct abs xsec    2396608685.6990004     
 Event xsec    2396608685.6989989     
 Events wgts > 1:           10
 % Cross section > 1:    4569988.6703788191       0.19068564249344397     
 Iteration  4   Mean: 0.2440E+10 Abs mean: 0.2440E+10   Fluctuation:  0.225E+08   0.265E+11    77.4%
  4    0.2440E+10 0.2440E+10 +- 0.2253E+08      1.17
 Relative summed weights:
  0.1000E+01  0.0000E+00
 Relative number of events:
  0.1000E+01  0.0000E+00
 Events:
       16000           0
 Found         2145  events.
 Wrote         2141  events.
 Actual xsec    2426525802.5451956     
 Correct abs xsec    2426525802.5451956     
 Event xsec    2426525802.5451336     
 Events wgts > 1:            6
 % Cross section > 1:    1866734.9369989573       7.69303559451532393E-002
 Checking number of events   13389.569378444390             2141  chi2:    1.1996676035365190     
 Found         2145  events.
 Wrote         2141  events.
 Actual xsec    2426525802.5451956     
 Correct abs xsec    2426525802.5451956     
 Event xsec    2426525802.5451336     
 Events wgts > 1:            6
 % Cross section > 1:    1866734.9369989573       7.69303559451532393E-002
 Iteration  5   Mean: 0.2407E+10 Abs mean: 0.2407E+10   Fluctuation:  0.149E+08   0.401E+11    74.4%
  5    0.2407E+10 0.2407E+10 +- 0.1489E+08      1.11
 Relative summed weights:
  0.1000E+01  0.0000E+00
 Relative number of events:
  0.1000E+01  0.0000E+00
 Events:
       32000           0
 Found         4212  events.
 Wrote         4208  events.
 Actual xsec    2413315097.2296801     
 Correct abs xsec    2413315097.2296801     
 Event xsec    2413315097.2298403     
 Events wgts > 1:            6
 % Cross section > 1:    2123546.9415717516       8.79929414940177762E-002
 Checking number of events   13316.672706513375             4208  chi2:    1.2548827835963938     
 Found         4212  events.
 Wrote         4208  events.
 Actual xsec    2413315097.2296801     
 Correct abs xsec    2413315097.2296801     
 Event xsec    2413315097.2298403     
 Events wgts > 1:            6
 % Cross section > 1:    2123546.9415717516       8.79929414940177762E-002
 Iteration  6   Mean: 0.2425E+10 Abs mean: 0.2425E+10   Fluctuation:  0.108E+08   0.132E+12    71.7%
  6    0.2425E+10 0.2425E+10 +- 0.1078E+08      1.12
 Relative summed weights:
  0.1000E+01  0.0000E+00
 Relative number of events:
  0.1000E+01  0.0000E+00
 Events:
       64000           0
 Found         8834  events.
 Wrote         8829  events.
 Actual xsec    2421623054.8381362     
 Correct abs xsec    2421623054.8381362     
 Event xsec    2421623054.8385181     
 Events wgts > 1:           46
 % Cross section > 1:    7809492.8445500694       0.32249002704803009     
 Checking number of events   13362.516016596837             8829  chi2:   0.86748314533576854     
 Found         8834  events.
 Wrote         8829  events.
 Actual xsec    2421623054.8381362     
 Correct abs xsec    2421623054.8381362     
 Event xsec    2421623054.8385181     
 Events wgts > 1:           46
 % Cross section > 1:    7809492.8445500694       0.32249002704803009     
 Iteration  7   Mean: 0.2415E+10 Abs mean: 0.2415E+10   Fluctuation:  0.758E+07   0.133E+12    69.5%
  7    0.2415E+10 0.2415E+10 +- 0.7578E+07      1.12
 Relative summed weights:
  0.1000E+01  0.0000E+00
 Relative number of events:
  0.1000E+01  0.0000E+00
 Events:
      128000           0
 Found        18200  events.
 Wrote        18196  events.
 Actual xsec    2416509361.0976377     
 Correct abs xsec    2416509361.0976377     
 Event xsec    2416509361.0978909     
 Events wgts > 1:          122
 % Cross section > 1:    10448220.010202581       0.43236828205191186     
 Checking number of events   13334.298654536766            18196  chi2:   0.53135740898608763     

 -------------------------------------------------------------------------------
 Accumulated results:   Integral =  0.2417E+10
                        Std dev  =  0.5461E+07
                       Cross sec =  0.6415E+00
             Chi**2 per DoF.     =
-------------------------------------------------
---------------------------
 Results Last   3 iters: Integral =   0.2417E+10
                     Abs integral =   0.2417E+10
                          Std dev =   0.5723E+07
                  Chi**2 per DoF. =      0.5314
-------------------------------------------------
---------------------------
 Status -5.51800000000000036E-006           8           9
 We found enough events       18196   13334.298654536766     

ls status:
events.lhe
ftn25
ftn26
input_sg.txt
moffset.dat
results.dat
run_01_ftn26.gz
run_01_log.txt
run_01_results.dat
run_02_ftn26.gz
run_02_log.txt
run_02_results.dat
run_04_ftn26.gz
run_04_log.txt
run_04_results.dat
run_05_ftn26.gz
run_05_log.txt
run_05_results.dat
run_07_ftn26.gz
run_07_log.txt
run_07_results.dat
run1_app.log
