 Process in group number            0
 No PDF is used, alpha_s(MZ) from param_card is used
 Value of alpha_s from param_card:   0.11800000071525575     
 The default order of alpha_s running is fixed to            2
 *****************************************************
 *               MadGraph/MadEvent                   *
 *        --------------------------------           *
 *          http://madgraph.hep.uiuc.edu             *
 *          http://madgraph.phys.ucl.ac.be           *
 *          http://madgraph.roma2.infn.it            *
 *        --------------------------------           *
 *                                                   *
 *          PARAMETER AND COUPLING VALUES            *
 *                                                   *
 *****************************************************

  External Params
  ---------------------------------
  
 aEWM1 =    132.50700378417969     
 mdl_Gf =   1.16639000000000003E-005
 aS =   0.11800000071525575     
 mdl_ymb =    4.6999998092651367     
 mdl_ymt =    173.00000000000000     
 mdl_yme =   5.10999991092830896E-004
 mdl_ymm =   0.10565999895334244     
 mdl_ymtau =    1.7769999504089355     
 mdl_MZ =    91.188003540039063     
 mdl_MT =    173.00000000000000     
 mdl_MB =    4.6999998092651367     
 mdl_MH =    125.00000000000000     
 mdl_Me =   5.10999991092830896E-004
 mdl_MM =   0.10565999895334244     
 mdl_MTA =    1.7769999504089355     
 mdl_WZ =    2.4414041042327881     
 mdl_WW =    2.0476000308990479     
 mdl_WT =    1.4915000200271606     
 mdl_WH =   6.38233916833996773E-003
 mdl_WTau =   2.26999999999999982E-012
  Internal Params
  ---------------------------------
  
 mdl_conjg__CKM3x3 =    1.0000000000000000     
 mdl_CKM3x3 =    1.0000000000000000     
 mdl_conjg__CKM1x1 =    1.0000000000000000     
 mdl_complexi =  (  0.0000000000000000     ,  1.0000000000000000     )
 mdl_MZ__exp__2 =    8315.2519896181766     
 mdl_MZ__exp__4 =    69143415.650849044     
 mdl_sqrt__2 =    1.4142135623730951     
 mdl_MH__exp__2 =    15625.000000000000     
 mdl_aEW =   7.54677089845565054E-003
 mdl_MW =    80.419007276179556     
 mdl_sqrt__aEW =   8.68721526063194194E-002
 mdl_ee =   0.30795376284704501     
 mdl_MW__exp__2 =    6467.2167312862202     
 mdl_sw2 =   0.22224645274001076     
 mdl_cw =   0.88190336616887299     
 mdl_sqrt__sw2 =   0.47143022043565552     
 mdl_sw =   0.47143022043565552     
 mdl_g1 =   0.34919218438279087     
 mdl_gw =   0.65323296958447097     
 mdl_vev =    246.21845810181631     
 mdl_vev__exp__2 =    60623.529110035874     
 mdl_lam =   0.12886910601690271     
 mdl_yb =   2.69955531549349904E-002
 mdl_ye =   2.93504850670934038E-006
 mdl_ym =   6.06883028478528356E-004
 mdl_yt =   0.99366614581500645     
 mdl_ytau =   1.02066167158167895E-002
 mdl_muH =    88.388347648318444     
 mdl_I1x33 =  ( 2.69955531549349904E-002,  0.0000000000000000     )
 mdl_I2x33 =  ( 0.99366614581500645     ,  0.0000000000000000     )
 mdl_I3x33 =  ( 0.99366614581500645     ,  0.0000000000000000     )
 mdl_I4x33 =  ( 2.69955531549349904E-002,  0.0000000000000000     )
 mdl_ee__exp__2 =   9.48355200516540348E-002
 mdl_sw__exp__2 =   0.22224645274001076     
 mdl_cw__exp__2 =   0.77775354725998924     
  Internal Params evaluated point by point
  ----------------------------------------
  
 mdl_sqrt__aS =   0.34351128178744839     
 mdl_G__exp__2 =    1.4828317414825511     
  Couplings of sm-lepton_masses
  ---------------------------------
  
         GC_3 =  -0.00000E+00  -0.30795E+00
        GC_50 =  -0.00000E+00  -0.28804E+00
        GC_59 =   0.00000E+00   0.82310E-01
        GC_89 =  -0.00000E+00  -0.20754E-05

 Collider parameters:
 --------------------

 Running at e e   machine @   7.00000000000000067E-002  GeV
 PDF set = none   
 alpha_s(Mz)= 0.1180 running at 2 loops.
 alpha_s(Mz)= 0.1180 running at 2 loops.
 Renormalization scale fixed @    91.188000000000002     
 Factorization scales  fixed @    91.188000000000002        91.188000000000002     


 getting user params
Enter number of events and max and min iterations: 
 Number of events and iterations         2000           9           3
Enter desired fractional accuracy: 
 Desired fractional accuracy:  -5.51800000000000036E-006
Enter 0 for fixed, 2 for adjustable grid: 
Suppress amplitude (0 no, 1 yes)? 
 Using suppressed amplitude.
Exact helicity sum (0 yes, n = number/event)? 
 Explicitly summing over helicities
Enter Configuration Number: 
Running Configuration Number:    7
 Not subdividing B.W.
 Attempting mappinvarients           1           5
 Completed mapping           5
 about to integrate            5        2000           9           3           5           1
 Using non-zero grid deformation.
  5 dimensions   2000 events  5 invarients  9 iterations  1 config(s),  (0.99)
 Using h-tuple random number sequence.
 Error opening grid
 Using Uniform Grid!
 Using uniform alpha   1.0000000000000000     
 Grid defined OK
 Set CM energy to          0.07
 Mapping Graph           7  to config           7
Setting grid   1    0.18367E-04   1
Setting grid   2    0.53290E-04   1
 Masses: 0.511E-03 0.511E-03 0.000E+00 0.511E-03 0.511E-03
   7   1   2   3   4   5
 Got moffset          18
Using random seed offsets     7 :      1
  with seed                  150
 Ranmar initialization seeds        4173        6194
  Particle       3       4       5
      Et >     0.0     0.0     0.0
       E >     0.0     0.0     0.0
     Eta <    -1.0    -1.0    -1.0
   xqcut:      0.0     0.0     0.0
d R # 3  >    -0.0     0.0     0.0
d R # 4  >    -0.0    -0.0     0.4
s min # 3>     0.0     0.0     0.0
s min # 4>     0.0     0.0     0.0
xqcutij # 3>     0.0     0.0     0.0
xqcutij # 4>     0.0     0.0     0.0
 alpha_s for scale    91.188000000000002       is   0.11800000071525575     
 Added good helicity            1   4.8569516797295469       in event            1
 Added good helicity            2  5.68988916325593834E-004  in event            1
 Added good helicity            3  4.27499051854992032E-006  in event            1
 Added good helicity            5   3.2782873088009983       in event            1
 Added good helicity            7  2.72674578874686511E-006  in event            1
 Added good helicity           10   3.5429924415572946       in event            1
 Added good helicity           12  5.18389974208347229E-006  in event            1
 Added good helicity           13  4.27054709401195347E-004  in event            1
 Added good helicity           14   4.3207557917550554       in event            1
 Added good helicity           16  3.61455069786842462E-006  in event            1
 Added good helicity           17  3.61455070773586083E-006  in event            1
 Added good helicity           19   4.3207558030603428       in event            1
 Added good helicity           20  4.27054713805989855E-004  in event            1
 Added good helicity           21  5.18389965472126915E-006  in event            1
 Added good helicity           23   3.5429924561778172       in event            1
 Added good helicity           26  2.72674578392551080E-006  in event            1
 Added good helicity           28   3.2782873100032965       in event            1
 Added good helicity           30  4.27499046006977885E-006  in event            1
 Added good helicity           31  5.68988912607116810E-004  in event            1
 Added good helicity           32   4.8569516779483042       in event            1
 Added good helicity            6  1.43034153677031802E-006  in event            7
 Added good helicity            9  1.87742999069622060E-006  in event            7
 Added good helicity           11  6.09879021406312832E-004  in event            7
 Added good helicity           22  6.09879019851602804E-004  in event            7
 Added good helicity           24  1.87742999047716051E-006  in event            7
 Added good helicity           27  1.43034157361434836E-006  in event            7
 Added good helicity           15  1.89651294005637404E-003  in event            9
 Added good helicity           18  1.89651297554625634E-003  in event            9
 Added good helicity            4  2.00194711613553382E-006  in event           11
 Added good helicity           29  2.00194712001978678E-006  in event           11
 Iteration  1   Mean: 0.1862E+10 Abs mean: 0.1862E+10   Fluctuation:  0.122E+09   0.960E+11    73.9%
  1    0.1862E+10 0.1862E+10 +- 0.1217E+09      2.92
 Writing out events   139938.29196602959        2.9223476811501294     
 Relative summed weights:
  0.1000E+01  0.0000E+00
 Relative number of events:
  0.1000E+01  0.0000E+00
 Events:
        2000           0
 Iteration  2   Mean: 0.1677E+10 Abs mean: 0.1677E+10   Fluctuation:  0.377E+08   0.238E+11    83.3%
  2    0.1677E+10 0.1677E+10 +- 0.3775E+08      1.42
 Relative summed weights:
  0.1000E+01  0.0000E+00
 Relative number of events:
  0.1000E+01  0.0000E+00
 Events:
        4000           0
 Iteration  3   Mean: 0.1700E+10 Abs mean: 0.1700E+10   Fluctuation:  0.207E+08   0.156E+11    80.5%
  3    0.1700E+10 0.1700E+10 +- 0.2073E+08      1.09
 Relative summed weights:
  0.1000E+01  0.0000E+00
 Relative number of events:
  0.1000E+01  0.0000E+00
 Events:
        8000           0
 Found         1006  events.
 Wrote         1001  events.
 Actual xsec    1698987508.5182600     
 Correct abs xsec    1698987508.5182600     
 Event xsec    1698987508.5182555     
 Events wgts > 1:            2
 % Cross section > 1:    478066.77737646713       2.81383338594057911E-002
 Checking number of events   9375.0130720037596             1001  chi2:    1.0672438980129830     
 Found         1006  events.
 Wrote         1001  events.
 Actual xsec    1698987508.5182600     
 Correct abs xsec    1698987508.5182600     
 Event xsec    1698987508.5182555     
 Events wgts > 1:            2
 % Cross section > 1:    478066.77737646713       2.81383338594057911E-002
 Iteration  4   Mean: 0.1714E+10 Abs mean: 0.1714E+10   Fluctuation:  0.129E+08   0.141E+11    78.9%
  4    0.1714E+10 0.1714E+10 +- 0.1291E+08      0.95
 Relative summed weights:
  0.1000E+01  0.0000E+00
 Relative number of events:
  0.1000E+01  0.0000E+00
 Events:
       16000           0
 Found         2070  events.
 Wrote         2065  events.
 Actual xsec    1707808648.8843849     
 Correct abs xsec    1707808648.8843849     
 Event xsec    1707808648.8844731     
 Events wgts > 1:            1
 % Cross section > 1:    44252.186490512220       2.59116772358644479E-003
 Checking number of events   9423.6881245440363             2065  chi2:   0.53776960120241613     
 Found         2070  events.
 Wrote         2065  events.
 Actual xsec    1707808648.8843849     
 Correct abs xsec    1707808648.8843849     
 Event xsec    1707808648.8844731     
 Events wgts > 1:            1
 % Cross section > 1:    44252.186490512220       2.59116772358644479E-003
 Iteration  5   Mean: 0.1724E+10 Abs mean: 0.1724E+10   Fluctuation:  0.864E+07   0.196E+11    76.9%
  5    0.1724E+10 0.1724E+10 +- 0.8643E+07      0.90
 Relative summed weights:
  0.1000E+01  0.0000E+00
 Relative number of events:
  0.1000E+01  0.0000E+00
 Events:
       32000           0
 Found         4157  events.
 Wrote         4154  events.
 Actual xsec    1719082839.7981303     
 Correct abs xsec    1719082839.7981303     
 Event xsec    1719082839.7979589     
 Events wgts > 1:            1
 % Cross section > 1:    201662.74793511676       1.17308336321254800E-002
 Checking number of events   9485.8991100060830             4154  chi2:   0.69203895541340399     
 Found         4157  events.
 Wrote         4154  events.
 Actual xsec    1719082839.7981303     
 Correct abs xsec    1719082839.7981303     
 Event xsec    1719082839.7979589     
 Events wgts > 1:            1
 % Cross section > 1:    201662.74793511676       1.17308336321254800E-002
 Iteration  6   Mean: 0.1722E+10 Abs mean: 0.1722E+10   Fluctuation:  0.597E+07   0.221E+11    75.2%
  6    0.1722E+10 0.1722E+10 +- 0.5975E+07      0.88
 Relative summed weights:
  0.1000E+01  0.0000E+00
 Relative number of events:
  0.1000E+01  0.0000E+00
 Events:
       64000           0
 Found         8496  events.
 Wrote         8493  events.
 Actual xsec    1721440769.1105032     
 Correct abs xsec    1721440769.1105032     
 Event xsec    1721440769.1102450     
 Events wgts > 1:            7
 % Cross section > 1:    469378.98922040139       2.72666360436558987E-002
 Checking number of events   9498.9101639517576             8493  chi2:   0.21238029271567124     
 Found         8496  events.
 Wrote         8493  events.
 Actual xsec    1721440769.1105032     
 Correct abs xsec    1721440769.1105032     
 Event xsec    1721440769.1102450     
 Events wgts > 1:            7
 % Cross section > 1:    469378.98922040139       2.72666360436558987E-002
 Iteration  7   Mean: 0.1738E+10 Abs mean: 0.1738E+10   Fluctuation:  0.434E+07   0.555E+11    74.1%
  7    0.1738E+10 0.1738E+10 +- 0.4343E+07      0.89
 Relative summed weights:
  0.1000E+01  0.0000E+00
 Relative number of events:
  0.1000E+01  0.0000E+00
 Events:
      128000           0
 Found        17393  events.
 Wrote        17390  events.
 Actual xsec    1731117562.3277440     
 Correct abs xsec    1731117562.3277440     
 Event xsec    1731117562.3271868     
 Events wgts > 1:           43
 % Cross section > 1:    2790021.3592399806       0.16116879754193478     
 Checking number of events   9552.3067089244923            17390  chi2:    2.7594033326428238     

 -------------------------------------------------------------------------------
 Accumulated results:   Integral =  0.1729E+10
                        Std dev  =  0.3108E+07
                       Cross sec =  0.2049E+01
             Chi**2 per DoF.     =
-------------------------------------------------
---------------------------
 Results Last   3 iters: Integral =   0.1731E+10
                     Abs integral =   0.1731E+10
                          Std dev =   0.3255E+07
                  Chi**2 per DoF. =      2.7594
-------------------------------------------------
---------------------------
 Status -5.51800000000000036E-006           8           9
 We found enough events       17390   9552.3067089244923     

ls status:
events.lhe
ftn25
ftn26
input_sg.txt
moffset.dat
results.dat
run_07_ftn26.gz
run_07_log.txt
run_07_results.dat
run1_app.log
