 Process in group number            0
 No PDF is used, alpha_s(MZ) from param_card is used
 Value of alpha_s from param_card:   0.11800000071525575     
 The default order of alpha_s running is fixed to            2
 *****************************************************
 *               MadGraph/MadEvent                   *
 *        --------------------------------           *
 *          http://madgraph.hep.uiuc.edu             *
 *          http://madgraph.phys.ucl.ac.be           *
 *          http://madgraph.roma2.infn.it            *
 *        --------------------------------           *
 *                                                   *
 *          PARAMETER AND COUPLING VALUES            *
 *                                                   *
 *****************************************************

  External Params
  ---------------------------------
  
 aEWM1 =    132.50700378417969     
 mdl_Gf =   1.16639000000000003E-005
 aS =   0.11800000071525575     
 mdl_ymb =    4.6999998092651367     
 mdl_ymt =    173.00000000000000     
 mdl_yme =   5.10999991092830896E-004
 mdl_ymm =   0.10565999895334244     
 mdl_ymtau =    1.7769999504089355     
 mdl_MZ =    91.188003540039063     
 mdl_MT =    173.00000000000000     
 mdl_MB =    4.6999998092651367     
 mdl_MH =    125.00000000000000     
 mdl_Me =   5.10999991092830896E-004
 mdl_MM =   0.10565999895334244     
 mdl_MTA =    1.7769999504089355     
 mdl_WZ =    2.4414041042327881     
 mdl_WW =    2.0476000308990479     
 mdl_WT =    1.4915000200271606     
 mdl_WH =   6.38233916833996773E-003
 mdl_WTau =   2.26999999999999982E-012
  Internal Params
  ---------------------------------
  
 mdl_conjg__CKM3x3 =    1.0000000000000000     
 mdl_CKM3x3 =    1.0000000000000000     
 mdl_conjg__CKM1x1 =    1.0000000000000000     
 mdl_complexi =  (  0.0000000000000000     ,  1.0000000000000000     )
 mdl_MZ__exp__2 =    8315.2519896181766     
 mdl_MZ__exp__4 =    69143415.650849044     
 mdl_sqrt__2 =    1.4142135623730951     
 mdl_MH__exp__2 =    15625.000000000000     
 mdl_aEW =   7.54677089845565054E-003
 mdl_MW =    80.419007276179556     
 mdl_sqrt__aEW =   8.68721526063194194E-002
 mdl_ee =   0.30795376284704501     
 mdl_MW__exp__2 =    6467.2167312862202     
 mdl_sw2 =   0.22224645274001076     
 mdl_cw =   0.88190336616887299     
 mdl_sqrt__sw2 =   0.47143022043565552     
 mdl_sw =   0.47143022043565552     
 mdl_g1 =   0.34919218438279087     
 mdl_gw =   0.65323296958447097     
 mdl_vev =    246.21845810181631     
 mdl_vev__exp__2 =    60623.529110035874     
 mdl_lam =   0.12886910601690271     
 mdl_yb =   2.69955531549349904E-002
 mdl_ye =   2.93504850670934038E-006
 mdl_ym =   6.06883028478528356E-004
 mdl_yt =   0.99366614581500645     
 mdl_ytau =   1.02066167158167895E-002
 mdl_muH =    88.388347648318444     
 mdl_I1x33 =  ( 2.69955531549349904E-002,  0.0000000000000000     )
 mdl_I2x33 =  ( 0.99366614581500645     ,  0.0000000000000000     )
 mdl_I3x33 =  ( 0.99366614581500645     ,  0.0000000000000000     )
 mdl_I4x33 =  ( 2.69955531549349904E-002,  0.0000000000000000     )
 mdl_ee__exp__2 =   9.48355200516540348E-002
 mdl_sw__exp__2 =   0.22224645274001076     
 mdl_cw__exp__2 =   0.77775354725998924     
  Internal Params evaluated point by point
  ----------------------------------------
  
 mdl_sqrt__aS =   0.34351128178744839     
 mdl_G__exp__2 =    1.4828317414825511     
  Couplings of sm-lepton_masses
  ---------------------------------
  
         GC_3 =  -0.00000E+00  -0.30795E+00
        GC_50 =  -0.00000E+00  -0.28804E+00
        GC_59 =   0.00000E+00   0.82310E-01
        GC_89 =  -0.00000E+00  -0.20754E-05

 Collider parameters:
 --------------------

 Running at e e   machine @   7.00000000000000067E-002  GeV
 PDF set = none   
 alpha_s(Mz)= 0.1180 running at 2 loops.
 alpha_s(Mz)= 0.1180 running at 2 loops.
 Renormalization scale fixed @    91.188000000000002     
 Factorization scales  fixed @    91.188000000000002        91.188000000000002     


 getting user params
Enter number of events and max and min iterations: 
 Number of events and iterations         2000           9           3
Enter desired fractional accuracy: 
 Desired fractional accuracy:  -5.51800000000000036E-006
Enter 0 for fixed, 2 for adjustable grid: 
Suppress amplitude (0 no, 1 yes)? 
 Using suppressed amplitude.
Exact helicity sum (0 yes, n = number/event)? 
 Explicitly summing over helicities
Enter Configuration Number: 
Running Configuration Number:   13
 Not subdividing B.W.
 Attempting mappinvarients           1           5
 Completed mapping           5
 about to integrate            5        2000           9           3           5           1
 Using non-zero grid deformation.
  5 dimensions   2000 events  5 invarients  9 iterations  1 config(s),  (0.99)
 Using h-tuple random number sequence.
 Error opening grid
 Using Uniform Grid!
 Using uniform alpha   1.0000000000000000     
 Grid defined OK
 Set CM energy to          0.07
 Mapping Graph          13  to config          13
Setting grid   1    0.53290E-04   1
Setting grid   2    0.18367E-04   1
 Masses: 0.511E-03 0.511E-03 0.000E+00 0.511E-03 0.511E-03
  13   1   2   3   4   5
 Got moffset           2
Using random seed offsets    13 :      1
  with seed                  150
 Ranmar initialization seeds        4179       15844
  Particle       3       4       5
      Et >     0.0     0.0     0.0
       E >     0.0     0.0     0.0
     Eta <    -1.0    -1.0    -1.0
   xqcut:      0.0     0.0     0.0
d R # 3  >    -0.0     0.0     0.0
d R # 4  >    -0.0    -0.0     0.4
s min # 3>     0.0     0.0     0.0
s min # 4>     0.0     0.0     0.0
xqcutij # 3>     0.0     0.0     0.0
xqcutij # 4>     0.0     0.0     0.0
 alpha_s for scale    91.188000000000002       is   0.11800000071525575     
 Added good helicity            1   11.231331930578868       in event            1
 Added good helicity            2  7.58468611013886438E-003  in event            1
 Added good helicity            3  5.65394082948418447E-002  in event            1
 Added good helicity            5   2.1077679125086171       in event            1
 Added good helicity            6  1.45008438481625041E-005  in event            1
 Added good helicity            7  7.55782822809795025E-005  in event            1
 Added good helicity            9  1.27384366851820035E-005  in event            1
 Added good helicity           10  4.75606676784285920E-002  in event            1
 Added good helicity           11  0.29730250163908534       in event            1
 Added good helicity           13  0.37432379246189695       in event            1
 Added good helicity           14  0.23872546014878884       in event            1
 Added good helicity           15   1.6387576744985639       in event            1
 Added good helicity           16  2.51338992528142598E-006  in event            1
 Added good helicity           17  2.51338807892828215E-006  in event            1
 Added good helicity           18   1.6387576748335171       in event            1
 Added good helicity           19  0.23872552128966079       in event            1
 Added good helicity           20  0.37432379165282142       in event            1
 Added good helicity           22  0.29730250152418053       in event            1
 Added good helicity           23  4.75606798535938499E-002  in event            1
 Added good helicity           24  1.27384332341567256E-005  in event            1
 Added good helicity           26  7.55782889982041116E-005  in event            1
 Added good helicity           27  1.45008467348217249E-005  in event            1
 Added good helicity           28   2.1077679121734549       in event            1
 Added good helicity           30  5.65394086172224322E-002  in event            1
 Added good helicity           31  7.58468807392635117E-003  in event            1
 Added good helicity           32   11.231331933035607       in event            1
 Added good helicity           12  1.34939986102281226E-006  in event            2
 Added good helicity           21  1.34939986112669789E-006  in event            2
 Added good helicity            4  1.90752164881858293E-006  in event            7
 Added good helicity           29  1.90752164837465042E-006  in event            7
 Iteration  1   Mean: 0.5330E+09 Abs mean: 0.5330E+09   Fluctuation:  0.166E+09   0.260E+12    74.6%
  1    0.5330E+09 0.5330E+09 +- 0.1659E+09     13.92
 Writing out events   39680.678395882438        13.918931742039520     
 Relative summed weights:
  0.1000E+01  0.0000E+00
 Relative number of events:
  0.1000E+01  0.0000E+00
 Events:
        2000           0
 Iteration  2   Mean: 0.9184E+09 Abs mean: 0.9184E+09   Fluctuation:  0.142E+09   0.407E+12    85.1%
  2    0.9184E+09 0.9184E+09 +- 0.1419E+09      9.77
 Relative summed weights:
  0.1000E+01  0.0000E+00
 Relative number of events:
  0.1000E+01  0.0000E+00
 Events:
        4000           0
 Iteration  3   Mean: 0.1634E+10 Abs mean: 0.1634E+10   Fluctuation:  0.924E+08   0.419E+12    85.3%
  3    0.1634E+10 0.1634E+10 +- 0.9240E+08      5.06
 Relative summed weights:
  0.1000E+01  0.0000E+00
 Relative number of events:
  0.1000E+01  0.0000E+00
 Events:
        8000           0
 Found         1002  events.
 Wrote           42  events.
 Actual xsec    1520317479.0767453     
 Correct abs xsec    1520317479.0767453     
 Event xsec    1520317479.0767436     
 Events wgts > 1:            2
 % Cross section > 1:    15209197.717295684        1.0003961624207536     
 Checking number of events   8389.1118495454812               42  chi2:    27.460733495160550     
 Found         1002  events.
 Wrote           35  events.
 Actual xsec    1520317479.0767453     
 Correct abs xsec    1520317479.0767453     
 Event xsec    1520317479.0767457     
 Events wgts > 1:            2
 % Cross section > 1:    18214593.641596600        1.1980782890595922     
 Iteration  4   Mean: 0.1650E+10 Abs mean: 0.1650E+10   Fluctuation:  0.244E+08   0.420E+11    81.5%
  4    0.1650E+10 0.1650E+10 +- 0.2438E+08      1.87
 Relative summed weights:
  0.1000E+01  0.0000E+00
 Relative number of events:
  0.1000E+01  0.0000E+00
 Events:
       16000           0
 Found         1938  events.
 Wrote         1228  events.
 Actual xsec    1643166419.4256904     
 Correct abs xsec    1643166419.4256904     
 Event xsec    1643166419.4257026     
 Events wgts > 1:           48
 % Cross section > 1:    16233224.389101818       0.98792332883576306     
 Checking number of events   9066.9923023909596             1228  chi2:    13.098864553662503     
 Found         1938  events.
 Wrote         1244  events.
 Actual xsec    1643166419.4256904     
 Correct abs xsec    1643166419.4256904     
 Event xsec    1643166419.4257393     
 Events wgts > 1:           48
 % Cross section > 1:    16026473.326461013       0.97534085026287320     
 Iteration  5   Mean: 0.1662E+10 Abs mean: 0.1662E+10   Fluctuation:  0.114E+08   0.296E+11    80.5%
  5    0.1662E+10 0.1662E+10 +- 0.1143E+08      1.23
 Relative summed weights:
  0.1000E+01  0.0000E+00
 Relative number of events:
  0.1000E+01  0.0000E+00
 Events:
       32000           0
 Found         4056  events.
 Wrote         4051  events.
 Actual xsec    1659305352.7952936     
 Correct abs xsec    1659305352.7952936     
 Event xsec    1659305352.7952371     
 Events wgts > 1:           22
 % Cross section > 1:    1769526.0830387496       0.10664258269629738     
 Checking number of events   9156.0469367244314             4051  chi2:   0.12492140619508893     
 Found         4056  events.
 Wrote         4051  events.
 Actual xsec    1659305352.7952936     
 Correct abs xsec    1659305352.7952936     
 Event xsec    1659305352.7952371     
 Events wgts > 1:           22
 % Cross section > 1:    1769526.0830387496       0.10664258269629738     
 Iteration  6   Mean: 0.1655E+10 Abs mean: 0.1655E+10   Fluctuation:  0.674E+07   0.203E+11    79.0%
  6    0.1655E+10 0.1655E+10 +- 0.6738E+07      1.03
 Relative summed weights:
  0.1000E+01  0.0000E+00
 Relative number of events:
  0.1000E+01  0.0000E+00
 Events:
       64000           0
 Found         7948  events.
 Wrote         7943  events.
 Actual xsec    1656031678.5825212     
 Correct abs xsec    1656031678.5825212     
 Event xsec    1656031678.5827808     
 Events wgts > 1:            8
 % Cross section > 1:    317278.06987519714       1.91589372340220734E-002
 Checking number of events   9137.9828024183535             7943  chi2:   0.17101850435100310     
 Found         7948  events.
 Wrote         7943  events.
 Actual xsec    1656031678.5825212     
 Correct abs xsec    1656031678.5825212     
 Event xsec    1656031678.5827808     
 Events wgts > 1:            8
 % Cross section > 1:    317278.06987519714       1.91589372340220734E-002
 Iteration  7   Mean: 0.1649E+10 Abs mean: 0.1649E+10   Fluctuation:  0.436E+07   0.401E+11    78.3%
  7    0.1649E+10 0.1649E+10 +- 0.4355E+07      0.95
 Relative summed weights:
  0.1000E+01  0.0000E+00
 Relative number of events:
  0.1000E+01  0.0000E+00
 Events:
      128000           0
 Found        16264  events.
 Wrote        16259  events.
 Actual xsec    1651452598.0104420     
 Correct abs xsec    1651452598.0104420     
 Event xsec    1651452598.0107880     
 Events wgts > 1:           21
 % Cross section > 1:    838677.95813072845       5.07842586060862494E-002
 Checking number of events   9112.7154358216194            16259  chi2:   0.70102821273397908     

 -------------------------------------------------------------------------------
 Accumulated results:   Integral =  0.1651E+10
                        Std dev  =  0.3445E+07
                       Cross sec =  0.2407E+01
             Chi**2 per DoF.     =
-------------------------------------------------
---------------------------
 Results Last   3 iters: Integral =   0.1651E+10
                     Abs integral =   0.1651E+10
                          Std dev =   0.3483E+07
                  Chi**2 per DoF. =      0.7010
-------------------------------------------------
---------------------------
 Status -5.51800000000000036E-006           8           9
 We found enough events       16259   9112.7154358216194     

ls status:
events.lhe
ftn25
ftn26
input_sg.txt
moffset.dat
results.dat
run_02_ftn26.gz
run_02_log.txt
run_02_results.dat
run_05_ftn26.gz
run_05_log.txt
run_05_results.dat
run_06_ftn26.gz
run_06_log.txt
run_06_results.dat
run_07_ftn26.gz
run_07_log.txt
run_07_results.dat
run1_app.log
