 Process in group number            0
 No PDF is used, alpha_s(MZ) from param_card is used
 Value of alpha_s from param_card:   0.11800000071525575     
 The default order of alpha_s running is fixed to            2
 *****************************************************
 *               MadGraph/MadEvent                   *
 *        --------------------------------           *
 *          http://madgraph.hep.uiuc.edu             *
 *          http://madgraph.phys.ucl.ac.be           *
 *          http://madgraph.roma2.infn.it            *
 *        --------------------------------           *
 *                                                   *
 *          PARAMETER AND COUPLING VALUES            *
 *                                                   *
 *****************************************************

  External Params
  ---------------------------------
  
 aEWM1 =    132.50700378417969     
 mdl_Gf =   1.16639000000000003E-005
 aS =   0.11800000071525575     
 mdl_ymb =    4.6999998092651367     
 mdl_ymt =    173.00000000000000     
 mdl_yme =   5.10999991092830896E-004
 mdl_ymm =   0.10565999895334244     
 mdl_ymtau =    1.7769999504089355     
 mdl_MZ =    91.188003540039063     
 mdl_MT =    173.00000000000000     
 mdl_MB =    4.6999998092651367     
 mdl_MH =    125.00000000000000     
 mdl_Me =   5.10999991092830896E-004
 mdl_MM =   0.10565999895334244     
 mdl_MTA =    1.7769999504089355     
 mdl_WZ =    2.4414041042327881     
 mdl_WW =    2.0476000308990479     
 mdl_WT =    1.4915000200271606     
 mdl_WH =   6.38233916833996773E-003
 mdl_WTau =   2.26999999999999982E-012
  Internal Params
  ---------------------------------
  
 mdl_conjg__CKM3x3 =    1.0000000000000000     
 mdl_CKM3x3 =    1.0000000000000000     
 mdl_conjg__CKM1x1 =    1.0000000000000000     
 mdl_complexi =  (  0.0000000000000000     ,  1.0000000000000000     )
 mdl_MZ__exp__2 =    8315.2519896181766     
 mdl_MZ__exp__4 =    69143415.650849044     
 mdl_sqrt__2 =    1.4142135623730951     
 mdl_MH__exp__2 =    15625.000000000000     
 mdl_aEW =   7.54677089845565054E-003
 mdl_MW =    80.419007276179556     
 mdl_sqrt__aEW =   8.68721526063194194E-002
 mdl_ee =   0.30795376284704501     
 mdl_MW__exp__2 =    6467.2167312862202     
 mdl_sw2 =   0.22224645274001076     
 mdl_cw =   0.88190336616887299     
 mdl_sqrt__sw2 =   0.47143022043565552     
 mdl_sw =   0.47143022043565552     
 mdl_g1 =   0.34919218438279087     
 mdl_gw =   0.65323296958447097     
 mdl_vev =    246.21845810181631     
 mdl_vev__exp__2 =    60623.529110035874     
 mdl_lam =   0.12886910601690271     
 mdl_yb =   2.69955531549349904E-002
 mdl_ye =   2.93504850670934038E-006
 mdl_ym =   6.06883028478528356E-004
 mdl_yt =   0.99366614581500645     
 mdl_ytau =   1.02066167158167895E-002
 mdl_muH =    88.388347648318444     
 mdl_I1x33 =  ( 2.69955531549349904E-002,  0.0000000000000000     )
 mdl_I2x33 =  ( 0.99366614581500645     ,  0.0000000000000000     )
 mdl_I3x33 =  ( 0.99366614581500645     ,  0.0000000000000000     )
 mdl_I4x33 =  ( 2.69955531549349904E-002,  0.0000000000000000     )
 mdl_ee__exp__2 =   9.48355200516540348E-002
 mdl_sw__exp__2 =   0.22224645274001076     
 mdl_cw__exp__2 =   0.77775354725998924     
  Internal Params evaluated point by point
  ----------------------------------------
  
 mdl_sqrt__aS =   0.34351128178744839     
 mdl_G__exp__2 =    1.4828317414825511     
  Couplings of sm-lepton_masses
  ---------------------------------
  
         GC_3 =  -0.00000E+00  -0.30795E+00

 Collider parameters:
 --------------------

 Running at e e   machine @   7.00000000000000067E-002  GeV
 PDF set = none   
 alpha_s(Mz)= 0.1180 running at 2 loops.
 alpha_s(Mz)= 0.1180 running at 2 loops.
 Renormalization scale fixed @    91.188000000000002     
 Factorization scales  fixed @    91.188000000000002        91.188000000000002     


 getting user params
Enter number of events and max and min iterations: 
 Number of events and iterations         2000           9           3
Enter desired fractional accuracy: 
 Desired fractional accuracy:  -1.20039999999999996E-004
Enter 0 for fixed, 2 for adjustable grid: 
Suppress amplitude (0 no, 1 yes)? 
 Using suppressed amplitude.
Exact helicity sum (0 yes, n = number/event)? 
 Explicitly summing over helicities
Enter Configuration Number: 
Running Configuration Number:    1
 Not subdividing B.W.
 Attempting mappinvarients           1           5
 Completed mapping           5
 about to integrate            5        2000           9           3           5           1
 Using non-zero grid deformation.
  5 dimensions   2000 events  5 invarients  9 iterations  1 config(s),  (0.99)
 Using h-tuple random number sequence.
 Error opening grid
 Using Uniform Grid!
 Using uniform alpha   1.0000000000000000     
 Grid defined OK
 Set CM energy to          0.07
 Mapping Graph           1  to config           1
Setting grid   1    0.18367E-04   1
Setting grid   2    0.18367E-04   1
 Masses: 0.511E-03 0.511E-03 0.000E+00 0.000E+00 0.000E+00
   1   1   2   3   4   5
 Got moffset          19
Using random seed offsets     1 :      1
  with seed                  192
 Ranmar initialization seeds       25284        9394
  Particle       3       4       5
      Et >     0.0     0.0     0.0
       E >     0.0     0.0     0.0
     Eta <    -1.0    -1.0    -1.0
   xqcut:      0.0     0.0     0.0
d R # 3  >    -0.0     0.0     0.0
d R # 4  >    -0.0    -0.0     0.0
s min # 3>     0.0     0.0     0.0
s min # 4>     0.0     0.0     0.0
xqcutij # 3>     0.0     0.0     0.0
xqcutij # 4>     0.0     0.0     0.0
 alpha_s for scale    91.188000000000002       is   0.11800000071525575     
 Added good helicity            1  0.61690736786743194       in event            1
 Added good helicity            2  4.38357315384933499E-002  in event            1
 Added good helicity            3   2.5606437734010594       in event            1
 Added good helicity            4  1.61855128955570831E-006  in event            1
 Added good helicity            5  2.33775942672898864E-004  in event            1
 Added good helicity            6  8.75065067222820224E-006  in event            1
 Added good helicity           11  2.16287776509663287E-003  in event            1
 Added good helicity           12  6.29544277001545394E-006  in event            1
 Added good helicity           13   9.1767246709023294       in event            1
 Added good helicity           14  0.71435600460883975       in event            1
 Added good helicity           15   2.8851177893595050       in event            1
 Added good helicity           18   2.8851177893595050       in event            1
 Added good helicity           19  0.71435600460883963       in event            1
 Added good helicity           20   9.1767246709023222       in event            1
 Added good helicity           21  6.29544277001545394E-006  in event            1
 Added good helicity           22  2.16287776509663243E-003  in event            1
 Added good helicity           27  8.75065067222820563E-006  in event            1
 Added good helicity           28  2.33775942672898864E-004  in event            1
 Added good helicity           29  1.61855128955570980E-006  in event            1
 Added good helicity           30   2.5606437734010594       in event            1
 Added good helicity           31  4.38357315384933499E-002  in event            1
 Added good helicity           32  0.61690736786743217       in event            1
 Added good helicity            7  2.30840940465226451E-006  in event            2
 Added good helicity           10   9.7422166285291443       in event            2
 Added good helicity           23   9.7422166285291407       in event            2
 Added good helicity           26  2.30840940465226451E-006  in event            2
 Iteration  1   Mean: 0.4061E+08 Abs mean: 0.4061E+08   Fluctuation:  0.408E+07   0.503E+10    98.9%
  1    0.4061E+08 0.4061E+08 +- 0.4082E+07      4.50
 Writing out events   2280.8494953200038        4.4957357580782649     
 Relative summed weights:
  0.1428E+00  0.0000E+00
  0.1194E+00  0.0000E+00
  0.1677E+00  0.0000E+00
  0.2822E+00  0.0000E+00
  0.1661E+00  0.0000E+00
  0.1219E+00  0.0000E+00
 Relative number of events:
  0.1660E+00  0.0000E+00
  0.1585E+00  0.0000E+00
  0.1810E+00  0.0000E+00
  0.1715E+00  0.0000E+00
  0.1705E+00  0.0000E+00
  0.1525E+00  0.0000E+00
 Events:
         332           0
         317           0
         362           0
         343           0
         341           0
         305           0
 Iteration  2   Mean: 0.4207E+08 Abs mean: 0.4207E+08   Fluctuation:  0.368E+07   0.125E+11    96.7%
  2    0.4207E+08 0.4207E+08 +- 0.3679E+07      5.53
 Relative summed weights:
  0.1412E+00  0.0000E+00
  0.2179E+00  0.0000E+00
  0.1667E+00  0.0000E+00
  0.1621E+00  0.0000E+00
  0.1398E+00  0.0000E+00
  0.1724E+00  0.0000E+00
 Relative number of events:
  0.1708E+00  0.0000E+00
  0.1635E+00  0.0000E+00
  0.1600E+00  0.0000E+00
  0.1752E+00  0.0000E+00
  0.1588E+00  0.0000E+00
  0.1718E+00  0.0000E+00
 Events:
         683           0
         654           0
         640           0
         701           0
         635           0
         687           0
 Iteration  3   Mean: 0.4586E+08 Abs mean: 0.4586E+08   Fluctuation:  0.380E+07   0.257E+11    97.2%
  3    0.4586E+08 0.4586E+08 +- 0.3800E+07      7.41
 Relative summed weights:
  0.1700E+00  0.0000E+00
  0.1628E+00  0.0000E+00
  0.1625E+00  0.0000E+00
  0.1537E+00  0.0000E+00
  0.2139E+00  0.0000E+00
  0.1371E+00  0.0000E+00
 Relative number of events:
  0.1620E+00  0.0000E+00
  0.1676E+00  0.0000E+00
  0.1650E+00  0.0000E+00
  0.1736E+00  0.0000E+00
  0.1650E+00  0.0000E+00
  0.1668E+00  0.0000E+00
 Events:
        1296           0
        1341           0
        1320           0
        1389           0
        1320           0
        1334           0
 Found          679  events.
 Wrote           12  events.
 Actual xsec    43153719.777000308     
 Correct abs xsec    43153719.777000308     
 Event xsec    43153719.777000308     
 Events wgts > 1:            1
 % Cross section > 1:   4.62187281809747219E-002  1.07102535818031555E-007
 Checking number of events   5180.1725220311164               12  chi2:   0.49085840696120797     
 Found          679  events.
 Wrote           14  events.
 Actual xsec    43153719.777000308     
 Correct abs xsec    43153719.777000308     
 Event xsec    43153719.777000286     
 Events wgts > 1:            1
 % Cross section > 1:   3.96160525269806385E-002  9.18021730958518193E-008
 Iteration  4   Mean: 0.4218E+08 Abs mean: 0.4218E+08   Fluctuation:  0.112E+07   0.137E+11    95.4%
  4    0.4218E+08 0.4218E+08 +- 0.1120E+07      3.36
 Relative summed weights:
  0.1701E+00  0.0000E+00
  0.1617E+00  0.0000E+00
  0.1643E+00  0.0000E+00
  0.1875E+00  0.0000E+00
  0.1555E+00  0.0000E+00
  0.1610E+00  0.0000E+00
 Relative number of events:
  0.1673E+00  0.0000E+00
  0.1688E+00  0.0000E+00
  0.1646E+00  0.0000E+00
  0.1666E+00  0.0000E+00
  0.1678E+00  0.0000E+00
  0.1649E+00  0.0000E+00
 Events:
        2676           0
        2700           0
        2634           0
        2666           0
        2685           0
        2639           0
 Found         1409  events.
 Wrote           52  events.
 Actual xsec    42487663.701623172     
 Correct abs xsec    42487663.701623172     
 Event xsec    42487663.701623119     
 Events wgts > 1:            0
 % Cross section > 1:    0.0000000000000000        0.0000000000000000     
 Checking number of events   5100.2191507428452               52  chi2:   0.43724478730891703     
 Found         1409  events.
 Wrote           44  events.
 Actual xsec    42487663.701623172     
 Correct abs xsec    42487663.701623172     
 Event xsec    42487663.701623194     
 Events wgts > 1:            0
 % Cross section > 1:    0.0000000000000000        0.0000000000000000     
 Iteration  5   Mean: 0.4174E+08 Abs mean: 0.4174E+08   Fluctuation:  0.479E+06   0.400E+10    95.8%
  5    0.4174E+08 0.4174E+08 +- 0.4792E+06      2.05
 Relative summed weights:
  0.1693E+00  0.0000E+00
  0.1654E+00  0.0000E+00
  0.1618E+00  0.0000E+00
  0.1685E+00  0.0000E+00
  0.1690E+00  0.0000E+00
  0.1659E+00  0.0000E+00
 Relative number of events:
  0.1676E+00  0.0000E+00
  0.1657E+00  0.0000E+00
  0.1670E+00  0.0000E+00
  0.1672E+00  0.0000E+00
  0.1675E+00  0.0000E+00
  0.1650E+00  0.0000E+00
 Events:
        5363           0
        5303           0
        5344           0
        5351           0
        5359           0
        5280           0
 Found         3100  events.
 Wrote          799  events.
 Actual xsec    41872085.766980246     
 Correct abs xsec    41872085.766980246     
 Event xsec    41872085.766979948     
 Events wgts > 1:           20
 % Cross section > 1:    368667.37171176221       0.88046096810990693     
 Checking number of events   5026.3251754683088              799  chi2:   0.62678121071166137     
 Found         3100  events.
 Wrote          779  events.
 Actual xsec    41872085.766980246     
 Correct abs xsec    41872085.766980246     
 Event xsec    41872085.766979963     
 Events wgts > 1:           20
 % Cross section > 1:    378047.05887266889       0.90286177998516182     
 Iteration  6   Mean: 0.4150E+08 Abs mean: 0.4150E+08   Fluctuation:  0.298E+06   0.425E+10    96.9%
  6    0.4150E+08 0.4150E+08 +- 0.2977E+06      1.82
 Relative summed weights:
  0.1661E+00  0.0000E+00
  0.1658E+00  0.0000E+00
  0.1678E+00  0.0000E+00
  0.1683E+00  0.0000E+00
  0.1718E+00  0.0000E+00
  0.1602E+00  0.0000E+00
 Relative number of events:
  0.1645E+00  0.0000E+00
  0.1672E+00  0.0000E+00
  0.1668E+00  0.0000E+00
  0.1674E+00  0.0000E+00
  0.1686E+00  0.0000E+00
  0.1656E+00  0.0000E+00
 Events:
       10528           0
       10698           0
       10673           0
       10713           0
       10788           0
       10600           0
 Found         6166  events.
 Wrote         1875  events.
 Actual xsec    41594691.806834601     
 Correct abs xsec    41594691.806834601     
 Event xsec    41594691.806837045     
 Events wgts > 1:           33
 % Cross section > 1:    410221.56472531450       0.98623537500976310     
 Checking number of events   4993.0268044924251             1875  chi2:   0.23618355359283807     
 Found         6166  events.
 Wrote         1953  events.
 Actual xsec    41594691.806834601     
 Correct abs xsec    41594691.806834601     
 Event xsec    41594691.806835838     
 Events wgts > 1:           33
 % Cross section > 1:    393993.09698165563       0.94721965680463394     
 Iteration  7   Mean: 0.4144E+08 Abs mean: 0.4144E+08   Fluctuation:  0.193E+06   0.395E+10    96.8%
  7    0.4144E+08 0.4144E+08 +- 0.1932E+06      1.67
 Relative summed weights:
  0.1669E+00  0.0000E+00
  0.1661E+00  0.0000E+00
  0.1701E+00  0.0000E+00
  0.1663E+00  0.0000E+00
  0.1639E+00  0.0000E+00
  0.1667E+00  0.0000E+00
 Relative number of events:
  0.1665E+00  0.0000E+00
  0.1663E+00  0.0000E+00
  0.1685E+00  0.0000E+00
  0.1648E+00  0.0000E+00
  0.1661E+00  0.0000E+00
  0.1679E+00  0.0000E+00
 Events:
       21310           0
       21282           0
       21564           0
       21097           0
       21257           0
       21490           0
 Found        12743  events.
 Wrote         4712  events.
 Actual xsec    41485528.658349521     
 Correct abs xsec    41485528.658349521     
 Event xsec    41485528.658357047     
 Events wgts > 1:           94
 % Cross section > 1:    417013.79259101819        1.0052030336294460     
 Checking number of events   4979.9228601482764             4712  chi2:   0.16780552008594674     
 Found        12743  events.
 Wrote         4708  events.
 Actual xsec    41485528.658349521     
 Correct abs xsec    41485528.658349521     
 Event xsec    41485528.658358015     
 Events wgts > 1:           94
 % Cross section > 1:    417364.53042591183        1.0060484798518439     
 Iteration  8   Mean: 0.4142E+08 Abs mean: 0.4142E+08   Fluctuation:  0.133E+06   0.460E+10    96.7%
  8    0.4142E+08 0.4142E+08 +- 0.1328E+06      1.62
 Relative summed weights:
  0.1676E+00  0.0000E+00
  0.1653E+00  0.0000E+00
  0.1681E+00  0.0000E+00
  0.1657E+00  0.0000E+00
  0.1674E+00  0.0000E+00
  0.1659E+00  0.0000E+00
 Relative number of events:
  0.1668E+00  0.0000E+00
  0.1668E+00  0.0000E+00
  0.1665E+00  0.0000E+00
  0.1660E+00  0.0000E+00
  0.1672E+00  0.0000E+00
  0.1667E+00  0.0000E+00
 Events:
       42707           0
       42704           0
       42617           0
       42487           0
       42801           0
       42684           0
 Found        25483  events.
 Wrote        10164  events.
 Actual xsec    41434434.390853323     
 Correct abs xsec    41434434.390853323     
 Event xsec    41434434.390848249     
 Events wgts > 1:          206
 % Cross section > 1:    415300.00298584433        1.0023064368837455     
 Checking number of events   4973.7895042780328            10164  chi2:   2.78518655047825386E-002

 -------------------------------------------------------------------------------
 Accumulated results:   Integral =  0.4146E+08
                        Std dev  =  0.9994E+05
                       Cross sec =  0.3706E+00
             Chi**2 per DoF.     =
-------------------------------------------------
---------------------------
 Results Last   3 iters: Integral =   0.4143E+08
                     Abs integral =   0.4143E+08
                          Std dev =   0.1027E+06
                  Chi**2 per DoF. =      0.0279
-------------------------------------------------
---------------------------
 Status -1.20039999999999996E-004           9           9
 We found enough events       10164   4973.7895042780328     

ls status:
events.lhe
ftn25
ftn26
input_sg.txt
moffset.dat
results.dat
run_01_ftn26.gz
run_01_log.txt
run_01_results.dat
run_02_ftn26.gz
run_02_log.txt
run_02_results.dat
run_03_ftn26.gz
run_03_log.txt
run_03_results.dat
run_04_ftn26.gz
run_04_log.txt
run_04_results.dat
run_05_ftn26.gz
run_05_log.txt
run_05_results.dat
run_08_ftn26.gz
run_08_log.txt
run_08_results.dat
run1_app.log
