 Process in group number            0
 No PDF is used, alpha_s(MZ) from param_card is used
 Value of alpha_s from param_card:   0.11800000071525575     
 The default order of alpha_s running is fixed to            2
 *****************************************************
 *               MadGraph/MadEvent                   *
 *        --------------------------------           *
 *          http://madgraph.hep.uiuc.edu             *
 *          http://madgraph.phys.ucl.ac.be           *
 *          http://madgraph.roma2.infn.it            *
 *        --------------------------------           *
 *                                                   *
 *          PARAMETER AND COUPLING VALUES            *
 *                                                   *
 *****************************************************

  External Params
  ---------------------------------
  
 aEWM1 =    132.50700378417969     
 mdl_Gf =   1.16639000000000003E-005
 aS =   0.11800000071525575     
 mdl_ymb =    4.6999998092651367     
 mdl_ymt =    173.00000000000000     
 mdl_yme =   5.10999991092830896E-004
 mdl_ymm =   0.10565999895334244     
 mdl_ymtau =    1.7769999504089355     
 mdl_MZ =    91.188003540039063     
 mdl_MT =    173.00000000000000     
 mdl_MB =    4.6999998092651367     
 mdl_MH =    125.00000000000000     
 mdl_Me =   5.10999991092830896E-004
 mdl_MM =   0.10565999895334244     
 mdl_MTA =    1.7769999504089355     
 mdl_WZ =    2.4414041042327881     
 mdl_WW =    2.0476000308990479     
 mdl_WT =    1.4915000200271606     
 mdl_WH =   6.38233916833996773E-003
 mdl_WTau =   2.26999999999999982E-012
  Internal Params
  ---------------------------------
  
 mdl_conjg__CKM3x3 =    1.0000000000000000     
 mdl_CKM3x3 =    1.0000000000000000     
 mdl_conjg__CKM1x1 =    1.0000000000000000     
 mdl_complexi =  (  0.0000000000000000     ,  1.0000000000000000     )
 mdl_MZ__exp__2 =    8315.2519896181766     
 mdl_MZ__exp__4 =    69143415.650849044     
 mdl_sqrt__2 =    1.4142135623730951     
 mdl_MH__exp__2 =    15625.000000000000     
 mdl_aEW =   7.54677089845565054E-003
 mdl_MW =    80.419007276179556     
 mdl_sqrt__aEW =   8.68721526063194194E-002
 mdl_ee =   0.30795376284704501     
 mdl_MW__exp__2 =    6467.2167312862202     
 mdl_sw2 =   0.22224645274001076     
 mdl_cw =   0.88190336616887299     
 mdl_sqrt__sw2 =   0.47143022043565552     
 mdl_sw =   0.47143022043565552     
 mdl_g1 =   0.34919218438279087     
 mdl_gw =   0.65323296958447097     
 mdl_vev =    246.21845810181631     
 mdl_vev__exp__2 =    60623.529110035874     
 mdl_lam =   0.12886910601690271     
 mdl_yb =   2.69955531549349904E-002
 mdl_ye =   2.93504850670934038E-006
 mdl_ym =   6.06883028478528356E-004
 mdl_yt =   0.99366614581500645     
 mdl_ytau =   1.02066167158167895E-002
 mdl_muH =    88.388347648318444     
 mdl_I1x33 =  ( 2.69955531549349904E-002,  0.0000000000000000     )
 mdl_I2x33 =  ( 0.99366614581500645     ,  0.0000000000000000     )
 mdl_I3x33 =  ( 0.99366614581500645     ,  0.0000000000000000     )
 mdl_I4x33 =  ( 2.69955531549349904E-002,  0.0000000000000000     )
 mdl_ee__exp__2 =   9.48355200516540348E-002
 mdl_sw__exp__2 =   0.22224645274001076     
 mdl_cw__exp__2 =   0.77775354725998924     
  Internal Params evaluated point by point
  ----------------------------------------
  
 mdl_sqrt__aS =   0.34351128178744839     
 mdl_G__exp__2 =    1.4828317414825511     
  Couplings of sm-lepton_masses
  ---------------------------------
  
         GC_3 =  -0.00000E+00  -0.30795E+00
        GC_50 =  -0.00000E+00  -0.28804E+00
        GC_59 =   0.00000E+00   0.82310E-01
        GC_89 =  -0.00000E+00  -0.20754E-05

 Collider parameters:
 --------------------

 Running at e e   machine @   7.00000000000000067E-002  GeV
 PDF set = none   
 alpha_s(Mz)= 0.1180 running at 2 loops.
 alpha_s(Mz)= 0.1180 running at 2 loops.
 Renormalization scale fixed @    91.188000000000002     
 Factorization scales  fixed @    91.188000000000002        91.188000000000002     


 getting user params
Enter number of events and max and min iterations: 
 Number of events and iterations         2000           9           3
Enter desired fractional accuracy: 
 Desired fractional accuracy:  -5.51800000000000036E-006
Enter 0 for fixed, 2 for adjustable grid: 
Suppress amplitude (0 no, 1 yes)? 
 Using suppressed amplitude.
Exact helicity sum (0 yes, n = number/event)? 
 Explicitly summing over helicities
Enter Configuration Number: 
Running Configuration Number:   22
 Not subdividing B.W.
 Attempting mappinvarients           1           5
 Completed mapping           5
 about to integrate            5        2000           9           3           5           1
 Using non-zero grid deformation.
  5 dimensions   2000 events  5 invarients  9 iterations  1 config(s),  (0.99)
 Using h-tuple random number sequence.
 Error opening grid
 Using Uniform Grid!
 Using uniform alpha   1.0000000000000000     
 Grid defined OK
 Set CM energy to          0.07
 Mapping Graph          22  to config          22
Setting grid   1    0.53290E-04   1
Setting grid   2    0.53290E-04   1
 Masses: 0.511E-03 0.511E-03 0.000E+00 0.511E-03 0.511E-03
  22   1   2   3   4   5
 Got moffset          26
Using random seed offsets    22 :      1
  with seed                  150
 Ranmar initialization seeds        4188        1369
  Particle       3       4       5
      Et >     0.0     0.0     0.0
       E >     0.0     0.0     0.0
     Eta <    -1.0    -1.0    -1.0
   xqcut:      0.0     0.0     0.0
d R # 3  >    -0.0     0.0     0.0
d R # 4  >    -0.0    -0.0     0.4
s min # 3>     0.0     0.0     0.0
s min # 4>     0.0     0.0     0.0
xqcutij # 3>     0.0     0.0     0.0
xqcutij # 4>     0.0     0.0     0.0
 alpha_s for scale    91.188000000000002       is   0.11800000071525575     
 Added good helicity            1   7.3674391001077408       in event            1
 Added good helicity            3  4.85864596811297518E-003  in event            1
 Added good helicity            5  0.74830266513930743       in event            1
 Added good helicity            7  1.14446971446800045E-005  in event            1
 Added good helicity           10   7.1228250527722077       in event            1
 Added good helicity           12  5.55087563848368458E-003  in event            1
 Added good helicity           14  0.75099969763330854       in event            1
 Added good helicity           16  1.14669910228769530E-005  in event            1
 Added good helicity           17  1.14669910286036072E-005  in event            1
 Added good helicity           19  0.75099969801234945       in event            1
 Added good helicity           21  5.55087562571834371E-003  in event            1
 Added good helicity           23   7.1228250563816600       in event            1
 Added good helicity           26  1.14446971440630833E-005  in event            1
 Added good helicity           28  0.74830266513973021       in event            1
 Added good helicity           30  4.85864595434260492E-003  in event            1
 Added good helicity           32   7.3674391001034056       in event            1
 Added good helicity            2  6.28511315682954346E-006  in event            2
 Added good helicity            6  1.20046713202765382E-005  in event            2
 Added good helicity            9  1.51587035602628847E-005  in event            2
 Added good helicity           11  2.50862777569006061E-003  in event            2
 Added good helicity           13  2.47373711605903997E-002  in event            2
 Added good helicity           15  0.94102908277222774       in event            2
 Added good helicity           18  0.94102907955148718       in event            2
 Added good helicity           20  2.47373710477339394E-002  in event            2
 Added good helicity           22  2.50862778672552612E-003  in event            2
 Added good helicity           24  1.51587003380496137E-005  in event            2
 Added good helicity           27  1.20046707202084320E-005  in event            2
 Added good helicity           31  6.28511612916624857E-006  in event            2
 Added good helicity            4  2.42384642446677843E-005  in event            3
 Added good helicity           29  2.42384642349438325E-005  in event            3
 Iteration  1   Mean: 0.2203E+10 Abs mean: 0.2203E+10   Fluctuation:  0.160E+09   0.181E+12    82.2%
  1    0.2203E+10 0.2203E+10 +- 0.1597E+09      3.24
 Writing out events   148891.09602175021        3.2418902659723186     
 Relative summed weights:
  0.1000E+01  0.0000E+00
 Relative number of events:
  0.1000E+01  0.0000E+00
 Events:
        2000           0
 Iteration  2   Mean: 0.2552E+10 Abs mean: 0.2552E+10   Fluctuation:  0.727E+08   0.548E+11    85.5%
  2    0.2552E+10 0.2552E+10 +- 0.7270E+08      1.80
 Relative summed weights:
  0.1000E+01  0.0000E+00
 Relative number of events:
  0.1000E+01  0.0000E+00
 Events:
        4000           0
 Iteration  3   Mean: 0.2446E+10 Abs mean: 0.2446E+10   Fluctuation:  0.363E+08   0.214E+11    81.4%
  3    0.2446E+10 0.2446E+10 +- 0.3633E+08      1.33
 Relative summed weights:
  0.1000E+01  0.0000E+00
 Relative number of events:
  0.1000E+01  0.0000E+00
 Events:
        8000           0
 Found          966  events.
 Wrote          961  events.
 Actual xsec    2460107412.0606799     
 Correct abs xsec    2460107412.0606799     
 Event xsec    2460107412.0606623     
 Events wgts > 1:            5
 % Cross section > 1:    179293.17922041006       7.28802239859228495E-003
 Checking number of events   13574.872699750833              961  chi2:    2.1656842787882264     
 Found          966  events.
 Wrote          961  events.
 Actual xsec    2460107412.0606799     
 Correct abs xsec    2460107412.0606799     
 Event xsec    2460107412.0606623     
 Events wgts > 1:            5
 % Cross section > 1:    179293.17922041006       7.28802239859228495E-003
 Iteration  4   Mean: 0.2389E+10 Abs mean: 0.2389E+10   Fluctuation:  0.226E+08   0.450E+11    76.6%
  4    0.2389E+10 0.2389E+10 +- 0.2263E+08      1.20
 Relative summed weights:
  0.1000E+01  0.0000E+00
 Relative number of events:
  0.1000E+01  0.0000E+00
 Events:
       16000           0
 Found         2018  events.
 Wrote         2015  events.
 Actual xsec    2416308313.2881279     
 Correct abs xsec    2416308313.2881279     
 Event xsec    2416308313.2880902     
 Events wgts > 1:            7
 % Cross section > 1:    3622615.8446017858       0.14992357658498320     
 Checking number of events   13333.189272723890             2015  chi2:    2.7830505831959202     
 Found         2018  events.
 Wrote         2015  events.
 Actual xsec    2416308313.2881279     
 Correct abs xsec    2416308313.2881279     
 Event xsec    2416308313.2880902     
 Events wgts > 1:            7
 % Cross section > 1:    3622615.8446017858       0.14992357658498320     
 Iteration  5   Mean: 0.2419E+10 Abs mean: 0.2419E+10   Fluctuation:  0.152E+08   0.497E+11    74.2%
  5    0.2419E+10 0.2419E+10 +- 0.1519E+08      1.12
 Relative summed weights:
  0.1000E+01  0.0000E+00
 Relative number of events:
  0.1000E+01  0.0000E+00
 Events:
       32000           0
 Found         4381  events.
 Wrote         4377  events.
 Actual xsec    2414061934.4529920     
 Correct abs xsec    2414061934.4529920     
 Event xsec    2414061934.4530864     
 Events wgts > 1:           12
 % Cross section > 1:    3791631.0714827622       0.15706436597045173     
 Checking number of events   13320.793754311611             4377  chi2:    1.0441453397599856     
 Found         4381  events.
 Wrote         4377  events.
 Actual xsec    2414061934.4529920     
 Correct abs xsec    2414061934.4529920     
 Event xsec    2414061934.4530864     
 Events wgts > 1:           12
 % Cross section > 1:    3791631.0714827622       0.15706436597045173     
 Iteration  6   Mean: 0.2428E+10 Abs mean: 0.2428E+10   Fluctuation:  0.105E+08   0.338E+11    71.7%
  6    0.2428E+10 0.2428E+10 +- 0.1048E+08      1.09
 Relative summed weights:
  0.1000E+01  0.0000E+00
 Relative number of events:
  0.1000E+01  0.0000E+00
 Events:
       64000           0
 Found         9010  events.
 Wrote         9005  events.
 Actual xsec    2420734976.5886884     
 Correct abs xsec    2420734976.5886884     
 Event xsec    2420734976.5889273     
 Events wgts > 1:           37
 % Cross section > 1:    3384148.0785159543       0.13979837162036540     
 Checking number of events   13357.615600816383             9005  chi2:    1.2092504918718954     
 Found         9010  events.
 Wrote         9005  events.
 Actual xsec    2420734976.5886884     
 Correct abs xsec    2420734976.5886884     
 Event xsec    2420734976.5889273     
 Events wgts > 1:           37
 % Cross section > 1:    3384148.0785159543       0.13979837162036540     
 Iteration  7   Mean: 0.2407E+10 Abs mean: 0.2407E+10   Fluctuation:  0.743E+07   0.937E+11    69.0%
  7    0.2407E+10 0.2407E+10 +- 0.7434E+07      1.11
 Relative summed weights:
  0.1000E+01  0.0000E+00
 Relative number of events:
  0.1000E+01  0.0000E+00
 Events:
      128000           0
 Found        18465  events.
 Wrote        18460  events.
 Actual xsec    2414581341.0350895     
 Correct abs xsec    2414581341.0350895     
 Event xsec    2414581341.0345860     
 Events wgts > 1:           97
 % Cross section > 1:    6881494.1473057056       0.28499740432671289     
 Checking number of events   13323.659839831626            18460  chi2:    1.4410541530630190     

 -------------------------------------------------------------------------------
 Accumulated results:   Integral =  0.2415E+10
                        Std dev  =  0.5386E+07
                       Cross sec =  0.1720E+01
             Chi**2 per DoF.     =
-------------------------------------------------
---------------------------
 Results Last   3 iters: Integral =   0.2415E+10
                     Abs integral =   0.2415E+10
                          Std dev =   0.5631E+07
                  Chi**2 per DoF. =      1.4411
-------------------------------------------------
---------------------------
 Status -5.51800000000000036E-006           8           9
 We found enough events       18460   13323.659839831626     

ls status:
events.lhe
ftn25
ftn26
input_sg.txt
moffset.dat
results.dat
run_01_ftn26.gz
run_01_log.txt
run_01_results.dat
run_04_ftn26.gz
run_04_log.txt
run_04_results.dat
run_07_ftn26.gz
run_07_log.txt
run_07_results.dat
run1_app.log
