 Process in group number            0
 No PDF is used, alpha_s(MZ) from param_card is used
 Value of alpha_s from param_card:   0.11800000071525575     
 The default order of alpha_s running is fixed to            2
 *****************************************************
 *               MadGraph/MadEvent                   *
 *        --------------------------------           *
 *          http://madgraph.hep.uiuc.edu             *
 *          http://madgraph.phys.ucl.ac.be           *
 *          http://madgraph.roma2.infn.it            *
 *        --------------------------------           *
 *                                                   *
 *          PARAMETER AND COUPLING VALUES            *
 *                                                   *
 *****************************************************

  External Params
  ---------------------------------
  
 aEWM1 =    132.50700378417969     
 mdl_Gf =   1.16639000000000003E-005
 aS =   0.11800000071525575     
 mdl_ymb =    4.6999998092651367     
 mdl_ymt =    173.00000000000000     
 mdl_yme =   5.10999991092830896E-004
 mdl_ymm =   0.10565999895334244     
 mdl_ymtau =    1.7769999504089355     
 mdl_MZ =    91.188003540039063     
 mdl_MT =    173.00000000000000     
 mdl_MB =    4.6999998092651367     
 mdl_MH =    125.00000000000000     
 mdl_Me =   5.10999991092830896E-004
 mdl_MM =   0.10565999895334244     
 mdl_MTA =    1.7769999504089355     
 mdl_WZ =    2.4414041042327881     
 mdl_WW =    2.0476000308990479     
 mdl_WT =    1.4915000200271606     
 mdl_WH =   6.38233916833996773E-003
 mdl_WTau =   2.26999999999999982E-012
  Internal Params
  ---------------------------------
  
 mdl_conjg__CKM3x3 =    1.0000000000000000     
 mdl_CKM3x3 =    1.0000000000000000     
 mdl_conjg__CKM1x1 =    1.0000000000000000     
 mdl_complexi =  (  0.0000000000000000     ,  1.0000000000000000     )
 mdl_MZ__exp__2 =    8315.2519896181766     
 mdl_MZ__exp__4 =    69143415.650849044     
 mdl_sqrt__2 =    1.4142135623730951     
 mdl_MH__exp__2 =    15625.000000000000     
 mdl_aEW =   7.54677089845565054E-003
 mdl_MW =    80.419007276179556     
 mdl_sqrt__aEW =   8.68721526063194194E-002
 mdl_ee =   0.30795376284704501     
 mdl_MW__exp__2 =    6467.2167312862202     
 mdl_sw2 =   0.22224645274001076     
 mdl_cw =   0.88190336616887299     
 mdl_sqrt__sw2 =   0.47143022043565552     
 mdl_sw =   0.47143022043565552     
 mdl_g1 =   0.34919218438279087     
 mdl_gw =   0.65323296958447097     
 mdl_vev =    246.21845810181631     
 mdl_vev__exp__2 =    60623.529110035874     
 mdl_lam =   0.12886910601690271     
 mdl_yb =   2.69955531549349904E-002
 mdl_ye =   2.93504850670934038E-006
 mdl_ym =   6.06883028478528356E-004
 mdl_yt =   0.99366614581500645     
 mdl_ytau =   1.02066167158167895E-002
 mdl_muH =    88.388347648318444     
 mdl_I1x33 =  ( 2.69955531549349904E-002,  0.0000000000000000     )
 mdl_I2x33 =  ( 0.99366614581500645     ,  0.0000000000000000     )
 mdl_I3x33 =  ( 0.99366614581500645     ,  0.0000000000000000     )
 mdl_I4x33 =  ( 2.69955531549349904E-002,  0.0000000000000000     )
 mdl_ee__exp__2 =   9.48355200516540348E-002
 mdl_sw__exp__2 =   0.22224645274001076     
 mdl_cw__exp__2 =   0.77775354725998924     
  Internal Params evaluated point by point
  ----------------------------------------
  
 mdl_sqrt__aS =   0.34351128178744839     
 mdl_G__exp__2 =    1.4828317414825511     
  Couplings of sm-lepton_masses
  ---------------------------------
  
         GC_3 =  -0.00000E+00  -0.30795E+00
        GC_50 =  -0.00000E+00  -0.28804E+00
        GC_59 =   0.00000E+00   0.82310E-01
        GC_89 =  -0.00000E+00  -0.20754E-05

 Collider parameters:
 --------------------

 Running at e e   machine @   7.00000000000000067E-002  GeV
 PDF set = none   
 alpha_s(Mz)= 0.1180 running at 2 loops.
 alpha_s(Mz)= 0.1180 running at 2 loops.
 Renormalization scale fixed @    91.188000000000002     
 Factorization scales  fixed @    91.188000000000002        91.188000000000002     


 getting user params
Enter number of events and max and min iterations: 
 Number of events and iterations         2000           9           3
Enter desired fractional accuracy: 
 Desired fractional accuracy:  -5.51800000000000036E-006
Enter 0 for fixed, 2 for adjustable grid: 
Suppress amplitude (0 no, 1 yes)? 
 Using suppressed amplitude.
Exact helicity sum (0 yes, n = number/event)? 
 Explicitly summing over helicities
Enter Configuration Number: 
Running Configuration Number:   13
 Not subdividing B.W.
 Attempting mappinvarients           1           5
 Completed mapping           5
 about to integrate            5        2000           9           3           5           1
 Using non-zero grid deformation.
  5 dimensions   2000 events  5 invarients  9 iterations  1 config(s),  (0.99)
 Using h-tuple random number sequence.
 Error opening grid
 Using Uniform Grid!
 Using uniform alpha   1.0000000000000000     
 Grid defined OK
 Set CM energy to          0.07
 Mapping Graph          13  to config          13
Setting grid   1    0.53290E-04   1
Setting grid   2    0.18367E-04   1
 Masses: 0.511E-03 0.511E-03 0.000E+00 0.511E-03 0.511E-03
  13   1   2   3   4   5
 Got moffset          25
Using random seed offsets    13 :      1
  with seed                  150
 Ranmar initialization seeds        4179       28293
  Particle       3       4       5
      Et >     0.0     0.0     0.0
       E >     0.0     0.0     0.0
     Eta <    -1.0    -1.0    -1.0
   xqcut:      0.0     0.0     0.0
d R # 3  >    -0.0     0.0     0.0
d R # 4  >    -0.0    -0.0     0.4
s min # 3>     0.0     0.0     0.0
s min # 4>     0.0     0.0     0.0
xqcutij # 3>     0.0     0.0     0.0
xqcutij # 4>     0.0     0.0     0.0
 alpha_s for scale    91.188000000000002       is   0.11800000071525575     
 Added good helicity            1   10.837032593086761       in event            1
 Added good helicity            2  3.23273750127906276E-005  in event            1
 Added good helicity            3  0.28286559912653148       in event            1
 Added good helicity            5  1.18021716612712099E-002  in event            1
 Added good helicity            7  3.07319978399948370E-004  in event            1
 Added good helicity            9  1.45348059595765258E-004  in event            1
 Added good helicity           10  3.06952462066510910E-002  in event            1
 Added good helicity           11  4.24566922423595325E-003  in event            1
 Added good helicity           12  4.29034931692986717E-004  in event            1
 Added good helicity           13  0.12210036343400538       in event            1
 Added good helicity           14  2.42367087533662279E-003  in event            1
 Added good helicity           15   4.7078093322965247       in event            1
 Added good helicity           16  1.09775695805077304E-004  in event            1
 Added good helicity           17  1.09775709753265531E-004  in event            1
 Added good helicity           18   4.7078093717209830       in event            1
 Added good helicity           19  2.42367155684857470E-003  in event            1
 Added good helicity           20  0.12210036286852587       in event            1
 Added good helicity           21  4.29035057880533131E-004  in event            1
 Added good helicity           22  4.24566919648796618E-003  in event            1
 Added good helicity           23  3.06952543802812942E-002  in event            1
 Added good helicity           24  1.45348069818697649E-004  in event            1
 Added good helicity           26  3.07319967542563500E-004  in event            1
 Added good helicity           28  1.18021715821639266E-002  in event            1
 Added good helicity           30  0.28286559855809634       in event            1
 Added good helicity           31  3.23273777161051353E-005  in event            1
 Added good helicity           32   10.837032657161108       in event            1
 Added good helicity            6  3.79243990023571169E-006  in event            3
 Added good helicity           27  3.79243991591007459E-006  in event            3
 Added good helicity            4  1.72473669942387711E-006  in event           13
 Added good helicity           29  1.72473669897382394E-006  in event           13
 Iteration  1   Mean: 0.5483E+10 Abs mean: 0.5483E+10   Fluctuation:  0.456E+10   0.903E+13    74.2%
  1    0.5483E+10 0.5483E+10 +- 0.4557E+10     37.17
 Writing out events   410637.13649261510        37.168752613521285     
 Relative summed weights:
  0.1000E+01  0.0000E+00
 Relative number of events:
  0.1000E+01  0.0000E+00
 Events:
        2000           0
 Iteration  2   Mean: 0.2484E+10 Abs mean: 0.2484E+10   Fluctuation:  0.110E+10   0.346E+13    75.5%
  2    0.2484E+10 0.2484E+10 +- 0.1099E+10     27.99
 Relative summed weights:
  0.1000E+01  0.0000E+00
 Relative number of events:
  0.1000E+01  0.0000E+00
 Events:
        4000           0
 Iteration  3   Mean: 0.1604E+10 Abs mean: 0.1604E+10   Fluctuation:  0.105E+09   0.622E+12    80.5%
  3    0.1604E+10 0.1604E+10 +- 0.1051E+09      5.86
 Relative summed weights:
  0.1000E+01  0.0000E+00
 Relative number of events:
  0.1000E+01  0.0000E+00
 Events:
        8000           0
 Found          507  events.
 Wrote           13  events.
 Actual xsec    1646012975.2176616     
 Correct abs xsec    1646012975.2176616     
 Event xsec    1646012975.2176619     
 Events wgts > 1:            1
 % Cross section > 1:    6.4842993021011353       3.93939744080308905E-007
 Checking number of events   9082.6995972510576               13  chi2:   0.72584317373983620     
 Found          507  events.
 Wrote           30  events.
 Actual xsec    1646012975.2176616     
 Correct abs xsec    1646012975.2176616     
 Event xsec    1646012975.2176595     
 Events wgts > 1:            1
 % Cross section > 1:    2.8098630383610725       1.70707222887444869E-007
 Iteration  4   Mean: 0.1585E+10 Abs mean: 0.1585E+10   Fluctuation:  0.248E+08   0.524E+11    79.9%
  4    0.1585E+10 0.1585E+10 +- 0.2485E+08      1.98
 Relative summed weights:
  0.1000E+01  0.0000E+00
 Relative number of events:
  0.1000E+01  0.0000E+00
 Events:
       16000           0
 Found         1911  events.
 Wrote          991  events.
 Actual xsec    1586984608.3598688     
 Correct abs xsec    1586984608.3598688     
 Event xsec    1586984608.3598258     
 Events wgts > 1:           32
 % Cross section > 1:    16049002.525072798        1.0112891102113271     
 Checking number of events   8756.9810689297556              991  chi2:   0.34925505275266649     
 Found         1911  events.
 Wrote         1008  events.
 Actual xsec    1586984608.3598688     
 Correct abs xsec    1586984608.3598688     
 Event xsec    1586984608.3598228     
 Events wgts > 1:           32
 % Cross section > 1:    15781026.352146611       0.99440323926371188     
 Iteration  5   Mean: 0.1601E+10 Abs mean: 0.1601E+10   Fluctuation:  0.118E+08   0.238E+11    80.9%
  5    0.1601E+10 0.1601E+10 +- 0.1179E+08      1.32
 Relative summed weights:
  0.1000E+01  0.0000E+00
 Relative number of events:
  0.1000E+01  0.0000E+00
 Events:
       32000           0
 Found         3968  events.
 Wrote         3963  events.
 Actual xsec    1598434519.6833298     
 Correct abs xsec    1598434519.6833298     
 Event xsec    1598434519.6831875     
 Events wgts > 1:           58
 % Cross section > 1:    4893679.8791608531       0.30615454176570139     
 Checking number of events   8820.1616796126145             3963  chi2:   0.18029582049873183     
 Found         3968  events.
 Wrote         3963  events.
 Actual xsec    1598434519.6833298     
 Correct abs xsec    1598434519.6833298     
 Event xsec    1598434519.6831875     
 Events wgts > 1:           58
 % Cross section > 1:    4893679.8791608531       0.30615454176570139     
 Iteration  6   Mean: 0.1617E+10 Abs mean: 0.1617E+10   Fluctuation:  0.689E+07   0.301E+11    79.9%
  6    0.1617E+10 0.1617E+10 +- 0.6888E+07      1.08
 Relative summed weights:
  0.1000E+01  0.0000E+00
 Relative number of events:
  0.1000E+01  0.0000E+00
 Events:
       64000           0
 Found         8113  events.
 Wrote         8108  events.
 Actual xsec    1611668772.3236489     
 Correct abs xsec    1611668772.3236489     
 Event xsec    1611668772.3238034     
 Events wgts > 1:           18
 % Cross section > 1:    1143224.4490568282       7.09342061277551950E-002
 Checking number of events   8893.1882856818956             8108  chi2:    1.2743781347728369     
 Found         8113  events.
 Wrote         8108  events.
 Actual xsec    1611668772.3236489     
 Correct abs xsec    1611668772.3236489     
 Event xsec    1611668772.3238034     
 Events wgts > 1:           18
 % Cross section > 1:    1143224.4490568282       7.09342061277551950E-002
 Iteration  7   Mean: 0.1621E+10 Abs mean: 0.1621E+10   Fluctuation:  0.438E+07   0.263E+11    79.1%
  7    0.1621E+10 0.1621E+10 +- 0.4383E+07      0.97
 Relative summed weights:
  0.1000E+01  0.0000E+00
 Relative number of events:
  0.1000E+01  0.0000E+00
 Events:
      128000           0
 Found        16332  events.
 Wrote        16329  events.
 Actual xsec    1618244132.5615187     
 Correct abs xsec    1618244132.5615187     
 Event xsec    1618244132.5621061     
 Events wgts > 1:           24
 % Cross section > 1:    849468.96988760959       5.24932519633287201E-002
 Checking number of events   8929.4711234744609            16329  chi2:    1.2362327125388122     

 -------------------------------------------------------------------------------
 Accumulated results:   Integral =  0.1618E+10
                        Std dev  =  0.3491E+07
                       Cross sec =  0.2313E+01
             Chi**2 per DoF.     =
-------------------------------------------------
---------------------------
 Results Last   3 iters: Integral =   0.1618E+10
                     Abs integral =   0.1618E+10
                          Std dev =   0.3528E+07
                  Chi**2 per DoF. =      1.2362
-------------------------------------------------
---------------------------
 Status -5.51800000000000036E-006           8           9
 We found enough events       16329   8929.4711234744609     

ls status:
events.lhe
ftn25
ftn26
input_sg.txt
moffset.dat
results.dat
run1_app.log
