 Process in group number            0
 No PDF is used, alpha_s(MZ) from param_card is used
 Value of alpha_s from param_card:   0.11800000071525575     
 The default order of alpha_s running is fixed to            2
 *****************************************************
 *               MadGraph/MadEvent                   *
 *        --------------------------------           *
 *          http://madgraph.hep.uiuc.edu             *
 *          http://madgraph.phys.ucl.ac.be           *
 *          http://madgraph.roma2.infn.it            *
 *        --------------------------------           *
 *                                                   *
 *          PARAMETER AND COUPLING VALUES            *
 *                                                   *
 *****************************************************

  External Params
  ---------------------------------
  
 aEWM1 =    132.50700378417969     
 mdl_Gf =   1.16639000000000003E-005
 aS =   0.11800000071525575     
 mdl_ymb =    4.6999998092651367     
 mdl_ymt =    173.00000000000000     
 mdl_yme =   5.10999991092830896E-004
 mdl_ymm =   0.10565999895334244     
 mdl_ymtau =    1.7769999504089355     
 mdl_MZ =    91.188003540039063     
 mdl_MT =    173.00000000000000     
 mdl_MB =    4.6999998092651367     
 mdl_MH =    125.00000000000000     
 mdl_Me =   5.10999991092830896E-004
 mdl_MM =   0.10565999895334244     
 mdl_MTA =    1.7769999504089355     
 mdl_WZ =    2.4414041042327881     
 mdl_WW =    2.0476000308990479     
 mdl_WT =    1.4915000200271606     
 mdl_WH =   6.38233916833996773E-003
 mdl_WTau =   2.26999999999999982E-012
  Internal Params
  ---------------------------------
  
 mdl_conjg__CKM3x3 =    1.0000000000000000     
 mdl_CKM3x3 =    1.0000000000000000     
 mdl_conjg__CKM1x1 =    1.0000000000000000     
 mdl_complexi =  (  0.0000000000000000     ,  1.0000000000000000     )
 mdl_MZ__exp__2 =    8315.2519896181766     
 mdl_MZ__exp__4 =    69143415.650849044     
 mdl_sqrt__2 =    1.4142135623730951     
 mdl_MH__exp__2 =    15625.000000000000     
 mdl_aEW =   7.54677089845565054E-003
 mdl_MW =    80.419007276179556     
 mdl_sqrt__aEW =   8.68721526063194194E-002
 mdl_ee =   0.30795376284704501     
 mdl_MW__exp__2 =    6467.2167312862202     
 mdl_sw2 =   0.22224645274001076     
 mdl_cw =   0.88190336616887299     
 mdl_sqrt__sw2 =   0.47143022043565552     
 mdl_sw =   0.47143022043565552     
 mdl_g1 =   0.34919218438279087     
 mdl_gw =   0.65323296958447097     
 mdl_vev =    246.21845810181631     
 mdl_vev__exp__2 =    60623.529110035874     
 mdl_lam =   0.12886910601690271     
 mdl_yb =   2.69955531549349904E-002
 mdl_ye =   2.93504850670934038E-006
 mdl_ym =   6.06883028478528356E-004
 mdl_yt =   0.99366614581500645     
 mdl_ytau =   1.02066167158167895E-002
 mdl_muH =    88.388347648318444     
 mdl_I1x33 =  ( 2.69955531549349904E-002,  0.0000000000000000     )
 mdl_I2x33 =  ( 0.99366614581500645     ,  0.0000000000000000     )
 mdl_I3x33 =  ( 0.99366614581500645     ,  0.0000000000000000     )
 mdl_I4x33 =  ( 2.69955531549349904E-002,  0.0000000000000000     )
 mdl_ee__exp__2 =   9.48355200516540348E-002
 mdl_sw__exp__2 =   0.22224645274001076     
 mdl_cw__exp__2 =   0.77775354725998924     
  Internal Params evaluated point by point
  ----------------------------------------
  
 mdl_sqrt__aS =   0.34351128178744839     
 mdl_G__exp__2 =    1.4828317414825511     
  Couplings of sm-lepton_masses
  ---------------------------------
  
         GC_3 =  -0.00000E+00  -0.30795E+00
        GC_50 =  -0.00000E+00  -0.28804E+00
        GC_59 =   0.00000E+00   0.82310E-01
        GC_89 =  -0.00000E+00  -0.20754E-05

 Collider parameters:
 --------------------

 Running at e e   machine @   7.00000000000000067E-002  GeV
 PDF set = none   
 alpha_s(Mz)= 0.1180 running at 2 loops.
 alpha_s(Mz)= 0.1180 running at 2 loops.
 Renormalization scale fixed @    91.188000000000002     
 Factorization scales  fixed @    91.188000000000002        91.188000000000002     


 getting user params
Enter number of events and max and min iterations: 
 Number of events and iterations         2000           9           3
Enter desired fractional accuracy: 
 Desired fractional accuracy:  -5.51800000000000036E-006
Enter 0 for fixed, 2 for adjustable grid: 
Suppress amplitude (0 no, 1 yes)? 
 Using suppressed amplitude.
Exact helicity sum (0 yes, n = number/event)? 
 Explicitly summing over helicities
Enter Configuration Number: 
Running Configuration Number:   13
 Not subdividing B.W.
 Attempting mappinvarients           1           5
 Completed mapping           5
 about to integrate            5        2000           9           3           5           1
 Using non-zero grid deformation.
  5 dimensions   2000 events  5 invarients  9 iterations  1 config(s),  (0.99)
 Using h-tuple random number sequence.
 Error opening grid
 Using Uniform Grid!
 Using uniform alpha   1.0000000000000000     
 Grid defined OK
 Set CM energy to          0.07
 Mapping Graph          13  to config          13
Setting grid   1    0.53290E-04   1
Setting grid   2    0.18367E-04   1
 Masses: 0.511E-03 0.511E-03 0.000E+00 0.511E-03 0.511E-03
  13   1   2   3   4   5
 Got moffset           8
Using random seed offsets    13 :      1
  with seed                  150
 Ranmar initialization seeds        4179        4705
  Particle       3       4       5
      Et >     0.0     0.0     0.0
       E >     0.0     0.0     0.0
     Eta <    -1.0    -1.0    -1.0
   xqcut:      0.0     0.0     0.0
d R # 3  >    -0.0     0.0     0.0
d R # 4  >    -0.0    -0.0     0.4
s min # 3>     0.0     0.0     0.0
s min # 4>     0.0     0.0     0.0
xqcutij # 3>     0.0     0.0     0.0
xqcutij # 4>     0.0     0.0     0.0
 alpha_s for scale    91.188000000000002       is   0.11800000071525575     
 Added good helicity            1   10.361571995574435       in event            1
 Added good helicity            2  4.35663276617649447E-005  in event            1
 Added good helicity            3  0.33304111660654362       in event            1
 Added good helicity            4  1.46754483541997952E-006  in event            1
 Added good helicity            5  0.45976774912980622       in event            1
 Added good helicity            6  2.22762652729629061E-005  in event            1
 Added good helicity            9  1.30143265042702836E-004  in event            1
 Added good helicity           10   2.6798517263548227       in event            1
 Added good helicity           11  4.26604891023871429E-006  in event            1
 Added good helicity           12  8.69156419484685555E-002  in event            1
 Added good helicity           13  1.43045784043283947E-004  in event            1
 Added good helicity           14   2.0781911865911917       in event            1
 Added good helicity           15  3.15150235375483254E-004  in event            1
 Added good helicity           18  3.15150235759266916E-004  in event            1
 Added good helicity           19   2.0781911958124826       in event            1
 Added good helicity           20  1.43045784586551689E-004  in event            1
 Added good helicity           21  8.69156419982228118E-002  in event            1
 Added good helicity           22  4.26604891319997620E-006  in event            1
 Added good helicity           23   2.6798517368546375       in event            1
 Added good helicity           24  1.30143265550764691E-004  in event            1
 Added good helicity           27  2.22762652661007534E-005  in event            1
 Added good helicity           28  0.45976774906793449       in event            1
 Added good helicity           29  1.46754483752638761E-006  in event            1
 Added good helicity           30  0.33304111666684622       in event            1
 Added good helicity           31  4.35663274934045697E-005  in event            1
 Added good helicity           32   10.361571996956641       in event            1
 Added good helicity            7  5.11055978040957486E-005  in event            2
 Added good helicity           16  3.98137940813266099E-006  in event            2
 Added good helicity           17  3.98138065301642961E-006  in event            2
 Added good helicity           26  5.11055969691352435E-005  in event            2
 Iteration  1   Mean: 0.3548E+10 Abs mean: 0.3548E+10   Fluctuation:  0.243E+10   0.474E+13    75.2%
  1    0.3548E+10 0.3548E+10 +- 0.2433E+10     30.67
 Writing out events   262058.85494642411        30.671943068669933     
 Relative summed weights:
  0.1000E+01  0.0000E+00
 Relative number of events:
  0.1000E+01  0.0000E+00
 Events:
        2000           0
 Iteration  2   Mean: 0.8114E+09 Abs mean: 0.8114E+09   Fluctuation:  0.101E+09   0.301E+12    88.9%
  2    0.8114E+09 0.8114E+09 +- 0.1008E+09      7.85
 Relative summed weights:
  0.1000E+01  0.0000E+00
 Relative number of events:
  0.1000E+01  0.0000E+00
 Events:
        4000           0
 Iteration  3   Mean: 0.1577E+10 Abs mean: 0.1577E+10   Fluctuation:  0.992E+08   0.433E+12    87.9%
  3    0.1577E+10 0.1577E+10 +- 0.9922E+08      5.63
 Relative summed weights:
  0.1000E+01  0.0000E+00
 Relative number of events:
  0.1000E+01  0.0000E+00
 Events:
        8000           0
 Found          988  events.
 Wrote           36  events.
 Actual xsec    1435194483.8783886     
 Correct abs xsec    1435194483.8783886     
 Event xsec    1435194483.8783896     
 Events wgts > 1:            1
 % Cross section > 1:    15104123.171188876        1.0524095055307303     
 Checking number of events   7919.4031620409487               36  chi2:    20.563643459639536     
 Found          988  events.
 Wrote           43  events.
 Actual xsec    1435194483.8783886     
 Correct abs xsec    1435194483.8783886     
 Event xsec    1435194483.8783908     
 Events wgts > 1:            1
 % Cross section > 1:    12667013.864386730       0.88259911856378415     
 Iteration  4   Mean: 0.1645E+10 Abs mean: 0.1645E+10   Fluctuation:  0.297E+08   0.704E+11    84.7%
  4    0.1645E+10 0.1645E+10 +- 0.2969E+08      2.28
 Relative summed weights:
  0.1000E+01  0.0000E+00
 Relative number of events:
  0.1000E+01  0.0000E+00
 Events:
       16000           0
 Found         1801  events.
 Wrote          647  events.
 Actual xsec    1623743129.0644178     
 Correct abs xsec    1623743129.0644178     
 Event xsec    1623743129.0644100     
 Events wgts > 1:           20
 % Cross section > 1:    16372587.929665420        1.0083237697270009     
 Checking number of events   8959.8145861774574              647  chi2:    32.850695749275999     
 Found         1801  events.
 Wrote          679  events.
 Actual xsec    1623743129.0644178     
 Correct abs xsec    1623743129.0644178     
 Event xsec    1623743129.0644193     
 Events wgts > 1:           20
 % Cross section > 1:    15608395.657916430       0.96126015122292119     
 Iteration  5   Mean: 0.1643E+10 Abs mean: 0.1643E+10   Fluctuation:  0.125E+08   0.322E+11    81.9%
  5    0.1643E+10 0.1643E+10 +- 0.1251E+08      1.36
 Relative summed weights:
  0.1000E+01  0.0000E+00
 Relative number of events:
  0.1000E+01  0.0000E+00
 Events:
       32000           0
 Found         3924  events.
 Wrote         3922  events.
 Actual xsec    1642850186.4574063     
 Correct abs xsec    1642850186.4574063     
 Event xsec    1642850186.4575491     
 Events wgts > 1:           73
 % Cross section > 1:    7139065.7738882760       0.43455366975866044     
 Checking number of events   9065.2473288719684             3922  chi2:   0.22067955650435453     
 Found         3924  events.
 Wrote         3922  events.
 Actual xsec    1642850186.4574063     
 Correct abs xsec    1642850186.4574063     
 Event xsec    1642850186.4575491     
 Events wgts > 1:           73
 % Cross section > 1:    7139065.7738882760       0.43455366975866044     
 Iteration  6   Mean: 0.1634E+10 Abs mean: 0.1634E+10   Fluctuation:  0.702E+07   0.608E+11    81.0%
  6    0.1634E+10 0.1634E+10 +- 0.7022E+07      1.09
 Relative summed weights:
  0.1000E+01  0.0000E+00
 Relative number of events:
  0.1000E+01  0.0000E+00
 Events:
       64000           0
 Found         7888  events.
 Wrote         7884  events.
 Actual xsec    1636538043.2067528     
 Correct abs xsec    1636538043.2067528     
 Event xsec    1636538043.2065864     
 Events wgts > 1:           10
 % Cross section > 1:    1405161.9359041464       8.58618558692905154E-002
 Checking number of events   9030.4169224148627             7884  chi2:   0.26440014195574207     
 Found         7888  events.
 Wrote         7884  events.
 Actual xsec    1636538043.2067528     
 Correct abs xsec    1636538043.2067528     
 Event xsec    1636538043.2065864     
 Events wgts > 1:           10
 % Cross section > 1:    1405161.9359041464       8.58618558692905154E-002
 Iteration  7   Mean: 0.1638E+10 Abs mean: 0.1638E+10   Fluctuation:  0.444E+07   0.370E+11    79.9%
  7    0.1638E+10 0.1638E+10 +- 0.4438E+07      0.97
 Relative summed weights:
  0.1000E+01  0.0000E+00
 Relative number of events:
  0.1000E+01  0.0000E+00
 Events:
      128000           0
 Found        16118  events.
 Wrote        16115  events.
 Actual xsec    1637443851.6401837     
 Correct abs xsec    1637443851.6401837     
 Event xsec    1637443851.6402869     
 Events wgts > 1:           30
 % Cross section > 1:    1219626.6118033549       7.44835684339106158E-002
 Checking number of events   9035.4151733505350            16115  chi2:   0.25733462729901468     

 -------------------------------------------------------------------------------
 Accumulated results:   Integral =  0.1637E+10
                        Std dev  =  0.3564E+07
                       Cross sec =  0.3385E+01
             Chi**2 per DoF.     =
-------------------------------------------------
---------------------------
 Results Last   3 iters: Integral =   0.1637E+10
                     Abs integral =   0.1637E+10
                          Std dev =   0.3593E+07
                  Chi**2 per DoF. =      0.2573
-------------------------------------------------
---------------------------
 Status -5.51800000000000036E-006           8           9
 We found enough events       16115   9035.4151733505350     

ls status:
events.lhe
ftn25
ftn26
input_sg.txt
moffset.dat
results.dat
run_07_ftn26.gz
run_07_log.txt
run_07_results.dat
run1_app.log
