 Process in group number            0
 No PDF is used, alpha_s(MZ) from param_card is used
 Value of alpha_s from param_card:   0.11800000071525575     
 The default order of alpha_s running is fixed to            2
 *****************************************************
 *               MadGraph/MadEvent                   *
 *        --------------------------------           *
 *          http://madgraph.hep.uiuc.edu             *
 *          http://madgraph.phys.ucl.ac.be           *
 *          http://madgraph.roma2.infn.it            *
 *        --------------------------------           *
 *                                                   *
 *          PARAMETER AND COUPLING VALUES            *
 *                                                   *
 *****************************************************

  External Params
  ---------------------------------
  
 aEWM1 =    132.50700378417969     
 mdl_Gf =   1.16639000000000003E-005
 aS =   0.11800000071525575     
 mdl_ymb =    4.6999998092651367     
 mdl_ymt =    173.00000000000000     
 mdl_yme =   5.10999991092830896E-004
 mdl_ymm =   0.10565999895334244     
 mdl_ymtau =    1.7769999504089355     
 mdl_MZ =    91.188003540039063     
 mdl_MT =    173.00000000000000     
 mdl_MB =    4.6999998092651367     
 mdl_MH =    125.00000000000000     
 mdl_Me =   5.10999991092830896E-004
 mdl_MM =   0.10565999895334244     
 mdl_MTA =    1.7769999504089355     
 mdl_WZ =    2.4414041042327881     
 mdl_WW =    2.0476000308990479     
 mdl_WT =    1.4915000200271606     
 mdl_WH =   6.38233916833996773E-003
 mdl_WTau =   2.26999999999999982E-012
  Internal Params
  ---------------------------------
  
 mdl_conjg__CKM3x3 =    1.0000000000000000     
 mdl_CKM3x3 =    1.0000000000000000     
 mdl_conjg__CKM1x1 =    1.0000000000000000     
 mdl_complexi =  (  0.0000000000000000     ,  1.0000000000000000     )
 mdl_MZ__exp__2 =    8315.2519896181766     
 mdl_MZ__exp__4 =    69143415.650849044     
 mdl_sqrt__2 =    1.4142135623730951     
 mdl_MH__exp__2 =    15625.000000000000     
 mdl_aEW =   7.54677089845565054E-003
 mdl_MW =    80.419007276179556     
 mdl_sqrt__aEW =   8.68721526063194194E-002
 mdl_ee =   0.30795376284704501     
 mdl_MW__exp__2 =    6467.2167312862202     
 mdl_sw2 =   0.22224645274001076     
 mdl_cw =   0.88190336616887299     
 mdl_sqrt__sw2 =   0.47143022043565552     
 mdl_sw =   0.47143022043565552     
 mdl_g1 =   0.34919218438279087     
 mdl_gw =   0.65323296958447097     
 mdl_vev =    246.21845810181631     
 mdl_vev__exp__2 =    60623.529110035874     
 mdl_lam =   0.12886910601690271     
 mdl_yb =   2.69955531549349904E-002
 mdl_ye =   2.93504850670934038E-006
 mdl_ym =   6.06883028478528356E-004
 mdl_yt =   0.99366614581500645     
 mdl_ytau =   1.02066167158167895E-002
 mdl_muH =    88.388347648318444     
 mdl_I1x33 =  ( 2.69955531549349904E-002,  0.0000000000000000     )
 mdl_I2x33 =  ( 0.99366614581500645     ,  0.0000000000000000     )
 mdl_I3x33 =  ( 0.99366614581500645     ,  0.0000000000000000     )
 mdl_I4x33 =  ( 2.69955531549349904E-002,  0.0000000000000000     )
 mdl_ee__exp__2 =   9.48355200516540348E-002
 mdl_sw__exp__2 =   0.22224645274001076     
 mdl_cw__exp__2 =   0.77775354725998924     
  Internal Params evaluated point by point
  ----------------------------------------
  
 mdl_sqrt__aS =   0.34351128178744839     
 mdl_G__exp__2 =    1.4828317414825511     
  Couplings of sm-lepton_masses
  ---------------------------------
  
         GC_3 =  -0.00000E+00  -0.30795E+00

 Collider parameters:
 --------------------

 Running at e e   machine @   7.00000000000000067E-002  GeV
 PDF set = none   
 alpha_s(Mz)= 0.1180 running at 2 loops.
 alpha_s(Mz)= 0.1180 running at 2 loops.
 Renormalization scale fixed @    91.188000000000002     
 Factorization scales  fixed @    91.188000000000002        91.188000000000002     


 getting user params
Enter number of events and max and min iterations: 
 Number of events and iterations         2000           9           3
Enter desired fractional accuracy: 
 Desired fractional accuracy:  -1.20039999999999996E-004
Enter 0 for fixed, 2 for adjustable grid: 
Suppress amplitude (0 no, 1 yes)? 
 Using suppressed amplitude.
Exact helicity sum (0 yes, n = number/event)? 
 Explicitly summing over helicities
Enter Configuration Number: 
Running Configuration Number:    1
 Not subdividing B.W.
 Attempting mappinvarients           1           5
 Completed mapping           5
 about to integrate            5        2000           9           3           5           1
 Using non-zero grid deformation.
  5 dimensions   2000 events  5 invarients  9 iterations  1 config(s),  (0.99)
 Using h-tuple random number sequence.
 Error opening grid
 Using Uniform Grid!
 Using uniform alpha   1.0000000000000000     
 Grid defined OK
 Set CM energy to          0.07
 Mapping Graph           1  to config           1
Setting grid   1    0.18367E-04   1
Setting grid   2    0.18367E-04   1
 Masses: 0.511E-03 0.511E-03 0.000E+00 0.000E+00 0.000E+00
   1   1   2   3   4   5
 Got moffset          25
Using random seed offsets     1 :      1
  with seed                  192
 Ranmar initialization seeds       25284       28336
  Particle       3       4       5
      Et >     0.0     0.0     0.0
       E >     0.0     0.0     0.0
     Eta <    -1.0    -1.0    -1.0
   xqcut:      0.0     0.0     0.0
d R # 3  >    -0.0     0.0     0.0
d R # 4  >    -0.0    -0.0     0.0
s min # 3>     0.0     0.0     0.0
s min # 4>     0.0     0.0     0.0
xqcutij # 3>     0.0     0.0     0.0
xqcutij # 4>     0.0     0.0     0.0
 alpha_s for scale    91.188000000000002       is   0.11800000071525575     
 Added good helicity            1  6.58760989507987341E-003  in event            1
 Added good helicity            2  2.62801585959258335E-003  in event            1
 Added good helicity            3  3.13259832091728353E-003  in event            1
 Added good helicity            4  8.80577305376200031E-004  in event            1
 Added good helicity            5  1.05057145133344060E-003  in event            1
 Added good helicity            6  1.30036959947879344E-006  in event            1
 Added good helicity            7  5.59871672412698309E-004  in event            1
 Added good helicity           10   2.9864246055649959       in event            1
 Added good helicity           11  7.67334487739440851E-002  in event            1
 Added good helicity           12   8.6345682868566502       in event            1
 Added good helicity           13   1.9764469394767830       in event            1
 Added good helicity           14  4.89975722880163955E-004  in event            1
 Added good helicity           15   2.3104961987117245       in event            1
 Added good helicity           18   2.3104961987117245       in event            1
 Added good helicity           19  4.89975722880163955E-004  in event            1
 Added good helicity           20   1.9764469394767830       in event            1
 Added good helicity           21   8.6345682868566502       in event            1
 Added good helicity           22  7.67334487739440851E-002  in event            1
 Added good helicity           23   2.9864246055649959       in event            1
 Added good helicity           26  5.59871672412698309E-004  in event            1
 Added good helicity           27  1.30036959947879450E-006  in event            1
 Added good helicity           28  1.05057145133344082E-003  in event            1
 Added good helicity           29  8.80577305376200031E-004  in event            1
 Added good helicity           30  3.13259832091728353E-003  in event            1
 Added good helicity           31  2.62801585959258335E-003  in event            1
 Added good helicity           32  6.58760989507987341E-003  in event            1
 Iteration  1   Mean: 0.3402E+08 Abs mean: 0.3402E+08   Fluctuation:  0.230E+07   0.268E+10    99.1%
  1    0.3402E+08 0.3402E+08 +- 0.2304E+07      3.03
 Writing out events   1906.8361832902287        3.0291868300985829     
 Relative summed weights:
  0.1220E+00  0.0000E+00
  0.1931E+00  0.0000E+00
  0.1877E+00  0.0000E+00
  0.2009E+00  0.0000E+00
  0.1545E+00  0.0000E+00
  0.1417E+00  0.0000E+00
 Relative number of events:
  0.1455E+00  0.0000E+00
  0.1665E+00  0.0000E+00
  0.1670E+00  0.0000E+00
  0.1805E+00  0.0000E+00
  0.1660E+00  0.0000E+00
  0.1745E+00  0.0000E+00
 Events:
         291           0
         333           0
         334           0
         361           0
         332           0
         349           0
 Iteration  2   Mean: 0.3485E+08 Abs mean: 0.3485E+08   Fluctuation:  0.142E+07   0.364E+10    97.4%
  2    0.3485E+08 0.3485E+08 +- 0.1420E+07      2.58
 Relative summed weights:
  0.1729E+00  0.0000E+00
  0.1516E+00  0.0000E+00
  0.1701E+00  0.0000E+00
  0.1475E+00  0.0000E+00
  0.1755E+00  0.0000E+00
  0.1825E+00  0.0000E+00
 Relative number of events:
  0.1580E+00  0.0000E+00
  0.1727E+00  0.0000E+00
  0.1658E+00  0.0000E+00
  0.1633E+00  0.0000E+00
  0.1742E+00  0.0000E+00
  0.1660E+00  0.0000E+00
 Events:
         632           0
         691           0
         663           0
         653           0
         697           0
         664           0
 Iteration  3   Mean: 0.3918E+08 Abs mean: 0.3918E+08   Fluctuation:  0.139E+07   0.573E+10    97.9%
  3    0.3918E+08 0.3918E+08 +- 0.1393E+07      3.18
 Relative summed weights:
  0.1825E+00  0.0000E+00
  0.1657E+00  0.0000E+00
  0.1598E+00  0.0000E+00
  0.1515E+00  0.0000E+00
  0.1747E+00  0.0000E+00
  0.1659E+00  0.0000E+00
 Relative number of events:
  0.1706E+00  0.0000E+00
  0.1711E+00  0.0000E+00
  0.1658E+00  0.0000E+00
  0.1640E+00  0.0000E+00
  0.1638E+00  0.0000E+00
  0.1648E+00  0.0000E+00
 Events:
        1365           0
        1369           0
        1326           0
        1312           0
        1310           0
        1318           0
 Found          806  events.
 Wrote           59  events.
 Actual xsec    36861670.988592014     
 Correct abs xsec    36861670.988592014     
 Event xsec    36861670.988592029     
 Events wgts > 1:            2
 % Cross section > 1:    378869.80702769512        1.0278150633620162     
 Checking number of events   4424.8749854705848               59  chi2:    3.1481878702082904     
 Found          806  events.
 Wrote           90  events.
 Actual xsec    36861670.988592014     
 Correct abs xsec    36861670.988592014     
 Event xsec    36861670.988592014     
 Events wgts > 1:            2
 % Cross section > 1:    249252.62390085147       0.67618373561521505     
 Iteration  4   Mean: 0.4245E+08 Abs mean: 0.4245E+08   Fluctuation:  0.137E+07   0.117E+11    97.1%
  4    0.4245E+08 0.4245E+08 +- 0.1367E+07      4.07
 Relative summed weights:
  0.1630E+00  0.0000E+00
  0.1808E+00  0.0000E+00
  0.1722E+00  0.0000E+00
  0.1501E+00  0.0000E+00
  0.1690E+00  0.0000E+00
  0.1648E+00  0.0000E+00
 Relative number of events:
  0.1652E+00  0.0000E+00
  0.1704E+00  0.0000E+00
  0.1654E+00  0.0000E+00
  0.1681E+00  0.0000E+00
  0.1681E+00  0.0000E+00
  0.1628E+00  0.0000E+00
 Events:
        2643           0
        2727           0
        2647           0
        2689           0
        2690           0
        2604           0
 Found         1558  events.
 Wrote           94  events.
 Actual xsec    39409535.286638804     
 Correct abs xsec    39409535.286638804     
 Event xsec    39409535.286638781     
 Events wgts > 1:            3
 % Cross section > 1:    342995.48003029247       0.87033627150274984     
 Checking number of events   4730.7206158081217               94  chi2:    7.6375267586052118     
 Found         1558  events.
 Wrote           97  events.
 Actual xsec    39409535.286638804     
 Correct abs xsec    39409535.286638804     
 Event xsec    39409535.286638826     
 Events wgts > 1:            3
 % Cross section > 1:    332476.86724904703       0.84364574418559057     
 Iteration  5   Mean: 0.4118E+08 Abs mean: 0.4118E+08   Fluctuation:  0.442E+06   0.499E+10    97.4%
  5    0.4118E+08 0.4118E+08 +- 0.4421E+06      1.92
 Relative summed weights:
  0.1688E+00  0.0000E+00
  0.1652E+00  0.0000E+00
  0.1643E+00  0.0000E+00
  0.1706E+00  0.0000E+00
  0.1646E+00  0.0000E+00
  0.1666E+00  0.0000E+00
 Relative number of events:
  0.1654E+00  0.0000E+00
  0.1668E+00  0.0000E+00
  0.1656E+00  0.0000E+00
  0.1693E+00  0.0000E+00
  0.1650E+00  0.0000E+00
  0.1679E+00  0.0000E+00
 Events:
        5294           0
        5339           0
        5298           0
        5417           0
        5279           0
        5373           0
 Found         3031  events.
 Wrote          765  events.
 Actual xsec    41148773.133642122     
 Correct abs xsec    41148773.133642122     
 Event xsec    41148773.133642867     
 Events wgts > 1:           10
 % Cross section > 1:    356655.91128552181       0.86674737574113270     
 Checking number of events   4939.4987269623998              765  chi2:    1.4551993607926645     
 Found         3031  events.
 Wrote          783  events.
 Actual xsec    41148773.133642122     
 Correct abs xsec    41148773.133642122     
 Event xsec    41148773.133643158     
 Events wgts > 1:           10
 % Cross section > 1:    348526.36948956328       0.84699091357503631     
 Iteration  6   Mean: 0.4113E+08 Abs mean: 0.4113E+08   Fluctuation:  0.280E+06   0.291E+10    97.0%
  6    0.4113E+08 0.4113E+08 +- 0.2795E+06      1.72
 Relative summed weights:
  0.1703E+00  0.0000E+00
  0.1649E+00  0.0000E+00
  0.1648E+00  0.0000E+00
  0.1661E+00  0.0000E+00
  0.1672E+00  0.0000E+00
  0.1667E+00  0.0000E+00
 Relative number of events:
  0.1690E+00  0.0000E+00
  0.1646E+00  0.0000E+00
  0.1662E+00  0.0000E+00
  0.1675E+00  0.0000E+00
  0.1667E+00  0.0000E+00
  0.1659E+00  0.0000E+00
 Events:
       10816           0
       10533           0
       10639           0
       10723           0
       10670           0
       10619           0
 Found         6236  events.
 Wrote         2192  events.
 Actual xsec    41184809.841108039     
 Correct abs xsec    41184809.841108039     
 Event xsec    41184809.841105975     
 Events wgts > 1:           45
 % Cross section > 1:    389147.54290684481       0.94488124240030402     
 Checking number of events   4943.8245733266085             2192  chi2:   0.44678148286147878     
 Found         6236  events.
 Wrote         2229  events.
 Actual xsec    41184809.841108039     
 Correct abs xsec    41184809.841108039     
 Event xsec    41184809.841106758     
 Events wgts > 1:           45
 % Cross section > 1:    382747.96996923984       0.92934256937424842     
 Iteration  7   Mean: 0.4145E+08 Abs mean: 0.4145E+08   Fluctuation:  0.199E+06   0.400E+10    97.0%
  7    0.4145E+08 0.4145E+08 +- 0.1987E+06      1.71
 Relative summed weights:
  0.1694E+00  0.0000E+00
  0.1657E+00  0.0000E+00
  0.1656E+00  0.0000E+00
  0.1676E+00  0.0000E+00
  0.1675E+00  0.0000E+00
  0.1642E+00  0.0000E+00
 Relative number of events:
  0.1672E+00  0.0000E+00
  0.1668E+00  0.0000E+00
  0.1660E+00  0.0000E+00
  0.1676E+00  0.0000E+00
  0.1654E+00  0.0000E+00
  0.1669E+00  0.0000E+00
 Events:
       21402           0
       21352           0
       21248           0
       21459           0
       21175           0
       21364           0
 Found        12911  events.
 Wrote         4406  events.
 Actual xsec    41325550.130957276     
 Correct abs xsec    41325550.130957276     
 Event xsec    41325550.130960710     
 Events wgts > 1:           81
 % Cross section > 1:    413239.02219592314       0.99996012366772680     
 Checking number of events   4960.7190377201114             4406  chi2:   0.49988065958778549     
 Found        12911  events.
 Wrote         4397  events.
 Actual xsec    41325550.130957276     
 Correct abs xsec    41325550.130957276     
 Event xsec    41325550.130962715     
 Events wgts > 1:           81
 % Cross section > 1:    414076.38535515621        1.0019863838301672     
 Iteration  8   Mean: 0.4131E+08 Abs mean: 0.4131E+08   Fluctuation:  0.132E+06   0.385E+10    96.7%
  8    0.4131E+08 0.4131E+08 +- 0.1317E+06      1.61
 Relative summed weights:
  0.1669E+00  0.0000E+00
  0.1661E+00  0.0000E+00
  0.1678E+00  0.0000E+00
  0.1667E+00  0.0000E+00
  0.1676E+00  0.0000E+00
  0.1649E+00  0.0000E+00
 Relative number of events:
  0.1670E+00  0.0000E+00
  0.1667E+00  0.0000E+00
  0.1660E+00  0.0000E+00
  0.1666E+00  0.0000E+00
  0.1674E+00  0.0000E+00
  0.1664E+00  0.0000E+00
 Events:
       42745           0
       42683           0
       42495           0
       42639           0
       42846           0
       42592           0
 Found        25506  events.
 Wrote        10274  events.
 Actual xsec    41325358.600054584     
 Correct abs xsec    41325358.600054584     
 Event xsec    41325358.600062415     
 Events wgts > 1:          194
 % Cross section > 1:    411689.86657614162       0.99621607778503307     
 Checking number of events   4960.6960463505520            10274  chi2:   0.45340099117472593     

 -------------------------------------------------------------------------------
 Accumulated results:   Integral =  0.4128E+08
                        Std dev  =  0.9875E+05
                       Cross sec =  0.3618E+01
             Chi**2 per DoF.     =
-------------------------------------------------
---------------------------
 Results Last   3 iters: Integral =   0.4133E+08
                     Abs integral =   0.4133E+08
                          Std dev =   0.1022E+06
                  Chi**2 per DoF. =      0.4534
-------------------------------------------------
---------------------------
 Status -1.20039999999999996E-004           9           9
 We found enough events       10274   4960.6960463505520     

ls status:
events.lhe
ftn25
ftn26
input_sg.txt
moffset.dat
results.dat
run_01_ftn26.gz
run_01_log.txt
run_01_results.dat
run_02_ftn26.gz
run_02_log.txt
run_02_results.dat
run_03_ftn26.gz
run_03_log.txt
run_03_results.dat
run_05_ftn26.gz
run_05_log.txt
run_05_results.dat
run_08_ftn26.gz
run_08_log.txt
run_08_results.dat
run1_app.log
