 Process in group number            0
 No PDF is used, alpha_s(MZ) from param_card is used
 Value of alpha_s from param_card:   0.11800000071525575     
 The default order of alpha_s running is fixed to            2
 *****************************************************
 *               MadGraph/MadEvent                   *
 *        --------------------------------           *
 *          http://madgraph.hep.uiuc.edu             *
 *          http://madgraph.phys.ucl.ac.be           *
 *          http://madgraph.roma2.infn.it            *
 *        --------------------------------           *
 *                                                   *
 *          PARAMETER AND COUPLING VALUES            *
 *                                                   *
 *****************************************************

  External Params
  ---------------------------------
  
 aEWM1 =    132.50700378417969     
 mdl_Gf =   1.16639000000000003E-005
 aS =   0.11800000071525575     
 mdl_ymb =    4.6999998092651367     
 mdl_ymt =    173.00000000000000     
 mdl_yme =   5.10999991092830896E-004
 mdl_ymm =   0.10565999895334244     
 mdl_ymtau =    1.7769999504089355     
 mdl_MZ =    91.188003540039063     
 mdl_MT =    173.00000000000000     
 mdl_MB =    4.6999998092651367     
 mdl_MH =    125.00000000000000     
 mdl_Me =   5.10999991092830896E-004
 mdl_MM =   0.10565999895334244     
 mdl_MTA =    1.7769999504089355     
 mdl_WZ =    2.4414041042327881     
 mdl_WW =    2.0476000308990479     
 mdl_WT =    1.4915000200271606     
 mdl_WH =   6.38233916833996773E-003
 mdl_WTau =   2.26999999999999982E-012
  Internal Params
  ---------------------------------
  
 mdl_conjg__CKM3x3 =    1.0000000000000000     
 mdl_CKM3x3 =    1.0000000000000000     
 mdl_conjg__CKM1x1 =    1.0000000000000000     
 mdl_complexi =  (  0.0000000000000000     ,  1.0000000000000000     )
 mdl_MZ__exp__2 =    8315.2519896181766     
 mdl_MZ__exp__4 =    69143415.650849044     
 mdl_sqrt__2 =    1.4142135623730951     
 mdl_MH__exp__2 =    15625.000000000000     
 mdl_aEW =   7.54677089845565054E-003
 mdl_MW =    80.419007276179556     
 mdl_sqrt__aEW =   8.68721526063194194E-002
 mdl_ee =   0.30795376284704501     
 mdl_MW__exp__2 =    6467.2167312862202     
 mdl_sw2 =   0.22224645274001076     
 mdl_cw =   0.88190336616887299     
 mdl_sqrt__sw2 =   0.47143022043565552     
 mdl_sw =   0.47143022043565552     
 mdl_g1 =   0.34919218438279087     
 mdl_gw =   0.65323296958447097     
 mdl_vev =    246.21845810181631     
 mdl_vev__exp__2 =    60623.529110035874     
 mdl_lam =   0.12886910601690271     
 mdl_yb =   2.69955531549349904E-002
 mdl_ye =   2.93504850670934038E-006
 mdl_ym =   6.06883028478528356E-004
 mdl_yt =   0.99366614581500645     
 mdl_ytau =   1.02066167158167895E-002
 mdl_muH =    88.388347648318444     
 mdl_I1x33 =  ( 2.69955531549349904E-002,  0.0000000000000000     )
 mdl_I2x33 =  ( 0.99366614581500645     ,  0.0000000000000000     )
 mdl_I3x33 =  ( 0.99366614581500645     ,  0.0000000000000000     )
 mdl_I4x33 =  ( 2.69955531549349904E-002,  0.0000000000000000     )
 mdl_ee__exp__2 =   9.48355200516540348E-002
 mdl_sw__exp__2 =   0.22224645274001076     
 mdl_cw__exp__2 =   0.77775354725998924     
  Internal Params evaluated point by point
  ----------------------------------------
  
 mdl_sqrt__aS =   0.34351128178744839     
 mdl_G__exp__2 =    1.4828317414825511     
  Couplings of sm-lepton_masses
  ---------------------------------
  
         GC_3 =  -0.00000E+00  -0.30795E+00
        GC_50 =  -0.00000E+00  -0.28804E+00
        GC_59 =   0.00000E+00   0.82310E-01
        GC_89 =  -0.00000E+00  -0.20754E-05

 Collider parameters:
 --------------------

 Running at e e   machine @   7.00000000000000067E-002  GeV
 PDF set = none   
 alpha_s(Mz)= 0.1180 running at 2 loops.
 alpha_s(Mz)= 0.1180 running at 2 loops.
 Renormalization scale fixed @    91.188000000000002     
 Factorization scales  fixed @    91.188000000000002        91.188000000000002     


 getting user params
Enter number of events and max and min iterations: 
 Number of events and iterations         2000           9           3
Enter desired fractional accuracy: 
 Desired fractional accuracy:  -5.51800000000000036E-006
Enter 0 for fixed, 2 for adjustable grid: 
Suppress amplitude (0 no, 1 yes)? 
 Using suppressed amplitude.
Exact helicity sum (0 yes, n = number/event)? 
 Explicitly summing over helicities
Enter Configuration Number: 
Running Configuration Number:    7
 Not subdividing B.W.
 Attempting mappinvarients           1           5
 Completed mapping           5
 about to integrate            5        2000           9           3           5           1
 Using non-zero grid deformation.
  5 dimensions   2000 events  5 invarients  9 iterations  1 config(s),  (0.99)
 Using h-tuple random number sequence.
 Error opening grid
 Using Uniform Grid!
 Using uniform alpha   1.0000000000000000     
 Grid defined OK
 Set CM energy to          0.07
 Mapping Graph           7  to config           7
Setting grid   1    0.18367E-04   1
Setting grid   2    0.53290E-04   1
 Masses: 0.511E-03 0.511E-03 0.000E+00 0.511E-03 0.511E-03
   7   1   2   3   4   5
 Got moffset           1
Using random seed offsets     7 :      1
  with seed                  150
 Ranmar initialization seeds        4173       12687
  Particle       3       4       5
      Et >     0.0     0.0     0.0
       E >     0.0     0.0     0.0
     Eta <    -1.0    -1.0    -1.0
   xqcut:      0.0     0.0     0.0
d R # 3  >    -0.0     0.0     0.0
d R # 4  >    -0.0    -0.0     0.4
s min # 3>     0.0     0.0     0.0
s min # 4>     0.0     0.0     0.0
xqcutij # 3>     0.0     0.0     0.0
xqcutij # 4>     0.0     0.0     0.0
 alpha_s for scale    91.188000000000002       is   0.11800000071525575     
 Added good helicity            1   4.2086280480790341       in event            1
 Added good helicity            5   3.8020722839783900       in event            1
 Added good helicity           10   4.0098083700527027       in event            1
 Added good helicity           14   3.9794880021315913       in event            1
 Added good helicity           19   3.9794880019640351       in event            1
 Added good helicity           23   4.0098083699915765       in event            1
 Added good helicity           28   3.8020722840033998       in event            1
 Added good helicity           32   4.2086280480514802       in event            1
 Added good helicity            2  1.20057733565222981E-006  in event            2
 Added good helicity            3  1.22345773969570599E-006  in event            2
 Added good helicity            7  1.40999907946204715E-006  in event            2
 Added good helicity            9  1.21606823474017176E-006  in event            2
 Added good helicity           12  2.42039165211841218E-006  in event            2
 Added good helicity           16  1.41224159095841386E-006  in event            2
 Added good helicity           17  1.41224159382018370E-006  in event            2
 Added good helicity           21  2.42039159669344867E-006  in event            2
 Added good helicity           24  1.21606823714455101E-006  in event            2
 Added good helicity           26  1.40999907683456069E-006  in event            2
 Added good helicity           30  1.22345769151516942E-006  in event            2
 Added good helicity           31  1.20057733922161839E-006  in event            2
 Added good helicity            6  7.89987945675282871E-005  in event            4
 Added good helicity           11  0.13797504666433294       in event            4
 Added good helicity           13  1.77396804316268079E-003  in event            4
 Added good helicity           15  0.36964417304399766       in event            4
 Added good helicity           18  0.36964417337705319       in event            4
 Added good helicity           20  1.77396809876553384E-003  in event            4
 Added good helicity           22  0.13797504654428275       in event            4
 Added good helicity           27  7.89988018085750792E-005  in event            4
 Added good helicity            4  1.05431113737849357E-006  in event           58
 Added good helicity           29  1.05431113729903891E-006  in event           58
 Iteration  1   Mean: 0.1909E+10 Abs mean: 0.1909E+10   Fluctuation:  0.110E+09   0.609E+11    75.2%
  1    0.1909E+10 0.1909E+10 +- 0.1102E+09      2.58
 Writing out events   141030.10588089819        2.5820652496657930     
 Relative summed weights:
  0.1000E+01  0.0000E+00
 Relative number of events:
  0.1000E+01  0.0000E+00
 Events:
        2000           0
 Iteration  2   Mean: 0.1708E+10 Abs mean: 0.1708E+10   Fluctuation:  0.401E+08   0.282E+11    83.7%
  2    0.1708E+10 0.1708E+10 +- 0.4015E+08      1.49
 Relative summed weights:
  0.1000E+01  0.0000E+00
 Relative number of events:
  0.1000E+01  0.0000E+00
 Events:
        4000           0
 Iteration  3   Mean: 0.1775E+10 Abs mean: 0.1775E+10   Fluctuation:  0.218E+08   0.163E+11    82.4%
  3    0.1775E+10 0.1775E+10 +- 0.2177E+08      1.10
 Relative summed weights:
  0.1000E+01  0.0000E+00
 Relative number of events:
  0.1000E+01  0.0000E+00
 Events:
        8000           0
 Found          998  events.
 Wrote          993  events.
 Actual xsec    1766044503.0358670     
 Correct abs xsec    1766044503.0358670     
 Event xsec    1766044503.0358293     
 Events wgts > 1:            5
 % Cross section > 1:    489910.28447806416       2.77405401526353776E-002
 Checking number of events   9745.0335677519142              993  chi2:    1.9591620227285935     
 Found          998  events.
 Wrote          993  events.
 Actual xsec    1766044503.0358670     
 Correct abs xsec    1766044503.0358670     
 Event xsec    1766044503.0358293     
 Events wgts > 1:            5
 % Cross section > 1:    489910.28447806416       2.77405401526353776E-002
 Iteration  4   Mean: 0.1729E+10 Abs mean: 0.1729E+10   Fluctuation:  0.130E+08   0.128E+11    78.5%
  4    0.1729E+10 0.1729E+10 +- 0.1299E+08      0.95
 Relative summed weights:
  0.1000E+01  0.0000E+00
 Relative number of events:
  0.1000E+01  0.0000E+00
 Events:
       16000           0
 Found         1961  events.
 Wrote         1958  events.
 Actual xsec    1739341260.5769186     
 Correct abs xsec    1739341260.5769186     
 Event xsec    1739341260.5768700     
 Events wgts > 1:            0
 % Cross section > 1:    0.0000000000000000        0.0000000000000000     
 Checking number of events   9597.6850758634373             1958  chi2:    1.9791487512115551     
 Found         1961  events.
 Wrote         1958  events.
 Actual xsec    1739341260.5769186     
 Correct abs xsec    1739341260.5769186     
 Event xsec    1739341260.5768700     
 Events wgts > 1:            0
 % Cross section > 1:    0.0000000000000000        0.0000000000000000     
 Iteration  5   Mean: 0.1734E+10 Abs mean: 0.1734E+10   Fluctuation:  0.873E+07   0.225E+11    76.5%
  5    0.1734E+10 0.1734E+10 +- 0.8729E+07      0.90
 Relative summed weights:
  0.1000E+01  0.0000E+00
 Relative number of events:
  0.1000E+01  0.0000E+00
 Events:
       32000           0
 Found         4182  events.
 Wrote         4178  events.
 Actual xsec    1736705319.9782481     
 Correct abs xsec    1736705319.9782481     
 Event xsec    1736705319.9783430     
 Events wgts > 1:            2
 % Cross section > 1:    364156.20774954691       2.09682208927699960E-002
 Checking number of events   9583.1399556399738             4178  chi2:    1.8094722739848796     
 Found         4182  events.
 Wrote         4178  events.
 Actual xsec    1736705319.9782481     
 Correct abs xsec    1736705319.9782481     
 Event xsec    1736705319.9783430     
 Events wgts > 1:            2
 % Cross section > 1:    364156.20774954691       2.09682208927699960E-002
 Iteration  6   Mean: 0.1736E+10 Abs mean: 0.1736E+10   Fluctuation:  0.613E+07   0.394E+11    74.5%
  6    0.1736E+10 0.1736E+10 +- 0.6129E+07      0.89
 Relative summed weights:
  0.1000E+01  0.0000E+00
 Relative number of events:
  0.1000E+01  0.0000E+00
 Events:
       64000           0
 Found         8533  events.
 Wrote         8530  events.
 Actual xsec    1734447779.0703478     
 Correct abs xsec    1734447779.0703478     
 Event xsec    1734447779.0702081     
 Events wgts > 1:           15
 % Cross section > 1:    1385344.4854514368       7.98723664193616567E-002
 Checking number of events   9570.6828449101795             8530  chi2:   0.12591373206448558     
 Found         8533  events.
 Wrote         8530  events.
 Actual xsec    1734447779.0703478     
 Correct abs xsec    1734447779.0703478     
 Event xsec    1734447779.0702081     
 Events wgts > 1:           15
 % Cross section > 1:    1385344.4854514368       7.98723664193616567E-002
 Iteration  7   Mean: 0.1729E+10 Abs mean: 0.1729E+10   Fluctuation:  0.428E+07   0.424E+11    73.2%
  7    0.1729E+10 0.1729E+10 +- 0.4282E+07      0.89
 Relative summed weights:
  0.1000E+01  0.0000E+00
 Relative number of events:
  0.1000E+01  0.0000E+00
 Events:
      128000           0
 Found        17423  events.
 Wrote        17418  events.
 Actual xsec    1731807290.5152991     
 Correct abs xsec    1731807290.5152991     
 Event xsec    1731807290.5155318     
 Events wgts > 1:           34
 % Cross section > 1:    1594701.9174795202       9.20831045239913770E-002
 Checking number of events   9556.1126290634202            17418  chi2:   0.43537971849360224     

 -------------------------------------------------------------------------------
 Accumulated results:   Integral =  0.1733E+10
                        Std dev  =  0.3116E+07
                       Cross sec =  0.1417E+01
             Chi**2 per DoF.     =
-------------------------------------------------
---------------------------
 Results Last   3 iters: Integral =   0.1732E+10
                     Abs integral =   0.1732E+10
                          Std dev =   0.3257E+07
                  Chi**2 per DoF. =      0.4354
-------------------------------------------------
---------------------------
 Status -5.51800000000000036E-006           8           9
 We found enough events       17418   9556.1126290634202     

ls status:
events.lhe
ftn25
ftn26
input_sg.txt
moffset.dat
results.dat
run_02_ftn26.gz
run_02_log.txt
run_02_results.dat
run_05_ftn26.gz
run_05_log.txt
run_05_results.dat
run_06_ftn26.gz
run_06_log.txt
run_06_results.dat
run_07_ftn26.gz
run_07_log.txt
run_07_results.dat
run1_app.log
