 Process in group number            0
 No PDF is used, alpha_s(MZ) from param_card is used
 Value of alpha_s from param_card:   0.11800000071525575     
 The default order of alpha_s running is fixed to            2
 *****************************************************
 *               MadGraph/MadEvent                   *
 *        --------------------------------           *
 *          http://madgraph.hep.uiuc.edu             *
 *          http://madgraph.phys.ucl.ac.be           *
 *          http://madgraph.roma2.infn.it            *
 *        --------------------------------           *
 *                                                   *
 *          PARAMETER AND COUPLING VALUES            *
 *                                                   *
 *****************************************************

  External Params
  ---------------------------------
  
 aEWM1 =    132.50700378417969     
 mdl_Gf =   1.16639000000000003E-005
 aS =   0.11800000071525575     
 mdl_ymb =    4.6999998092651367     
 mdl_ymt =    173.00000000000000     
 mdl_yme =   5.10999991092830896E-004
 mdl_ymm =   0.10565999895334244     
 mdl_ymtau =    1.7769999504089355     
 mdl_MZ =    91.188003540039063     
 mdl_MT =    173.00000000000000     
 mdl_MB =    4.6999998092651367     
 mdl_MH =    125.00000000000000     
 mdl_Me =   5.10999991092830896E-004
 mdl_MM =   0.10565999895334244     
 mdl_MTA =    1.7769999504089355     
 mdl_WZ =    2.4414041042327881     
 mdl_WW =    2.0476000308990479     
 mdl_WT =    1.4915000200271606     
 mdl_WH =   6.38233916833996773E-003
 mdl_WTau =   2.26999999999999982E-012
  Internal Params
  ---------------------------------
  
 mdl_conjg__CKM3x3 =    1.0000000000000000     
 mdl_CKM3x3 =    1.0000000000000000     
 mdl_conjg__CKM1x1 =    1.0000000000000000     
 mdl_complexi =  (  0.0000000000000000     ,  1.0000000000000000     )
 mdl_MZ__exp__2 =    8315.2519896181766     
 mdl_MZ__exp__4 =    69143415.650849044     
 mdl_sqrt__2 =    1.4142135623730951     
 mdl_MH__exp__2 =    15625.000000000000     
 mdl_aEW =   7.54677089845565054E-003
 mdl_MW =    80.419007276179556     
 mdl_sqrt__aEW =   8.68721526063194194E-002
 mdl_ee =   0.30795376284704501     
 mdl_MW__exp__2 =    6467.2167312862202     
 mdl_sw2 =   0.22224645274001076     
 mdl_cw =   0.88190336616887299     
 mdl_sqrt__sw2 =   0.47143022043565552     
 mdl_sw =   0.47143022043565552     
 mdl_g1 =   0.34919218438279087     
 mdl_gw =   0.65323296958447097     
 mdl_vev =    246.21845810181631     
 mdl_vev__exp__2 =    60623.529110035874     
 mdl_lam =   0.12886910601690271     
 mdl_yb =   2.69955531549349904E-002
 mdl_ye =   2.93504850670934038E-006
 mdl_ym =   6.06883028478528356E-004
 mdl_yt =   0.99366614581500645     
 mdl_ytau =   1.02066167158167895E-002
 mdl_muH =    88.388347648318444     
 mdl_I1x33 =  ( 2.69955531549349904E-002,  0.0000000000000000     )
 mdl_I2x33 =  ( 0.99366614581500645     ,  0.0000000000000000     )
 mdl_I3x33 =  ( 0.99366614581500645     ,  0.0000000000000000     )
 mdl_I4x33 =  ( 2.69955531549349904E-002,  0.0000000000000000     )
 mdl_ee__exp__2 =   9.48355200516540348E-002
 mdl_sw__exp__2 =   0.22224645274001076     
 mdl_cw__exp__2 =   0.77775354725998924     
  Internal Params evaluated point by point
  ----------------------------------------
  
 mdl_sqrt__aS =   0.34351128178744839     
 mdl_G__exp__2 =    1.4828317414825511     
  Couplings of sm-lepton_masses
  ---------------------------------
  
         GC_3 =  -0.00000E+00  -0.30795E+00
        GC_50 =  -0.00000E+00  -0.28804E+00
        GC_59 =   0.00000E+00   0.82310E-01
        GC_89 =  -0.00000E+00  -0.20754E-05

 Collider parameters:
 --------------------

 Running at e e   machine @   7.00000000000000067E-002  GeV
 PDF set = none   
 alpha_s(Mz)= 0.1180 running at 2 loops.
 alpha_s(Mz)= 0.1180 running at 2 loops.
 Renormalization scale fixed @    91.188000000000002     
 Factorization scales  fixed @    91.188000000000002        91.188000000000002     


 getting user params
Enter number of events and max and min iterations: 
 Number of events and iterations         2000           9           3
Enter desired fractional accuracy: 
 Desired fractional accuracy:  -5.51800000000000036E-006
Enter 0 for fixed, 2 for adjustable grid: 
Suppress amplitude (0 no, 1 yes)? 
 Using suppressed amplitude.
Exact helicity sum (0 yes, n = number/event)? 
 Explicitly summing over helicities
Enter Configuration Number: 
Running Configuration Number:   13
 Not subdividing B.W.
 Attempting mappinvarients           1           5
 Completed mapping           5
 about to integrate            5        2000           9           3           5           1
 Using non-zero grid deformation.
  5 dimensions   2000 events  5 invarients  9 iterations  1 config(s),  (0.99)
 Using h-tuple random number sequence.
 Error opening grid
 Using Uniform Grid!
 Using uniform alpha   1.0000000000000000     
 Grid defined OK
 Set CM energy to          0.07
 Mapping Graph          13  to config          13
Setting grid   1    0.53290E-04   1
Setting grid   2    0.18367E-04   1
 Masses: 0.511E-03 0.511E-03 0.000E+00 0.511E-03 0.511E-03
  13   1   2   3   4   5
 Got moffset           5
Using random seed offsets    13 :      1
  with seed                  150
 Ranmar initialization seeds        4179       25315
  Particle       3       4       5
      Et >     0.0     0.0     0.0
       E >     0.0     0.0     0.0
     Eta <    -1.0    -1.0    -1.0
   xqcut:      0.0     0.0     0.0
d R # 3  >    -0.0     0.0     0.0
d R # 4  >    -0.0    -0.0     0.4
s min # 3>     0.0     0.0     0.0
s min # 4>     0.0     0.0     0.0
xqcutij # 3>     0.0     0.0     0.0
xqcutij # 4>     0.0     0.0     0.0
 alpha_s for scale    91.188000000000002       is   0.11800000071525575     
 Added good helicity            1   9.3974496640903382       in event            1
 Added good helicity            2  0.31198116405428639       in event            1
 Added good helicity            3  0.26938880052163167       in event            1
 Added good helicity            5  0.18694744486280102       in event            1
 Added good helicity            6  4.25583773961006525E-005  in event            1
 Added good helicity            7  3.77314962189896944E-005  in event            1
 Added good helicity           10  1.18371023639110701E-002  in event            1
 Added good helicity           11  1.15669647078451149E-002  in event            1
 Added good helicity           13   4.6357830122343291       in event            1
 Added good helicity           14  0.61474447406558896       in event            1
 Added good helicity           15  0.56022082714979193       in event            1
 Added good helicity           18  0.56022082743064083       in event            1
 Added good helicity           19  0.61474450819915560       in event            1
 Added good helicity           20   4.6357830141447707       in event            1
 Added good helicity           22  1.15669647061825039E-002  in event            1
 Added good helicity           23  1.18371030065699823E-002  in event            1
 Added good helicity           26  3.77314969134111299E-005  in event            1
 Added good helicity           27  4.25583781689552518E-005  in event            1
 Added good helicity           28  0.18694744485471815       in event            1
 Added good helicity           30  0.26938880034334223       in event            1
 Added good helicity           31  0.31198118026206878       in event            1
 Added good helicity           32   9.3974496623655348       in event            1
 Added good helicity            9  1.06367926990857386E-004  in event            2
 Added good helicity           12  1.74327221887781022E-006  in event            2
 Added good helicity           21  1.74327222025526876E-006  in event            2
 Added good helicity           24  1.06367926993118693E-004  in event            2
 Added good helicity           16  4.46828926254861336E-006  in event            3
 Added good helicity           17  4.46828935168619163E-006  in event            3
 Added good helicity            4  3.55041871304995116E-006  in event           26
 Added good helicity           29  3.55041871961607349E-006  in event           26
 Iteration  1   Mean: 0.3784E+10 Abs mean: 0.3784E+10   Fluctuation:  0.245E+10   0.484E+13    74.9%
  1    0.3784E+10 0.3784E+10 +- 0.2447E+10     28.92
 Writing out events   280523.77911255776        28.922378926192589     
 Relative summed weights:
  0.1000E+01  0.0000E+00
 Relative number of events:
  0.1000E+01  0.0000E+00
 Events:
        2000           0
 Iteration  2   Mean: 0.7939E+09 Abs mean: 0.7939E+09   Fluctuation:  0.863E+08   0.181E+12    84.8%
  2    0.7939E+09 0.7939E+09 +- 0.8626E+08      6.87
 Relative summed weights:
  0.1000E+01  0.0000E+00
 Relative number of events:
  0.1000E+01  0.0000E+00
 Events:
        4000           0
 Iteration  3   Mean: 0.1606E+10 Abs mean: 0.1606E+10   Fluctuation:  0.804E+08   0.211E+12    85.7%
  3    0.1606E+10 0.1606E+10 +- 0.8043E+08      4.48
 Relative summed weights:
  0.1000E+01  0.0000E+00
 Relative number of events:
  0.1000E+01  0.0000E+00
 Events:
        8000           0
 Found         1086  events.
 Wrote           68  events.
 Actual xsec    1475018379.5699034     
 Correct abs xsec    1475018379.5699034     
 Event xsec    1475018379.5699060     
 Events wgts > 1:            2
 % Cross section > 1:    6044297.5235570744       0.40977777682468630     
 Checking number of events   8139.1514184667276               68  chi2:    32.946039266493585     
 Found         1086  events.
 Wrote           64  events.
 Actual xsec    1475018379.5699034     
 Correct abs xsec    1475018379.5699034     
 Event xsec    1475018379.5699072     
 Events wgts > 1:            2
 % Cross section > 1:    6420421.7774279974       0.43527740849575680     
 Iteration  4   Mean: 0.1610E+10 Abs mean: 0.1610E+10   Fluctuation:  0.263E+08   0.597E+11    84.9%
  4    0.1610E+10 0.1610E+10 +- 0.2633E+08      2.07
 Relative summed weights:
  0.1000E+01  0.0000E+00
 Relative number of events:
  0.1000E+01  0.0000E+00
 Events:
       16000           0
 Found         1750  events.
 Wrote          829  events.
 Actual xsec    1592907765.7142205     
 Correct abs xsec    1592907765.7142205     
 Event xsec    1592907765.7142396     
 Events wgts > 1:           29
 % Cross section > 1:    15950583.672978884        1.0013501105524993     
 Checking number of events   8789.6650512110700              829  chi2:    43.117624992043865     
 Found         1750  events.
 Wrote          857  events.
 Actual xsec    1592907765.7142205     
 Correct abs xsec    1592907765.7142205     
 Event xsec    1592907765.7142560     
 Events wgts > 1:           29
 % Cross section > 1:    15434493.999925295       0.96895089170492588     
 Iteration  5   Mean: 0.1632E+10 Abs mean: 0.1632E+10   Fluctuation:  0.121E+08   0.452E+11    82.0%
  5    0.1632E+10 0.1632E+10 +- 0.1211E+08      1.33
 Relative summed weights:
  0.1000E+01  0.0000E+00
 Relative number of events:
  0.1000E+01  0.0000E+00
 Events:
       32000           0
 Found         4010  events.
 Wrote         4005  events.
 Actual xsec    1627855396.4857876     
 Correct abs xsec    1627855396.4857876     
 Event xsec    1627855396.4858775     
 Events wgts > 1:           76
 % Cross section > 1:    7293497.6448460808       0.44804333730077450     
 Checking number of events   8982.5060778085772             4005  chi2:   0.33757253984984625     
 Found         4010  events.
 Wrote         4005  events.
 Actual xsec    1627855396.4857876     
 Correct abs xsec    1627855396.4857876     
 Event xsec    1627855396.4858775     
 Events wgts > 1:           76
 % Cross section > 1:    7293497.6448460808       0.44804333730077450     
 Iteration  6   Mean: 0.1654E+10 Abs mean: 0.1654E+10   Fluctuation:  0.695E+07   0.282E+11    81.4%
  6    0.1654E+10 0.1654E+10 +- 0.6948E+07      1.06
 Relative summed weights:
  0.1000E+01  0.0000E+00
 Relative number of events:
  0.1000E+01  0.0000E+00
 Events:
       64000           0
 Found         7971  events.
 Wrote         7966  events.
 Actual xsec    1646584992.2810955     
 Correct abs xsec    1646584992.2810955     
 Event xsec    1646584992.2809155     
 Events wgts > 1:           14
 % Cross section > 1:    602994.94613967102       3.66209426762950305E-002
 Checking number of events   9085.8559874070852             7966  chi2:    2.2217769272735062     
 Found         7971  events.
 Wrote         7966  events.
 Actual xsec    1646584992.2810955     
 Correct abs xsec    1646584992.2810955     
 Event xsec    1646584992.2809155     
 Events wgts > 1:           14
 % Cross section > 1:    602994.94613967102       3.66209426762950305E-002
 Iteration  7   Mean: 0.1655E+10 Abs mean: 0.1655E+10   Fluctuation:  0.443E+07   0.308E+11    79.7%
  7    0.1655E+10 0.1655E+10 +- 0.4430E+07      0.96
 Relative summed weights:
  0.1000E+01  0.0000E+00
 Relative number of events:
  0.1000E+01  0.0000E+00
 Events:
      128000           0
 Found        16162  events.
 Wrote        16157  events.
 Actual xsec    1652438083.0530856     
 Correct abs xsec    1652438083.0530856     
 Event xsec    1652438083.0530117     
 Events wgts > 1:           18
 % Cross section > 1:    693735.99938163429       4.19825714800703131E-002
 Checking number of events   9118.1533422869270            16157  chi2:    1.5465328695967639     

 -------------------------------------------------------------------------------
 Accumulated results:   Integral =  0.1651E+10
                        Std dev  =  0.3532E+07
                       Cross sec =  0.5439E+01
             Chi**2 per DoF.     =
-------------------------------------------------
---------------------------
 Results Last   3 iters: Integral =   0.1652E+10
                     Abs integral =   0.1652E+10
                          Std dev =   0.3569E+07
                  Chi**2 per DoF. =      1.5465
-------------------------------------------------
---------------------------
 Status -5.51800000000000036E-006           8           9
 We found enough events       16157   9118.1533422869270     

ls status:
events.lhe
ftn25
ftn26
input_sg.txt
moffset.dat
results.dat
run_07_ftn26.gz
run_07_log.txt
run_07_results.dat
run1_app.log
