 Process in group number            0
 No PDF is used, alpha_s(MZ) from param_card is used
 Value of alpha_s from param_card:   0.11800000071525575     
 The default order of alpha_s running is fixed to            2
 *****************************************************
 *               MadGraph/MadEvent                   *
 *        --------------------------------           *
 *          http://madgraph.hep.uiuc.edu             *
 *          http://madgraph.phys.ucl.ac.be           *
 *          http://madgraph.roma2.infn.it            *
 *        --------------------------------           *
 *                                                   *
 *          PARAMETER AND COUPLING VALUES            *
 *                                                   *
 *****************************************************

  External Params
  ---------------------------------
  
 aEWM1 =    132.50700378417969     
 mdl_Gf =   1.16639000000000003E-005
 aS =   0.11800000071525575     
 mdl_ymb =    4.6999998092651367     
 mdl_ymt =    173.00000000000000     
 mdl_yme =   5.10999991092830896E-004
 mdl_ymm =   0.10565999895334244     
 mdl_ymtau =    1.7769999504089355     
 mdl_MZ =    91.188003540039063     
 mdl_MT =    173.00000000000000     
 mdl_MB =    4.6999998092651367     
 mdl_MH =    125.00000000000000     
 mdl_Me =   5.10999991092830896E-004
 mdl_MM =   0.10565999895334244     
 mdl_MTA =    1.7769999504089355     
 mdl_WZ =    2.4414041042327881     
 mdl_WW =    2.0476000308990479     
 mdl_WT =    1.4915000200271606     
 mdl_WH =   6.38233916833996773E-003
 mdl_WTau =   2.26999999999999982E-012
  Internal Params
  ---------------------------------
  
 mdl_conjg__CKM3x3 =    1.0000000000000000     
 mdl_CKM3x3 =    1.0000000000000000     
 mdl_conjg__CKM1x1 =    1.0000000000000000     
 mdl_complexi =  (  0.0000000000000000     ,  1.0000000000000000     )
 mdl_MZ__exp__2 =    8315.2519896181766     
 mdl_MZ__exp__4 =    69143415.650849044     
 mdl_sqrt__2 =    1.4142135623730951     
 mdl_MH__exp__2 =    15625.000000000000     
 mdl_aEW =   7.54677089845565054E-003
 mdl_MW =    80.419007276179556     
 mdl_sqrt__aEW =   8.68721526063194194E-002
 mdl_ee =   0.30795376284704501     
 mdl_MW__exp__2 =    6467.2167312862202     
 mdl_sw2 =   0.22224645274001076     
 mdl_cw =   0.88190336616887299     
 mdl_sqrt__sw2 =   0.47143022043565552     
 mdl_sw =   0.47143022043565552     
 mdl_g1 =   0.34919218438279087     
 mdl_gw =   0.65323296958447097     
 mdl_vev =    246.21845810181631     
 mdl_vev__exp__2 =    60623.529110035874     
 mdl_lam =   0.12886910601690271     
 mdl_yb =   2.69955531549349904E-002
 mdl_ye =   2.93504850670934038E-006
 mdl_ym =   6.06883028478528356E-004
 mdl_yt =   0.99366614581500645     
 mdl_ytau =   1.02066167158167895E-002
 mdl_muH =    88.388347648318444     
 mdl_I1x33 =  ( 2.69955531549349904E-002,  0.0000000000000000     )
 mdl_I2x33 =  ( 0.99366614581500645     ,  0.0000000000000000     )
 mdl_I3x33 =  ( 0.99366614581500645     ,  0.0000000000000000     )
 mdl_I4x33 =  ( 2.69955531549349904E-002,  0.0000000000000000     )
 mdl_ee__exp__2 =   9.48355200516540348E-002
 mdl_sw__exp__2 =   0.22224645274001076     
 mdl_cw__exp__2 =   0.77775354725998924     
  Internal Params evaluated point by point
  ----------------------------------------
  
 mdl_sqrt__aS =   0.34351128178744839     
 mdl_G__exp__2 =    1.4828317414825511     
  Couplings of sm-lepton_masses
  ---------------------------------
  
         GC_3 =  -0.00000E+00  -0.30795E+00

 Collider parameters:
 --------------------

 Running at e e   machine @   7.00000000000000067E-002  GeV
 PDF set = none   
 alpha_s(Mz)= 0.1180 running at 2 loops.
 alpha_s(Mz)= 0.1180 running at 2 loops.
 Renormalization scale fixed @    91.188000000000002     
 Factorization scales  fixed @    91.188000000000002        91.188000000000002     


 getting user params
Enter number of events and max and min iterations: 
 Number of events and iterations         2000           9           3
Enter desired fractional accuracy: 
 Desired fractional accuracy:  -3.08659999999999989E-005
Enter 0 for fixed, 2 for adjustable grid: 
Suppress amplitude (0 no, 1 yes)? 
 Using suppressed amplitude.
Exact helicity sum (0 yes, n = number/event)? 
 Explicitly summing over helicities
Enter Configuration Number: 
Running Configuration Number:    1
 Not subdividing B.W.
 Attempting mappinvarients           1           4
 Completed mapping           4
 about to integrate            2        2000           9           3           2           1
 Using non-zero grid deformation.
  2 dimensions   2000 events  2 invarients  9 iterations  1 config(s),  (0.99)
 Using h-tuple random number sequence.
 Error opening grid
 Using Uniform Grid!
 Using uniform alpha   1.0000000000000000     
 Grid defined OK
 Set CM energy to          0.07
 Mapping Graph           1  to config           1
Setting grid   1    0.18367E-02   1
 Masses: 0.511E-03 0.511E-03 0.000E+00 0.000E+00
   1   1   2
 Got moffset           1
Using random seed offsets     1 :      1
  with seed                  138
 Ranmar initialization seeds       19620       12674
  Particle       3       4
      Et >     0.0     0.0
       E >     0.0     0.0
     Eta <    -1.0    -1.0
   xqcut:      0.0     0.0
d R # 3  >    -0.0     0.0
s min # 3>     0.0     0.0
xqcutij # 3>     0.0     0.0
 alpha_s for scale    91.188000000000002       is   0.11800000071525575     
 Added good helicity            1  3.62165761908364494E-003  in event            1
 Added good helicity            2  5.19675978762242519E-004  in event            1
 Added good helicity            3  5.19675978762242845E-004  in event            1
 Added good helicity            6   7.1659028028295513       in event            1
 Added good helicity            7  0.82943618758355386       in event            1
 Added good helicity           10  0.82943618758355386       in event            1
 Added good helicity           11   7.1659028028295513       in event            1
 Added good helicity           14  5.19675978762242845E-004  in event            1
 Added good helicity           15  5.19675978762242519E-004  in event            1
 Added good helicity           16  3.62165761908364494E-003  in event            1
 Iteration  1   Mean: 0.1506E+09 Abs mean: 0.1506E+09   Fluctuation:  0.173E+07   0.184E+09    90.0%
  1    0.1506E+09 0.1506E+09 +- 0.1729E+07      0.51
 Writing out events   9298.6994192230250       0.51349408447608058     
 Relative summed weights:
  0.5080E+00  0.0000E+00
  0.4920E+00  0.0000E+00
 Relative number of events:
  0.5085E+00  0.0000E+00
  0.4915E+00  0.0000E+00
 Events:
        1017           0
         983           0
 Iteration  2   Mean: 0.1501E+09 Abs mean: 0.1501E+09   Fluctuation:  0.535E+06   0.254E+09    99.3%
  2    0.1501E+09 0.1501E+09 +- 0.5349E+06      0.23
 Relative summed weights:
  0.5032E+00  0.0000E+00
  0.4968E+00  0.0000E+00
 Relative number of events:
  0.5030E+00  0.0000E+00
  0.4970E+00  0.0000E+00
 Events:
        2012           0
        1988           0
 Iteration  3   Mean: 0.1498E+09 Abs mean: 0.1498E+09   Fluctuation:  0.268E+06   0.197E+09    99.7%
  3    0.1498E+09 0.1498E+09 +- 0.2681E+06      0.16
 Relative summed weights:
  0.5051E+00  0.0000E+00
  0.4949E+00  0.0000E+00
 Relative number of events:
  0.5062E+00  0.0000E+00
  0.4938E+00  0.0000E+00
 Events:
        4050           0
        3950           0
 Found          807  events.
 Wrote          802  events.
 Actual xsec    149878531.45541701     
 Correct abs xsec    149878531.45541701     
 Event xsec    149878531.45541492     
 Events wgts > 1:            0
 % Cross section > 1:    0.0000000000000000        0.0000000000000000     
 Checking number of events   4626.1507519029010              802  chi2:   0.24030903230107170     
 Found          807  events.
 Wrote          802  events.
 Actual xsec    149878531.45541701     
 Correct abs xsec    149878531.45541701     
 Event xsec    149878531.45541492     
 Events wgts > 1:            0
 % Cross section > 1:    0.0000000000000000        0.0000000000000000     
Warning xbin not returning correct x   1  0.998376E+00  0.100000E+01  0.7643E-04
 Iteration  4   Mean: 0.1499E+09 Abs mean: 0.1499E+09   Fluctuation:  0.149E+06   0.181E+09    99.7%
  4    0.1499E+09 0.1499E+09 +- 0.1492E+06      0.13
 Relative summed weights:
  0.5011E+00  0.0000E+00
  0.4989E+00  0.0000E+00
 Relative number of events:
  0.5014E+00  0.0000E+00
  0.4986E+00  0.0000E+00
 Events:
        8022           0
        7978           0
 Found         1608  events.
 Wrote         1604  events.
 Actual xsec    149855571.12968349     
 Correct abs xsec    149855571.12968349     
 Event xsec    149855571.12968099     
 Events wgts > 1:            0
 % Cross section > 1:    0.0000000000000000        0.0000000000000000     
 Checking number of events   4625.4420584888103             1604  chi2:   0.15584121828542968     
 Found         1608  events.
 Wrote         1604  events.
 Actual xsec    149855571.12968349     
 Correct abs xsec    149855571.12968349     
 Event xsec    149855571.12968099     
 Events wgts > 1:            0
 % Cross section > 1:    0.0000000000000000        0.0000000000000000     
 Iteration  5   Mean: 0.1499E+09 Abs mean: 0.1499E+09   Fluctuation:  0.909E+05   0.183E+09    99.8%
  5    0.1499E+09 0.1499E+09 +- 0.9089E+05      0.11
 Relative summed weights:
  0.5023E+00  0.0000E+00
  0.4977E+00  0.0000E+00
 Relative number of events:
  0.5029E+00  0.0000E+00
  0.4971E+00  0.0000E+00
 Events:
       16093           0
       15907           0
 Found         3213  events.
 Wrote         3209  events.
 Actual xsec    149876765.43238285     
 Correct abs xsec    149876765.43238285     
 Event xsec    149876765.43239352     
 Events wgts > 1:            0
 % Cross section > 1:    0.0000000000000000        0.0000000000000000     
 Checking number of events   4626.0962418359286             3209  chi2:   7.74341592040819343E-002
 Found         3213  events.
 Wrote         3209  events.
 Actual xsec    149876765.43238285     
 Correct abs xsec    149876765.43238285     
 Event xsec    149876765.43239352     
 Events wgts > 1:            0
 % Cross section > 1:    0.0000000000000000        0.0000000000000000     
 Iteration  6   Mean: 0.1500E+09 Abs mean: 0.1500E+09   Fluctuation:  0.563E+05   0.218E+09    99.8%
  6    0.1500E+09 0.1500E+09 +- 0.5628E+05      0.09
 Relative summed weights:
  0.4987E+00  0.0000E+00
  0.5013E+00  0.0000E+00
 Relative number of events:
  0.4988E+00  0.0000E+00
  0.5012E+00  0.0000E+00
 Events:
       31920           0
       32080           0
 Found         6375  events.
 Wrote         6370  events.
 Actual xsec    149949722.56247711     
 Correct abs xsec    149949722.56247711     
 Event xsec    149949722.56248635     
 Events wgts > 1:            0
 % Cross section > 1:    0.0000000000000000        0.0000000000000000     
 Checking number of events   4628.3481366134183             6370  chi2:   0.58695265292153997     

 -------------------------------------------------------------------------------
 Accumulated results:   Integral =  0.1499E+09
                        Std dev  =  0.4475E+05
                       Cross sec =  0.3485E+00
             Chi**2 per DoF.     =
-------------------------------------------------
---------------------------
 Results Last   3 iters: Integral =   0.1499E+09
                     Abs integral =   0.1499E+09
                          Std dev =   0.4557E+05
                  Chi**2 per DoF. =      0.5870
-------------------------------------------------
---------------------------
 Status -3.08659999999999989E-005           7           9
 We found enough events        6370   4628.3481366134183     

ls status:
2gamma10k_ftn26.gz
2gamma10k_log.txt
2gamma10k_results.dat
events.lhe
ftn25
ftn26
input_sg.txt
moffset.dat
results.dat
run_01_ftn26.gz
run_01_log.txt
run_01_results.dat
run_02_ftn26.gz
run_02_log.txt
run_02_results.dat
run_03_ftn26.gz
run_03_log.txt
run_03_results.dat
run_04_ftn26.gz
run_04_log.txt
run_04_results.dat
run_05_ftn26.gz
run_05_log.txt
run_05_results.dat
run_06_ftn26.gz
run_06_log.txt
run_06_results.dat
run_07_ftn26.gz
run_07_log.txt
run_07_results.dat
run_08_ftn26.gz
run_08_log.txt
run_08_results.dat
run_09_ftn26.gz
run_09_log.txt
run_09_results.dat
run1_app.log
