 Process in group number            0
 No PDF is used, alpha_s(MZ) from param_card is used
 Value of alpha_s from param_card:   0.11800000071525575     
 The default order of alpha_s running is fixed to            2
 *****************************************************
 *               MadGraph/MadEvent                   *
 *        --------------------------------           *
 *          http://madgraph.hep.uiuc.edu             *
 *          http://madgraph.phys.ucl.ac.be           *
 *          http://madgraph.roma2.infn.it            *
 *        --------------------------------           *
 *                                                   *
 *          PARAMETER AND COUPLING VALUES            *
 *                                                   *
 *****************************************************

  External Params
  ---------------------------------
  
 aEWM1 =    132.50700378417969     
 mdl_Gf =   1.16639000000000003E-005
 aS =   0.11800000071525575     
 mdl_ymb =    4.6999998092651367     
 mdl_ymt =    173.00000000000000     
 mdl_yme =   5.10999991092830896E-004
 mdl_ymm =   0.10565999895334244     
 mdl_ymtau =    1.7769999504089355     
 mdl_MZ =    91.188003540039063     
 mdl_MT =    173.00000000000000     
 mdl_MB =    4.6999998092651367     
 mdl_MH =    125.00000000000000     
 mdl_Me =   5.10999991092830896E-004
 mdl_MM =   0.10565999895334244     
 mdl_MTA =    1.7769999504089355     
 mdl_WZ =    2.4414041042327881     
 mdl_WW =    2.0476000308990479     
 mdl_WT =    1.4915000200271606     
 mdl_WH =   6.38233916833996773E-003
 mdl_WTau =   2.26999999999999982E-012
  Internal Params
  ---------------------------------
  
 mdl_conjg__CKM3x3 =    1.0000000000000000     
 mdl_CKM3x3 =    1.0000000000000000     
 mdl_conjg__CKM1x1 =    1.0000000000000000     
 mdl_complexi =  (  0.0000000000000000     ,  1.0000000000000000     )
 mdl_MZ__exp__2 =    8315.2519896181766     
 mdl_MZ__exp__4 =    69143415.650849044     
 mdl_sqrt__2 =    1.4142135623730951     
 mdl_MH__exp__2 =    15625.000000000000     
 mdl_aEW =   7.54677089845565054E-003
 mdl_MW =    80.419007276179556     
 mdl_sqrt__aEW =   8.68721526063194194E-002
 mdl_ee =   0.30795376284704501     
 mdl_MW__exp__2 =    6467.2167312862202     
 mdl_sw2 =   0.22224645274001076     
 mdl_cw =   0.88190336616887299     
 mdl_sqrt__sw2 =   0.47143022043565552     
 mdl_sw =   0.47143022043565552     
 mdl_g1 =   0.34919218438279087     
 mdl_gw =   0.65323296958447097     
 mdl_vev =    246.21845810181631     
 mdl_vev__exp__2 =    60623.529110035874     
 mdl_lam =   0.12886910601690271     
 mdl_yb =   2.69955531549349904E-002
 mdl_ye =   2.93504850670934038E-006
 mdl_ym =   6.06883028478528356E-004
 mdl_yt =   0.99366614581500645     
 mdl_ytau =   1.02066167158167895E-002
 mdl_muH =    88.388347648318444     
 mdl_I1x33 =  ( 2.69955531549349904E-002,  0.0000000000000000     )
 mdl_I2x33 =  ( 0.99366614581500645     ,  0.0000000000000000     )
 mdl_I3x33 =  ( 0.99366614581500645     ,  0.0000000000000000     )
 mdl_I4x33 =  ( 2.69955531549349904E-002,  0.0000000000000000     )
 mdl_ee__exp__2 =   9.48355200516540348E-002
 mdl_sw__exp__2 =   0.22224645274001076     
 mdl_cw__exp__2 =   0.77775354725998924     
  Internal Params evaluated point by point
  ----------------------------------------
  
 mdl_sqrt__aS =   0.34351128178744839     
 mdl_G__exp__2 =    1.4828317414825511     
  Couplings of sm-lepton_masses
  ---------------------------------
  
         GC_3 =  -0.00000E+00  -0.30795E+00

 Collider parameters:
 --------------------

 Running at e e   machine @   7.00000000000000067E-002  GeV
 PDF set = none   
 alpha_s(Mz)= 0.1180 running at 2 loops.
 alpha_s(Mz)= 0.1180 running at 2 loops.
 Renormalization scale fixed @    91.188000000000002     
 Factorization scales  fixed @    91.188000000000002        91.188000000000002     


 getting user params
Enter number of events and max and min iterations: 
 Number of events and iterations         2000           9           3
Enter desired fractional accuracy: 
 Desired fractional accuracy:  -3.08659999999999989E-005
Enter 0 for fixed, 2 for adjustable grid: 
Suppress amplitude (0 no, 1 yes)? 
 Using suppressed amplitude.
Exact helicity sum (0 yes, n = number/event)? 
 Explicitly summing over helicities
Enter Configuration Number: 
Running Configuration Number:    1
 Not subdividing B.W.
 Attempting mappinvarients           1           4
 Completed mapping           4
 about to integrate            2        2000           9           3           2           1
 Using non-zero grid deformation.
  2 dimensions   2000 events  2 invarients  9 iterations  1 config(s),  (0.99)
 Using h-tuple random number sequence.
 Error opening grid
 Using Uniform Grid!
 Using uniform alpha   1.0000000000000000     
 Grid defined OK
 Set CM energy to          0.07
 Mapping Graph           1  to config           1
Setting grid   1    0.18367E-02   1
 Masses: 0.511E-03 0.511E-03 0.000E+00 0.000E+00
   1   1   2
 Got moffset           3
Using random seed offsets     1 :      1
  with seed                  138
 Ranmar initialization seeds       19620       18988
  Particle       3       4
      Et >     0.0     0.0
       E >     0.0     0.0
     Eta <    -1.0    -1.0
   xqcut:      0.0     0.0
d R # 3  >    -0.0     0.0
s min # 3>     0.0     0.0
xqcutij # 3>     0.0     0.0
 alpha_s for scale    91.188000000000002       is   0.11800000071525575     
 Added good helicity            1  3.21367675111617138E-002  in event            1
 Added good helicity            2  2.37135343228628731E-005  in event            1
 Added good helicity            3  2.37135343228628833E-005  in event            1
 Added good helicity            6  1.55355481743917078E-003  in event            1
 Added good helicity            7   7.9662622505114715       in event            1
 Added good helicity           10   7.9662622505114715       in event            1
 Added good helicity           11  1.55355481743917078E-003  in event            1
 Added good helicity           14  2.37135343228628833E-005  in event            1
 Added good helicity           15  2.37135343228628731E-005  in event            1
 Added good helicity           16  3.21367675111617138E-002  in event            1
 Iteration  1   Mean: 0.1521E+09 Abs mean: 0.1521E+09   Fluctuation:  0.169E+07   0.186E+09    91.0%
  1    0.1521E+09 0.1521E+09 +- 0.1693E+07      0.50
 Writing out events   9291.6476565533430       0.49779370804845841     
 Relative summed weights:
  0.4837E+00  0.0000E+00
  0.5163E+00  0.0000E+00
 Relative number of events:
  0.4895E+00  0.0000E+00
  0.5105E+00  0.0000E+00
 Events:
         979           0
        1021           0
 Iteration  2   Mean: 0.1503E+09 Abs mean: 0.1503E+09   Fluctuation:  0.496E+06   0.234E+09    99.6%
  2    0.1503E+09 0.1503E+09 +- 0.4956E+06      0.21
 Relative summed weights:
  0.5092E+00  0.0000E+00
  0.4908E+00  0.0000E+00
 Relative number of events:
  0.5078E+00  0.0000E+00
  0.4923E+00  0.0000E+00
 Events:
        2031           0
        1969           0
 Iteration  3   Mean: 0.1499E+09 Abs mean: 0.1499E+09   Fluctuation:  0.259E+06   0.196E+09    99.7%
  3    0.1499E+09 0.1499E+09 +- 0.2594E+06      0.15
 Relative summed weights:
  0.4984E+00  0.0000E+00
  0.5016E+00  0.0000E+00
 Relative number of events:
  0.4980E+00  0.0000E+00
  0.5020E+00  0.0000E+00
 Events:
        3984           0
        4016           0
 Found          799  events.
 Wrote          794  events.
 Actual xsec    150055813.24887347     
 Correct abs xsec    150055813.24887347     
 Event xsec    150055813.24887282     
 Events wgts > 1:            0
 % Cross section > 1:    0.0000000000000000        0.0000000000000000     
 Checking number of events   4631.6227317397288              794  chi2:   0.97432724961215456     
 Found          799  events.
 Wrote          794  events.
 Actual xsec    150055813.24887347     
 Correct abs xsec    150055813.24887347     
 Event xsec    150055813.24887282     
 Events wgts > 1:            0
 % Cross section > 1:    0.0000000000000000        0.0000000000000000     
 Iteration  4   Mean: 0.1500E+09 Abs mean: 0.1500E+09   Fluctuation:  0.147E+06   0.183E+09    99.8%
  4    0.1500E+09 0.1500E+09 +- 0.1467E+06      0.12
 Relative summed weights:
  0.5006E+00  0.0000E+00
  0.4994E+00  0.0000E+00
 Relative number of events:
  0.5009E+00  0.0000E+00
  0.4991E+00  0.0000E+00
 Events:
        8015           0
        7985           0
 Found         1586  events.
 Wrote         1581  events.
 Actual xsec    150000507.20708171     
 Correct abs xsec    150000507.20708171     
 Event xsec    150000507.20708334     
 Events wgts > 1:            0
 % Cross section > 1:    0.0000000000000000        0.0000000000000000     
 Checking number of events   4629.9156554537840             1581  chi2:   0.22414713721411464     
 Found         1586  events.
 Wrote         1581  events.
 Actual xsec    150000507.20708171     
 Correct abs xsec    150000507.20708171     
 Event xsec    150000507.20708334     
 Events wgts > 1:            0
 % Cross section > 1:    0.0000000000000000        0.0000000000000000     
Warning xbin not returning correct x   1  0.998352E+00  0.100000E+01  0.8130E-04
 Iteration  5   Mean: 0.1499E+09 Abs mean: 0.1499E+09   Fluctuation:  0.889E+05   0.186E+09    99.8%
  5    0.1499E+09 0.1499E+09 +- 0.8890E+05      0.11
 Relative summed weights:
  0.5025E+00  0.0000E+00
  0.4975E+00  0.0000E+00
 Relative number of events:
  0.5024E+00  0.0000E+00
  0.4976E+00  0.0000E+00
 Events:
       16076           0
       15924           0
 Found         3219  events.
 Wrote         3214  events.
 Actual xsec    149934262.38362062     
 Correct abs xsec    149934262.38362062     
 Event xsec    149934262.38361987     
 Events wgts > 1:            0
 % Cross section > 1:    0.0000000000000000        0.0000000000000000     
 Checking number of events   4627.8709427328340             3214  chi2:   0.11369344304575092     
 Found         3219  events.
 Wrote         3214  events.
 Actual xsec    149934262.38362062     
 Correct abs xsec    149934262.38362062     
 Event xsec    149934262.38361987     
 Events wgts > 1:            0
 % Cross section > 1:    0.0000000000000000        0.0000000000000000     
Warning xbin not returning correct x   1  0.998506E+00  0.100000E+01  0.8531E-04
 Iteration  6   Mean: 0.1500E+09 Abs mean: 0.1500E+09   Fluctuation:  0.576E+05   0.236E+09    99.8%
  6    0.1500E+09 0.1500E+09 +- 0.5756E+05      0.10
 Relative summed weights:
  0.4978E+00  0.0000E+00
  0.5022E+00  0.0000E+00
 Relative number of events:
  0.4976E+00  0.0000E+00
  0.5024E+00  0.0000E+00
 Events:
       31846           0
       32154           0
 Found         6357  events.
 Wrote         6352  events.
 Actual xsec    149957569.84147945     
 Correct abs xsec    149957569.84147945     
 Event xsec    149957569.84146306     
 Events wgts > 1:            0
 % Cross section > 1:    0.0000000000000000        0.0000000000000000     
 Checking number of events   4628.5903507271041             6352  chi2:   0.18889285782294377     

 -------------------------------------------------------------------------------
 Accumulated results:   Integral =  0.1500E+09
                        Std dev  =  0.4499E+05
                       Cross sec =  0.5098E+00
             Chi**2 per DoF.     =
-------------------------------------------------
---------------------------
 Results Last   3 iters: Integral =   0.1500E+09
                     Abs integral =   0.1500E+09
                          Std dev =   0.4589E+05
                  Chi**2 per DoF. =      0.1889
-------------------------------------------------
---------------------------
 Status -3.08659999999999989E-005           7           9
 We found enough events        6352   4628.5903507271041     

ls status:
2gamma10k_ftn26.gz
2gamma10k_log.txt
2gamma10k_results.dat
events.lhe
ftn25
ftn26
input_sg.txt
moffset.dat
results.dat
run_01_ftn26.gz
run_01_log.txt
run_01_results.dat
run_02_ftn26.gz
run_02_log.txt
run_02_results.dat
run_03_ftn26.gz
run_03_log.txt
run_03_results.dat
run_04_ftn26.gz
run_04_log.txt
run_04_results.dat
run_05_ftn26.gz
run_05_log.txt
run_05_results.dat
run_06_ftn26.gz
run_06_log.txt
run_06_results.dat
run_07_ftn26.gz
run_07_log.txt
run_07_results.dat
run_08_ftn26.gz
run_08_log.txt
run_08_results.dat
run_09_ftn26.gz
run_09_log.txt
run_09_results.dat
run1_app.log
