 Process in group number            0
 No PDF is used, alpha_s(MZ) from param_card is used
 Value of alpha_s from param_card:   0.11800000071525575     
 The default order of alpha_s running is fixed to            2
 *****************************************************
 *               MadGraph/MadEvent                   *
 *        --------------------------------           *
 *          http://madgraph.hep.uiuc.edu             *
 *          http://madgraph.phys.ucl.ac.be           *
 *          http://madgraph.roma2.infn.it            *
 *        --------------------------------           *
 *                                                   *
 *          PARAMETER AND COUPLING VALUES            *
 *                                                   *
 *****************************************************

  External Params
  ---------------------------------
  
 aEWM1 =    132.50700378417969     
 mdl_Gf =   1.16639000000000003E-005
 aS =   0.11800000071525575     
 mdl_ymb =    4.6999998092651367     
 mdl_ymt =    173.00000000000000     
 mdl_yme =   5.10999991092830896E-004
 mdl_ymm =   0.10565999895334244     
 mdl_ymtau =    1.7769999504089355     
 mdl_MZ =    91.188003540039063     
 mdl_MT =    173.00000000000000     
 mdl_MB =    4.6999998092651367     
 mdl_MH =    125.00000000000000     
 mdl_Me =   5.10999991092830896E-004
 mdl_MM =   0.10565999895334244     
 mdl_MTA =    1.7769999504089355     
 mdl_WZ =    2.4414041042327881     
 mdl_WW =    2.0476000308990479     
 mdl_WT =    1.4915000200271606     
 mdl_WH =   6.38233916833996773E-003
 mdl_WTau =   2.26999999999999982E-012
  Internal Params
  ---------------------------------
  
 mdl_conjg__CKM3x3 =    1.0000000000000000     
 mdl_CKM3x3 =    1.0000000000000000     
 mdl_conjg__CKM1x1 =    1.0000000000000000     
 mdl_complexi =  (  0.0000000000000000     ,  1.0000000000000000     )
 mdl_MZ__exp__2 =    8315.2519896181766     
 mdl_MZ__exp__4 =    69143415.650849044     
 mdl_sqrt__2 =    1.4142135623730951     
 mdl_MH__exp__2 =    15625.000000000000     
 mdl_aEW =   7.54677089845565054E-003
 mdl_MW =    80.419007276179556     
 mdl_sqrt__aEW =   8.68721526063194194E-002
 mdl_ee =   0.30795376284704501     
 mdl_MW__exp__2 =    6467.2167312862202     
 mdl_sw2 =   0.22224645274001076     
 mdl_cw =   0.88190336616887299     
 mdl_sqrt__sw2 =   0.47143022043565552     
 mdl_sw =   0.47143022043565552     
 mdl_g1 =   0.34919218438279087     
 mdl_gw =   0.65323296958447097     
 mdl_vev =    246.21845810181631     
 mdl_vev__exp__2 =    60623.529110035874     
 mdl_lam =   0.12886910601690271     
 mdl_yb =   2.69955531549349904E-002
 mdl_ye =   2.93504850670934038E-006
 mdl_ym =   6.06883028478528356E-004
 mdl_yt =   0.99366614581500645     
 mdl_ytau =   1.02066167158167895E-002
 mdl_muH =    88.388347648318444     
 mdl_I1x33 =  ( 2.69955531549349904E-002,  0.0000000000000000     )
 mdl_I2x33 =  ( 0.99366614581500645     ,  0.0000000000000000     )
 mdl_I3x33 =  ( 0.99366614581500645     ,  0.0000000000000000     )
 mdl_I4x33 =  ( 2.69955531549349904E-002,  0.0000000000000000     )
 mdl_ee__exp__2 =   9.48355200516540348E-002
 mdl_sw__exp__2 =   0.22224645274001076     
 mdl_cw__exp__2 =   0.77775354725998924     
  Internal Params evaluated point by point
  ----------------------------------------
  
 mdl_sqrt__aS =   0.34351128178744839     
 mdl_G__exp__2 =    1.4828317414825511     
  Couplings of sm-lepton_masses
  ---------------------------------
  
         GC_3 =  -0.00000E+00  -0.30795E+00
        GC_50 =  -0.00000E+00  -0.28804E+00
        GC_59 =   0.00000E+00   0.82310E-01
        GC_89 =  -0.00000E+00  -0.20754E-05

 Collider parameters:
 --------------------

 Running at e e   machine @   7.00000000000000067E-002  GeV
 PDF set = none   
 alpha_s(Mz)= 0.1180 running at 2 loops.
 alpha_s(Mz)= 0.1180 running at 2 loops.
 Renormalization scale fixed @    91.188000000000002     
 Factorization scales  fixed @    91.188000000000002        91.188000000000002     


 getting user params
Enter number of events and max and min iterations: 
 Number of events and iterations         2000           9           3
Enter desired fractional accuracy: 
 Desired fractional accuracy:  -5.51800000000000036E-006
Enter 0 for fixed, 2 for adjustable grid: 
Suppress amplitude (0 no, 1 yes)? 
 Using suppressed amplitude.
Exact helicity sum (0 yes, n = number/event)? 
 Explicitly summing over helicities
Enter Configuration Number: 
Running Configuration Number:   13
 Not subdividing B.W.
 Attempting mappinvarients           1           5
 Completed mapping           5
 about to integrate            5        2000           9           3           5           1
 Using non-zero grid deformation.
  5 dimensions   2000 events  5 invarients  9 iterations  1 config(s),  (0.99)
 Using h-tuple random number sequence.
 Error opening grid
 Using Uniform Grid!
 Using uniform alpha   1.0000000000000000     
 Grid defined OK
 Set CM energy to          0.07
 Mapping Graph          13  to config          13
Setting grid   1    0.53290E-04   1
Setting grid   2    0.18367E-04   1
 Masses: 0.511E-03 0.511E-03 0.000E+00 0.511E-03 0.511E-03
  13   1   2   3   4   5
 Got moffset           1
Using random seed offsets    13 :      1
  with seed                  150
 Ranmar initialization seeds        4179       12687
  Particle       3       4       5
      Et >     0.0     0.0     0.0
       E >     0.0     0.0     0.0
     Eta <    -1.0    -1.0    -1.0
   xqcut:      0.0     0.0     0.0
d R # 3  >    -0.0     0.0     0.0
d R # 4  >    -0.0    -0.0     0.4
s min # 3>     0.0     0.0     0.0
s min # 4>     0.0     0.0     0.0
xqcutij # 3>     0.0     0.0     0.0
xqcutij # 4>     0.0     0.0     0.0
 alpha_s for scale    91.188000000000002       is   0.11800000071525575     
 Added good helicity            1   7.5290641365978921       in event            1
 Added good helicity            2  3.09918008653247223E-005  in event            1
 Added good helicity            3  6.24699999188346802E-002  in event            1
 Added good helicity            4  1.23780271380497144E-006  in event            1
 Added good helicity            5  2.33369328681724700E-003  in event            1
 Added good helicity            7  7.51950874692925521E-005  in event            1
 Added good helicity            9  1.35716129283772245E-004  in event            1
 Added good helicity           10  6.95722336651380239E-004  in event            1
 Added good helicity           11  6.10556201413176448E-003  in event            1
 Added good helicity           12  1.85203344441493253E-004  in event            1
 Added good helicity           13  0.21443298026017740       in event            1
 Added good helicity           14  1.99853717859977407E-004  in event            1
 Added good helicity           15   8.1842397926554167       in event            1
 Added good helicity           16  2.98002299642331039E-005  in event            1
 Added good helicity           17  2.98002333674154317E-005  in event            1
 Added good helicity           18   8.1842397759000765       in event            1
 Added good helicity           19  1.99853726766234730E-004  in event            1
 Added good helicity           20  0.21443298053383453       in event            1
 Added good helicity           21  1.85203352417910632E-004  in event            1
 Added good helicity           22  6.10556202795214335E-003  in event            1
 Added good helicity           23  6.95722293049402850E-004  in event            1
 Added good helicity           24  1.35716132600791133E-004  in event            1
 Added good helicity           26  7.51950861812734087E-005  in event            1
 Added good helicity           28  2.33369328971690581E-003  in event            1
 Added good helicity           29  1.23780275153027371E-006  in event            1
 Added good helicity           30  6.24700001874020430E-002  in event            1
 Added good helicity           31  3.09917989854106038E-005  in event            1
 Added good helicity           32   7.5290641240135567       in event            1
 Added good helicity            6  1.39450338410931711E-004  in event            2
 Added good helicity           27  1.39450338691638566E-004  in event            2
 Iteration  1   Mean: 0.6149E+09 Abs mean: 0.6149E+09   Fluctuation:  0.202E+09   0.322E+12    74.3%
  1    0.6149E+09 0.6149E+09 +- 0.2019E+09     14.68
 Writing out events   45982.893993489954        14.684355692885269     
 Relative summed weights:
  0.1000E+01  0.0000E+00
 Relative number of events:
  0.1000E+01  0.0000E+00
 Events:
        2000           0
 Iteration  2   Mean: 0.1106E+10 Abs mean: 0.1106E+10   Fluctuation:  0.246E+09   0.609E+12    86.4%
  2    0.1106E+10 0.1106E+10 +- 0.2461E+09     14.07
 Relative summed weights:
  0.1000E+01  0.0000E+00
 Relative number of events:
  0.1000E+01  0.0000E+00
 Events:
        4000           0
 Iteration  3   Mean: 0.1638E+10 Abs mean: 0.1638E+10   Fluctuation:  0.781E+08   0.326E+12    82.7%
  3    0.1638E+10 0.1638E+10 +- 0.7806E+08      4.26
 Relative summed weights:
  0.1000E+01  0.0000E+00
 Relative number of events:
  0.1000E+01  0.0000E+00
 Events:
        8000           0
 Found          971  events.
 Wrote           39  events.
 Actual xsec    1595014193.8671017     
 Correct abs xsec    1595014193.8671017     
 Event xsec    1595014193.8671038     
 Events wgts > 1:            0
 % Cross section > 1:    0.0000000000000000        0.0000000000000000     
 Checking number of events   8801.2883217586677               39  chi2:    13.905864848292882     
 Found          971  events.
 Wrote           39  events.
 Actual xsec    1595014193.8671017     
 Correct abs xsec    1595014193.8671017     
 Event xsec    1595014193.8671038     
 Events wgts > 1:            0
 % Cross section > 1:    0.0000000000000000        0.0000000000000000     
 Iteration  4   Mean: 0.1622E+10 Abs mean: 0.1622E+10   Fluctuation:  0.255E+08   0.754E+11    79.5%
  4    0.1622E+10 0.1622E+10 +- 0.2549E+08      1.99
 Relative summed weights:
  0.1000E+01  0.0000E+00
 Relative number of events:
  0.1000E+01  0.0000E+00
 Events:
       16000           0
 Found         1919  events.
 Wrote          855  events.
 Actual xsec    1621369756.1592557     
 Correct abs xsec    1621369756.1592557     
 Event xsec    1621369756.1592529     
 Events wgts > 1:           22
 % Cross section > 1:    15623603.441314569       0.96360520985195930     
 Checking number of events   8946.7183144867740              855  chi2:    2.2147471973770712     
 Found         1919  events.
 Wrote          878  events.
 Actual xsec    1621369756.1592557     
 Correct abs xsec    1621369756.1592557     
 Event xsec    1621369756.1592627     
 Events wgts > 1:           22
 % Cross section > 1:    15218170.539020039       0.93859963041799821     
 Iteration  5   Mean: 0.1638E+10 Abs mean: 0.1638E+10   Fluctuation:  0.117E+08   0.248E+11    79.3%
  5    0.1638E+10 0.1638E+10 +- 0.1166E+08      1.27
 Relative summed weights:
  0.1000E+01  0.0000E+00
 Relative number of events:
  0.1000E+01  0.0000E+00
 Events:
       32000           0
 Found         4079  events.
 Wrote         4074  events.
 Actual xsec    1635011936.7057483     
 Correct abs xsec    1635011936.7057483     
 Event xsec    1635011936.7058105     
 Events wgts > 1:           79
 % Cross section > 1:    6053344.0774645656       0.37023240880190283     
 Checking number of events   9021.9958667423198             4074  chi2:   0.15300789489568323     
 Found         4079  events.
 Wrote         4074  events.
 Actual xsec    1635011936.7057483     
 Correct abs xsec    1635011936.7057483     
 Event xsec    1635011936.7058105     
 Events wgts > 1:           79
 % Cross section > 1:    6053344.0774645656       0.37023240880190283     
 Iteration  6   Mean: 0.1652E+10 Abs mean: 0.1652E+10   Fluctuation:  0.684E+07   0.172E+11    78.4%
  6    0.1652E+10 0.1652E+10 +- 0.6838E+07      1.05
 Relative summed weights:
  0.1000E+01  0.0000E+00
 Relative number of events:
  0.1000E+01  0.0000E+00
 Events:
       64000           0
 Found         8149  events.
 Wrote         8144  events.
 Actual xsec    1647380729.3262548     
 Correct abs xsec    1647380729.3262548     
 Event xsec    1647380729.3260698     
 Events wgts > 1:           10
 % Cross section > 1:    331209.03870049689       2.01051907919301588E-002
 Checking number of events   9090.2468644222754             8144  chi2:    1.1162574961353662     
 Found         8149  events.
 Wrote         8144  events.
 Actual xsec    1647380729.3262548     
 Correct abs xsec    1647380729.3262548     
 Event xsec    1647380729.3260698     
 Events wgts > 1:           10
 % Cross section > 1:    331209.03870049689       2.01051907919301588E-002
 Iteration  7   Mean: 0.1652E+10 Abs mean: 0.1652E+10   Fluctuation:  0.440E+07   0.396E+11    78.3%
  7    0.1652E+10 0.1652E+10 +- 0.4396E+07      0.95
 Relative summed weights:
  0.1000E+01  0.0000E+00
 Relative number of events:
  0.1000E+01  0.0000E+00
 Events:
      128000           0
 Found        16325  events.
 Wrote        16320  events.
 Actual xsec    1650942239.9356558     
 Correct abs xsec    1650942239.9356558     
 Event xsec    1650942239.9360142     
 Events wgts > 1:           22
 % Cross section > 1:    1205503.3713918722       7.30191124941229897E-002
 Checking number of events   9109.8992799649495            16320  chi2:   0.71908299333062287     

 -------------------------------------------------------------------------------
 Accumulated results:   Integral =  0.1650E+10
                        Std dev  =  0.3488E+07
                       Cross sec =  0.1417E+01
             Chi**2 per DoF.     =
-------------------------------------------------
---------------------------
 Results Last   3 iters: Integral =   0.1651E+10
                     Abs integral =   0.1651E+10
                          Std dev =   0.3525E+07
                  Chi**2 per DoF. =      0.7191
-------------------------------------------------
---------------------------
 Status -5.51800000000000036E-006           8           9
 We found enough events       16320   9109.8992799649495     

ls status:
events.lhe
ftn25
ftn26
input_sg.txt
moffset.dat
results.dat
run_02_ftn26.gz
run_02_log.txt
run_02_results.dat
run_05_ftn26.gz
run_05_log.txt
run_05_results.dat
run_06_ftn26.gz
run_06_log.txt
run_06_results.dat
run_07_ftn26.gz
run_07_log.txt
run_07_results.dat
run1_app.log
