 Process in group number            0
 No PDF is used, alpha_s(MZ) from param_card is used
 Value of alpha_s from param_card:   0.11800000071525575     
 The default order of alpha_s running is fixed to            2
 *****************************************************
 *               MadGraph/MadEvent                   *
 *        --------------------------------           *
 *          http://madgraph.hep.uiuc.edu             *
 *          http://madgraph.phys.ucl.ac.be           *
 *          http://madgraph.roma2.infn.it            *
 *        --------------------------------           *
 *                                                   *
 *          PARAMETER AND COUPLING VALUES            *
 *                                                   *
 *****************************************************

  External Params
  ---------------------------------
  
 aEWM1 =    132.50700378417969     
 mdl_Gf =   1.16639000000000003E-005
 aS =   0.11800000071525575     
 mdl_ymb =    4.6999998092651367     
 mdl_ymt =    173.00000000000000     
 mdl_yme =   5.10999991092830896E-004
 mdl_ymm =   0.10565999895334244     
 mdl_ymtau =    1.7769999504089355     
 mdl_MZ =    91.188003540039063     
 mdl_MT =    173.00000000000000     
 mdl_MB =    4.6999998092651367     
 mdl_MH =    125.00000000000000     
 mdl_Me =   5.10999991092830896E-004
 mdl_MM =   0.10565999895334244     
 mdl_MTA =    1.7769999504089355     
 mdl_WZ =    2.4414041042327881     
 mdl_WW =    2.0476000308990479     
 mdl_WT =    1.4915000200271606     
 mdl_WH =   6.38233916833996773E-003
 mdl_WTau =   2.26999999999999982E-012
  Internal Params
  ---------------------------------
  
 mdl_conjg__CKM3x3 =    1.0000000000000000     
 mdl_CKM3x3 =    1.0000000000000000     
 mdl_conjg__CKM1x1 =    1.0000000000000000     
 mdl_complexi =  (  0.0000000000000000     ,  1.0000000000000000     )
 mdl_MZ__exp__2 =    8315.2519896181766     
 mdl_MZ__exp__4 =    69143415.650849044     
 mdl_sqrt__2 =    1.4142135623730951     
 mdl_MH__exp__2 =    15625.000000000000     
 mdl_aEW =   7.54677089845565054E-003
 mdl_MW =    80.419007276179556     
 mdl_sqrt__aEW =   8.68721526063194194E-002
 mdl_ee =   0.30795376284704501     
 mdl_MW__exp__2 =    6467.2167312862202     
 mdl_sw2 =   0.22224645274001076     
 mdl_cw =   0.88190336616887299     
 mdl_sqrt__sw2 =   0.47143022043565552     
 mdl_sw =   0.47143022043565552     
 mdl_g1 =   0.34919218438279087     
 mdl_gw =   0.65323296958447097     
 mdl_vev =    246.21845810181631     
 mdl_vev__exp__2 =    60623.529110035874     
 mdl_lam =   0.12886910601690271     
 mdl_yb =   2.69955531549349904E-002
 mdl_ye =   2.93504850670934038E-006
 mdl_ym =   6.06883028478528356E-004
 mdl_yt =   0.99366614581500645     
 mdl_ytau =   1.02066167158167895E-002
 mdl_muH =    88.388347648318444     
 mdl_I1x33 =  ( 2.69955531549349904E-002,  0.0000000000000000     )
 mdl_I2x33 =  ( 0.99366614581500645     ,  0.0000000000000000     )
 mdl_I3x33 =  ( 0.99366614581500645     ,  0.0000000000000000     )
 mdl_I4x33 =  ( 2.69955531549349904E-002,  0.0000000000000000     )
 mdl_ee__exp__2 =   9.48355200516540348E-002
 mdl_sw__exp__2 =   0.22224645274001076     
 mdl_cw__exp__2 =   0.77775354725998924     
  Internal Params evaluated point by point
  ----------------------------------------
  
 mdl_sqrt__aS =   0.34351128178744839     
 mdl_G__exp__2 =    1.4828317414825511     
  Couplings of sm-lepton_masses
  ---------------------------------
  
         GC_3 =  -0.00000E+00  -0.30795E+00
        GC_50 =  -0.00000E+00  -0.28804E+00
        GC_59 =   0.00000E+00   0.82310E-01
        GC_89 =  -0.00000E+00  -0.20754E-05

 Collider parameters:
 --------------------

 Running at e e   machine @   7.00000000000000067E-002  GeV
 PDF set = none   
 alpha_s(Mz)= 0.1180 running at 2 loops.
 alpha_s(Mz)= 0.1180 running at 2 loops.
 Renormalization scale fixed @    91.188000000000002     
 Factorization scales  fixed @    91.188000000000002        91.188000000000002     


 getting user params
Enter number of events and max and min iterations: 
 Number of events and iterations         2000           9           3
Enter desired fractional accuracy: 
 Desired fractional accuracy:  -5.51800000000000036E-006
Enter 0 for fixed, 2 for adjustable grid: 
Suppress amplitude (0 no, 1 yes)? 
 Using suppressed amplitude.
Exact helicity sum (0 yes, n = number/event)? 
 Explicitly summing over helicities
Enter Configuration Number: 
Running Configuration Number:   22
 Not subdividing B.W.
 Attempting mappinvarients           1           5
 Completed mapping           5
 about to integrate            5        2000           9           3           5           1
 Using non-zero grid deformation.
  5 dimensions   2000 events  5 invarients  9 iterations  1 config(s),  (0.99)
 Using h-tuple random number sequence.
 Error opening grid
 Using Uniform Grid!
 Using uniform alpha   1.0000000000000000     
 Grid defined OK
 Set CM energy to          0.07
 Mapping Graph          22  to config          22
Setting grid   1    0.53290E-04   1
Setting grid   2    0.53290E-04   1
 Masses: 0.511E-03 0.511E-03 0.000E+00 0.511E-03 0.511E-03
  22   1   2   3   4   5
 Got moffset          24
Using random seed offsets    22 :      1
  with seed                  150
 Ranmar initialization seeds        4188       25136
  Particle       3       4       5
      Et >     0.0     0.0     0.0
       E >     0.0     0.0     0.0
     Eta <    -1.0    -1.0    -1.0
   xqcut:      0.0     0.0     0.0
d R # 3  >    -0.0     0.0     0.0
d R # 4  >    -0.0    -0.0     0.4
s min # 3>     0.0     0.0     0.0
s min # 4>     0.0     0.0     0.0
xqcutij # 3>     0.0     0.0     0.0
xqcutij # 4>     0.0     0.0     0.0
 alpha_s for scale    91.188000000000002       is   0.11800000071525575     
 Added good helicity            1   8.5574113449403644       in event            1
 Added good helicity            3  4.85921756888243843E-003  in event            1
 Added good helicity            5   5.6588091786979247       in event            1
 Added good helicity           10  0.50424068723447468       in event            1
 Added good helicity           11  0.36550233697156764       in event            1
 Added good helicity           12  2.67739745247007246E-004  in event            1
 Added good helicity           13  3.48577106215708138E-004  in event            1
 Added good helicity           14  0.34361545919117231       in event            1
 Added good helicity           15  0.56494473326607830       in event            1
 Added good helicity           18  0.56494473362545461       in event            1
 Added good helicity           19  0.34361559340580333       in event            1
 Added good helicity           20  3.48577114990622852E-004  in event            1
 Added good helicity           21  2.67739862703976798E-004  in event            1
 Added good helicity           22  0.36550233673172661       in event            1
 Added good helicity           23  0.50424088405971756       in event            1
 Added good helicity           28   5.6588091777129863       in event            1
 Added good helicity           30  4.85921754042695827E-003  in event            1
 Added good helicity           32   8.5574113464787640       in event            1
 Added good helicity            2  2.92525206494679007E-006  in event            2
 Added good helicity            9  3.24071265621379949E-006  in event            2
 Added good helicity           24  3.24071266554764051E-006  in event            2
 Added good helicity           31  2.92525208692899844E-006  in event            2
 Added good helicity            7  2.06396914103688218E-005  in event            3
 Added good helicity           16  2.29981051218695144E-005  in event            3
 Added good helicity           17  2.29981051614935734E-005  in event            3
 Added good helicity           26  2.06396914147180751E-005  in event            3
 Added good helicity            6  1.63666237786836159E-006  in event            7
 Added good helicity           27  1.63666239325436695E-006  in event            7
 Added good helicity            4  5.06277866881259936E-005  in event            8
 Added good helicity           29  5.06277864333493454E-005  in event            8
 Iteration  1   Mean: 0.2431E+10 Abs mean: 0.2431E+10   Fluctuation:  0.169E+09   0.115E+12    84.0%
  1    0.2431E+10 0.2431E+10 +- 0.1691E+09      3.11
 Writing out events   160709.08876604715        3.1113036098908902     
 Relative summed weights:
  0.1000E+01  0.0000E+00
 Relative number of events:
  0.1000E+01  0.0000E+00
 Events:
        2000           0
 Iteration  2   Mean: 0.2298E+10 Abs mean: 0.2298E+10   Fluctuation:  0.645E+08   0.484E+11    85.3%
  2    0.2298E+10 0.2298E+10 +- 0.6447E+08      1.77
 Relative summed weights:
  0.1000E+01  0.0000E+00
 Relative number of events:
  0.1000E+01  0.0000E+00
 Events:
        4000           0
 Iteration  3   Mean: 0.2460E+10 Abs mean: 0.2460E+10   Fluctuation:  0.371E+08   0.310E+11    81.9%
  3    0.2460E+10 0.2460E+10 +- 0.3711E+08      1.35
 Relative summed weights:
  0.1000E+01  0.0000E+00
 Relative number of events:
  0.1000E+01  0.0000E+00
 Events:
        8000           0
 Found         1100  events.
 Wrote         1095  events.
 Actual xsec    2424343320.7031126     
 Correct abs xsec    2424343320.7031126     
 Event xsec    2424343320.7030559     
 Events wgts > 1:           19
 % Cross section > 1:    5728168.6101024952       0.23627712136255252     
 Checking number of events   13377.526443639776             1095  chi2:    2.3810742015660140     
 Found         1100  events.
 Wrote         1095  events.
 Actual xsec    2424343320.7031126     
 Correct abs xsec    2424343320.7031126     
 Event xsec    2424343320.7030559     
 Events wgts > 1:           19
 % Cross section > 1:    5728168.6101024952       0.23627712136255252     
 Iteration  4   Mean: 0.2458E+10 Abs mean: 0.2458E+10   Fluctuation:  0.232E+08   0.564E+11    77.3%
  4    0.2458E+10 0.2458E+10 +- 0.2323E+08      1.20
 Relative summed weights:
  0.1000E+01  0.0000E+00
 Relative number of events:
  0.1000E+01  0.0000E+00
 Events:
       16000           0
 Found         2045  events.
 Wrote         2041  events.
 Actual xsec    2446654014.1845207     
 Correct abs xsec    2446654014.1845207     
 Event xsec    2446654014.1845832     
 Events wgts > 1:            5
 % Cross section > 1:    3042504.6529350057       0.12435369428190307     
 Checking number of events   13500.636850270186             2041  chi2:    2.8327716441773187     
 Found         2045  events.
 Wrote         2041  events.
 Actual xsec    2446654014.1845207     
 Correct abs xsec    2446654014.1845207     
 Event xsec    2446654014.1845832     
 Events wgts > 1:            5
 % Cross section > 1:    3042504.6529350057       0.12435369428190307     
 Iteration  5   Mean: 0.2429E+10 Abs mean: 0.2429E+10   Fluctuation:  0.151E+08   0.433E+11    74.1%
  5    0.2429E+10 0.2429E+10 +- 0.1513E+08      1.11
 Relative summed weights:
  0.1000E+01  0.0000E+00
 Relative number of events:
  0.1000E+01  0.0000E+00
 Events:
       32000           0
 Found         4258  events.
 Wrote         4253  events.
 Actual xsec    2440436787.6453185     
 Correct abs xsec    2440436787.6453185     
 Event xsec    2440436787.6455474     
 Events wgts > 1:           10
 % Cross section > 1:    2345695.2936660694       9.61178468354887683E-002
 Checking number of events   13466.330194226868             4253  chi2:   0.70092793294278555     
 Found         4258  events.
 Wrote         4253  events.
 Actual xsec    2440436787.6453185     
 Correct abs xsec    2440436787.6453185     
 Event xsec    2440436787.6455474     
 Events wgts > 1:           10
 % Cross section > 1:    2345695.2936660694       9.61178468354887683E-002
 Iteration  6   Mean: 0.2407E+10 Abs mean: 0.2407E+10   Fluctuation:  0.104E+08   0.556E+11    71.6%
  6    0.2407E+10 0.2407E+10 +- 0.1044E+08      1.10
 Relative summed weights:
  0.1000E+01  0.0000E+00
 Relative number of events:
  0.1000E+01  0.0000E+00
 Events:
       64000           0
 Found         8816  events.
 Wrote         8812  events.
 Actual xsec    2419786000.6706057     
 Correct abs xsec    2419786000.6706057     
 Event xsec    2419786000.6706915     
 Events wgts > 1:           34
 % Cross section > 1:    4282084.8409023965       0.17696130317786499     
 Checking number of events   13352.379151700403             8812  chi2:    2.2980379354356839     
 Found         8816  events.
 Wrote         8812  events.
 Actual xsec    2419786000.6706057     
 Correct abs xsec    2419786000.6706057     
 Event xsec    2419786000.6706915     
 Events wgts > 1:           34
 % Cross section > 1:    4282084.8409023965       0.17696130317786499     
 Iteration  7   Mean: 0.2416E+10 Abs mean: 0.2416E+10   Fluctuation:  0.737E+07   0.691E+11    69.5%
  7    0.2416E+10 0.2416E+10 +- 0.7370E+07      1.09
 Relative summed weights:
  0.1000E+01  0.0000E+00
 Relative number of events:
  0.1000E+01  0.0000E+00
 Events:
      128000           0
 Found        18491  events.
 Wrote        18486  events.
 Actual xsec    2415284025.1538663     
 Correct abs xsec    2415284025.1538663     
 Event xsec    2415284025.1535740     
 Events wgts > 1:          100
 % Cross section > 1:    5518809.5958433105       0.22849526342941803     
 Checking number of events   13327.537250799036            18486  chi2:   0.74541021077356728     

 -------------------------------------------------------------------------------
 Accumulated results:   Integral =  0.2418E+10
                        Std dev  =  0.5360E+07
                       Cross sec =  0.1545E+01
             Chi**2 per DoF.     =
-------------------------------------------------
---------------------------
 Results Last   3 iters: Integral =   0.2415E+10
                     Abs integral =   0.2415E+10
                          Std dev =   0.5594E+07
                  Chi**2 per DoF. =      0.7454
-------------------------------------------------
---------------------------
 Status -5.51800000000000036E-006           8           9
 We found enough events       18486   13327.537250799036     

ls status:
events.lhe
ftn25
ftn26
input_sg.txt
moffset.dat
results.dat
run_01_ftn26.gz
run_01_log.txt
run_01_results.dat
run_04_ftn26.gz
run_04_log.txt
run_04_results.dat
run_07_ftn26.gz
run_07_log.txt
run_07_results.dat
run1_app.log
