 Process in group number            0
 No PDF is used, alpha_s(MZ) from param_card is used
 Value of alpha_s from param_card:   0.11800000071525575     
 The default order of alpha_s running is fixed to            2
 *****************************************************
 *               MadGraph/MadEvent                   *
 *        --------------------------------           *
 *          http://madgraph.hep.uiuc.edu             *
 *          http://madgraph.phys.ucl.ac.be           *
 *          http://madgraph.roma2.infn.it            *
 *        --------------------------------           *
 *                                                   *
 *          PARAMETER AND COUPLING VALUES            *
 *                                                   *
 *****************************************************

  External Params
  ---------------------------------
  
 aEWM1 =    132.50700378417969     
 mdl_Gf =   1.16639000000000003E-005
 aS =   0.11800000071525575     
 mdl_ymb =    4.6999998092651367     
 mdl_ymt =    173.00000000000000     
 mdl_yme =   5.10999991092830896E-004
 mdl_ymm =   0.10565999895334244     
 mdl_ymtau =    1.7769999504089355     
 mdl_MZ =    91.188003540039063     
 mdl_MT =    173.00000000000000     
 mdl_MB =    4.6999998092651367     
 mdl_MH =    125.00000000000000     
 mdl_Me =   5.10999991092830896E-004
 mdl_MM =   0.10565999895334244     
 mdl_MTA =    1.7769999504089355     
 mdl_WZ =    2.4414041042327881     
 mdl_WW =    2.0476000308990479     
 mdl_WT =    1.4915000200271606     
 mdl_WH =   6.38233916833996773E-003
 mdl_WTau =   2.26999999999999982E-012
  Internal Params
  ---------------------------------
  
 mdl_conjg__CKM3x3 =    1.0000000000000000     
 mdl_CKM3x3 =    1.0000000000000000     
 mdl_conjg__CKM1x1 =    1.0000000000000000     
 mdl_complexi =  (  0.0000000000000000     ,  1.0000000000000000     )
 mdl_MZ__exp__2 =    8315.2519896181766     
 mdl_MZ__exp__4 =    69143415.650849044     
 mdl_sqrt__2 =    1.4142135623730951     
 mdl_MH__exp__2 =    15625.000000000000     
 mdl_aEW =   7.54677089845565054E-003
 mdl_MW =    80.419007276179556     
 mdl_sqrt__aEW =   8.68721526063194194E-002
 mdl_ee =   0.30795376284704501     
 mdl_MW__exp__2 =    6467.2167312862202     
 mdl_sw2 =   0.22224645274001076     
 mdl_cw =   0.88190336616887299     
 mdl_sqrt__sw2 =   0.47143022043565552     
 mdl_sw =   0.47143022043565552     
 mdl_g1 =   0.34919218438279087     
 mdl_gw =   0.65323296958447097     
 mdl_vev =    246.21845810181631     
 mdl_vev__exp__2 =    60623.529110035874     
 mdl_lam =   0.12886910601690271     
 mdl_yb =   2.69955531549349904E-002
 mdl_ye =   2.93504850670934038E-006
 mdl_ym =   6.06883028478528356E-004
 mdl_yt =   0.99366614581500645     
 mdl_ytau =   1.02066167158167895E-002
 mdl_muH =    88.388347648318444     
 mdl_I1x33 =  ( 2.69955531549349904E-002,  0.0000000000000000     )
 mdl_I2x33 =  ( 0.99366614581500645     ,  0.0000000000000000     )
 mdl_I3x33 =  ( 0.99366614581500645     ,  0.0000000000000000     )
 mdl_I4x33 =  ( 2.69955531549349904E-002,  0.0000000000000000     )
 mdl_ee__exp__2 =   9.48355200516540348E-002
 mdl_sw__exp__2 =   0.22224645274001076     
 mdl_cw__exp__2 =   0.77775354725998924     
  Internal Params evaluated point by point
  ----------------------------------------
  
 mdl_sqrt__aS =   0.34351128178744839     
 mdl_G__exp__2 =    1.4828317414825511     
  Couplings of sm-lepton_masses
  ---------------------------------
  
         GC_3 =  -0.00000E+00  -0.30795E+00
        GC_50 =  -0.00000E+00  -0.28804E+00
        GC_59 =   0.00000E+00   0.82310E-01
        GC_89 =  -0.00000E+00  -0.20754E-05

 Collider parameters:
 --------------------

 Running at e e   machine @   7.00000000000000067E-002  GeV
 PDF set = none   
 alpha_s(Mz)= 0.1180 running at 2 loops.
 alpha_s(Mz)= 0.1180 running at 2 loops.
 Renormalization scale fixed @    91.188000000000002     
 Factorization scales  fixed @    91.188000000000002        91.188000000000002     


 getting user params
Enter number of events and max and min iterations: 
 Number of events and iterations         2000           9           3
Enter desired fractional accuracy: 
 Desired fractional accuracy:  -5.51800000000000036E-006
Enter 0 for fixed, 2 for adjustable grid: 
Suppress amplitude (0 no, 1 yes)? 
 Using suppressed amplitude.
Exact helicity sum (0 yes, n = number/event)? 
 Explicitly summing over helicities
Enter Configuration Number: 
Running Configuration Number:    7
 Not subdividing B.W.
 Attempting mappinvarients           1           5
 Completed mapping           5
 about to integrate            5        2000           9           3           5           1
 Using non-zero grid deformation.
  5 dimensions   2000 events  5 invarients  9 iterations  1 config(s),  (0.99)
 Using h-tuple random number sequence.
 Error opening grid
 Using Uniform Grid!
 Using uniform alpha   1.0000000000000000     
 Grid defined OK
 Set CM energy to          0.07
 Mapping Graph           7  to config           7
Setting grid   1    0.18367E-04   1
Setting grid   2    0.53290E-04   1
 Masses: 0.511E-03 0.511E-03 0.000E+00 0.511E-03 0.511E-03
   7   1   2   3   4   5
 Got moffset          17
Using random seed offsets     7 :      1
  with seed                  150
 Ranmar initialization seeds        4173        3037
  Particle       3       4       5
      Et >     0.0     0.0     0.0
       E >     0.0     0.0     0.0
     Eta <    -1.0    -1.0    -1.0
   xqcut:      0.0     0.0     0.0
d R # 3  >    -0.0     0.0     0.0
d R # 4  >    -0.0    -0.0     0.4
s min # 3>     0.0     0.0     0.0
s min # 4>     0.0     0.0     0.0
xqcutij # 3>     0.0     0.0     0.0
xqcutij # 4>     0.0     0.0     0.0
 alpha_s for scale    91.188000000000002       is   0.11800000071525575     
 Added good helicity            1   6.4366643068551026       in event            1
 Added good helicity            2  2.71729289050113439E-006  in event            1
 Added good helicity            3  0.25440985038544101       in event            1
 Added good helicity            5   1.5157694146589364       in event            1
 Added good helicity            7  8.95031997470747868E-006  in event            1
 Added good helicity            9  2.41130471508535885E-006  in event            1
 Added good helicity           10   6.0934748532547811       in event            1
 Added good helicity           12  0.27210163673240406       in event            1
 Added good helicity           14   1.4275558490343907       in event            1
 Added good helicity           16  8.68663863590317984E-006  in event            1
 Added good helicity           17  8.68663866159468524E-006  in event            1
 Added good helicity           19   1.4275558532274526       in event            1
 Added good helicity           21  0.27210163670246468       in event            1
 Added good helicity           23   6.0934748711565589       in event            1
 Added good helicity           24  2.41130472214526708E-006  in event            1
 Added good helicity           26  8.95031996080720045E-006  in event            1
 Added good helicity           28   1.5157694146589502       in event            1
 Added good helicity           30  0.25440984960471846       in event            1
 Added good helicity           31  2.71729290423076555E-006  in event            1
 Added good helicity           32   6.4366643068639737       in event            1
 Added good helicity           11  5.49516237703867507E-003  in event            3
 Added good helicity           15  2.78258835411934947E-005  in event            3
 Added good helicity           18  2.78258835278083616E-005  in event            3
 Added good helicity           22  5.49516237818509484E-003  in event            3
 Added good helicity           13  4.20809167302724838E-006  in event            4
 Added good helicity           20  4.20809169328068622E-006  in event            4
 Added good helicity            6  2.78405533643991309E-005  in event            5
 Added good helicity           27  2.78405529964365939E-005  in event            5
 Added good helicity            4  1.65291127649089045E-006  in event           19
 Added good helicity           29  1.65291119736726432E-006  in event           19
 Iteration  1   Mean: 0.1872E+10 Abs mean: 0.1872E+10   Fluctuation:  0.117E+09   0.731E+11    75.0%
  1    0.1872E+10 0.1872E+10 +- 0.1167E+09      2.79
 Writing out events   138677.02693556013        2.7871562000686314     
 Relative summed weights:
  0.1000E+01  0.0000E+00
 Relative number of events:
  0.1000E+01  0.0000E+00
 Events:
        2000           0
 Iteration  2   Mean: 0.1719E+10 Abs mean: 0.1719E+10   Fluctuation:  0.384E+08   0.232E+11    85.1%
  2    0.1719E+10 0.1719E+10 +- 0.3837E+08      1.41
 Relative summed weights:
  0.1000E+01  0.0000E+00
 Relative number of events:
  0.1000E+01  0.0000E+00
 Events:
        4000           0
 Iteration  3   Mean: 0.1710E+10 Abs mean: 0.1710E+10   Fluctuation:  0.211E+08   0.164E+11    81.1%
  3    0.1710E+10 0.1710E+10 +- 0.2112E+08      1.10
 Relative summed weights:
  0.1000E+01  0.0000E+00
 Relative number of events:
  0.1000E+01  0.0000E+00
 Events:
        8000           0
 Found          955  events.
 Wrote          950  events.
 Actual xsec    1717171281.5324020     
 Correct abs xsec    1717171281.5324020     
 Event xsec    1717171281.5323794     
 Events wgts > 1:            4
 % Cross section > 1:    611527.12286590505       3.56124708957505295E-002
 Checking number of events   9475.3511314957959              950  chi2:   0.93112424209970124     
 Found          955  events.
 Wrote          950  events.
 Actual xsec    1717171281.5324020     
 Correct abs xsec    1717171281.5324020     
 Event xsec    1717171281.5323794     
 Events wgts > 1:            4
 % Cross section > 1:    611527.12286590505       3.56124708957505295E-002
 Iteration  4   Mean: 0.1749E+10 Abs mean: 0.1749E+10   Fluctuation:  0.133E+08   0.140E+11    78.5%
  4    0.1749E+10 0.1749E+10 +- 0.1326E+08      0.96
 Relative summed weights:
  0.1000E+01  0.0000E+00
 Relative number of events:
  0.1000E+01  0.0000E+00
 Events:
       16000           0
 Found         2101  events.
 Wrote         2097  events.
 Actual xsec    1736974104.3176551     
 Correct abs xsec    1736974104.3176551     
 Event xsec    1736974104.3176632     
 Events wgts > 1:            1
 % Cross section > 1:    33028.385981295025       1.90148983218547127E-003
 Checking number of events   9584.6231076248223             2097  chi2:    1.3062753648745964     
 Found         2101  events.
 Wrote         2097  events.
 Actual xsec    1736974104.3176551     
 Correct abs xsec    1736974104.3176551     
 Event xsec    1736974104.3176632     
 Events wgts > 1:            1
 % Cross section > 1:    33028.385981295025       1.90148983218547127E-003
 Iteration  5   Mean: 0.1740E+10 Abs mean: 0.1740E+10   Fluctuation:  0.880E+07   0.179E+11    76.6%
  5    0.1740E+10 0.1740E+10 +- 0.8802E+07      0.90
 Relative summed weights:
  0.1000E+01  0.0000E+00
 Relative number of events:
  0.1000E+01  0.0000E+00
 Events:
       32000           0
 Found         4210  events.
 Wrote         4206  events.
 Actual xsec    1739494053.2804072     
 Correct abs xsec    1739494053.2804072     
 Event xsec    1739494053.2804751     
 Events wgts > 1:            1
 % Cross section > 1:    137436.05297497555       7.90092111644692327E-003
 Checking number of events   9598.5281860012874             4206  chi2:    1.2036737995328277     
 Found         4210  events.
 Wrote         4206  events.
 Actual xsec    1739494053.2804072     
 Correct abs xsec    1739494053.2804072     
 Event xsec    1739494053.2804751     
 Events wgts > 1:            1
 % Cross section > 1:    137436.05297497555       7.90092111644692327E-003
 Iteration  6   Mean: 0.1742E+10 Abs mean: 0.1742E+10   Fluctuation:  0.612E+07   0.339E+11    75.2%
  6    0.1742E+10 0.1742E+10 +- 0.6120E+07      0.89
 Relative summed weights:
  0.1000E+01  0.0000E+00
 Relative number of events:
  0.1000E+01  0.0000E+00
 Events:
       64000           0
 Found         8442  events.
 Wrote         8438  events.
 Actual xsec    1742472697.6838608     
 Correct abs xsec    1742472697.6838608     
 Event xsec    1742472697.6840322     
 Events wgts > 1:           19
 % Cross section > 1:    1301256.5733536866       7.46787352871136623E-002
 Checking number of events   9614.9643458195442             8438  chi2:   0.15804014742619688     
 Found         8442  events.
 Wrote         8438  events.
 Actual xsec    1742472697.6838608     
 Correct abs xsec    1742472697.6838608     
 Event xsec    1742472697.6840322     
 Events wgts > 1:           19
 % Cross section > 1:    1301256.5733536866       7.46787352871136623E-002
 Iteration  7   Mean: 0.1737E+10 Abs mean: 0.1737E+10   Fluctuation:  0.435E+07   0.359E+11    72.5%
  7    0.1737E+10 0.1737E+10 +- 0.4354E+07      0.90
 Relative summed weights:
  0.1000E+01  0.0000E+00
 Relative number of events:
  0.1000E+01  0.0000E+00
 Events:
      128000           0
 Found        17713  events.
 Wrote        17708  events.
 Actual xsec    1738976197.4155948     
 Correct abs xsec    1738976197.4155948     
 Event xsec    1738976197.4161189     
 Events wgts > 1:           32
 % Cross section > 1:    1692945.8365508309       9.73530194988474901E-002
 Checking number of events   9595.6706573392530            17708  chi2:   0.24501155317485118     

 -------------------------------------------------------------------------------
 Accumulated results:   Integral =  0.1739E+10
                        Std dev  =  0.3146E+07
                       Cross sec =  0.7659E+00
             Chi**2 per DoF.     =
-------------------------------------------------
---------------------------
 Results Last   3 iters: Integral =   0.1739E+10
                     Abs integral =   0.1739E+10
                          Std dev =   0.3291E+07
                  Chi**2 per DoF. =      0.2450
-------------------------------------------------
---------------------------
 Status -5.51800000000000036E-006           8           9
 We found enough events       17708   9595.6706573392530     

ls status:
events.lhe
ftn25
ftn26
input_sg.txt
moffset.dat
results.dat
run_07_ftn26.gz
run_07_log.txt
run_07_results.dat
run1_app.log
