 Process in group number            0
 No PDF is used, alpha_s(MZ) from param_card is used
 Value of alpha_s from param_card:   0.11800000071525575     
 The default order of alpha_s running is fixed to            2
 *****************************************************
 *               MadGraph/MadEvent                   *
 *        --------------------------------           *
 *          http://madgraph.hep.uiuc.edu             *
 *          http://madgraph.phys.ucl.ac.be           *
 *          http://madgraph.roma2.infn.it            *
 *        --------------------------------           *
 *                                                   *
 *          PARAMETER AND COUPLING VALUES            *
 *                                                   *
 *****************************************************

  External Params
  ---------------------------------
  
 aEWM1 =    132.50700378417969     
 mdl_Gf =   1.16639000000000003E-005
 aS =   0.11800000071525575     
 mdl_ymb =    4.6999998092651367     
 mdl_ymt =    173.00000000000000     
 mdl_yme =   5.10999991092830896E-004
 mdl_ymm =   0.10565999895334244     
 mdl_ymtau =    1.7769999504089355     
 mdl_MZ =    91.188003540039063     
 mdl_MT =    173.00000000000000     
 mdl_MB =    4.6999998092651367     
 mdl_MH =    125.00000000000000     
 mdl_Me =   5.10999991092830896E-004
 mdl_MM =   0.10565999895334244     
 mdl_MTA =    1.7769999504089355     
 mdl_WZ =    2.4414041042327881     
 mdl_WW =    2.0476000308990479     
 mdl_WT =    1.4915000200271606     
 mdl_WH =   6.38233916833996773E-003
 mdl_WTau =   2.26999999999999982E-012
  Internal Params
  ---------------------------------
  
 mdl_conjg__CKM3x3 =    1.0000000000000000     
 mdl_CKM3x3 =    1.0000000000000000     
 mdl_conjg__CKM1x1 =    1.0000000000000000     
 mdl_complexi =  (  0.0000000000000000     ,  1.0000000000000000     )
 mdl_MZ__exp__2 =    8315.2519896181766     
 mdl_MZ__exp__4 =    69143415.650849044     
 mdl_sqrt__2 =    1.4142135623730951     
 mdl_MH__exp__2 =    15625.000000000000     
 mdl_aEW =   7.54677089845565054E-003
 mdl_MW =    80.419007276179556     
 mdl_sqrt__aEW =   8.68721526063194194E-002
 mdl_ee =   0.30795376284704501     
 mdl_MW__exp__2 =    6467.2167312862202     
 mdl_sw2 =   0.22224645274001076     
 mdl_cw =   0.88190336616887299     
 mdl_sqrt__sw2 =   0.47143022043565552     
 mdl_sw =   0.47143022043565552     
 mdl_g1 =   0.34919218438279087     
 mdl_gw =   0.65323296958447097     
 mdl_vev =    246.21845810181631     
 mdl_vev__exp__2 =    60623.529110035874     
 mdl_lam =   0.12886910601690271     
 mdl_yb =   2.69955531549349904E-002
 mdl_ye =   2.93504850670934038E-006
 mdl_ym =   6.06883028478528356E-004
 mdl_yt =   0.99366614581500645     
 mdl_ytau =   1.02066167158167895E-002
 mdl_muH =    88.388347648318444     
 mdl_I1x33 =  ( 2.69955531549349904E-002,  0.0000000000000000     )
 mdl_I2x33 =  ( 0.99366614581500645     ,  0.0000000000000000     )
 mdl_I3x33 =  ( 0.99366614581500645     ,  0.0000000000000000     )
 mdl_I4x33 =  ( 2.69955531549349904E-002,  0.0000000000000000     )
 mdl_ee__exp__2 =   9.48355200516540348E-002
 mdl_sw__exp__2 =   0.22224645274001076     
 mdl_cw__exp__2 =   0.77775354725998924     
  Internal Params evaluated point by point
  ----------------------------------------
  
 mdl_sqrt__aS =   0.34351128178744839     
 mdl_G__exp__2 =    1.4828317414825511     
  Couplings of sm-lepton_masses
  ---------------------------------
  
         GC_3 =  -0.00000E+00  -0.30795E+00

 Collider parameters:
 --------------------

 Running at e e   machine @   7.00000000000000067E-002  GeV
 PDF set = none   
 alpha_s(Mz)= 0.1180 running at 2 loops.
 alpha_s(Mz)= 0.1180 running at 2 loops.
 Renormalization scale fixed @    91.188000000000002     
 Factorization scales  fixed @    91.188000000000002        91.188000000000002     


 getting user params
Enter number of events and max and min iterations: 
 Number of events and iterations         2000           9           3
Enter desired fractional accuracy: 
 Desired fractional accuracy:  -1.20039999999999996E-004
Enter 0 for fixed, 2 for adjustable grid: 
Suppress amplitude (0 no, 1 yes)? 
 Using suppressed amplitude.
Exact helicity sum (0 yes, n = number/event)? 
 Explicitly summing over helicities
Enter Configuration Number: 
Running Configuration Number:    1
 Not subdividing B.W.
 Attempting mappinvarients           1           5
 Completed mapping           5
 about to integrate            5        2000           9           3           5           1
 Using non-zero grid deformation.
  5 dimensions   2000 events  5 invarients  9 iterations  1 config(s),  (0.99)
 Using h-tuple random number sequence.
 Error opening grid
 Using Uniform Grid!
 Using uniform alpha   1.0000000000000000     
 Grid defined OK
 Set CM energy to          0.07
 Mapping Graph           1  to config           1
Setting grid   1    0.18367E-04   1
Setting grid   2    0.18367E-04   1
 Masses: 0.511E-03 0.511E-03 0.000E+00 0.000E+00 0.000E+00
   1   1   2   3   4   5
 Got moffset          17
Using random seed offsets     1 :      1
  with seed                  192
 Ranmar initialization seeds       25284        3080
  Particle       3       4       5
      Et >     0.0     0.0     0.0
       E >     0.0     0.0     0.0
     Eta <    -1.0    -1.0    -1.0
   xqcut:      0.0     0.0     0.0
d R # 3  >    -0.0     0.0     0.0
d R # 4  >    -0.0    -0.0     0.0
s min # 3>     0.0     0.0     0.0
s min # 4>     0.0     0.0     0.0
xqcutij # 3>     0.0     0.0     0.0
xqcutij # 4>     0.0     0.0     0.0
 alpha_s for scale    91.188000000000002       is   0.11800000071525575     
 Added good helicity            1  3.69124723851926989E-002  in event            1
 Added good helicity            2   14.921656110282026       in event            1
 Added good helicity            3  5.80510762417769423E-003  in event            1
 Added good helicity            5  2.29775078951069804E-005  in event            1
 Added good helicity           13  0.57937356524680483       in event            1
 Added good helicity           14  0.45583430485837201       in event            1
 Added good helicity           15  3.94734907567873656E-004  in event            1
 Added good helicity           18  3.94734907567873656E-004  in event            1
 Added good helicity           19  0.45583430485837201       in event            1
 Added good helicity           20  0.57937356524680483       in event            1
 Added good helicity           28  2.29775078951069804E-005  in event            1
 Added good helicity           30  5.80510762417769423E-003  in event            1
 Added good helicity           31   14.921656110282026       in event            1
 Added good helicity           32  3.69124723851926989E-002  in event            1
 Added good helicity           12  0.57922251956164739       in event            2
 Added good helicity           21  0.57922251956164750       in event            2
 Added good helicity            4  3.26526181886389140E-004  in event            3
 Added good helicity            7  5.12678405140612058E-004  in event            3
 Added good helicity           10   4.5894393116366574       in event            3
 Added good helicity           11  4.56613920636022436E-002  in event            3
 Added good helicity           22  4.56613920636022366E-002  in event            3
 Added good helicity           23   4.5894393116366574       in event            3
 Added good helicity           26  5.12678405140612058E-004  in event            3
 Added good helicity           29  3.26526181886389140E-004  in event            3
 Added good helicity            6  1.19416272303505963E-005  in event            5
 Added good helicity           27  1.19416272303505963E-005  in event            5
 Iteration  1   Mean: 0.3449E+08 Abs mean: 0.3449E+08   Fluctuation:  0.257E+07   0.308E+10    98.6%
  1    0.3449E+08 0.3449E+08 +- 0.2569E+07      3.33
 Writing out events   1943.9657449991562        3.3312442476247868     
 Relative summed weights:
  0.1783E+00  0.0000E+00
  0.1612E+00  0.0000E+00
  0.1670E+00  0.0000E+00
  0.1301E+00  0.0000E+00
  0.2046E+00  0.0000E+00
  0.1588E+00  0.0000E+00
 Relative number of events:
  0.1650E+00  0.0000E+00
  0.1805E+00  0.0000E+00
  0.1665E+00  0.0000E+00
  0.1505E+00  0.0000E+00
  0.1615E+00  0.0000E+00
  0.1760E+00  0.0000E+00
 Events:
         330           0
         361           0
         333           0
         301           0
         323           0
         352           0
 Iteration  2   Mean: 0.3719E+08 Abs mean: 0.3719E+08   Fluctuation:  0.202E+07   0.431E+10    96.4%
  2    0.3719E+08 0.3719E+08 +- 0.2019E+07      3.43
 Relative summed weights:
  0.1496E+00  0.0000E+00
  0.1715E+00  0.0000E+00
  0.1834E+00  0.0000E+00
  0.1937E+00  0.0000E+00
  0.1365E+00  0.0000E+00
  0.1653E+00  0.0000E+00
 Relative number of events:
  0.1782E+00  0.0000E+00
  0.1693E+00  0.0000E+00
  0.1653E+00  0.0000E+00
  0.1625E+00  0.0000E+00
  0.1630E+00  0.0000E+00
  0.1618E+00  0.0000E+00
 Events:
         713           0
         677           0
         661           0
         650           0
         652           0
         647           0
 Iteration  3   Mean: 0.4400E+08 Abs mean: 0.4400E+08   Fluctuation:  0.364E+07   0.253E+11    97.7%
  3    0.4400E+08 0.4400E+08 +- 0.3639E+07      7.40
 Relative summed weights:
  0.2292E+00  0.0000E+00
  0.1508E+00  0.0000E+00
  0.1427E+00  0.0000E+00
  0.1587E+00  0.0000E+00
  0.1662E+00  0.0000E+00
  0.1523E+00  0.0000E+00
 Relative number of events:
  0.1655E+00  0.0000E+00
  0.1719E+00  0.0000E+00
  0.1614E+00  0.0000E+00
  0.1699E+00  0.0000E+00
  0.1675E+00  0.0000E+00
  0.1639E+00  0.0000E+00
 Events:
        1324           0
        1375           0
        1291           0
        1359           0
        1340           0
        1311           0
 Found          789  events.
 Wrote            8  events.
 Actual xsec    37953775.882093392     
 Correct abs xsec    37953775.882093392     
 Event xsec    37953775.882093400     
 Events wgts > 1:            0
 % Cross section > 1:    0.0000000000000000        0.0000000000000000     
 Checking number of events   4555.9712568864907                8  chi2:    2.3606476322792389     
 Found          789  events.
 Wrote           15  events.
 Actual xsec    37953775.882093392     
 Correct abs xsec    37953775.882093392     
 Event xsec    37953775.882093392     
 Events wgts > 1:            0
 % Cross section > 1:    0.0000000000000000        0.0000000000000000     
 Iteration  4   Mean: 0.4175E+08 Abs mean: 0.4175E+08   Fluctuation:  0.848E+06   0.459E+10    95.7%
  4    0.4175E+08 0.4175E+08 +- 0.8483E+06      2.57
 Relative summed weights:
  0.1620E+00  0.0000E+00
  0.1759E+00  0.0000E+00
  0.1575E+00  0.0000E+00
  0.1802E+00  0.0000E+00
  0.1545E+00  0.0000E+00
  0.1699E+00  0.0000E+00
 Relative number of events:
  0.1658E+00  0.0000E+00
  0.1672E+00  0.0000E+00
  0.1643E+00  0.0000E+00
  0.1684E+00  0.0000E+00
  0.1659E+00  0.0000E+00
  0.1684E+00  0.0000E+00
 Events:
        2653           0
        2675           0
        2628           0
        2695           0
        2654           0
        2695           0
 Found         1430  events.
 Wrote          178  events.
 Actual xsec    41332062.142086320     
 Correct abs xsec    41332062.142086320     
 Event xsec    41332062.142086498     
 Events wgts > 1:            3
 % Cross section > 1:    102126.44653020627       0.24708771166347324     
 Checking number of events   4961.5007395360417              178  chi2:    2.4983943709923739     
 Found         1430  events.
 Wrote          163  events.
 Actual xsec    41332062.142086320     
 Correct abs xsec    41332062.142086320     
 Event xsec    41332062.142086446     
 Events wgts > 1:            3
 % Cross section > 1:    111499.23293760052       0.26976450522672141     
 Iteration  5   Mean: 0.4187E+08 Abs mean: 0.4187E+08   Fluctuation:  0.543E+06   0.776E+10    96.5%
  5    0.4187E+08 0.4187E+08 +- 0.5429E+06      2.32
 Relative summed weights:
  0.1579E+00  0.0000E+00
  0.1719E+00  0.0000E+00
  0.1659E+00  0.0000E+00
  0.1739E+00  0.0000E+00
  0.1642E+00  0.0000E+00
  0.1662E+00  0.0000E+00
 Relative number of events:
  0.1645E+00  0.0000E+00
  0.1691E+00  0.0000E+00
  0.1663E+00  0.0000E+00
  0.1654E+00  0.0000E+00
  0.1691E+00  0.0000E+00
  0.1657E+00  0.0000E+00
 Events:
        5263           0
        5410           0
        5321           0
        5293           0
        5410           0
        5303           0
 Found         3162  events.
 Wrote          534  events.
 Actual xsec    41872151.092919134     
 Correct abs xsec    41872151.092919134     
 Event xsec    41872151.092918314     
 Events wgts > 1:           11
 % Cross section > 1:    357389.95461324300       0.85352661682023567     
 Checking number of events   5026.3330171940124              534  chi2:   0.18117766110066830     
 Found         3162  events.
 Wrote          522  events.
 Actual xsec    41872151.092919134     
 Correct abs xsec    41872151.092919134     
 Event xsec    41872151.092918545     
 Events wgts > 1:           11
 % Cross section > 1:    365534.09309221164       0.87297662897961570     
 Iteration  6   Mean: 0.4174E+08 Abs mean: 0.4174E+08   Fluctuation:  0.314E+06   0.425E+10    97.3%
  6    0.4174E+08 0.4174E+08 +- 0.3144E+06      1.91
 Relative summed weights:
  0.1660E+00  0.0000E+00
  0.1621E+00  0.0000E+00
  0.1683E+00  0.0000E+00
  0.1714E+00  0.0000E+00
  0.1646E+00  0.0000E+00
  0.1676E+00  0.0000E+00
 Relative number of events:
  0.1673E+00  0.0000E+00
  0.1660E+00  0.0000E+00
  0.1680E+00  0.0000E+00
  0.1662E+00  0.0000E+00
  0.1668E+00  0.0000E+00
  0.1657E+00  0.0000E+00
 Events:
       10708           0
       10626           0
       10749           0
       10639           0
       10672           0
       10606           0
 Found         6139  events.
 Wrote         1619  events.
 Actual xsec    41769183.480720021     
 Correct abs xsec    41769183.480720021     
 Event xsec    41769183.480720855     
 Events wgts > 1:           38
 % Cross section > 1:    405674.32032142626       0.97122875410928455     
 Checking number of events   5013.9727850256313             1619  chi2:   2.20345045801110147E-002
 Found         6139  events.
 Wrote         1674  events.
 Actual xsec    41769183.480720021     
 Correct abs xsec    41769183.480720021     
 Event xsec    41769183.480719410     
 Events wgts > 1:           38
 % Cross section > 1:    392470.95166712481       0.93961844345913248     
 Iteration  7   Mean: 0.4144E+08 Abs mean: 0.4144E+08   Fluctuation:  0.191E+06   0.411E+10    97.0%
  7    0.4144E+08 0.4144E+08 +- 0.1908E+06      1.65
 Relative summed weights:
  0.1711E+00  0.0000E+00
  0.1636E+00  0.0000E+00
  0.1679E+00  0.0000E+00
  0.1655E+00  0.0000E+00
  0.1661E+00  0.0000E+00
  0.1658E+00  0.0000E+00
 Relative number of events:
  0.1679E+00  0.0000E+00
  0.1660E+00  0.0000E+00
  0.1670E+00  0.0000E+00
  0.1681E+00  0.0000E+00
  0.1649E+00  0.0000E+00
  0.1662E+00  0.0000E+00
 Events:
       21485           0
       21247           0
       21370           0
       21519           0
       21101           0
       21278           0
 Found        12670  events.
 Wrote         4829  events.
 Actual xsec    41549495.777085282     
 Correct abs xsec    41549495.777085282     
 Event xsec    41549495.777087487     
 Events wgts > 1:           93
 % Cross section > 1:    413985.89315659052       0.99636803146208930     
 Checking number of events   4987.6014730813167             4829  chi2:   0.52093467675888760     
 Found        12670  events.
 Wrote         4823  events.
 Actual xsec    41549495.777085282     
 Correct abs xsec    41549495.777085282     
 Event xsec    41549495.777092315     
 Events wgts > 1:           93
 % Cross section > 1:    414495.76998405799       0.99759518673288916     
 Iteration  8   Mean: 0.4149E+08 Abs mean: 0.4149E+08   Fluctuation:  0.132E+06   0.350E+10    96.8%
  8    0.4149E+08 0.4149E+08 +- 0.1316E+06      1.60
 Relative summed weights:
  0.1669E+00  0.0000E+00
  0.1676E+00  0.0000E+00
  0.1653E+00  0.0000E+00
  0.1647E+00  0.0000E+00
  0.1676E+00  0.0000E+00
  0.1679E+00  0.0000E+00
 Relative number of events:
  0.1670E+00  0.0000E+00
  0.1667E+00  0.0000E+00
  0.1652E+00  0.0000E+00
  0.1664E+00  0.0000E+00
  0.1675E+00  0.0000E+00
  0.1672E+00  0.0000E+00
 Events:
       42753           0
       42665           0
       42285           0
       42600           0
       42884           0
       42813           0
 Found        25731  events.
 Wrote        10245  events.
 Actual xsec    41501706.547465235     
 Correct abs xsec    41501706.547465235     
 Event xsec    41501706.547461495     
 Events wgts > 1:          189
 % Cross section > 1:    416247.20157460909        1.0029640614864532     
 Checking number of events   4981.8648539577271            10245  chi2:   0.34073791697108113     

 -------------------------------------------------------------------------------
 Accumulated results:   Integral =  0.4150E+08
                        Std dev  =  0.9970E+05
                       Cross sec =  0.1511E+01
             Chi**2 per DoF.     =
-------------------------------------------------
---------------------------
 Results Last   3 iters: Integral =   0.4150E+08
                     Abs integral =   0.4150E+08
                          Std dev =   0.1024E+06
                  Chi**2 per DoF. =      0.3407
-------------------------------------------------
---------------------------
 Status -1.20039999999999996E-004           9           9
 We found enough events       10245   4981.8648539577271     

ls status:
events.lhe
ftn25
ftn26
input_sg.txt
moffset.dat
results.dat
run_01_ftn26.gz
run_01_log.txt
run_01_results.dat
run_02_ftn26.gz
run_02_log.txt
run_02_results.dat
run_03_ftn26.gz
run_03_log.txt
run_03_results.dat
run_04_ftn26.gz
run_04_log.txt
run_04_results.dat
run_05_ftn26.gz
run_05_log.txt
run_05_results.dat
run_08_ftn26.gz
run_08_log.txt
run_08_results.dat
run1_app.log
