 Process in group number            0
 No PDF is used, alpha_s(MZ) from param_card is used
 Value of alpha_s from param_card:   0.11800000071525575     
 The default order of alpha_s running is fixed to            2
 *****************************************************
 *               MadGraph/MadEvent                   *
 *        --------------------------------           *
 *          http://madgraph.hep.uiuc.edu             *
 *          http://madgraph.phys.ucl.ac.be           *
 *          http://madgraph.roma2.infn.it            *
 *        --------------------------------           *
 *                                                   *
 *          PARAMETER AND COUPLING VALUES            *
 *                                                   *
 *****************************************************

  External Params
  ---------------------------------
  
 aEWM1 =    132.50700378417969     
 mdl_Gf =   1.16639000000000003E-005
 aS =   0.11800000071525575     
 mdl_ymb =    4.6999998092651367     
 mdl_ymt =    173.00000000000000     
 mdl_yme =   5.10999991092830896E-004
 mdl_ymm =   0.10565999895334244     
 mdl_ymtau =    1.7769999504089355     
 mdl_MZ =    91.188003540039063     
 mdl_MT =    173.00000000000000     
 mdl_MB =    4.6999998092651367     
 mdl_MH =    125.00000000000000     
 mdl_Me =   5.10999991092830896E-004
 mdl_MM =   0.10565999895334244     
 mdl_MTA =    1.7769999504089355     
 mdl_WZ =    2.4414041042327881     
 mdl_WW =    2.0476000308990479     
 mdl_WT =    1.4915000200271606     
 mdl_WH =   6.38233916833996773E-003
 mdl_WTau =   2.26999999999999982E-012
  Internal Params
  ---------------------------------
  
 mdl_conjg__CKM3x3 =    1.0000000000000000     
 mdl_CKM3x3 =    1.0000000000000000     
 mdl_conjg__CKM1x1 =    1.0000000000000000     
 mdl_complexi =  (  0.0000000000000000     ,  1.0000000000000000     )
 mdl_MZ__exp__2 =    8315.2519896181766     
 mdl_MZ__exp__4 =    69143415.650849044     
 mdl_sqrt__2 =    1.4142135623730951     
 mdl_MH__exp__2 =    15625.000000000000     
 mdl_aEW =   7.54677089845565054E-003
 mdl_MW =    80.419007276179556     
 mdl_sqrt__aEW =   8.68721526063194194E-002
 mdl_ee =   0.30795376284704501     
 mdl_MW__exp__2 =    6467.2167312862202     
 mdl_sw2 =   0.22224645274001076     
 mdl_cw =   0.88190336616887299     
 mdl_sqrt__sw2 =   0.47143022043565552     
 mdl_sw =   0.47143022043565552     
 mdl_g1 =   0.34919218438279087     
 mdl_gw =   0.65323296958447097     
 mdl_vev =    246.21845810181631     
 mdl_vev__exp__2 =    60623.529110035874     
 mdl_lam =   0.12886910601690271     
 mdl_yb =   2.69955531549349904E-002
 mdl_ye =   2.93504850670934038E-006
 mdl_ym =   6.06883028478528356E-004
 mdl_yt =   0.99366614581500645     
 mdl_ytau =   1.02066167158167895E-002
 mdl_muH =    88.388347648318444     
 mdl_I1x33 =  ( 2.69955531549349904E-002,  0.0000000000000000     )
 mdl_I2x33 =  ( 0.99366614581500645     ,  0.0000000000000000     )
 mdl_I3x33 =  ( 0.99366614581500645     ,  0.0000000000000000     )
 mdl_I4x33 =  ( 2.69955531549349904E-002,  0.0000000000000000     )
 mdl_ee__exp__2 =   9.48355200516540348E-002
 mdl_sw__exp__2 =   0.22224645274001076     
 mdl_cw__exp__2 =   0.77775354725998924     
  Internal Params evaluated point by point
  ----------------------------------------
  
 mdl_sqrt__aS =   0.34351128178744839     
 mdl_G__exp__2 =    1.4828317414825511     
  Couplings of sm-lepton_masses
  ---------------------------------
  
         GC_3 =  -0.00000E+00  -0.30795E+00
        GC_50 =  -0.00000E+00  -0.28804E+00
        GC_59 =   0.00000E+00   0.82310E-01
        GC_89 =  -0.00000E+00  -0.20754E-05

 Collider parameters:
 --------------------

 Running at e e   machine @   7.00000000000000067E-002  GeV
 PDF set = none   
 alpha_s(Mz)= 0.1180 running at 2 loops.
 alpha_s(Mz)= 0.1180 running at 2 loops.
 Renormalization scale fixed @    91.188000000000002     
 Factorization scales  fixed @    91.188000000000002        91.188000000000002     


 getting user params
Enter number of events and max and min iterations: 
 Number of events and iterations         2000           9           3
Enter desired fractional accuracy: 
 Desired fractional accuracy:  -5.51800000000000036E-006
Enter 0 for fixed, 2 for adjustable grid: 
Suppress amplitude (0 no, 1 yes)? 
 Using suppressed amplitude.
Exact helicity sum (0 yes, n = number/event)? 
 Explicitly summing over helicities
Enter Configuration Number: 
Running Configuration Number:    7
 Not subdividing B.W.
 Attempting mappinvarients           1           5
 Completed mapping           5
 about to integrate            5        2000           9           3           5           1
 Using non-zero grid deformation.
  5 dimensions   2000 events  5 invarients  9 iterations  1 config(s),  (0.99)
 Using h-tuple random number sequence.
 Error opening grid
 Using Uniform Grid!
 Using uniform alpha   1.0000000000000000     
 Grid defined OK
 Set CM energy to          0.07
 Mapping Graph           7  to config           7
Setting grid   1    0.18367E-04   1
Setting grid   2    0.53290E-04   1
 Masses: 0.511E-03 0.511E-03 0.000E+00 0.511E-03 0.511E-03
   7   1   2   3   4   5
 Got moffset           7
Using random seed offsets     7 :      1
  with seed                  150
 Ranmar initialization seeds        4173        1548
  Particle       3       4       5
      Et >     0.0     0.0     0.0
       E >     0.0     0.0     0.0
     Eta <    -1.0    -1.0    -1.0
   xqcut:      0.0     0.0     0.0
d R # 3  >    -0.0     0.0     0.0
d R # 4  >    -0.0    -0.0     0.4
s min # 3>     0.0     0.0     0.0
s min # 4>     0.0     0.0     0.0
xqcutij # 3>     0.0     0.0     0.0
xqcutij # 4>     0.0     0.0     0.0
 alpha_s for scale    91.188000000000002       is   0.11800000071525575     
 Added good helicity            1   4.5504528438361227       in event            1
 Added good helicity            2  2.21397192741591298E-005  in event            1
 Added good helicity            3  9.52239783772425909E-006  in event            1
 Added good helicity            5   3.9904910258229309       in event            1
 Added good helicity            6  5.28148637284676134E-006  in event            1
 Added good helicity            7  7.46551390639641923E-006  in event            1
 Added good helicity            9  5.70283572614771413E-006  in event            1
 Added good helicity           10   3.6788049194008443       in event            1
 Added good helicity           11  6.92955444673151357E-006  in event            1
 Added good helicity           12  1.36255215295840765E-005  in event            1
 Added good helicity           13  1.15999640692034750E-005  in event            1
 Added good helicity           14   3.7801574742738411       in event            1
 Added good helicity           15  3.50080711679078063E-006  in event            1
 Added good helicity           16  7.91052280485618518E-006  in event            1
 Added good helicity           17  7.91052293514812974E-006  in event            1
 Added good helicity           18  3.50080715914416060E-006  in event            1
 Added good helicity           19   3.7801575357123305       in event            1
 Added good helicity           20  1.15999645956652736E-005  in event            1
 Added good helicity           21  1.36255214731133285E-005  in event            1
 Added good helicity           22  6.92955436353506590E-006  in event            1
 Added good helicity           23   3.6788049737051094       in event            1
 Added good helicity           24  5.70283581612311133E-006  in event            1
 Added good helicity           26  7.46551380517067283E-006  in event            1
 Added good helicity           27  5.28148647826721733E-006  in event            1
 Added good helicity           28   3.9904910244127714       in event            1
 Added good helicity           30  9.52239748400485039E-006  in event            1
 Added good helicity           31  2.21397190095506449E-005  in event            1
 Added good helicity           32   4.5504528454441271       in event            1
 Added good helicity            4  1.32926020554551959E-006  in event           20
 Added good helicity           29  1.32926020543872716E-006  in event           20
 Iteration  1   Mean: 0.1737E+10 Abs mean: 0.1737E+10   Fluctuation:  0.104E+09   0.590E+11    74.8%
  1    0.1737E+10 0.1737E+10 +- 0.1044E+09      2.69
 Writing out events   128944.30873267852        2.6873952681310711     
 Relative summed weights:
  0.1000E+01  0.0000E+00
 Relative number of events:
  0.1000E+01  0.0000E+00
 Events:
        2000           0
 Iteration  2   Mean: 0.1695E+10 Abs mean: 0.1695E+10   Fluctuation:  0.402E+08   0.295E+11    84.5%
  2    0.1695E+10 0.1695E+10 +- 0.4022E+08      1.50
 Relative summed weights:
  0.1000E+01  0.0000E+00
 Relative number of events:
  0.1000E+01  0.0000E+00
 Events:
        4000           0
 Iteration  3   Mean: 0.1747E+10 Abs mean: 0.1747E+10   Fluctuation:  0.217E+08   0.164E+11    80.5%
  3    0.1747E+10 0.1747E+10 +- 0.2167E+08      1.11
 Relative summed weights:
  0.1000E+01  0.0000E+00
 Relative number of events:
  0.1000E+01  0.0000E+00
 Events:
        8000           0
 Found          993  events.
 Wrote          989  events.
 Actual xsec    1736014036.0089755     
 Correct abs xsec    1736014036.0089755     
 Event xsec    1736014036.0089955     
 Events wgts > 1:            3
 % Cross section > 1:    545061.84666064265       3.13973179568127828E-002
 Checking number of events   9579.3254506975281              989  chi2:   0.64804562241490604     
 Found          993  events.
 Wrote          989  events.
 Actual xsec    1736014036.0089755     
 Correct abs xsec    1736014036.0089755     
 Event xsec    1736014036.0089955     
 Events wgts > 1:            3
 % Cross section > 1:    545061.84666064265       3.13973179568127828E-002
 Iteration  4   Mean: 0.1760E+10 Abs mean: 0.1760E+10   Fluctuation:  0.134E+08   0.133E+11    78.6%
  4    0.1760E+10 0.1760E+10 +- 0.1343E+08      0.97
 Relative summed weights:
  0.1000E+01  0.0000E+00
 Relative number of events:
  0.1000E+01  0.0000E+00
 Events:
       16000           0
 Found         2020  events.
 Wrote         2015  events.
 Actual xsec    1752091083.3621180     
 Correct abs xsec    1752091083.3621180     
 Event xsec    1752091083.3620942     
 Events wgts > 1:            0
 % Cross section > 1:    0.0000000000000000        0.0000000000000000     
 Checking number of events   9668.0385979921684             2015  chi2:    1.1945216784751744     
 Found         2020  events.
 Wrote         2015  events.
 Actual xsec    1752091083.3621180     
 Correct abs xsec    1752091083.3621180     
 Event xsec    1752091083.3620942     
 Events wgts > 1:            0
 % Cross section > 1:    0.0000000000000000        0.0000000000000000     
 Iteration  5   Mean: 0.1727E+10 Abs mean: 0.1727E+10   Fluctuation:  0.883E+07   0.168E+11    75.6%
  5    0.1727E+10 0.1727E+10 +- 0.8828E+07      0.91
 Relative summed weights:
  0.1000E+01  0.0000E+00
 Relative number of events:
  0.1000E+01  0.0000E+00
 Events:
       32000           0
 Found         4197  events.
 Wrote         4193  events.
 Actual xsec    1738010706.2357004     
 Correct abs xsec    1738010706.2357004     
 Event xsec    1738010706.2356138     
 Events wgts > 1:            4
 % Cross section > 1:    233815.74621254968       1.34530670825943922E-002
 Checking number of events   9590.3430770085961             4193  chi2:    2.2391710682355321     
 Found         4197  events.
 Wrote         4193  events.
 Actual xsec    1738010706.2357004     
 Correct abs xsec    1738010706.2357004     
 Event xsec    1738010706.2356138     
 Events wgts > 1:            4
 % Cross section > 1:    233815.74621254968       1.34530670825943922E-002
 Iteration  6   Mean: 0.1726E+10 Abs mean: 0.1726E+10   Fluctuation:  0.605E+07   0.286E+11    74.9%
  6    0.1726E+10 0.1726E+10 +- 0.6049E+07      0.89
 Relative summed weights:
  0.1000E+01  0.0000E+00
 Relative number of events:
  0.1000E+01  0.0000E+00
 Events:
       64000           0
 Found         8632  events.
 Wrote         8627  events.
 Actual xsec    1730389983.5995133     
 Correct abs xsec    1730389983.5995133     
 Event xsec    1730389983.5996101     
 Events wgts > 1:           11
 % Cross section > 1:    1233155.9985652987       7.12646287977262705E-002
 Checking number of events   9548.2919295021147             8627  chi2:    2.7678722944205374     
 Found         8632  events.
 Wrote         8627  events.
 Actual xsec    1730389983.5995133     
 Correct abs xsec    1730389983.5995133     
 Event xsec    1730389983.5996101     
 Events wgts > 1:           11
 % Cross section > 1:    1233155.9985652987       7.12646287977262705E-002
 Iteration  7   Mean: 0.1733E+10 Abs mean: 0.1733E+10   Fluctuation:  0.431E+07   0.418E+11    72.9%
  7    0.1733E+10 0.1733E+10 +- 0.4311E+07      0.89
 Relative summed weights:
  0.1000E+01  0.0000E+00
 Relative number of events:
  0.1000E+01  0.0000E+00
 Events:
      128000           0
 Found        17654  events.
 Wrote        17649  events.
 Actual xsec    1730199378.6412930     
 Correct abs xsec    1730199378.6412930     
 Event xsec    1730199378.6408627     
 Events wgts > 1:           40
 % Cross section > 1:    1741494.0356068683       0.10065279511167541     
 Checking number of events   9547.2401713426552            17649  chi2:   0.57027495624234059     

 -------------------------------------------------------------------------------
 Accumulated results:   Integral =  0.1732E+10
                        Std dev  =  0.3126E+07
                       Cross sec =  0.1197E+01
             Chi**2 per DoF.     =
-------------------------------------------------
---------------------------
 Results Last   3 iters: Integral =   0.1730E+10
                     Abs integral =   0.1730E+10
                          Std dev =   0.3262E+07
                  Chi**2 per DoF. =      0.5703
-------------------------------------------------
---------------------------
 Status -5.51800000000000036E-006           8           9
 We found enough events       17649   9547.2401713426552     

ls status:
events.lhe
ftn25
ftn26
input_sg.txt
moffset.dat
results.dat
run_02_ftn26.gz
run_02_log.txt
run_02_results.dat
run_07_ftn26.gz
run_07_log.txt
run_07_results.dat
run1_app.log
