 Process in group number            0
 No PDF is used, alpha_s(MZ) from param_card is used
 Value of alpha_s from param_card:   0.11800000071525575     
 The default order of alpha_s running is fixed to            2
 *****************************************************
 *               MadGraph/MadEvent                   *
 *        --------------------------------           *
 *          http://madgraph.hep.uiuc.edu             *
 *          http://madgraph.phys.ucl.ac.be           *
 *          http://madgraph.roma2.infn.it            *
 *        --------------------------------           *
 *                                                   *
 *          PARAMETER AND COUPLING VALUES            *
 *                                                   *
 *****************************************************

  External Params
  ---------------------------------
  
 aEWM1 =    132.50700378417969     
 mdl_Gf =   1.16639000000000003E-005
 aS =   0.11800000071525575     
 mdl_ymb =    4.6999998092651367     
 mdl_ymt =    173.00000000000000     
 mdl_yme =   5.10999991092830896E-004
 mdl_ymm =   0.10565999895334244     
 mdl_ymtau =    1.7769999504089355     
 mdl_MZ =    91.188003540039063     
 mdl_MT =    173.00000000000000     
 mdl_MB =    4.6999998092651367     
 mdl_MH =    125.00000000000000     
 mdl_Me =   5.10999991092830896E-004
 mdl_MM =   0.10565999895334244     
 mdl_MTA =    1.7769999504089355     
 mdl_WZ =    2.4414041042327881     
 mdl_WW =    2.0476000308990479     
 mdl_WT =    1.4915000200271606     
 mdl_WH =   6.38233916833996773E-003
 mdl_WTau =   2.26999999999999982E-012
  Internal Params
  ---------------------------------
  
 mdl_conjg__CKM3x3 =    1.0000000000000000     
 mdl_CKM3x3 =    1.0000000000000000     
 mdl_conjg__CKM1x1 =    1.0000000000000000     
 mdl_complexi =  (  0.0000000000000000     ,  1.0000000000000000     )
 mdl_MZ__exp__2 =    8315.2519896181766     
 mdl_MZ__exp__4 =    69143415.650849044     
 mdl_sqrt__2 =    1.4142135623730951     
 mdl_MH__exp__2 =    15625.000000000000     
 mdl_aEW =   7.54677089845565054E-003
 mdl_MW =    80.419007276179556     
 mdl_sqrt__aEW =   8.68721526063194194E-002
 mdl_ee =   0.30795376284704501     
 mdl_MW__exp__2 =    6467.2167312862202     
 mdl_sw2 =   0.22224645274001076     
 mdl_cw =   0.88190336616887299     
 mdl_sqrt__sw2 =   0.47143022043565552     
 mdl_sw =   0.47143022043565552     
 mdl_g1 =   0.34919218438279087     
 mdl_gw =   0.65323296958447097     
 mdl_vev =    246.21845810181631     
 mdl_vev__exp__2 =    60623.529110035874     
 mdl_lam =   0.12886910601690271     
 mdl_yb =   2.69955531549349904E-002
 mdl_ye =   2.93504850670934038E-006
 mdl_ym =   6.06883028478528356E-004
 mdl_yt =   0.99366614581500645     
 mdl_ytau =   1.02066167158167895E-002
 mdl_muH =    88.388347648318444     
 mdl_I1x33 =  ( 2.69955531549349904E-002,  0.0000000000000000     )
 mdl_I2x33 =  ( 0.99366614581500645     ,  0.0000000000000000     )
 mdl_I3x33 =  ( 0.99366614581500645     ,  0.0000000000000000     )
 mdl_I4x33 =  ( 2.69955531549349904E-002,  0.0000000000000000     )
 mdl_ee__exp__2 =   9.48355200516540348E-002
 mdl_sw__exp__2 =   0.22224645274001076     
 mdl_cw__exp__2 =   0.77775354725998924     
  Internal Params evaluated point by point
  ----------------------------------------
  
 mdl_sqrt__aS =   0.34351128178744839     
 mdl_G__exp__2 =    1.4828317414825511     
  Couplings of sm-lepton_masses
  ---------------------------------
  
         GC_3 =  -0.00000E+00  -0.30795E+00
        GC_50 =  -0.00000E+00  -0.28804E+00
        GC_59 =   0.00000E+00   0.82310E-01
        GC_89 =  -0.00000E+00  -0.20754E-05

 Collider parameters:
 --------------------

 Running at e e   machine @   7.14879999999999960E-002  GeV
 PDF set = none   
 alpha_s(Mz)= 0.1180 running at 2 loops.
 alpha_s(Mz)= 0.1180 running at 2 loops.
 Renormalization scale fixed @    91.188000000000002     
 Factorization scales  fixed @    91.188000000000002        91.188000000000002     


 getting user params
Enter number of events and max and min iterations: 
 Number of events and iterations         1000           5           3
Enter desired fractional accuracy: 
 Desired fractional accuracy:   0.10000000000000001     
Enter 0 for fixed, 2 for adjustable grid: 
Suppress amplitude (0 no, 1 yes)? 
 Using suppressed amplitude.
Exact helicity sum (0 yes, n = number/event)? 
 Explicitly summing over helicities
Enter Configuration Number: 
Running Configuration Number:    1
 Not subdividing B.W.
 Attempting mappinvarients           1           4
 Completed mapping           4
 about to integrate            2        1000           5           3           2           1
 Using non-zero grid deformation.
  2 dimensions   1000 events  2 invarients  5 iterations  1 config(s),  (0.99)
 Using h-tuple random number sequence.
 Error opening grid
 Using Uniform Grid!
 Using uniform alpha   1.0000000000000000     
 Grid defined OK
 Set CM energy to          0.07
 Mapping Graph           1  to config           1
Setting grid   1    0.22542E-03   1
 Masses: 0.511E-03 0.511E-03 0.511E-03 0.511E-03
   1   1   2
Using random seed offsets     1 :      1
  with seed                  168
 Ranmar initialization seeds       26109        9548
  Particle       3       4
      Et >     0.0     0.0
       E >     0.0     0.0
     Eta <    -1.0    -1.0
   xqcut:      0.0     0.0
d R # 3  >    -0.0     0.4
s min # 3>     0.0     0.0
xqcutij # 3>     0.0     0.0
 alpha_s for scale    91.188000000000002       is   0.11800000071525575     
 Added good helicity            1   6.3647603824272512       in event            1
 Added good helicity            2  1.15195733679847227E-005  in event            1
 Added good helicity            3  1.15195656011817121E-005  in event            1
 Added good helicity            5  1.15195733679847227E-005  in event            1
 Added good helicity            6  4.70373795286684188E-002  in event            1
 Added good helicity            7   1.5881561259866388       in event            1
 Added good helicity            8  1.15195733679847142E-005  in event            1
 Added good helicity            9  1.15195656011817053E-005  in event            1
 Added good helicity           10   1.5881561259866388       in event            1
 Added good helicity           11  4.70374242431507578E-002  in event            1
 Added good helicity           12  1.15195656011817121E-005  in event            1
 Added good helicity           14  1.15195733679847227E-005  in event            1
 Added good helicity           15  1.15195656011817121E-005  in event            1
 Added good helicity           16   6.3647603824272512       in event            1
 Iteration  1   Mean: 0.1722E+08 Abs mean: 0.1722E+08   Fluctuation:  0.955E+06   0.163E+09    69.4%
  1    0.1722E+08 0.1722E+08 +- 0.9554E+06      1.75
 Writing out events   4962.0737723184711        1.7547487698084245     
 Relative summed weights:
  0.1000E+01  0.0000E+00
 Relative number of events:
  0.1000E+01  0.0000E+00
 Events:
        1000           0
 Iteration  2   Mean: 0.1615E+08 Abs mean: 0.1615E+08   Fluctuation:  0.292E+06   0.592E+08   100.0%
  2    0.1615E+08 0.1615E+08 +- 0.2916E+06      0.81
 Relative summed weights:
  0.1000E+01  0.0000E+00
 Relative number of events:
  0.1000E+01  0.0000E+00
 Events:
        2000           0
 Iteration  3   Mean: 0.1619E+08 Abs mean: 0.1619E+08   Fluctuation:  0.136E+06   0.403E+08    99.7%
  3    0.1619E+08 0.1619E+08 +- 0.1357E+06      0.53
 Relative summed weights:
  0.1000E+01  0.0000E+00
 Relative number of events:
  0.1000E+01  0.0000E+00
 Events:
        4000           0
 Accuracy:    0.006   0.100   0.008   0.663
 Finished due to accuracy   6.13163515025123406E-003  0.10000000000000001     

 -------------------------------------------------------------------------------
 Accumulated results:   Integral =  0.1620E+08
                        Std dev  =  0.1220E+06
                       Cross sec =  0.1620E+08
             Chi**2 per DoF.     =      0.6626
 -------------------------------------------------------------------------------
 Found          394  events.
 Wrote          390  events.
 Actual xsec    16198840.776535477     
 Correct abs xsec    16198840.776535477     
 Event xsec    16198840.776535386     
 Events wgts > 1:            0
 % Cross section > 1:    0.0000000000000000        0.0000000000000000     
-------------------------------------------------
---------------------------
 Results Last   3 iters: Integral =   0.1620E+08
                     Abs integral =   0.1620E+08
                          Std dev =   0.1220E+06
                  Chi**2 per DoF. =      0.5889
-------------------------------------------------
---------------------------
 Status  0.10000000000000001                4           5

ls status:
events.lhe
input_app.txt
multijob.dat
results.dat
run_01_log.txt
run_01_results.dat
run_02_log.txt
run_02_results.dat
run_03_log.txt
run_03_results.dat
run_04_log.txt
run_04_results.dat
run_05_log.txt
run_05_results.dat
run_06_log.txt
run_06_results.dat
run_07_log.txt
run_07_results.dat
run_08_log.txt
run_08_results.dat
run_09_log.txt
run_09_results.dat
run_10_log.txt
run_10_results.dat
run1_app.log
