 Process in group number            0
 No PDF is used, alpha_s(MZ) from param_card is used
 Value of alpha_s from param_card:   0.11800000071525575     
 The default order of alpha_s running is fixed to            2
 *****************************************************
 *               MadGraph/MadEvent                   *
 *        --------------------------------           *
 *          http://madgraph.hep.uiuc.edu             *
 *          http://madgraph.phys.ucl.ac.be           *
 *          http://madgraph.roma2.infn.it            *
 *        --------------------------------           *
 *                                                   *
 *          PARAMETER AND COUPLING VALUES            *
 *                                                   *
 *****************************************************

  External Params
  ---------------------------------
  
 aEWM1 =    132.50700378417969     
 mdl_Gf =   1.16639000000000003E-005
 aS =   0.11800000071525575     
 mdl_ymb =    4.6999998092651367     
 mdl_ymt =    173.00000000000000     
 mdl_yme =   5.10999991092830896E-004
 mdl_ymm =   0.10565999895334244     
 mdl_ymtau =    1.7769999504089355     
 mdl_MZ =    91.188003540039063     
 mdl_MT =    173.00000000000000     
 mdl_MB =    4.6999998092651367     
 mdl_MH =    125.00000000000000     
 mdl_Me =   5.10999991092830896E-004
 mdl_MM =   0.10565999895334244     
 mdl_MTA =    1.7769999504089355     
 mdl_WZ =    2.4414041042327881     
 mdl_WW =    2.0476000308990479     
 mdl_WT =    1.4915000200271606     
 mdl_WH =   6.38233916833996773E-003
 mdl_WTau =   2.26999999999999982E-012
  Internal Params
  ---------------------------------
  
 mdl_conjg__CKM3x3 =    1.0000000000000000     
 mdl_CKM3x3 =    1.0000000000000000     
 mdl_conjg__CKM1x1 =    1.0000000000000000     
 mdl_complexi =  (  0.0000000000000000     ,  1.0000000000000000     )
 mdl_MZ__exp__2 =    8315.2519896181766     
 mdl_MZ__exp__4 =    69143415.650849044     
 mdl_sqrt__2 =    1.4142135623730951     
 mdl_MH__exp__2 =    15625.000000000000     
 mdl_aEW =   7.54677089845565054E-003
 mdl_MW =    80.419007276179556     
 mdl_sqrt__aEW =   8.68721526063194194E-002
 mdl_ee =   0.30795376284704501     
 mdl_MW__exp__2 =    6467.2167312862202     
 mdl_sw2 =   0.22224645274001076     
 mdl_cw =   0.88190336616887299     
 mdl_sqrt__sw2 =   0.47143022043565552     
 mdl_sw =   0.47143022043565552     
 mdl_g1 =   0.34919218438279087     
 mdl_gw =   0.65323296958447097     
 mdl_vev =    246.21845810181631     
 mdl_vev__exp__2 =    60623.529110035874     
 mdl_lam =   0.12886910601690271     
 mdl_yb =   2.69955531549349904E-002
 mdl_ye =   2.93504850670934038E-006
 mdl_ym =   6.06883028478528356E-004
 mdl_yt =   0.99366614581500645     
 mdl_ytau =   1.02066167158167895E-002
 mdl_muH =    88.388347648318444     
 mdl_I1x33 =  ( 2.69955531549349904E-002,  0.0000000000000000     )
 mdl_I2x33 =  ( 0.99366614581500645     ,  0.0000000000000000     )
 mdl_I3x33 =  ( 0.99366614581500645     ,  0.0000000000000000     )
 mdl_I4x33 =  ( 2.69955531549349904E-002,  0.0000000000000000     )
 mdl_ee__exp__2 =   9.48355200516540348E-002
 mdl_sw__exp__2 =   0.22224645274001076     
 mdl_cw__exp__2 =   0.77775354725998924     
  Internal Params evaluated point by point
  ----------------------------------------
  
 mdl_sqrt__aS =   0.34351128178744839     
 mdl_G__exp__2 =    1.4828317414825511     
  Couplings of sm-lepton_masses
  ---------------------------------
  
         GC_3 =  -0.00000E+00  -0.30795E+00

 Collider parameters:
 --------------------

 Running at e e   machine @   7.00000000000000067E-002  GeV
 PDF set = none   
 alpha_s(Mz)= 0.1180 running at 2 loops.
 alpha_s(Mz)= 0.1180 running at 2 loops.
 Renormalization scale fixed @    91.188000000000002     
 Factorization scales  fixed @    91.188000000000002        91.188000000000002     


 getting user params
Enter number of events and max and min iterations: 
 Number of events and iterations         2000           9           3
Enter desired fractional accuracy: 
 Desired fractional accuracy:  -3.08659999999999989E-005
Enter 0 for fixed, 2 for adjustable grid: 
Suppress amplitude (0 no, 1 yes)? 
 Using suppressed amplitude.
Exact helicity sum (0 yes, n = number/event)? 
 Explicitly summing over helicities
Enter Configuration Number: 
Running Configuration Number:    1
 Not subdividing B.W.
 Attempting mappinvarients           1           4
 Completed mapping           4
 about to integrate            2        2000           9           3           2           1
 Using non-zero grid deformation.
  2 dimensions   2000 events  2 invarients  9 iterations  1 config(s),  (0.99)
 Using h-tuple random number sequence.
 Error opening grid
 Using Uniform Grid!
 Using uniform alpha   1.0000000000000000     
 Grid defined OK
 Set CM energy to          0.07
 Mapping Graph           1  to config           1
Setting grid   1    0.18367E-02   1
 Masses: 0.511E-03 0.511E-03 0.000E+00 0.000E+00
   1   1   2
 Got moffset           8
Using random seed offsets     1 :      1
  with seed                  138
 Ranmar initialization seeds       19620        4692
  Particle       3       4
      Et >     0.0     0.0
       E >     0.0     0.0
     Eta <    -1.0    -1.0
   xqcut:      0.0     0.0
d R # 3  >    -0.0     0.0
s min # 3>     0.0     0.0
xqcutij # 3>     0.0     0.0
 alpha_s for scale    91.188000000000002       is   0.11800000071525575     
 Added good helicity            1  1.56460691773961519E-002  in event            1
 Added good helicity            2  5.21322579672516809E-005  in event            1
 Added good helicity            3  5.21322579672516944E-005  in event            1
 Added good helicity            6  7.49852139666945267E-003  in event            1
 Added good helicity            7   7.9767511448655570       in event            1
 Added good helicity           10   7.9767511448655570       in event            1
 Added good helicity           11  7.49852139666945267E-003  in event            1
 Added good helicity           14  5.21322579672516944E-005  in event            1
 Added good helicity           15  5.21322579672516809E-005  in event            1
 Added good helicity           16  1.56460691773961519E-002  in event            1
 Iteration  1   Mean: 0.1500E+09 Abs mean: 0.1500E+09   Fluctuation:  0.175E+07   0.183E+09    89.2%
  1    0.1500E+09 0.1500E+09 +- 0.1750E+07      0.52
 Writing out events   9336.8536786044297       0.52188877005927359     
 Relative summed weights:
  0.4924E+00  0.0000E+00
  0.5076E+00  0.0000E+00
 Relative number of events:
  0.4965E+00  0.0000E+00
  0.5035E+00  0.0000E+00
 Events:
         993           0
        1007           0
 Iteration  2   Mean: 0.1501E+09 Abs mean: 0.1501E+09   Fluctuation:  0.526E+06   0.239E+09    99.4%
  2    0.1501E+09 0.1501E+09 +- 0.5260E+06      0.22
 Relative summed weights:
  0.4919E+00  0.0000E+00
  0.5081E+00  0.0000E+00
 Relative number of events:
  0.4923E+00  0.0000E+00
  0.5078E+00  0.0000E+00
 Events:
        1969           0
        2031           0
 Iteration  3   Mean: 0.1499E+09 Abs mean: 0.1499E+09   Fluctuation:  0.273E+06   0.201E+09    99.6%
  3    0.1499E+09 0.1499E+09 +- 0.2728E+06      0.16
 Relative summed weights:
  0.4949E+00  0.0000E+00
  0.5051E+00  0.0000E+00
 Relative number of events:
  0.4961E+00  0.0000E+00
  0.5039E+00  0.0000E+00
 Events:
        3969           0
        4031           0
 Found          811  events.
 Wrote          806  events.
 Actual xsec    149937367.57680941     
 Correct abs xsec    149937367.57680941     
 Event xsec    149937367.57681036     
 Events wgts > 1:            0
 % Cross section > 1:    0.0000000000000000        0.0000000000000000     
 Checking number of events   4627.9667876257990              806  chi2:   9.76118749806149238E-002
 Found          811  events.
 Wrote          806  events.
 Actual xsec    149937367.57680941     
 Correct abs xsec    149937367.57680941     
 Event xsec    149937367.57681036     
 Events wgts > 1:            0
 % Cross section > 1:    0.0000000000000000        0.0000000000000000     
 Iteration  4   Mean: 0.1501E+09 Abs mean: 0.1501E+09   Fluctuation:  0.143E+06   0.186E+09    99.8%
  4    0.1501E+09 0.1501E+09 +- 0.1433E+06      0.12
 Relative summed weights:
  0.4941E+00  0.0000E+00
  0.5059E+00  0.0000E+00
 Relative number of events:
  0.4938E+00  0.0000E+00
  0.5062E+00  0.0000E+00
 Events:
        7901           0
        8099           0
 Found         1594  events.
 Wrote         1591  events.
 Actual xsec    150084029.28657523     
 Correct abs xsec    150084029.28657523     
 Event xsec    150084029.28657758     
 Events wgts > 1:            0
 % Cross section > 1:    0.0000000000000000        0.0000000000000000     
 Checking number of events   4632.4936479594307             1591  chi2:   0.34814679348919736     
 Found         1594  events.
 Wrote         1591  events.
 Actual xsec    150084029.28657523     
 Correct abs xsec    150084029.28657523     
 Event xsec    150084029.28657758     
 Events wgts > 1:            0
 % Cross section > 1:    0.0000000000000000        0.0000000000000000     
 Iteration  5   Mean: 0.1500E+09 Abs mean: 0.1500E+09   Fluctuation:  0.888E+05   0.183E+09    99.8%
  5    0.1500E+09 0.1500E+09 +- 0.8876E+05      0.11
 Relative summed weights:
  0.5034E+00  0.0000E+00
  0.4966E+00  0.0000E+00
 Relative number of events:
  0.5033E+00  0.0000E+00
  0.4967E+00  0.0000E+00
 Events:
       16105           0
       15895           0
 Found         3207  events.
 Wrote         3202  events.
 Actual xsec    149997328.24380603     
 Correct abs xsec    149997328.24380603     
 Event xsec    149997328.24380237     
 Events wgts > 1:            0
 % Cross section > 1:    0.0000000000000000        0.0000000000000000     
 Checking number of events   4629.8175335733167             3202  chi2:   0.66249198655370600     
 Found         3207  events.
 Wrote         3202  events.
 Actual xsec    149997328.24380603     
 Correct abs xsec    149997328.24380603     
 Event xsec    149997328.24380237     
 Events wgts > 1:            0
 % Cross section > 1:    0.0000000000000000        0.0000000000000000     
Warning xbin not returning correct x   1  0.998381E+00  0.100000E+01  0.8412E-04
 Iteration  6   Mean: 0.1499E+09 Abs mean: 0.1499E+09   Fluctuation:  0.580E+05   0.217E+09    99.8%
  6    0.1499E+09 0.1499E+09 +- 0.5801E+05      0.10
 Relative summed weights:
  0.5003E+00  0.0000E+00
  0.4997E+00  0.0000E+00
 Relative number of events:
  0.5004E+00  0.0000E+00
  0.4996E+00  0.0000E+00
 Events:
       32027           0
       31973           0
 Found         6361  events.
 Wrote         6356  events.
 Actual xsec    149946783.29689419     
 Correct abs xsec    149946783.29689419     
 Event xsec    149946783.29688963     
 Events wgts > 1:            0
 % Cross section > 1:    0.0000000000000000        0.0000000000000000     
 Checking number of events   4628.2574132419359             6356  chi2:    1.0577115538807318     

 -------------------------------------------------------------------------------
 Accumulated results:   Integral =  0.1499E+09
                        Std dev  =  0.4517E+05
                       Cross sec =  0.4633E+00
             Chi**2 per DoF.     =
-------------------------------------------------
---------------------------
 Results Last   3 iters: Integral =   0.1499E+09
                     Abs integral =   0.1499E+09
                          Std dev =   0.4599E+05
                  Chi**2 per DoF. =      1.0577
-------------------------------------------------
---------------------------
 Status -3.08659999999999989E-005           7           9
 We found enough events        6356   4628.2574132419359     

ls status:
2gamma10k_ftn26.gz
2gamma10k_log.txt
2gamma10k_results.dat
events.lhe
ftn25
ftn26
input_sg.txt
moffset.dat
results.dat
run_01_ftn26.gz
run_01_log.txt
run_01_results.dat
run_02_ftn26.gz
run_02_log.txt
run_02_results.dat
run_03_ftn26.gz
run_03_log.txt
run_03_results.dat
run_04_ftn26.gz
run_04_log.txt
run_04_results.dat
run_05_ftn26.gz
run_05_log.txt
run_05_results.dat
run_06_ftn26.gz
run_06_log.txt
run_06_results.dat
run_07_ftn26.gz
run_07_log.txt
run_07_results.dat
run_08_ftn26.gz
run_08_log.txt
run_08_results.dat
run_09_ftn26.gz
run_09_log.txt
run_09_results.dat
run1_app.log
