 Process in group number            0
 No PDF is used, alpha_s(MZ) from param_card is used
 Value of alpha_s from param_card:   0.11800000071525575     
 The default order of alpha_s running is fixed to            2
 *****************************************************
 *               MadGraph/MadEvent                   *
 *        --------------------------------           *
 *          http://madgraph.hep.uiuc.edu             *
 *          http://madgraph.phys.ucl.ac.be           *
 *          http://madgraph.roma2.infn.it            *
 *        --------------------------------           *
 *                                                   *
 *          PARAMETER AND COUPLING VALUES            *
 *                                                   *
 *****************************************************

  External Params
  ---------------------------------
  
 aEWM1 =    132.50700378417969     
 mdl_Gf =   1.16639000000000003E-005
 aS =   0.11800000071525575     
 mdl_ymb =    4.6999998092651367     
 mdl_ymt =    173.00000000000000     
 mdl_yme =   5.10999991092830896E-004
 mdl_ymm =   0.10565999895334244     
 mdl_ymtau =    1.7769999504089355     
 mdl_MZ =    91.188003540039063     
 mdl_MT =    173.00000000000000     
 mdl_MB =    4.6999998092651367     
 mdl_MH =    125.00000000000000     
 mdl_Me =   5.10999991092830896E-004
 mdl_MM =   0.10565999895334244     
 mdl_MTA =    1.7769999504089355     
 mdl_WZ =    2.4414041042327881     
 mdl_WW =    2.0476000308990479     
 mdl_WT =    1.4915000200271606     
 mdl_WH =   6.38233916833996773E-003
 mdl_WTau =   2.26999999999999982E-012
  Internal Params
  ---------------------------------
  
 mdl_conjg__CKM3x3 =    1.0000000000000000     
 mdl_CKM3x3 =    1.0000000000000000     
 mdl_conjg__CKM1x1 =    1.0000000000000000     
 mdl_complexi =  (  0.0000000000000000     ,  1.0000000000000000     )
 mdl_MZ__exp__2 =    8315.2519896181766     
 mdl_MZ__exp__4 =    69143415.650849044     
 mdl_sqrt__2 =    1.4142135623730951     
 mdl_MH__exp__2 =    15625.000000000000     
 mdl_aEW =   7.54677089845565054E-003
 mdl_MW =    80.419007276179556     
 mdl_sqrt__aEW =   8.68721526063194194E-002
 mdl_ee =   0.30795376284704501     
 mdl_MW__exp__2 =    6467.2167312862202     
 mdl_sw2 =   0.22224645274001076     
 mdl_cw =   0.88190336616887299     
 mdl_sqrt__sw2 =   0.47143022043565552     
 mdl_sw =   0.47143022043565552     
 mdl_g1 =   0.34919218438279087     
 mdl_gw =   0.65323296958447097     
 mdl_vev =    246.21845810181631     
 mdl_vev__exp__2 =    60623.529110035874     
 mdl_lam =   0.12886910601690271     
 mdl_yb =   2.69955531549349904E-002
 mdl_ye =   2.93504850670934038E-006
 mdl_ym =   6.06883028478528356E-004
 mdl_yt =   0.99366614581500645     
 mdl_ytau =   1.02066167158167895E-002
 mdl_muH =    88.388347648318444     
 mdl_I1x33 =  ( 2.69955531549349904E-002,  0.0000000000000000     )
 mdl_I2x33 =  ( 0.99366614581500645     ,  0.0000000000000000     )
 mdl_I3x33 =  ( 0.99366614581500645     ,  0.0000000000000000     )
 mdl_I4x33 =  ( 2.69955531549349904E-002,  0.0000000000000000     )
 mdl_ee__exp__2 =   9.48355200516540348E-002
 mdl_sw__exp__2 =   0.22224645274001076     
 mdl_cw__exp__2 =   0.77775354725998924     
  Internal Params evaluated point by point
  ----------------------------------------
  
 mdl_sqrt__aS =   0.34351128178744839     
 mdl_G__exp__2 =    1.4828317414825511     
  Couplings of sm-lepton_masses
  ---------------------------------
  
         GC_3 =  -0.00000E+00  -0.30795E+00
        GC_50 =  -0.00000E+00  -0.28804E+00
        GC_59 =   0.00000E+00   0.82310E-01
        GC_89 =  -0.00000E+00  -0.20754E-05

 Collider parameters:
 --------------------

 Running at e e   machine @   7.14879999999999960E-002  GeV
 PDF set = none   
 alpha_s(Mz)= 0.1180 running at 2 loops.
 alpha_s(Mz)= 0.1180 running at 2 loops.
 Renormalization scale fixed @    91.188000000000002     
 Factorization scales  fixed @    91.188000000000002        91.188000000000002     


 getting user params
Enter number of events and max and min iterations: 
 Number of events and iterations         2000           9           3
Enter desired fractional accuracy: 
 Desired fractional accuracy:  -7.67009999999999984E-007
Enter 0 for fixed, 2 for adjustable grid: 
Suppress amplitude (0 no, 1 yes)? 
 Using suppressed amplitude.
Exact helicity sum (0 yes, n = number/event)? 
 Explicitly summing over helicities
Enter Configuration Number: 
Running Configuration Number:    4
 Not subdividing B.W.
 Attempting mappinvarients           1           4
 Completed mapping           4
 about to integrate            2        2000           9           3           2           1
 Using non-zero grid deformation.
  2 dimensions   2000 events  2 invarients  9 iterations  1 config(s),  (0.99)
 Using h-tuple random number sequence.
 Error opening grid
 Using Uniform Grid!
 Using uniform alpha   1.0000000000000000     
 Grid defined OK
 Set CM energy to          0.07
 Mapping Graph           4  to config           4
Setting grid   1    0.17611E-02   1
 Masses: 0.511E-03 0.511E-03 0.511E-03 0.511E-03
   4   1   2
 Got moffset           3
Using random seed offsets     4 :      1
  with seed                  171
 Ranmar initialization seeds       29769       19022
  Particle       3       4
      Et >     0.0     0.0
       E >     0.0     0.0
     Eta <    -1.0    -1.0
   xqcut:      0.0     0.0
d R # 3  >    -0.0     0.4
s min # 3>     0.0     0.0
xqcutij # 3>     0.0     0.0
 alpha_s for scale    91.188000000000002       is   0.11800000071525575     
 Added good helicity            1   4.4367356990171007       in event            1
 Added good helicity            2  9.13827711786567882E-006  in event            1
 Added good helicity            3  9.13827733305449563E-006  in event            1
 Added good helicity            5  9.13827711786567204E-006  in event            1
 Added good helicity            6   3.5631919157534093       in event            1
 Added good helicity            7  3.57920542122318027E-005  in event            1
 Added good helicity            8  9.13827711786566188E-006  in event            1
 Added good helicity            9  9.13827733305449733E-006  in event            1
 Added good helicity           10  3.57920542122317959E-005  in event            1
 Added good helicity           11   3.5631919949408104       in event            1
 Added good helicity           12  9.13827733305450410E-006  in event            1
 Added good helicity           14  9.13827711786566357E-006  in event            1
 Added good helicity           15  9.13827733305451088E-006  in event            1
 Added good helicity           16   4.4367356990170999       in event            1
 Iteration  1   Mean: 0.2957E+11 Abs mean: 0.2957E+11   Fluctuation:  0.105E+10   0.200E+12    89.9%
  1    0.2957E+11 0.2957E+11 +- 0.1047E+10      1.58
 Writing out events   1827609.4304481032        1.5835266021117518     
 Relative summed weights:
  0.1000E+01  0.0000E+00
 Relative number of events:
  0.1000E+01  0.0000E+00
 Events:
        2000           0
 Iteration  2   Mean: 0.2998E+11 Abs mean: 0.2998E+11   Fluctuation:  0.391E+09   0.107E+12    98.8%
  2    0.2998E+11 0.2998E+11 +- 0.3914E+09      0.83
 Relative summed weights:
  0.1000E+01  0.0000E+00
 Relative number of events:
  0.1000E+01  0.0000E+00
 Events:
        4000           0
 Iteration  3   Mean: 0.3021E+11 Abs mean: 0.3021E+11   Fluctuation:  0.175E+09   0.738E+11    99.6%
  3    0.3021E+11 0.3021E+11 +- 0.1751E+09      0.52
 Relative summed weights:
  0.1000E+01  0.0000E+00
 Relative number of events:
  0.1000E+01  0.0000E+00
 Events:
        8000           0
 Found          822  events.
 Wrote          817  events.
 Actual xsec    30158335276.524178     
 Correct abs xsec    30158335276.524178     
 Event xsec    30158335276.523907     
 Events wgts > 1:            0
 % Cross section > 1:    0.0000000000000000        0.0000000000000000     
 Checking number of events   23131.744740446808              817  chi2:   0.30254750902681027     
 Found          822  events.
 Wrote          817  events.
 Actual xsec    30158335276.524178     
 Correct abs xsec    30158335276.524178     
 Event xsec    30158335276.523907     
 Events wgts > 1:            0
 % Cross section > 1:    0.0000000000000000        0.0000000000000000     
 Iteration  4   Mean: 0.3038E+11 Abs mean: 0.3038E+11   Fluctuation:  0.824E+08   0.510E+11    99.8%
  4    0.3038E+11 0.3038E+11 +- 0.8239E+08      0.34
 Relative summed weights:
  0.1000E+01  0.0000E+00
 Relative number of events:
  0.1000E+01  0.0000E+00
 Events:
       16000           0
 Found         1615  events.
 Wrote         1610  events.
 Actual xsec    30337592551.589657     
 Correct abs xsec    30337592551.589657     
 Event xsec    30337592551.590767     
 Events wgts > 1:            0
 % Cross section > 1:    0.0000000000000000        0.0000000000000000     
 Checking number of events   23269.236862994781             1610  chi2:   0.82456117170211518     
 Found         1615  events.
 Wrote         1610  events.
 Actual xsec    30337592551.589657     
 Correct abs xsec    30337592551.589657     
 Event xsec    30337592551.590767     
 Events wgts > 1:            0
 % Cross section > 1:    0.0000000000000000        0.0000000000000000     
 Iteration  5   Mean: 0.3030E+11 Abs mean: 0.3030E+11   Fluctuation:  0.415E+08   0.405E+11    99.7%
  5    0.3030E+11 0.3030E+11 +- 0.4154E+08      0.25
 Relative summed weights:
  0.1000E+01  0.0000E+00
 Relative number of events:
  0.1000E+01  0.0000E+00
 Events:
       32000           0
 Found         3208  events.
 Wrote         3204  events.
 Actual xsec    30309323231.889755     
 Correct abs xsec    30309323231.889755     
 Event xsec    30309323231.888134     
 Events wgts > 1:         3204
 % Cross section > 1:   5.96791505813598633E-006  1.96900307290833957E-014
 Checking number of events   23247.554012091761             3204  chi2:   0.59086031438060937     
 Found         3208  events.
 Wrote         3204  events.
 Actual xsec    30309323231.889755     
 Correct abs xsec    30309323231.889755     
 Event xsec    30309323231.888134     
 Events wgts > 1:         3204
 % Cross section > 1:   5.96791505813598633E-006  1.96900307290833957E-014
 Iteration  6   Mean: 0.3025E+11 Abs mean: 0.3025E+11   Fluctuation:  0.220E+08   0.380E+11    99.7%
  6    0.3025E+11 0.3025E+11 +- 0.2197E+08      0.18
 Relative summed weights:
  0.1000E+01  0.0000E+00
 Relative number of events:
  0.1000E+01  0.0000E+00
 Events:
       64000           0
 Found         6384  events.
 Wrote         6379  events.
 Actual xsec    30270173713.860313     
 Correct abs xsec    30270173713.860313     
 Event xsec    30270173713.864353     
 Events wgts > 1:            0
 % Cross section > 1:    0.0000000000000000        0.0000000000000000     
 Checking number of events   23217.525940267999             6379  chi2:    1.3534013900951769     
 Found         6384  events.
 Wrote         6379  events.
 Actual xsec    30270173713.860313     
 Correct abs xsec    30270173713.860313     
 Event xsec    30270173713.864353     
 Events wgts > 1:            0
 % Cross section > 1:    0.0000000000000000        0.0000000000000000     
Warning xbin not returning correct x   1  0.998209E+00  0.100000E+01  0.1892E-04
Warning xbin not returning correct x   1  0.998464E+00  0.100000E+01  0.1892E-04
Warning xbin not returning correct x   1  0.998266E+00  0.100000E+01  0.1892E-04
 Iteration  7   Mean: 0.3026E+11 Abs mean: 0.3026E+11   Fluctuation:  0.125E+08   0.640E+11    99.8%
  7    0.3026E+11 0.3026E+11 +- 0.1251E+08      0.15
 Relative summed weights:
  0.1000E+01  0.0000E+00
 Relative number of events:
  0.1000E+01  0.0000E+00
 Events:
      128000           0
 Found        12866  events.
 Wrote        12861  events.
 Actual xsec    30258936301.792221     
 Correct abs xsec    30258936301.792221     
 Event xsec    30258936301.784782     
 Events wgts > 1:            0
 % Cross section > 1:    0.0000000000000000        0.0000000000000000     
 Checking number of events   23208.906732837651            12861  chi2:   0.44215115927516097     
 Found        12866  events.
 Wrote        12861  events.
 Actual xsec    30258936301.792221     
 Correct abs xsec    30258936301.792221     
 Event xsec    30258936301.784782     
 Events wgts > 1:            0
 % Cross section > 1:    0.0000000000000000        0.0000000000000000     
 Iteration  8   Mean: 0.3028E+11 Abs mean: 0.3028E+11   Fluctuation:  0.803E+07   0.958E+11    99.8%
  8    0.3028E+11 0.3028E+11 +- 0.8026E+07      0.13
 Relative summed weights:
  0.1000E+01  0.0000E+00
 Relative number of events:
  0.1000E+01  0.0000E+00
 Events:
      256000           0
 Found        25605  events.
 Wrote        25601  events.
 Actual xsec    30269080184.812126     
 Correct abs xsec    30269080184.812126     
 Event xsec    30269080184.801289     
 Events wgts > 1:            0
 % Cross section > 1:    0.0000000000000000        0.0000000000000000     
 Checking number of events   23216.687192552748            25601  chi2:    1.0608332653181680     

 -------------------------------------------------------------------------------
 Accumulated results:   Integral =  0.3027E+11
                        Std dev  =  0.6357E+07
                       Cross sec =  0.7807E+00
             Chi**2 per DoF.     =
-------------------------------------------------
---------------------------
 Results Last   3 iters: Integral =   0.3027E+11
                     Abs integral =   0.3027E+11
                          Std dev =   0.6458E+07
                  Chi**2 per DoF. =      1.0608
-------------------------------------------------
---------------------------
 Status -7.67009999999999984E-007           9           9
 We found enough events       25601   23216.687192552748     

ls status:
events.lhe
ftn25
ftn26
input_sg.txt
moffset.dat
results.dat
run_01_ftn26.gz
run_01_log.txt
run_01_results.dat
run_02_ftn26.gz
run_02_log.txt
run_02_results.dat
run_03_ftn26.gz
run_03_log.txt
run_03_results.dat
run_04_ftn26.gz
run_04_log.txt
run_04_results.dat
run_05_ftn26.gz
run_05_log.txt
run_05_results.dat
run_09_ftn26.gz
run_09_log.txt
run_09_results.dat
run_10_ftn26.gz
run_10_log.txt
run_10_results.dat
run1_app.log
