 Process in group number            0
 No PDF is used, alpha_s(MZ) from param_card is used
 Value of alpha_s from param_card:   0.11800000071525575     
 The default order of alpha_s running is fixed to            2
 *****************************************************
 *               MadGraph/MadEvent                   *
 *        --------------------------------           *
 *          http://madgraph.hep.uiuc.edu             *
 *          http://madgraph.phys.ucl.ac.be           *
 *          http://madgraph.roma2.infn.it            *
 *        --------------------------------           *
 *                                                   *
 *          PARAMETER AND COUPLING VALUES            *
 *                                                   *
 *****************************************************

  External Params
  ---------------------------------
  
 aEWM1 =    132.50700378417969     
 mdl_Gf =   1.16639000000000003E-005
 aS =   0.11800000071525575     
 mdl_ymb =    4.6999998092651367     
 mdl_ymt =    173.00000000000000     
 mdl_yme =   5.10999991092830896E-004
 mdl_ymm =   0.10565999895334244     
 mdl_ymtau =    1.7769999504089355     
 mdl_MZ =    91.188003540039063     
 mdl_MT =    173.00000000000000     
 mdl_MB =    4.6999998092651367     
 mdl_MH =    125.00000000000000     
 mdl_Me =   5.10999991092830896E-004
 mdl_MM =   0.10565999895334244     
 mdl_MTA =    1.7769999504089355     
 mdl_WZ =    2.4414041042327881     
 mdl_WW =    2.0476000308990479     
 mdl_WT =    1.4915000200271606     
 mdl_WH =   6.38233916833996773E-003
 mdl_WTau =   2.26999999999999982E-012
  Internal Params
  ---------------------------------
  
 mdl_conjg__CKM3x3 =    1.0000000000000000     
 mdl_CKM3x3 =    1.0000000000000000     
 mdl_conjg__CKM1x1 =    1.0000000000000000     
 mdl_complexi =  (  0.0000000000000000     ,  1.0000000000000000     )
 mdl_MZ__exp__2 =    8315.2519896181766     
 mdl_MZ__exp__4 =    69143415.650849044     
 mdl_sqrt__2 =    1.4142135623730951     
 mdl_MH__exp__2 =    15625.000000000000     
 mdl_aEW =   7.54677089845565054E-003
 mdl_MW =    80.419007276179556     
 mdl_sqrt__aEW =   8.68721526063194194E-002
 mdl_ee =   0.30795376284704501     
 mdl_MW__exp__2 =    6467.2167312862202     
 mdl_sw2 =   0.22224645274001076     
 mdl_cw =   0.88190336616887299     
 mdl_sqrt__sw2 =   0.47143022043565552     
 mdl_sw =   0.47143022043565552     
 mdl_g1 =   0.34919218438279087     
 mdl_gw =   0.65323296958447097     
 mdl_vev =    246.21845810181631     
 mdl_vev__exp__2 =    60623.529110035874     
 mdl_lam =   0.12886910601690271     
 mdl_yb =   2.69955531549349904E-002
 mdl_ye =   2.93504850670934038E-006
 mdl_ym =   6.06883028478528356E-004
 mdl_yt =   0.99366614581500645     
 mdl_ytau =   1.02066167158167895E-002
 mdl_muH =    88.388347648318444     
 mdl_I1x33 =  ( 2.69955531549349904E-002,  0.0000000000000000     )
 mdl_I2x33 =  ( 0.99366614581500645     ,  0.0000000000000000     )
 mdl_I3x33 =  ( 0.99366614581500645     ,  0.0000000000000000     )
 mdl_I4x33 =  ( 2.69955531549349904E-002,  0.0000000000000000     )
 mdl_ee__exp__2 =   9.48355200516540348E-002
 mdl_sw__exp__2 =   0.22224645274001076     
 mdl_cw__exp__2 =   0.77775354725998924     
  Internal Params evaluated point by point
  ----------------------------------------
  
 mdl_sqrt__aS =   0.34351128178744839     
 mdl_G__exp__2 =    1.4828317414825511     
  Couplings of sm-lepton_masses
  ---------------------------------
  
         GC_3 =  -0.00000E+00  -0.30795E+00
        GC_50 =  -0.00000E+00  -0.28804E+00
        GC_59 =   0.00000E+00   0.82310E-01
        GC_89 =  -0.00000E+00  -0.20754E-05

 Collider parameters:
 --------------------

 Running at e e   machine @   7.00000000000000067E-002  GeV
 PDF set = none   
 alpha_s(Mz)= 0.1180 running at 2 loops.
 alpha_s(Mz)= 0.1180 running at 2 loops.
 Renormalization scale fixed @    91.188000000000002     
 Factorization scales  fixed @    91.188000000000002        91.188000000000002     


 getting user params
Enter number of events and max and min iterations: 
 Number of events and iterations         2000           9           3
Enter desired fractional accuracy: 
 Desired fractional accuracy:  -5.51800000000000036E-006
Enter 0 for fixed, 2 for adjustable grid: 
Suppress amplitude (0 no, 1 yes)? 
 Using suppressed amplitude.
Exact helicity sum (0 yes, n = number/event)? 
 Explicitly summing over helicities
Enter Configuration Number: 
Running Configuration Number:   22
 Not subdividing B.W.
 Attempting mappinvarients           1           5
 Completed mapping           5
 about to integrate            5        2000           9           3           5           1
 Using non-zero grid deformation.
  5 dimensions   2000 events  5 invarients  9 iterations  1 config(s),  (0.99)
 Using h-tuple random number sequence.
 Error opening grid
 Using Uniform Grid!
 Using uniform alpha   1.0000000000000000     
 Grid defined OK
 Set CM energy to          0.07
 Mapping Graph          22  to config          22
Setting grid   1    0.53290E-04   1
Setting grid   2    0.53290E-04   1
 Masses: 0.511E-03 0.511E-03 0.000E+00 0.511E-03 0.511E-03
  22   1   2   3   4   5
 Got moffset          15
Using random seed offsets    22 :      1
  with seed                  150
 Ranmar initialization seeds        4188       26804
  Particle       3       4       5
      Et >     0.0     0.0     0.0
       E >     0.0     0.0     0.0
     Eta <    -1.0    -1.0    -1.0
   xqcut:      0.0     0.0     0.0
d R # 3  >    -0.0     0.0     0.0
d R # 4  >    -0.0    -0.0     0.4
s min # 3>     0.0     0.0     0.0
s min # 4>     0.0     0.0     0.0
xqcutij # 3>     0.0     0.0     0.0
xqcutij # 4>     0.0     0.0     0.0
 alpha_s for scale    91.188000000000002       is   0.11800000071525575     
 Added good helicity            1   8.7970029732542532       in event            1
 Added good helicity            2  2.76689446606891097E-006  in event            1
 Added good helicity            3  1.76317684246141181E-003  in event            1
 Added good helicity            5   5.2072969723396163       in event            1
 Added good helicity            6  2.98958160333455388E-006  in event            1
 Added good helicity            7  1.72454903756721802E-006  in event            1
 Added good helicity            9  2.78723208262696308E-006  in event            1
 Added good helicity           10  0.29423303086024177       in event            1
 Added good helicity           11  0.60711275958276112       in event            1
 Added good helicity           12  6.53912886929504432E-005  in event            1
 Added good helicity           13  2.25954017197770116E-004  in event            1
 Added good helicity           14  0.15845519547488476       in event            1
 Added good helicity           15  0.93383107620344363       in event            1
 Added good helicity           16  3.04441379021097247E-006  in event            1
 Added good helicity           17  3.04440997110431580E-006  in event            1
 Added good helicity           18  0.93383107675225152       in event            1
 Added good helicity           19  0.15845527378337890       in event            1
 Added good helicity           20  2.25953993769912779E-004  in event            1
 Added good helicity           21  6.53913062195519648E-005  in event            1
 Added good helicity           22  0.60711275924813457       in event            1
 Added good helicity           23  0.29423317667768040       in event            1
 Added good helicity           24  2.78722855752141136E-006  in event            1
 Added good helicity           26  1.72455152996690252E-006  in event            1
 Added good helicity           27  2.98957870536141697E-006  in event            1
 Added good helicity           28   5.2072969715889563       in event            1
 Added good helicity           30  1.76317691234063553E-003  in event            1
 Added good helicity           31  2.76689077820095299E-006  in event            1
 Added good helicity           32   8.7970029744251335       in event            1
 Added good helicity            4  5.85564884529918426E-006  in event            9
 Added good helicity           29  5.85564882756166382E-006  in event            9
 Iteration  1   Mean: 0.2433E+10 Abs mean: 0.2433E+10   Fluctuation:  0.161E+09   0.668E+11    83.2%
  1    0.2433E+10 0.2433E+10 +- 0.1607E+09      2.95
 Writing out events   162446.98441866442        2.9546160175198408     
 Relative summed weights:
  0.1000E+01  0.0000E+00
 Relative number of events:
  0.1000E+01  0.0000E+00
 Events:
        2000           0
 Iteration  2   Mean: 0.2454E+10 Abs mean: 0.2454E+10   Fluctuation:  0.673E+08   0.326E+11    86.8%
  2    0.2454E+10 0.2454E+10 +- 0.6733E+08      1.74
 Relative summed weights:
  0.1000E+01  0.0000E+00
 Relative number of events:
  0.1000E+01  0.0000E+00
 Events:
        4000           0
 Iteration  3   Mean: 0.2394E+10 Abs mean: 0.2394E+10   Fluctuation:  0.358E+08   0.401E+11    80.6%
  3    0.2394E+10 0.2394E+10 +- 0.3584E+08      1.34
 Relative summed weights:
  0.1000E+01  0.0000E+00
 Relative number of events:
  0.1000E+01  0.0000E+00
 Events:
        8000           0
 Found          974  events.
 Wrote          970  events.
 Actual xsec    2408451454.0413442     
 Correct abs xsec    2408451454.0413442     
 Event xsec    2408451454.0413876     
 Events wgts > 1:            8
 % Cross section > 1:    4926277.5909577440       0.20454128658858531     
 Checking number of events   13289.835123400138              970  chi2:   0.32609246200537367     
 Found          974  events.
 Wrote          970  events.
 Actual xsec    2408451454.0413442     
 Correct abs xsec    2408451454.0413442     
 Event xsec    2408451454.0413876     
 Events wgts > 1:            8
 % Cross section > 1:    4926277.5909577440       0.20454128658858531     
 Iteration  4   Mean: 0.2423E+10 Abs mean: 0.2423E+10   Fluctuation:  0.227E+08   0.437E+11    76.9%
  4    0.2423E+10 0.2423E+10 +- 0.2270E+08      1.19
 Relative summed weights:
  0.1000E+01  0.0000E+00
 Relative number of events:
  0.1000E+01  0.0000E+00
 Events:
       16000           0
 Found         2074  events.
 Wrote         2071  events.
 Actual xsec    2417817340.8374863     
 Correct abs xsec    2417817340.8374863     
 Event xsec    2417817340.8375349     
 Events wgts > 1:            9
 % Cross section > 1:    5151198.3211112330       0.21305159137153229     
 Checking number of events   13341.516086741251             2071  chi2:   0.39914934409482872     
 Found         2074  events.
 Wrote         2071  events.
 Actual xsec    2417817340.8374863     
 Correct abs xsec    2417817340.8374863     
 Event xsec    2417817340.8375349     
 Events wgts > 1:            9
 % Cross section > 1:    5151198.3211112330       0.21305159137153229     
 Iteration  5   Mean: 0.2420E+10 Abs mean: 0.2420E+10   Fluctuation:  0.152E+08   0.481E+11    73.6%
  5    0.2420E+10 0.2420E+10 +- 0.1522E+08      1.13
 Relative summed weights:
  0.1000E+01  0.0000E+00
 Relative number of events:
  0.1000E+01  0.0000E+00
 Events:
       32000           0
 Found         4337  events.
 Wrote         4332  events.
 Actual xsec    2418058010.9829793     
 Correct abs xsec    2418058010.9829793     
 Event xsec    2418058010.9829235     
 Events wgts > 1:           12
 % Cross section > 1:    4046211.4396860222       0.16733310041810229     
 Checking number of events   13342.844104604081             4332  chi2:   0.26570430930419797     
 Found         4337  events.
 Wrote         4332  events.
 Actual xsec    2418058010.9829793     
 Correct abs xsec    2418058010.9829793     
 Event xsec    2418058010.9829235     
 Events wgts > 1:           12
 % Cross section > 1:    4046211.4396860222       0.16733310041810229     
 Iteration  6   Mean: 0.2415E+10 Abs mean: 0.2415E+10   Fluctuation:  0.104E+08   0.534E+11    71.3%
  6    0.2415E+10 0.2415E+10 +- 0.1044E+08      1.09
 Relative summed weights:
  0.1000E+01  0.0000E+00
 Relative number of events:
  0.1000E+01  0.0000E+00
 Events:
       64000           0
 Found         8944  events.
 Wrote         8939  events.
 Actual xsec    2417292272.0577407     
 Correct abs xsec    2417292272.0577407     
 Event xsec    2417292272.0581393     
 Events wgts > 1:           41
 % Cross section > 1:    4204473.8541422132       0.17393320215111704     
 Checking number of events   13338.618757214614             8939  chi2:   7.95854051395191581E-002
 Found         8944  events.
 Wrote         8939  events.
 Actual xsec    2417292272.0577407     
 Correct abs xsec    2417292272.0577407     
 Event xsec    2417292272.0581393     
 Events wgts > 1:           41
 % Cross section > 1:    4204473.8541422132       0.17393320215111704     
 Iteration  7   Mean: 0.2414E+10 Abs mean: 0.2414E+10   Fluctuation:  0.751E+07   0.879E+11    68.9%
  7    0.2414E+10 0.2414E+10 +- 0.7509E+07      1.11
 Relative summed weights:
  0.1000E+01  0.0000E+00
 Relative number of events:
  0.1000E+01  0.0000E+00
 Events:
      128000           0
 Found        18481  events.
 Wrote        18476  events.
 Actual xsec    2414897319.6838398     
 Correct abs xsec    2414897319.6838398     
 Event xsec    2414897319.6844220     
 Events wgts > 1:          120
 % Cross section > 1:    8678810.8054085616       0.35938632813351690     
 Checking number of events   13325.403410015429            18476  chi2:   7.13723242895454857E-002

 -------------------------------------------------------------------------------
 Accumulated results:   Integral =  0.2415E+10
                        Std dev  =  0.5407E+07
                       Cross sec =  0.1630E+00
             Chi**2 per DoF.     =
-------------------------------------------------
---------------------------
 Results Last   3 iters: Integral =   0.2415E+10
                     Abs integral =   0.2415E+10
                          Std dev =   0.5659E+07
                  Chi**2 per DoF. =      0.0714
-------------------------------------------------
---------------------------
 Status -5.51800000000000036E-006           8           9
 We found enough events       18476   13325.403410015429     

ls status:
events.lhe
ftn25
ftn26
input_sg.txt
moffset.dat
results.dat
run_01_ftn26.gz
run_01_log.txt
run_01_results.dat
run_04_ftn26.gz
run_04_log.txt
run_04_results.dat
run_07_ftn26.gz
run_07_log.txt
run_07_results.dat
run1_app.log
