 Process in group number            0
 No PDF is used, alpha_s(MZ) from param_card is used
 Value of alpha_s from param_card:   0.11800000071525575     
 The default order of alpha_s running is fixed to            2
 *****************************************************
 *               MadGraph/MadEvent                   *
 *        --------------------------------           *
 *          http://madgraph.hep.uiuc.edu             *
 *          http://madgraph.phys.ucl.ac.be           *
 *          http://madgraph.roma2.infn.it            *
 *        --------------------------------           *
 *                                                   *
 *          PARAMETER AND COUPLING VALUES            *
 *                                                   *
 *****************************************************

  External Params
  ---------------------------------
  
 aEWM1 =    132.50700378417969     
 mdl_Gf =   1.16639000000000003E-005
 aS =   0.11800000071525575     
 mdl_ymb =    4.6999998092651367     
 mdl_ymt =    173.00000000000000     
 mdl_yme =   5.10999991092830896E-004
 mdl_ymm =   0.10565999895334244     
 mdl_ymtau =    1.7769999504089355     
 mdl_MZ =    91.188003540039063     
 mdl_MT =    173.00000000000000     
 mdl_MB =    4.6999998092651367     
 mdl_MH =    125.00000000000000     
 mdl_Me =   5.10999991092830896E-004
 mdl_MM =   0.10565999895334244     
 mdl_MTA =    1.7769999504089355     
 mdl_WZ =    2.4414041042327881     
 mdl_WW =    2.0476000308990479     
 mdl_WT =    1.4915000200271606     
 mdl_WH =   6.38233916833996773E-003
 mdl_WTau =   2.26999999999999982E-012
  Internal Params
  ---------------------------------
  
 mdl_conjg__CKM3x3 =    1.0000000000000000     
 mdl_CKM3x3 =    1.0000000000000000     
 mdl_conjg__CKM1x1 =    1.0000000000000000     
 mdl_complexi =  (  0.0000000000000000     ,  1.0000000000000000     )
 mdl_MZ__exp__2 =    8315.2519896181766     
 mdl_MZ__exp__4 =    69143415.650849044     
 mdl_sqrt__2 =    1.4142135623730951     
 mdl_MH__exp__2 =    15625.000000000000     
 mdl_aEW =   7.54677089845565054E-003
 mdl_MW =    80.419007276179556     
 mdl_sqrt__aEW =   8.68721526063194194E-002
 mdl_ee =   0.30795376284704501     
 mdl_MW__exp__2 =    6467.2167312862202     
 mdl_sw2 =   0.22224645274001076     
 mdl_cw =   0.88190336616887299     
 mdl_sqrt__sw2 =   0.47143022043565552     
 mdl_sw =   0.47143022043565552     
 mdl_g1 =   0.34919218438279087     
 mdl_gw =   0.65323296958447097     
 mdl_vev =    246.21845810181631     
 mdl_vev__exp__2 =    60623.529110035874     
 mdl_lam =   0.12886910601690271     
 mdl_yb =   2.69955531549349904E-002
 mdl_ye =   2.93504850670934038E-006
 mdl_ym =   6.06883028478528356E-004
 mdl_yt =   0.99366614581500645     
 mdl_ytau =   1.02066167158167895E-002
 mdl_muH =    88.388347648318444     
 mdl_I1x33 =  ( 2.69955531549349904E-002,  0.0000000000000000     )
 mdl_I2x33 =  ( 0.99366614581500645     ,  0.0000000000000000     )
 mdl_I3x33 =  ( 0.99366614581500645     ,  0.0000000000000000     )
 mdl_I4x33 =  ( 2.69955531549349904E-002,  0.0000000000000000     )
 mdl_ee__exp__2 =   9.48355200516540348E-002
 mdl_sw__exp__2 =   0.22224645274001076     
 mdl_cw__exp__2 =   0.77775354725998924     
  Internal Params evaluated point by point
  ----------------------------------------
  
 mdl_sqrt__aS =   0.34351128178744839     
 mdl_G__exp__2 =    1.4828317414825511     
  Couplings of sm-lepton_masses
  ---------------------------------
  
         GC_3 =  -0.00000E+00  -0.30795E+00

 Collider parameters:
 --------------------

 Running at e e   machine @   7.00000000000000067E-002  GeV
 PDF set = none   
 alpha_s(Mz)= 0.1180 running at 2 loops.
 alpha_s(Mz)= 0.1180 running at 2 loops.
 Renormalization scale fixed @    91.188000000000002     
 Factorization scales  fixed @    91.188000000000002        91.188000000000002     


 getting user params
Enter number of events and max and min iterations: 
 Number of events and iterations         2000           9           3
Enter desired fractional accuracy: 
 Desired fractional accuracy:  -3.08659999999999989E-005
Enter 0 for fixed, 2 for adjustable grid: 
Suppress amplitude (0 no, 1 yes)? 
 Using suppressed amplitude.
Exact helicity sum (0 yes, n = number/event)? 
 Explicitly summing over helicities
Enter Configuration Number: 
Running Configuration Number:    1
 Not subdividing B.W.
 Attempting mappinvarients           1           4
 Completed mapping           4
 about to integrate            2        2000           9           3           2           1
 Using non-zero grid deformation.
  2 dimensions   2000 events  2 invarients  9 iterations  1 config(s),  (0.99)
 Using h-tuple random number sequence.
 Error opening grid
 Using Uniform Grid!
 Using uniform alpha   1.0000000000000000     
 Grid defined OK
 Set CM energy to          0.07
 Mapping Graph           1  to config           1
Setting grid   1    0.18367E-02   1
 Masses: 0.511E-03 0.511E-03 0.000E+00 0.000E+00
   1   1   2
 Got moffset          12
Using random seed offsets     1 :      1
  with seed                  138
 Ranmar initialization seeds       19620       17320
  Particle       3       4
      Et >     0.0     0.0
       E >     0.0     0.0
     Eta <    -1.0    -1.0
   xqcut:      0.0     0.0
d R # 3  >    -0.0     0.0
s min # 3>     0.0     0.0
xqcutij # 3>     0.0     0.0
 alpha_s for scale    91.188000000000002       is   0.11800000071525575     
 Added good helicity            1  7.13101247147631626E-003  in event            1
 Added good helicity            2  1.37190424696631520E-004  in event            1
 Added good helicity            3  1.37190424696631466E-004  in event            1
 Added good helicity            6   7.9404280352463728       in event            1
 Added good helicity            7  5.21665714125023883E-002  in event            1
 Added good helicity           10  5.21665714125023883E-002  in event            1
 Added good helicity           11   7.9404280352463728       in event            1
 Added good helicity           14  1.37190424696631466E-004  in event            1
 Added good helicity           15  1.37190424696631520E-004  in event            1
 Added good helicity           16  7.13101247147631626E-003  in event            1
 Iteration  1   Mean: 0.1510E+09 Abs mean: 0.1510E+09   Fluctuation:  0.171E+07   0.185E+09    90.3%
  1    0.1510E+09 0.1510E+09 +- 0.1713E+07      0.51
 Writing out events   9288.3136667657673       0.50737171244916091     
 Relative summed weights:
  0.5057E+00  0.0000E+00
  0.4943E+00  0.0000E+00
 Relative number of events:
  0.5010E+00  0.0000E+00
  0.4990E+00  0.0000E+00
 Events:
        1002           0
         998           0
 Iteration  2   Mean: 0.1501E+09 Abs mean: 0.1501E+09   Fluctuation:  0.532E+06   0.237E+09    99.4%
  2    0.1501E+09 0.1501E+09 +- 0.5319E+06      0.22
 Relative summed weights:
  0.5073E+00  0.0000E+00
  0.4927E+00  0.0000E+00
 Relative number of events:
  0.5072E+00  0.0000E+00
  0.4928E+00  0.0000E+00
 Events:
        2029           0
        1971           0
 Iteration  3   Mean: 0.1502E+09 Abs mean: 0.1502E+09   Fluctuation:  0.266E+06   0.199E+09    99.7%
  3    0.1502E+09 0.1502E+09 +- 0.2665E+06      0.16
 Relative summed weights:
  0.4982E+00  0.0000E+00
  0.5018E+00  0.0000E+00
 Relative number of events:
  0.4990E+00  0.0000E+00
  0.5010E+00  0.0000E+00
 Events:
        3992           0
        4008           0
 Found          810  events.
 Wrote          805  events.
 Actual xsec    150236462.96667850     
 Correct abs xsec    150236462.96667850     
 Event xsec    150236462.96667957     
 Events wgts > 1:            0
 % Cross section > 1:    0.0000000000000000        0.0000000000000000     
 Checking number of events   4637.1986659294980              805  chi2:   0.10355440532919241     
 Found          810  events.
 Wrote          805  events.
 Actual xsec    150236462.96667850     
 Correct abs xsec    150236462.96667850     
 Event xsec    150236462.96667957     
 Events wgts > 1:            0
 % Cross section > 1:    0.0000000000000000        0.0000000000000000     
 Iteration  4   Mean: 0.1498E+09 Abs mean: 0.1498E+09   Fluctuation:  0.148E+06   0.184E+09    99.8%
  4    0.1498E+09 0.1498E+09 +- 0.1480E+06      0.12
 Relative summed weights:
  0.4955E+00  0.0000E+00
  0.5045E+00  0.0000E+00
 Relative number of events:
  0.4963E+00  0.0000E+00
  0.5038E+00  0.0000E+00
 Events:
        7940           0
        8060           0
 Found         1588  events.
 Wrote         1584  events.
 Actual xsec    149952417.83089057     
 Correct abs xsec    149952417.83089057     
 Event xsec    149952417.83089477     
 Events wgts > 1:            0
 % Cross section > 1:    0.0000000000000000        0.0000000000000000     
 Checking number of events   4628.4313287682680             1584  chi2:   0.90361915681696414     
 Found         1588  events.
 Wrote         1584  events.
 Actual xsec    149952417.83089057     
 Correct abs xsec    149952417.83089057     
 Event xsec    149952417.83089477     
 Events wgts > 1:            0
 % Cross section > 1:    0.0000000000000000        0.0000000000000000     
Warning xbin not returning correct x   1  0.998839E+00  0.100000E+01  0.8060E-04
 Iteration  5   Mean: 0.1500E+09 Abs mean: 0.1500E+09   Fluctuation:  0.853E+05   0.184E+09    99.8%
  5    0.1500E+09 0.1500E+09 +- 0.8531E+05      0.10
 Relative summed weights:
  0.4999E+00  0.0000E+00
  0.5001E+00  0.0000E+00
 Relative number of events:
  0.5000E+00  0.0000E+00
  0.5000E+00  0.0000E+00
 Events:
       15999           0
       16001           0
 Found         3205  events.
 Wrote         3200  events.
 Actual xsec    149950646.79841697     
 Correct abs xsec    149950646.79841697     
 Event xsec    149950646.79841977     
 Events wgts > 1:            0
 % Cross section > 1:    0.0000000000000000        0.0000000000000000     
 Checking number of events   4628.3766640799377             3200  chi2:   0.83616461389333596     
 Found         3205  events.
 Wrote         3200  events.
 Actual xsec    149950646.79841697     
 Correct abs xsec    149950646.79841697     
 Event xsec    149950646.79841977     
 Events wgts > 1:            0
 % Cross section > 1:    0.0000000000000000        0.0000000000000000     
Warning xbin not returning correct x   1  0.998489E+00  0.100000E+01  0.8490E-04
 Iteration  6   Mean: 0.1499E+09 Abs mean: 0.1499E+09   Fluctuation:  0.592E+05   0.212E+09    99.8%
  6    0.1499E+09 0.1499E+09 +- 0.5917E+05      0.10
 Relative summed weights:
  0.4980E+00  0.0000E+00
  0.5020E+00  0.0000E+00
 Relative number of events:
  0.4981E+00  0.0000E+00
  0.5019E+00  0.0000E+00
 Events:
       31880           0
       32120           0
 Found         6378  events.
 Wrote         6374  events.
 Actual xsec    149930119.21029869     
 Correct abs xsec    149930119.21029869     
 Event xsec    149930119.21028709     
 Events wgts > 1:            0
 % Cross section > 1:    0.0000000000000000        0.0000000000000000     
 Checking number of events   4627.7430595450787             6374  chi2:   0.19717742954513370     

 -------------------------------------------------------------------------------
 Accumulated results:   Integral =  0.1499E+09
                        Std dev  =  0.4533E+05
                       Cross sec =  0.4466E+00
             Chi**2 per DoF.     =
-------------------------------------------------
---------------------------
 Results Last   3 iters: Integral =   0.1499E+09
                     Abs integral =   0.1499E+09
                          Std dev =   0.4619E+05
                  Chi**2 per DoF. =      0.1972
-------------------------------------------------
---------------------------
 Status -3.08659999999999989E-005           7           9
 We found enough events        6374   4627.7430595450787     

ls status:
2gamma10k_ftn26.gz
2gamma10k_log.txt
2gamma10k_results.dat
events.lhe
ftn25
ftn26
input_sg.txt
moffset.dat
results.dat
run_01_ftn26.gz
run_01_log.txt
run_01_results.dat
run_02_ftn26.gz
run_02_log.txt
run_02_results.dat
run_03_ftn26.gz
run_03_log.txt
run_03_results.dat
run_04_ftn26.gz
run_04_log.txt
run_04_results.dat
run_05_ftn26.gz
run_05_log.txt
run_05_results.dat
run_06_ftn26.gz
run_06_log.txt
run_06_results.dat
run_07_ftn26.gz
run_07_log.txt
run_07_results.dat
run_08_ftn26.gz
run_08_log.txt
run_08_results.dat
run_09_ftn26.gz
run_09_log.txt
run_09_results.dat
run1_app.log
