 Process in group number            0
 No PDF is used, alpha_s(MZ) from param_card is used
 Value of alpha_s from param_card:   0.11800000071525575     
 The default order of alpha_s running is fixed to            2
 *****************************************************
 *               MadGraph/MadEvent                   *
 *        --------------------------------           *
 *          http://madgraph.hep.uiuc.edu             *
 *          http://madgraph.phys.ucl.ac.be           *
 *          http://madgraph.roma2.infn.it            *
 *        --------------------------------           *
 *                                                   *
 *          PARAMETER AND COUPLING VALUES            *
 *                                                   *
 *****************************************************

  External Params
  ---------------------------------
  
 aEWM1 =    132.50700378417969     
 mdl_Gf =   1.16639000000000003E-005
 aS =   0.11800000071525575     
 mdl_ymb =    4.6999998092651367     
 mdl_ymt =    173.00000000000000     
 mdl_yme =   5.10999991092830896E-004
 mdl_ymm =   0.10565999895334244     
 mdl_ymtau =    1.7769999504089355     
 mdl_MZ =    91.188003540039063     
 mdl_MT =    173.00000000000000     
 mdl_MB =    4.6999998092651367     
 mdl_MH =    125.00000000000000     
 mdl_Me =   5.10999991092830896E-004
 mdl_MM =   0.10565999895334244     
 mdl_MTA =    1.7769999504089355     
 mdl_WZ =    2.4414041042327881     
 mdl_WW =    2.0476000308990479     
 mdl_WT =    1.4915000200271606     
 mdl_WH =   6.38233916833996773E-003
 mdl_WTau =   2.26999999999999982E-012
  Internal Params
  ---------------------------------
  
 mdl_conjg__CKM3x3 =    1.0000000000000000     
 mdl_CKM3x3 =    1.0000000000000000     
 mdl_conjg__CKM1x1 =    1.0000000000000000     
 mdl_complexi =  (  0.0000000000000000     ,  1.0000000000000000     )
 mdl_MZ__exp__2 =    8315.2519896181766     
 mdl_MZ__exp__4 =    69143415.650849044     
 mdl_sqrt__2 =    1.4142135623730951     
 mdl_MH__exp__2 =    15625.000000000000     
 mdl_aEW =   7.54677089845565054E-003
 mdl_MW =    80.419007276179556     
 mdl_sqrt__aEW =   8.68721526063194194E-002
 mdl_ee =   0.30795376284704501     
 mdl_MW__exp__2 =    6467.2167312862202     
 mdl_sw2 =   0.22224645274001076     
 mdl_cw =   0.88190336616887299     
 mdl_sqrt__sw2 =   0.47143022043565552     
 mdl_sw =   0.47143022043565552     
 mdl_g1 =   0.34919218438279087     
 mdl_gw =   0.65323296958447097     
 mdl_vev =    246.21845810181631     
 mdl_vev__exp__2 =    60623.529110035874     
 mdl_lam =   0.12886910601690271     
 mdl_yb =   2.69955531549349904E-002
 mdl_ye =   2.93504850670934038E-006
 mdl_ym =   6.06883028478528356E-004
 mdl_yt =   0.99366614581500645     
 mdl_ytau =   1.02066167158167895E-002
 mdl_muH =    88.388347648318444     
 mdl_I1x33 =  ( 2.69955531549349904E-002,  0.0000000000000000     )
 mdl_I2x33 =  ( 0.99366614581500645     ,  0.0000000000000000     )
 mdl_I3x33 =  ( 0.99366614581500645     ,  0.0000000000000000     )
 mdl_I4x33 =  ( 2.69955531549349904E-002,  0.0000000000000000     )
 mdl_ee__exp__2 =   9.48355200516540348E-002
 mdl_sw__exp__2 =   0.22224645274001076     
 mdl_cw__exp__2 =   0.77775354725998924     
  Internal Params evaluated point by point
  ----------------------------------------
  
 mdl_sqrt__aS =   0.34351128178744839     
 mdl_G__exp__2 =    1.4828317414825511     
  Couplings of sm-lepton_masses
  ---------------------------------
  
         GC_3 =  -0.00000E+00  -0.30795E+00
        GC_50 =  -0.00000E+00  -0.28804E+00
        GC_59 =   0.00000E+00   0.82310E-01
        GC_89 =  -0.00000E+00  -0.20754E-05

 Collider parameters:
 --------------------

 Running at e e   machine @   7.00000000000000067E-002  GeV
 PDF set = none   
 alpha_s(Mz)= 0.1180 running at 2 loops.
 alpha_s(Mz)= 0.1180 running at 2 loops.
 Renormalization scale fixed @    91.188000000000002     
 Factorization scales  fixed @    91.188000000000002        91.188000000000002     


 getting user params
Enter number of events and max and min iterations: 
 Number of events and iterations         1000           5           3
Enter desired fractional accuracy: 
 Desired fractional accuracy:   0.10000000000000001     
Enter 0 for fixed, 2 for adjustable grid: 
Suppress amplitude (0 no, 1 yes)? 
 Using suppressed amplitude.
Exact helicity sum (0 yes, n = number/event)? 
 Explicitly summing over helicities
Enter Configuration Number: 
Running Configuration Number:   11
 Using dconfig=           2
 BW Setting            2           0           0
 Attempting mappinvarients           1           5
 Completed mapping           5
 about to integrate            5        1000           5           3           5           1
 Using non-zero grid deformation.
  5 dimensions   1000 events  5 invarients  5 iterations  1 config(s),  (0.99)
 Using h-tuple random number sequence.
 Error opening grid
 Using Uniform Grid!
 Using uniform alpha   1.0000000000000000     
 Grid defined OK
 Set CM energy to          0.07
 Mapping Graph          11  to config          11
Setting grid   1    0.21316E-03   1
Setting grid   2    0.18367E-04   1
 Masses: 0.511E-03 0.511E-03 0.000E+00 0.511E-03 0.511E-03
  11   1   2   3   4   5
Using random seed offsets    11 :      1
  with seed                  147
 Ranmar initialization seeds       30601        9526
  Particle       3       4       5
      Et >     0.0     0.0     0.0
       E >     0.0     0.0     0.0
     Eta <    -1.0    -1.0    -1.0
   xqcut:      0.0     0.0     0.0
d R # 3  >    -0.0     0.0     0.0
d R # 4  >    -0.0    -0.0     0.4
s min # 3>     0.0     0.0     0.0
s min # 4>     0.0     0.0     0.0
xqcutij # 3>     0.0     0.0     0.0
xqcutij # 4>     0.0     0.0     0.0
 Excluding BW           -1           1
 alpha_s for scale    91.188000000000002       is   0.11800000071525575     
 Added good helicity            1   11.267770415843849       in event            1
 Added good helicity            2  7.04273393974494677E-002  in event            1
 Added good helicity            3  2.12597344513082475E-003  in event            1
 Added good helicity            5   1.1310537318130893       in event            1
 Added good helicity            6  1.17102647201684272E-004  in event            1
 Added good helicity            7  7.64723496701096285E-006  in event            1
 Added good helicity            9  4.16296631004607666E-006  in event            1
 Added good helicity           10  8.02044903951972810E-002  in event            1
 Added good helicity           11   2.8485595194143358       in event            1
 Added good helicity           12  0.28213035452043922       in event            1
 Added good helicity           14  6.63093750222574618E-003  in event            1
 Added good helicity           15  0.31092476366586519       in event            1
 Added good helicity           16  4.28262194939563217E-005  in event            1
 Added good helicity           17  4.28262149573361780E-005  in event            1
 Added good helicity           18  0.31092476359246474       in event            1
 Added good helicity           19  6.63093965095370910E-003  in event            1
 Added good helicity           21  0.28213035553495419       in event            1
 Added good helicity           22   2.8485595204573282       in event            1
 Added good helicity           23  8.02045163852638660E-002  in event            1
 Added good helicity           24  4.16296402558705402E-006  in event            1
 Added good helicity           26  7.64723333451163440E-006  in event            1
 Added good helicity           27  1.17102641275154077E-004  in event            1
 Added good helicity           28   1.1310537319475673       in event            1
 Added good helicity           30  2.12597278508140771E-003  in event            1
 Added good helicity           31  7.04273397407684520E-002  in event            1
 Added good helicity           32   11.267770415690864       in event            1
 Added good helicity           13  5.12018365700993468E-003  in event            3
 Added good helicity           20  5.12018501809091177E-003  in event            3
 Added good helicity            4  1.71288989229045259E-006  in event           15
 Added good helicity           29  1.71288989176606910E-006  in event           15
 Iteration  1   Mean: 0.7710E-28 Abs mean: 0.7710E-28   Fluctuation:  0.171E-28   0.899E-26    65.8%
  1    0.7710E-28 0.7710E-28 +- 0.1712E-28      7.02
 Writing out events  2.34218141240700022E-032   7.0233269243447589     
 Relative summed weights:
  0.1000E+01  0.0000E+00
 Relative number of events:
  0.1000E+01  0.0000E+00
 Events:
        1000           0
 Iteration  2   Mean: 0.7540E-28 Abs mean: 0.7540E-28   Fluctuation:  0.357E-29   0.171E-26    89.2%
  2    0.7540E-28 0.7540E-28 +- 0.3571E-29      2.12
 Relative summed weights:
  0.1000E+01  0.0000E+00
 Relative number of events:
  0.1000E+01  0.0000E+00
 Events:
        2000           0
 Iteration  3   Mean: 0.7876E-28 Abs mean: 0.7876E-28   Fluctuation:  0.164E-29   0.110E-26    88.3%
  3    0.7876E-28 0.7876E-28 +- 0.1636E-29      1.31
 Relative summed weights:
  0.1000E+01  0.0000E+00
 Relative number of events:
  0.1000E+01  0.0000E+00
 Events:
        4000           0
 Accuracy:    0.011   0.100   0.019   0.345
 Finished due to accuracy   1.11422146740082339E-002  0.10000000000000001     

 -------------------------------------------------------------------------------
 Accumulated results:   Integral =  0.7821E-28
                        Std dev  =  0.1483E-29
                       Cross sec =  0.7821E-28
             Chi**2 per DoF.     =      0.3455
 -------------------------------------------------------------------------------
 Found          451  events.
 Wrote          447  events.
 Actual xsec   7.82071692635906425E-029
 Correct abs xsec   7.82071692635906425E-029
 Event xsec   7.82071692635899362E-029
 Events wgts > 1:            9
 % Cross section > 1:   5.11833407585045966E-031  0.65445842421422962     
-------------------------------------------------
---------------------------
 Results Last   3 iters: Integral =   0.7821E-28
                     Abs integral =   0.7821E-28
                          Std dev =   0.1483E-29
                  Chi**2 per DoF. =      0.3664
-------------------------------------------------
---------------------------
 Status  0.10000000000000001                4           5

ls status:
events.lhe
input_app.txt
multijob.dat
results.dat
run_01_log.txt
run_01_results.dat
run_02_log.txt
run_02_results.dat
run_03_log.txt
run_03_results.dat
run_04_log.txt
run_04_results.dat
run_05_log.txt
run_05_results.dat
run_06_log.txt
run_06_results.dat
run_07_log.txt
run_07_results.dat
run1_app.log
