 Process in group number            0
 No PDF is used, alpha_s(MZ) from param_card is used
 Value of alpha_s from param_card:   0.11800000071525575     
 The default order of alpha_s running is fixed to            2
 *****************************************************
 *               MadGraph/MadEvent                   *
 *        --------------------------------           *
 *          http://madgraph.hep.uiuc.edu             *
 *          http://madgraph.phys.ucl.ac.be           *
 *          http://madgraph.roma2.infn.it            *
 *        --------------------------------           *
 *                                                   *
 *          PARAMETER AND COUPLING VALUES            *
 *                                                   *
 *****************************************************

  External Params
  ---------------------------------
  
 aEWM1 =    132.50700378417969     
 mdl_Gf =   1.16639000000000003E-005
 aS =   0.11800000071525575     
 mdl_ymb =    4.6999998092651367     
 mdl_ymt =    173.00000000000000     
 mdl_yme =   5.10999991092830896E-004
 mdl_ymm =   0.10565999895334244     
 mdl_ymtau =    1.7769999504089355     
 mdl_MZ =    91.188003540039063     
 mdl_MT =    173.00000000000000     
 mdl_MB =    4.6999998092651367     
 mdl_MH =    125.00000000000000     
 mdl_Me =   5.10999991092830896E-004
 mdl_MM =   0.10565999895334244     
 mdl_MTA =    1.7769999504089355     
 mdl_WZ =    2.4414041042327881     
 mdl_WW =    2.0476000308990479     
 mdl_WT =    1.4915000200271606     
 mdl_WH =   6.38233916833996773E-003
 mdl_WTau =   2.26999999999999982E-012
  Internal Params
  ---------------------------------
  
 mdl_conjg__CKM3x3 =    1.0000000000000000     
 mdl_CKM3x3 =    1.0000000000000000     
 mdl_conjg__CKM1x1 =    1.0000000000000000     
 mdl_complexi =  (  0.0000000000000000     ,  1.0000000000000000     )
 mdl_MZ__exp__2 =    8315.2519896181766     
 mdl_MZ__exp__4 =    69143415.650849044     
 mdl_sqrt__2 =    1.4142135623730951     
 mdl_MH__exp__2 =    15625.000000000000     
 mdl_aEW =   7.54677089845565054E-003
 mdl_MW =    80.419007276179556     
 mdl_sqrt__aEW =   8.68721526063194194E-002
 mdl_ee =   0.30795376284704501     
 mdl_MW__exp__2 =    6467.2167312862202     
 mdl_sw2 =   0.22224645274001076     
 mdl_cw =   0.88190336616887299     
 mdl_sqrt__sw2 =   0.47143022043565552     
 mdl_sw =   0.47143022043565552     
 mdl_g1 =   0.34919218438279087     
 mdl_gw =   0.65323296958447097     
 mdl_vev =    246.21845810181631     
 mdl_vev__exp__2 =    60623.529110035874     
 mdl_lam =   0.12886910601690271     
 mdl_yb =   2.69955531549349904E-002
 mdl_ye =   2.93504850670934038E-006
 mdl_ym =   6.06883028478528356E-004
 mdl_yt =   0.99366614581500645     
 mdl_ytau =   1.02066167158167895E-002
 mdl_muH =    88.388347648318444     
 mdl_I1x33 =  ( 2.69955531549349904E-002,  0.0000000000000000     )
 mdl_I2x33 =  ( 0.99366614581500645     ,  0.0000000000000000     )
 mdl_I3x33 =  ( 0.99366614581500645     ,  0.0000000000000000     )
 mdl_I4x33 =  ( 2.69955531549349904E-002,  0.0000000000000000     )
 mdl_ee__exp__2 =   9.48355200516540348E-002
 mdl_sw__exp__2 =   0.22224645274001076     
 mdl_cw__exp__2 =   0.77775354725998924     
  Internal Params evaluated point by point
  ----------------------------------------
  
 mdl_sqrt__aS =   0.34351128178744839     
 mdl_G__exp__2 =    1.4828317414825511     
  Couplings of sm-lepton_masses
  ---------------------------------
  
         GC_3 =  -0.00000E+00  -0.30795E+00
        GC_50 =  -0.00000E+00  -0.28804E+00
        GC_59 =   0.00000E+00   0.82310E-01
        GC_89 =  -0.00000E+00  -0.20754E-05

 Collider parameters:
 --------------------

 Running at e e   machine @   7.00000000000000067E-002  GeV
 PDF set = none   
 alpha_s(Mz)= 0.1180 running at 2 loops.
 alpha_s(Mz)= 0.1180 running at 2 loops.
 Renormalization scale fixed @    91.188000000000002     
 Factorization scales  fixed @    91.188000000000002        91.188000000000002     


 getting user params
Enter number of events and max and min iterations: 
 Number of events and iterations         2000           9           3
Enter desired fractional accuracy: 
 Desired fractional accuracy:  -5.51800000000000036E-006
Enter 0 for fixed, 2 for adjustable grid: 
Suppress amplitude (0 no, 1 yes)? 
 Using suppressed amplitude.
Exact helicity sum (0 yes, n = number/event)? 
 Explicitly summing over helicities
Enter Configuration Number: 
Running Configuration Number:   16
 Not subdividing B.W.
 Attempting mappinvarients           1           5
 Completed mapping           5
 about to integrate            5        2000           9           3           5           1
 Using non-zero grid deformation.
  5 dimensions   2000 events  5 invarients  9 iterations  1 config(s),  (0.99)
 Using h-tuple random number sequence.
 Error opening grid
 Using Uniform Grid!
 Using uniform alpha   1.0000000000000000     
 Grid defined OK
 Set CM energy to          0.07
 Mapping Graph          16  to config          16
Setting grid   1    0.53290E-04   1
Setting grid   2    0.53290E-04   1
 Masses: 0.511E-03 0.511E-03 0.000E+00 0.511E-03 0.511E-03
  16   1   2   3   4   5
 Got moffset          16
Using random seed offsets    16 :      1
  with seed                  150
 Ranmar initialization seeds        4182       29961
  Particle       3       4       5
      Et >     0.0     0.0     0.0
       E >     0.0     0.0     0.0
     Eta <    -1.0    -1.0    -1.0
   xqcut:      0.0     0.0     0.0
d R # 3  >    -0.0     0.0     0.0
d R # 4  >    -0.0    -0.0     0.4
s min # 3>     0.0     0.0     0.0
s min # 4>     0.0     0.0     0.0
xqcutij # 3>     0.0     0.0     0.0
xqcutij # 4>     0.0     0.0     0.0
 alpha_s for scale    91.188000000000002       is   0.11800000071525575     
 Added good helicity            1   13.131652728118807       in event            1
 Added good helicity            2  7.75372695896474969E-004  in event            1
 Added good helicity            3  0.12760381253820158       in event            1
 Added good helicity            5  9.85197232360908032E-002  in event            1
 Added good helicity            6  3.01240427986601287E-005  in event            1
 Added good helicity            7  6.31712953997623400E-006  in event            1
 Added good helicity            9  1.38585517081224615E-004  in event            1
 Added good helicity           10  0.46569232702665830       in event            1
 Added good helicity           12  4.06356278157900784E-003  in event            1
 Added good helicity           13  4.25738157620004620E-003  in event            1
 Added good helicity           14   2.1426712810038033       in event            1
 Added good helicity           15  2.45816996251745877E-002  in event            1
 Added good helicity           16  6.46040708428031103E-006  in event            1
 Added good helicity           17  6.46040708797603182E-006  in event            1
 Added good helicity           18  2.45816995959363058E-002  in event            1
 Added good helicity           19   2.1426712803006525       in event            1
 Added good helicity           20  4.25738157088806010E-003  in event            1
 Added good helicity           21  4.06356278737656472E-003  in event            1
 Added good helicity           23  0.46569232746237288       in event            1
 Added good helicity           24  1.38585517213320013E-004  in event            1
 Added good helicity           26  6.31712944333002629E-006  in event            1
 Added good helicity           27  3.01240428232032438E-005  in event            1
 Added good helicity           28  9.85197232657051836E-002  in event            1
 Added good helicity           30  0.12760381259966186       in event            1
 Added good helicity           31  7.75372698682951422E-004  in event            1
 Added good helicity           32   13.131652724135657       in event            1
 Added good helicity           11  0.89072101397546755       in event            7
 Added good helicity           22  0.89072101396837389       in event            7
 Added good helicity            4  1.60590952400640922E-005  in event           13
 Added good helicity           29  1.60590928290614948E-005  in event           13
 Iteration  1   Mean: 0.2388E+10 Abs mean: 0.2388E+10   Fluctuation:  0.155E+09   0.786E+11    83.5%
  1    0.2388E+10 0.2388E+10 +- 0.1550E+09      2.90
 Writing out events   158951.50966075549        2.9026998248619900     
 Relative summed weights:
  0.1000E+01  0.0000E+00
 Relative number of events:
  0.1000E+01  0.0000E+00
 Events:
        2000           0
 Iteration  2   Mean: 0.2346E+10 Abs mean: 0.2346E+10   Fluctuation:  0.648E+08   0.417E+11    86.7%
  2    0.2346E+10 0.2346E+10 +- 0.6475E+08      1.75
 Relative summed weights:
  0.1000E+01  0.0000E+00
 Relative number of events:
  0.1000E+01  0.0000E+00
 Events:
        4000           0
 Iteration  3   Mean: 0.2413E+10 Abs mean: 0.2413E+10   Fluctuation:  0.369E+08   0.419E+11    82.3%
  3    0.2413E+10 0.2413E+10 +- 0.3690E+08      1.37
 Relative summed weights:
  0.1000E+01  0.0000E+00
 Relative number of events:
  0.1000E+01  0.0000E+00
 Events:
        8000           0
 Found          994  events.
 Wrote          989  events.
 Actual xsec    2396849037.5871859     
 Correct abs xsec    2396849037.5871859     
 Event xsec    2396849037.5871863     
 Events wgts > 1:           16
 % Cross section > 1:    6256403.3046276215       0.26102617255051225     
 Checking number of events   13225.812989406093              989  chi2:   0.40337814887833656     
 Found          994  events.
 Wrote          989  events.
 Actual xsec    2396849037.5871859     
 Correct abs xsec    2396849037.5871859     
 Event xsec    2396849037.5871863     
 Events wgts > 1:           16
 % Cross section > 1:    6256403.3046276215       0.26102617255051225     
 Iteration  4   Mean: 0.2416E+10 Abs mean: 0.2416E+10   Fluctuation:  0.230E+08   0.513E+11    78.2%
  4    0.2416E+10 0.2416E+10 +- 0.2302E+08      1.21
 Relative summed weights:
  0.1000E+01  0.0000E+00
 Relative number of events:
  0.1000E+01  0.0000E+00
 Events:
       16000           0
 Found         2032  events.
 Wrote         2027  events.
 Actual xsec    2409438600.1831241     
 Correct abs xsec    2409438600.1831241     
 Event xsec    2409438600.1831169     
 Events wgts > 1:           10
 % Cross section > 1:    4447294.0245406087       0.18457801847295943     
 Checking number of events   13295.282195810480             2027  chi2:   0.51919156303227576     
 Found         2032  events.
 Wrote         2027  events.
 Actual xsec    2409438600.1831241     
 Correct abs xsec    2409438600.1831241     
 Event xsec    2409438600.1831169     
 Events wgts > 1:           10
 % Cross section > 1:    4447294.0245406087       0.18457801847295943     
 Iteration  5   Mean: 0.2422E+10 Abs mean: 0.2422E+10   Fluctuation:  0.152E+08   0.342E+11    75.1%
  5    0.2422E+10 0.2422E+10 +- 0.1518E+08      1.12
 Relative summed weights:
  0.1000E+01  0.0000E+00
 Relative number of events:
  0.1000E+01  0.0000E+00
 Events:
       32000           0
 Found         4314  events.
 Wrote         4310  events.
 Actual xsec    2419043671.9402409     
 Correct abs xsec    2419043671.9402409     
 Event xsec    2419043671.9401827     
 Events wgts > 1:           19
 % Cross section > 1:    2490747.2669971776       0.10296412982901981     
 Checking number of events   13348.282981766250             4310  chi2:   3.83344063707110744E-002
 Found         4314  events.
 Wrote         4310  events.
 Actual xsec    2419043671.9402409     
 Correct abs xsec    2419043671.9402409     
 Event xsec    2419043671.9401827     
 Events wgts > 1:           19
 % Cross section > 1:    2490747.2669971776       0.10296412982901981     
 Iteration  6   Mean: 0.2405E+10 Abs mean: 0.2405E+10   Fluctuation:  0.104E+08   0.594E+11    71.9%
  6    0.2405E+10 0.2405E+10 +- 0.1044E+08      1.10
 Relative summed weights:
  0.1000E+01  0.0000E+00
 Relative number of events:
  0.1000E+01  0.0000E+00
 Events:
       64000           0
 Found         8810  events.
 Wrote         8805  events.
 Actual xsec    2410928895.6355014     
 Correct abs xsec    2410928895.6355014     
 Event xsec    2410928895.6355691     
 Events wgts > 1:           39
 % Cross section > 1:    4500027.9951433577       0.18665121162592646     
 Checking number of events   13303.505646116697             8805  chi2:   0.43462877496590663     
 Found         8810  events.
 Wrote         8805  events.
 Actual xsec    2410928895.6355014     
 Correct abs xsec    2410928895.6355014     
 Event xsec    2410928895.6355691     
 Events wgts > 1:           39
 % Cross section > 1:    4500027.9951433577       0.18665121162592646     
 Iteration  7   Mean: 0.2412E+10 Abs mean: 0.2412E+10   Fluctuation:  0.749E+07   0.128E+12    69.5%
  7    0.2412E+10 0.2412E+10 +- 0.7490E+07      1.11
 Relative summed weights:
  0.1000E+01  0.0000E+00
 Relative number of events:
  0.1000E+01  0.0000E+00
 Events:
      128000           0
 Found        18435  events.
 Wrote        18432  events.
 Actual xsec    2411537139.1026878     
 Correct abs xsec    2411537139.1026878     
 Event xsec    2411537139.1025581     
 Events wgts > 1:          119
 % Cross section > 1:    7603393.8523661913       0.31529242196103008     
 Checking number of events   13306.861933568633            18432  chi2:   0.43023548019247149     

 -------------------------------------------------------------------------------
 Accumulated results:   Integral =  0.2411E+10
                        Std dev  =  0.5404E+07
                       Cross sec =  0.3138E+00
             Chi**2 per DoF.     =
-------------------------------------------------
---------------------------
 Results Last   3 iters: Integral =   0.2412E+10
                     Abs integral =   0.2412E+10
                          Std dev =   0.5648E+07
                  Chi**2 per DoF. =      0.4302
-------------------------------------------------
---------------------------
 Status -5.51800000000000036E-006           8           9
 We found enough events       18432   13306.861933568633     

ls status:
events.lhe
ftn25
ftn26
input_sg.txt
moffset.dat
results.dat
run_01_ftn26.gz
run_01_log.txt
run_01_results.dat
run_03_ftn26.gz
run_03_log.txt
run_03_results.dat
run_07_ftn26.gz
run_07_log.txt
run_07_results.dat
run1_app.log
