 Process in group number            0
 No PDF is used, alpha_s(MZ) from param_card is used
 Value of alpha_s from param_card:   0.11800000071525575     
 The default order of alpha_s running is fixed to            2
 *****************************************************
 *               MadGraph/MadEvent                   *
 *        --------------------------------           *
 *          http://madgraph.hep.uiuc.edu             *
 *          http://madgraph.phys.ucl.ac.be           *
 *          http://madgraph.roma2.infn.it            *
 *        --------------------------------           *
 *                                                   *
 *          PARAMETER AND COUPLING VALUES            *
 *                                                   *
 *****************************************************

  External Params
  ---------------------------------
  
 aEWM1 =    132.50700378417969     
 mdl_Gf =   1.16639000000000003E-005
 aS =   0.11800000071525575     
 mdl_ymb =    4.6999998092651367     
 mdl_ymt =    173.00000000000000     
 mdl_yme =   5.10999991092830896E-004
 mdl_ymm =   0.10565999895334244     
 mdl_ymtau =    1.7769999504089355     
 mdl_MZ =    91.188003540039063     
 mdl_MT =    173.00000000000000     
 mdl_MB =    4.6999998092651367     
 mdl_MH =    125.00000000000000     
 mdl_Me =   5.10999991092830896E-004
 mdl_MM =   0.10565999895334244     
 mdl_MTA =    1.7769999504089355     
 mdl_WZ =    2.4414041042327881     
 mdl_WW =    2.0476000308990479     
 mdl_WT =    1.4915000200271606     
 mdl_WH =   6.38233916833996773E-003
 mdl_WTau =   2.26999999999999982E-012
  Internal Params
  ---------------------------------
  
 mdl_conjg__CKM3x3 =    1.0000000000000000     
 mdl_CKM3x3 =    1.0000000000000000     
 mdl_conjg__CKM1x1 =    1.0000000000000000     
 mdl_complexi =  (  0.0000000000000000     ,  1.0000000000000000     )
 mdl_MZ__exp__2 =    8315.2519896181766     
 mdl_MZ__exp__4 =    69143415.650849044     
 mdl_sqrt__2 =    1.4142135623730951     
 mdl_MH__exp__2 =    15625.000000000000     
 mdl_aEW =   7.54677089845565054E-003
 mdl_MW =    80.419007276179556     
 mdl_sqrt__aEW =   8.68721526063194194E-002
 mdl_ee =   0.30795376284704501     
 mdl_MW__exp__2 =    6467.2167312862202     
 mdl_sw2 =   0.22224645274001076     
 mdl_cw =   0.88190336616887299     
 mdl_sqrt__sw2 =   0.47143022043565552     
 mdl_sw =   0.47143022043565552     
 mdl_g1 =   0.34919218438279087     
 mdl_gw =   0.65323296958447097     
 mdl_vev =    246.21845810181631     
 mdl_vev__exp__2 =    60623.529110035874     
 mdl_lam =   0.12886910601690271     
 mdl_yb =   2.69955531549349904E-002
 mdl_ye =   2.93504850670934038E-006
 mdl_ym =   6.06883028478528356E-004
 mdl_yt =   0.99366614581500645     
 mdl_ytau =   1.02066167158167895E-002
 mdl_muH =    88.388347648318444     
 mdl_I1x33 =  ( 2.69955531549349904E-002,  0.0000000000000000     )
 mdl_I2x33 =  ( 0.99366614581500645     ,  0.0000000000000000     )
 mdl_I3x33 =  ( 0.99366614581500645     ,  0.0000000000000000     )
 mdl_I4x33 =  ( 2.69955531549349904E-002,  0.0000000000000000     )
 mdl_ee__exp__2 =   9.48355200516540348E-002
 mdl_sw__exp__2 =   0.22224645274001076     
 mdl_cw__exp__2 =   0.77775354725998924     
  Internal Params evaluated point by point
  ----------------------------------------
  
 mdl_sqrt__aS =   0.34351128178744839     
 mdl_G__exp__2 =    1.4828317414825511     
  Couplings of sm-lepton_masses
  ---------------------------------
  
         GC_3 =  -0.00000E+00  -0.30795E+00
        GC_50 =  -0.00000E+00  -0.28804E+00
        GC_59 =   0.00000E+00   0.82310E-01
        GC_89 =  -0.00000E+00  -0.20754E-05

 Collider parameters:
 --------------------

 Running at e e   machine @   7.00000000000000067E-002  GeV
 PDF set = none   
 alpha_s(Mz)= 0.1180 running at 2 loops.
 alpha_s(Mz)= 0.1180 running at 2 loops.
 Renormalization scale fixed @    91.188000000000002     
 Factorization scales  fixed @    91.188000000000002        91.188000000000002     


 getting user params
Enter number of events and max and min iterations: 
 Number of events and iterations         2000           9           3
Enter desired fractional accuracy: 
 Desired fractional accuracy:  -5.51800000000000036E-006
Enter 0 for fixed, 2 for adjustable grid: 
Suppress amplitude (0 no, 1 yes)? 
 Using suppressed amplitude.
Exact helicity sum (0 yes, n = number/event)? 
 Explicitly summing over helicities
Enter Configuration Number: 
Running Configuration Number:   13
 Not subdividing B.W.
 Attempting mappinvarients           1           5
 Completed mapping           5
 about to integrate            5        2000           9           3           5           1
 Using non-zero grid deformation.
  5 dimensions   2000 events  5 invarients  9 iterations  1 config(s),  (0.99)
 Using h-tuple random number sequence.
 Error opening grid
 Using Uniform Grid!
 Using uniform alpha   1.0000000000000000     
 Grid defined OK
 Set CM energy to          0.07
 Mapping Graph          13  to config          13
Setting grid   1    0.53290E-04   1
Setting grid   2    0.18367E-04   1
 Masses: 0.511E-03 0.511E-03 0.000E+00 0.511E-03 0.511E-03
  13   1   2   3   4   5
 Got moffset          26
Using random seed offsets    13 :      1
  with seed                  150
 Ranmar initialization seeds        4179        1369
  Particle       3       4       5
      Et >     0.0     0.0     0.0
       E >     0.0     0.0     0.0
     Eta <    -1.0    -1.0    -1.0
   xqcut:      0.0     0.0     0.0
d R # 3  >    -0.0     0.0     0.0
d R # 4  >    -0.0    -0.0     0.4
s min # 3>     0.0     0.0     0.0
s min # 4>     0.0     0.0     0.0
xqcutij # 3>     0.0     0.0     0.0
xqcutij # 4>     0.0     0.0     0.0
 alpha_s for scale    91.188000000000002       is   0.11800000071525575     
 Added good helicity            1   6.3451659016754371       in event            1
 Added good helicity            2  3.22644954837842049E-005  in event            1
 Added good helicity            3  1.41185606494149062E-004  in event            1
 Added good helicity            5   2.0593587314836412       in event            1
 Added good helicity            6  9.62668897849367295E-006  in event            1
 Added good helicity            9  1.62092658198711435E-005  in event            1
 Added good helicity           10   3.4616310964893260       in event            1
 Added good helicity           12  7.74783048683034599E-005  in event            1
 Added good helicity           13  2.61533741397126313E-005  in event            1
 Added good helicity           14   4.1335370396397764       in event            1
 Added good helicity           15  2.06606535699009651E-006  in event            1
 Added good helicity           16  1.47726757425102725E-006  in event            1
 Added good helicity           17  1.47726758047134117E-006  in event            1
 Added good helicity           18  2.06606537145409083E-006  in event            1
 Added good helicity           19   4.1335370546087962       in event            1
 Added good helicity           20  2.61533747277854381E-005  in event            1
 Added good helicity           21  7.74783057236960666E-005  in event            1
 Added good helicity           23   3.4616311084194353       in event            1
 Added good helicity           24  1.62092658748662043E-005  in event            1
 Added good helicity           27  9.62668897065920942E-006  in event            1
 Added good helicity           28   2.0593587313905415       in event            1
 Added good helicity           30  1.41185607698756331E-004  in event            1
 Added good helicity           31  3.22644946807815617E-005  in event            1
 Added good helicity           32   6.3451659019620266       in event            1
 Added good helicity            7  2.31624428740638271E-005  in event            2
 Added good helicity           11   2.5296963965527199       in event            2
 Added good helicity           22   2.5296963961393883       in event            2
 Added good helicity           26  2.31624492191306941E-005  in event            2
 Added good helicity            4  3.24508658917696002E-006  in event           17
 Added good helicity           29  3.24508659062448766E-006  in event           17
 Iteration  1   Mean: 0.6507E+09 Abs mean: 0.6507E+09   Fluctuation:  0.169E+09   0.205E+12    73.6%
  1    0.6507E+09 0.6507E+09 +- 0.1693E+09     11.63
 Writing out events   49144.279545491387        11.632875282036879     
 Relative summed weights:
  0.1000E+01  0.0000E+00
 Relative number of events:
  0.1000E+01  0.0000E+00
 Events:
        2000           0
 Iteration  2   Mean: 0.1363E+10 Abs mean: 0.1363E+10   Fluctuation:  0.524E+09   0.206E+13    84.2%
  2    0.1363E+10 0.1363E+10 +- 0.5240E+09     24.32
 Relative summed weights:
  0.1000E+01  0.0000E+00
 Relative number of events:
  0.1000E+01  0.0000E+00
 Events:
        4000           0
 Iteration  3   Mean: 0.1723E+10 Abs mean: 0.1723E+10   Fluctuation:  0.660E+08   0.141E+12    82.5%
  3    0.1723E+10 0.1723E+10 +- 0.6596E+08      3.42
 Relative summed weights:
  0.1000E+01  0.0000E+00
 Relative number of events:
  0.1000E+01  0.0000E+00
 Events:
        8000           0
 Found          884  events.
 Wrote          130  events.
 Actual xsec    1697391567.4194560     
 Correct abs xsec    1697391567.4194560     
 Event xsec    1697391567.4194536     
 Events wgts > 1:            4
 % Cross section > 1:    8907319.5612176266       0.52476515921187450     
 Checking number of events   9366.2066690205593              130  chi2:    19.404218541989977     
 Found          884  events.
 Wrote          142  events.
 Actual xsec    1697391567.4194560     
 Correct abs xsec    1697391567.4194560     
 Event xsec    1697391567.4194596     
 Events wgts > 1:            4
 % Cross section > 1:    8158206.1974872127       0.48063195046326967     
 Iteration  4   Mean: 0.1645E+10 Abs mean: 0.1645E+10   Fluctuation:  0.214E+08   0.368E+11    80.7%
  4    0.1645E+10 0.1645E+10 +- 0.2139E+08      1.65
 Relative summed weights:
  0.1000E+01  0.0000E+00
 Relative number of events:
  0.1000E+01  0.0000E+00
 Events:
       16000           0
 Found         1837  events.
 Wrote         1497  events.
 Actual xsec    1652465750.7428074     
 Correct abs xsec    1652465750.7428074     
 Event xsec    1652465750.7427993     
 Events wgts > 1:           59
 % Cross section > 1:    15981924.023217905       0.96715614323830168     
 Checking number of events   9118.3060125988122             1497  chi2:   0.79809636347897139     
 Found         1837  events.
 Wrote         1537  events.
 Actual xsec    1652465750.7428074     
 Correct abs xsec    1652465750.7428074     
 Event xsec    1652465750.7428393     
 Events wgts > 1:           59
 % Cross section > 1:    15569917.813547485       0.94222332938206310     
 Iteration  5   Mean: 0.1654E+10 Abs mean: 0.1654E+10   Fluctuation:  0.109E+08   0.208E+11    79.9%
  5    0.1654E+10 0.1654E+10 +- 0.1093E+08      1.18
 Relative summed weights:
  0.1000E+01  0.0000E+00
 Relative number of events:
  0.1000E+01  0.0000E+00
 Events:
       32000           0
 Found         4074  events.
 Wrote         4069  events.
 Actual xsec    1653961488.7349293     
 Correct abs xsec    1653961488.7349293     
 Event xsec    1653961488.7349069     
 Events wgts > 1:           21
 % Cross section > 1:    1441196.6956273299       8.71360491428178202E-002
 Checking number of events   9126.5594948393409             4069  chi2:   0.64971251780286687     
 Found         4074  events.
 Wrote         4069  events.
 Actual xsec    1653961488.7349293     
 Correct abs xsec    1653961488.7349293     
 Event xsec    1653961488.7349069     
 Events wgts > 1:           21
 % Cross section > 1:    1441196.6956273299       8.71360491428178202E-002
 Iteration  6   Mean: 0.1642E+10 Abs mean: 0.1642E+10   Fluctuation:  0.655E+07   0.234E+11    78.9%
  6    0.1642E+10 0.1642E+10 +- 0.6549E+07      1.01
 Relative summed weights:
  0.1000E+01  0.0000E+00
 Relative number of events:
  0.1000E+01  0.0000E+00
 Events:
       64000           0
 Found         8088  events.
 Wrote         8083  events.
 Actual xsec    1645507637.8973107     
 Correct abs xsec    1645507637.8973107     
 Event xsec    1645507637.8970039     
 Events wgts > 1:           10
 % Cross section > 1:    325315.41745655751       1.97699123336989198E-002
 Checking number of events   9079.9111459173619             8083  chi2:   0.43818330907042663     
 Found         8088  events.
 Wrote         8083  events.
 Actual xsec    1645507637.8973107     
 Correct abs xsec    1645507637.8973107     
 Event xsec    1645507637.8970039     
 Events wgts > 1:           10
 % Cross section > 1:    325315.41745655751       1.97699123336989198E-002
 Iteration  7   Mean: 0.1647E+10 Abs mean: 0.1647E+10   Fluctuation:  0.431E+07   0.400E+11    78.3%
  7    0.1647E+10 0.1647E+10 +- 0.4314E+07      0.94
 Relative summed weights:
  0.1000E+01  0.0000E+00
 Relative number of events:
  0.1000E+01  0.0000E+00
 Events:
      128000           0
 Found        16418  events.
 Wrote        16413  events.
 Actual xsec    1646411592.3034158     
 Correct abs xsec    1646411592.3034158     
 Event xsec    1646411592.3038318     
 Events wgts > 1:           25
 % Cross section > 1:    960898.49239641684       5.83632001188613414E-002
 Checking number of events   9084.8991663302495            16413  chi2:   0.45602664221208333     

 -------------------------------------------------------------------------------
 Accumulated results:   Integral =  0.1647E+10
                        Std dev  =  0.3374E+07
                       Cross sec =  0.1336E+01
             Chi**2 per DoF.     =
-------------------------------------------------
---------------------------
 Results Last   3 iters: Integral =   0.1646E+10
                     Abs integral =   0.1646E+10
                          Std dev =   0.3422E+07
                  Chi**2 per DoF. =      0.4560
-------------------------------------------------
---------------------------
 Status -5.51800000000000036E-006           8           9
 We found enough events       16413   9084.8991663302495     

ls status:
events.lhe
ftn25
ftn26
input_sg.txt
moffset.dat
results.dat
run1_app.log
