 Process in group number            0
 No PDF is used, alpha_s(MZ) from param_card is used
 Value of alpha_s from param_card:   0.11800000071525575     
 The default order of alpha_s running is fixed to            2
 *****************************************************
 *               MadGraph/MadEvent                   *
 *        --------------------------------           *
 *          http://madgraph.hep.uiuc.edu             *
 *          http://madgraph.phys.ucl.ac.be           *
 *          http://madgraph.roma2.infn.it            *
 *        --------------------------------           *
 *                                                   *
 *          PARAMETER AND COUPLING VALUES            *
 *                                                   *
 *****************************************************

  External Params
  ---------------------------------
  
 aEWM1 =    132.50700378417969     
 mdl_Gf =   1.16639000000000003E-005
 aS =   0.11800000071525575     
 mdl_ymb =    4.6999998092651367     
 mdl_ymt =    173.00000000000000     
 mdl_yme =   5.10999991092830896E-004
 mdl_ymm =   0.10565999895334244     
 mdl_ymtau =    1.7769999504089355     
 mdl_MZ =    91.188003540039063     
 mdl_MT =    173.00000000000000     
 mdl_MB =    4.6999998092651367     
 mdl_MH =    125.00000000000000     
 mdl_Me =   5.10999991092830896E-004
 mdl_MM =   0.10565999895334244     
 mdl_MTA =    1.7769999504089355     
 mdl_WZ =    2.4414041042327881     
 mdl_WW =    2.0476000308990479     
 mdl_WT =    1.4915000200271606     
 mdl_WH =   6.38233916833996773E-003
 mdl_WTau =   2.26999999999999982E-012
  Internal Params
  ---------------------------------
  
 mdl_conjg__CKM3x3 =    1.0000000000000000     
 mdl_CKM3x3 =    1.0000000000000000     
 mdl_conjg__CKM1x1 =    1.0000000000000000     
 mdl_complexi =  (  0.0000000000000000     ,  1.0000000000000000     )
 mdl_MZ__exp__2 =    8315.2519896181766     
 mdl_MZ__exp__4 =    69143415.650849044     
 mdl_sqrt__2 =    1.4142135623730951     
 mdl_MH__exp__2 =    15625.000000000000     
 mdl_aEW =   7.54677089845565054E-003
 mdl_MW =    80.419007276179556     
 mdl_sqrt__aEW =   8.68721526063194194E-002
 mdl_ee =   0.30795376284704501     
 mdl_MW__exp__2 =    6467.2167312862202     
 mdl_sw2 =   0.22224645274001076     
 mdl_cw =   0.88190336616887299     
 mdl_sqrt__sw2 =   0.47143022043565552     
 mdl_sw =   0.47143022043565552     
 mdl_g1 =   0.34919218438279087     
 mdl_gw =   0.65323296958447097     
 mdl_vev =    246.21845810181631     
 mdl_vev__exp__2 =    60623.529110035874     
 mdl_lam =   0.12886910601690271     
 mdl_yb =   2.69955531549349904E-002
 mdl_ye =   2.93504850670934038E-006
 mdl_ym =   6.06883028478528356E-004
 mdl_yt =   0.99366614581500645     
 mdl_ytau =   1.02066167158167895E-002
 mdl_muH =    88.388347648318444     
 mdl_I1x33 =  ( 2.69955531549349904E-002,  0.0000000000000000     )
 mdl_I2x33 =  ( 0.99366614581500645     ,  0.0000000000000000     )
 mdl_I3x33 =  ( 0.99366614581500645     ,  0.0000000000000000     )
 mdl_I4x33 =  ( 2.69955531549349904E-002,  0.0000000000000000     )
 mdl_ee__exp__2 =   9.48355200516540348E-002
 mdl_sw__exp__2 =   0.22224645274001076     
 mdl_cw__exp__2 =   0.77775354725998924     
  Internal Params evaluated point by point
  ----------------------------------------
  
 mdl_sqrt__aS =   0.34351128178744839     
 mdl_G__exp__2 =    1.4828317414825511     
  Couplings of sm-lepton_masses
  ---------------------------------
  
         GC_3 =  -0.00000E+00  -0.30795E+00
        GC_50 =  -0.00000E+00  -0.28804E+00
        GC_59 =   0.00000E+00   0.82310E-01
        GC_89 =  -0.00000E+00  -0.20754E-05

 Collider parameters:
 --------------------

 Running at e e   machine @   7.00000000000000067E-002  GeV
 PDF set = none   
 alpha_s(Mz)= 0.1180 running at 2 loops.
 alpha_s(Mz)= 0.1180 running at 2 loops.
 Renormalization scale fixed @    91.188000000000002     
 Factorization scales  fixed @    91.188000000000002        91.188000000000002     


 getting user params
Enter number of events and max and min iterations: 
 Number of events and iterations         2000           9           3
Enter desired fractional accuracy: 
 Desired fractional accuracy:  -5.51800000000000036E-006
Enter 0 for fixed, 2 for adjustable grid: 
Suppress amplitude (0 no, 1 yes)? 
 Using suppressed amplitude.
Exact helicity sum (0 yes, n = number/event)? 
 Explicitly summing over helicities
Enter Configuration Number: 
Running Configuration Number:    7
 Not subdividing B.W.
 Attempting mappinvarients           1           5
 Completed mapping           5
 about to integrate            5        2000           9           3           5           1
 Using non-zero grid deformation.
  5 dimensions   2000 events  5 invarients  9 iterations  1 config(s),  (0.99)
 Using h-tuple random number sequence.
 Error opening grid
 Using Uniform Grid!
 Using uniform alpha   1.0000000000000000     
 Grid defined OK
 Set CM energy to          0.07
 Mapping Graph           7  to config           7
Setting grid   1    0.18367E-04   1
Setting grid   2    0.53290E-04   1
 Masses: 0.511E-03 0.511E-03 0.000E+00 0.511E-03 0.511E-03
   7   1   2   3   4   5
 Got moffset          19
Using random seed offsets     7 :      1
  with seed                  150
 Ranmar initialization seeds        4173        9351
  Particle       3       4       5
      Et >     0.0     0.0     0.0
       E >     0.0     0.0     0.0
     Eta <    -1.0    -1.0    -1.0
   xqcut:      0.0     0.0     0.0
d R # 3  >    -0.0     0.0     0.0
d R # 4  >    -0.0    -0.0     0.4
s min # 3>     0.0     0.0     0.0
s min # 4>     0.0     0.0     0.0
xqcutij # 3>     0.0     0.0     0.0
xqcutij # 4>     0.0     0.0     0.0
 alpha_s for scale    91.188000000000002       is   0.11800000071525575     
 Added good helicity            1   6.6952355485757238       in event            1
 Added good helicity            3  0.42547338559259834       in event            1
 Added good helicity            5  0.89702322244264798       in event            1
 Added good helicity            7  1.59224211083270883E-006  in event            1
 Added good helicity           10   6.6574949774843928       in event            1
 Added good helicity           12  0.42686348110734157       in event            1
 Added good helicity           14  0.89790612367787470       in event            1
 Added good helicity           16  1.59414056704412597E-006  in event            1
 Added good helicity           17  1.59414056709958736E-006  in event            1
 Added good helicity           19  0.89790612370899758       in event            1
 Added good helicity           21  0.42686348108328453       in event            1
 Added good helicity           23   6.6574949777147152       in event            1
 Added good helicity           26  1.59224211082520623E-006  in event            1
 Added good helicity           28  0.89702322244264199       in event            1
 Added good helicity           30  0.42547338555379577       in event            1
 Added good helicity           32   6.6952355485756936       in event            1
 Added good helicity            2  4.55238823873009044E-006  in event            2
 Added good helicity            9  2.20183765562766131E-006  in event            2
 Added good helicity           11  3.44215584899453669E-004  in event            2
 Added good helicity           15  3.21742228862601480E-006  in event            2
 Added good helicity           18  3.21742228971650576E-006  in event            2
 Added good helicity           22  3.44215584708398815E-004  in event            2
 Added good helicity           24  2.20183766663269452E-006  in event            2
 Added good helicity           31  4.55238807021287458E-006  in event            2
 Added good helicity            6  7.40918825556313520E-005  in event            5
 Added good helicity           27  7.40918775469090875E-005  in event            5
 Added good helicity           13  1.01848148842953435E-003  in event            6
 Added good helicity           20  1.01848149207484973E-003  in event            6
 Added good helicity            4  1.17133832936079425E-006  in event           42
 Added good helicity           29  1.17133818668309495E-006  in event           42
 Iteration  1   Mean: 0.1757E+10 Abs mean: 0.1757E+10   Fluctuation:  0.989E+08   0.676E+11    73.7%
  1    0.1757E+10 0.1757E+10 +- 0.9891E+08      2.52
 Writing out events   132494.98547546999        2.5167954827761174     
 Relative summed weights:
  0.1000E+01  0.0000E+00
 Relative number of events:
  0.1000E+01  0.0000E+00
 Events:
        2000           0
 Iteration  2   Mean: 0.1700E+10 Abs mean: 0.1700E+10   Fluctuation:  0.391E+08   0.265E+11    83.6%
  2    0.1700E+10 0.1700E+10 +- 0.3905E+08      1.45
 Relative summed weights:
  0.1000E+01  0.0000E+00
 Relative number of events:
  0.1000E+01  0.0000E+00
 Events:
        4000           0
 Iteration  3   Mean: 0.1746E+10 Abs mean: 0.1746E+10   Fluctuation:  0.223E+08   0.196E+11    79.3%
  3    0.1746E+10 0.1746E+10 +- 0.2228E+08      1.14
 Relative summed weights:
  0.1000E+01  0.0000E+00
 Relative number of events:
  0.1000E+01  0.0000E+00
 Events:
        8000           0
 Found         1028  events.
 Wrote         1023  events.
 Actual xsec    1736277485.5348976     
 Correct abs xsec    1736277485.5348976     
 Event xsec    1736277485.5348704     
 Events wgts > 1:            7
 % Cross section > 1:    2686662.4574749004       0.15473692885254792     
 Checking number of events   9580.7791651815660             1023  chi2:   0.56300914898733467     
 Found         1028  events.
 Wrote         1023  events.
 Actual xsec    1736277485.5348976     
 Correct abs xsec    1736277485.5348976     
 Event xsec    1736277485.5348704     
 Events wgts > 1:            7
 % Cross section > 1:    2686662.4574749004       0.15473692885254792     
 Iteration  4   Mean: 0.1732E+10 Abs mean: 0.1732E+10   Fluctuation:  0.131E+08   0.142E+11    78.7%
  4    0.1732E+10 0.1732E+10 +- 0.1314E+08      0.96
 Relative summed weights:
  0.1000E+01  0.0000E+00
 Relative number of events:
  0.1000E+01  0.0000E+00
 Events:
       16000           0
 Found         2024  events.
 Wrote         2020  events.
 Actual xsec    1733240482.4559114     
 Correct abs xsec    1733240482.4559114     
 Event xsec    1733240482.4559019     
 Events wgts > 1:            1
 % Cross section > 1:    26726.670930171502       1.54200592478092539E-003
 Checking number of events   9564.0209821917197             2020  chi2:   0.54485159993123855     
 Found         2024  events.
 Wrote         2020  events.
 Actual xsec    1733240482.4559114     
 Correct abs xsec    1733240482.4559114     
 Event xsec    1733240482.4559019     
 Events wgts > 1:            1
 % Cross section > 1:    26726.670930171502       1.54200592478092539E-003
 Iteration  5   Mean: 0.1732E+10 Abs mean: 0.1732E+10   Fluctuation:  0.876E+07   0.170E+11    76.4%
  5    0.1732E+10 0.1732E+10 +- 0.8760E+07      0.90
 Relative summed weights:
  0.1000E+01  0.0000E+00
 Relative number of events:
  0.1000E+01  0.0000E+00
 Events:
       32000           0
 Found         4197  events.
 Wrote         4194  events.
 Actual xsec    1733676464.3830690     
 Correct abs xsec    1733676464.3830690     
 Event xsec    1733676464.3829839     
 Events wgts > 1:            2
 % Cross section > 1:    168873.97775496170       9.74080119470641798E-003
 Checking number of events   9566.4267304657751             4194  chi2:   0.18205255606397949     
 Found         4197  events.
 Wrote         4194  events.
 Actual xsec    1733676464.3830690     
 Correct abs xsec    1733676464.3830690     
 Event xsec    1733676464.3829839     
 Events wgts > 1:            2
 % Cross section > 1:    168873.97775496170       9.74080119470641798E-003
 Iteration  6   Mean: 0.1730E+10 Abs mean: 0.1730E+10   Fluctuation:  0.623E+07   0.741E+11    74.8%
  6    0.1730E+10 0.1730E+10 +- 0.6234E+07      0.91
 Relative summed weights:
  0.1000E+01  0.0000E+00
 Relative number of events:
  0.1000E+01  0.0000E+00
 Events:
       64000           0
 Found         8412  events.
 Wrote         8408  events.
 Actual xsec    1730799997.4700468     
 Correct abs xsec    1730799997.4700468     
 Event xsec    1730799997.4702229     
 Events wgts > 1:           16
 % Cross section > 1:    2470291.4941975856       0.14272541586597068     
 Checking number of events   9550.5543860397192             8408  chi2:   3.62194927496930219E-002
 Found         8412  events.
 Wrote         8408  events.
 Actual xsec    1730799997.4700468     
 Correct abs xsec    1730799997.4700468     
 Event xsec    1730799997.4702229     
 Events wgts > 1:           16
 % Cross section > 1:    2470291.4941975856       0.14272541586597068     
 Iteration  7   Mean: 0.1737E+10 Abs mean: 0.1737E+10   Fluctuation:  0.430E+07   0.400E+11    73.5%
  7    0.1737E+10 0.1737E+10 +- 0.4296E+07      0.89
 Relative summed weights:
  0.1000E+01  0.0000E+00
 Relative number of events:
  0.1000E+01  0.0000E+00
 Events:
      128000           0
 Found        17534  events.
 Wrote        17529  events.
 Actual xsec    1734100585.3546286     
 Correct abs xsec    1734100585.3546286     
 Event xsec    1734100585.3540554     
 Events wgts > 1:           28
 % Cross section > 1:    1169566.0097581253       6.74451078349259797E-002
 Checking number of events   9568.7670299868405            17529  chi2:   0.43771082484616664     

 -------------------------------------------------------------------------------
 Accumulated results:   Integral =  0.1734E+10
                        Std dev  =  0.3139E+07
                       Cross sec =  0.3339E+00
             Chi**2 per DoF.     =
-------------------------------------------------
---------------------------
 Results Last   3 iters: Integral =   0.1734E+10
                     Abs integral =   0.1734E+10
                          Std dev =   0.3280E+07
                  Chi**2 per DoF. =      0.4377
-------------------------------------------------
---------------------------
 Status -5.51800000000000036E-006           8           9
 We found enough events       17529   9568.7670299868405     

ls status:
events.lhe
ftn25
ftn26
input_sg.txt
moffset.dat
results.dat
run_07_ftn26.gz
run_07_log.txt
run_07_results.dat
run1_app.log
