 Process in group number            0
 No PDF is used, alpha_s(MZ) from param_card is used
 Value of alpha_s from param_card:   0.11800000071525575     
 The default order of alpha_s running is fixed to            2
 *****************************************************
 *               MadGraph/MadEvent                   *
 *        --------------------------------           *
 *          http://madgraph.hep.uiuc.edu             *
 *          http://madgraph.phys.ucl.ac.be           *
 *          http://madgraph.roma2.infn.it            *
 *        --------------------------------           *
 *                                                   *
 *          PARAMETER AND COUPLING VALUES            *
 *                                                   *
 *****************************************************

  External Params
  ---------------------------------
  
 aEWM1 =    132.50700378417969     
 mdl_Gf =   1.16639000000000003E-005
 aS =   0.11800000071525575     
 mdl_ymb =    4.6999998092651367     
 mdl_ymt =    173.00000000000000     
 mdl_yme =   5.10999991092830896E-004
 mdl_ymm =   0.10565999895334244     
 mdl_ymtau =    1.7769999504089355     
 mdl_MZ =    91.188003540039063     
 mdl_MT =    173.00000000000000     
 mdl_MB =    4.6999998092651367     
 mdl_MH =    125.00000000000000     
 mdl_Me =   5.10999991092830896E-004
 mdl_MM =   0.10565999895334244     
 mdl_MTA =    1.7769999504089355     
 mdl_WZ =    2.4414041042327881     
 mdl_WW =    2.0476000308990479     
 mdl_WT =    1.4915000200271606     
 mdl_WH =   6.38233916833996773E-003
 mdl_WTau =   2.26999999999999982E-012
  Internal Params
  ---------------------------------
  
 mdl_conjg__CKM3x3 =    1.0000000000000000     
 mdl_CKM3x3 =    1.0000000000000000     
 mdl_conjg__CKM1x1 =    1.0000000000000000     
 mdl_complexi =  (  0.0000000000000000     ,  1.0000000000000000     )
 mdl_MZ__exp__2 =    8315.2519896181766     
 mdl_MZ__exp__4 =    69143415.650849044     
 mdl_sqrt__2 =    1.4142135623730951     
 mdl_MH__exp__2 =    15625.000000000000     
 mdl_aEW =   7.54677089845565054E-003
 mdl_MW =    80.419007276179556     
 mdl_sqrt__aEW =   8.68721526063194194E-002
 mdl_ee =   0.30795376284704501     
 mdl_MW__exp__2 =    6467.2167312862202     
 mdl_sw2 =   0.22224645274001076     
 mdl_cw =   0.88190336616887299     
 mdl_sqrt__sw2 =   0.47143022043565552     
 mdl_sw =   0.47143022043565552     
 mdl_g1 =   0.34919218438279087     
 mdl_gw =   0.65323296958447097     
 mdl_vev =    246.21845810181631     
 mdl_vev__exp__2 =    60623.529110035874     
 mdl_lam =   0.12886910601690271     
 mdl_yb =   2.69955531549349904E-002
 mdl_ye =   2.93504850670934038E-006
 mdl_ym =   6.06883028478528356E-004
 mdl_yt =   0.99366614581500645     
 mdl_ytau =   1.02066167158167895E-002
 mdl_muH =    88.388347648318444     
 mdl_I1x33 =  ( 2.69955531549349904E-002,  0.0000000000000000     )
 mdl_I2x33 =  ( 0.99366614581500645     ,  0.0000000000000000     )
 mdl_I3x33 =  ( 0.99366614581500645     ,  0.0000000000000000     )
 mdl_I4x33 =  ( 2.69955531549349904E-002,  0.0000000000000000     )
 mdl_ee__exp__2 =   9.48355200516540348E-002
 mdl_sw__exp__2 =   0.22224645274001076     
 mdl_cw__exp__2 =   0.77775354725998924     
  Internal Params evaluated point by point
  ----------------------------------------
  
 mdl_sqrt__aS =   0.34351128178744839     
 mdl_G__exp__2 =    1.4828317414825511     
  Couplings of sm-lepton_masses
  ---------------------------------
  
         GC_3 =  -0.00000E+00  -0.30795E+00
        GC_50 =  -0.00000E+00  -0.28804E+00
        GC_59 =   0.00000E+00   0.82310E-01
        GC_89 =  -0.00000E+00  -0.20754E-05

 Collider parameters:
 --------------------

 Running at e e   machine @   7.00000000000000067E-002  GeV
 PDF set = none   
 alpha_s(Mz)= 0.1180 running at 2 loops.
 alpha_s(Mz)= 0.1180 running at 2 loops.
 Renormalization scale fixed @    91.188000000000002     
 Factorization scales  fixed @    91.188000000000002        91.188000000000002     


 getting user params
Enter number of events and max and min iterations: 
 Number of events and iterations         1000           5           3
Enter desired fractional accuracy: 
 Desired fractional accuracy:   0.10000000000000001     
Enter 0 for fixed, 2 for adjustable grid: 
Suppress amplitude (0 no, 1 yes)? 
 Using suppressed amplitude.
Exact helicity sum (0 yes, n = number/event)? 
 Explicitly summing over helicities
Enter Configuration Number: 
Running Configuration Number:   15
 Not subdividing B.W.
 Attempting mappinvarients           1           5
 Completed mapping           5
 about to integrate            5        1000           5           3           5           1
 Using non-zero grid deformation.
  5 dimensions   1000 events  5 invarients  5 iterations  1 config(s),  (0.99)
 Using h-tuple random number sequence.
 Error opening grid
 Using Uniform Grid!
 Using uniform alpha   1.0000000000000000     
 Grid defined OK
 Set CM energy to          0.07
 Mapping Graph          15  to config          15
Setting grid   1    0.53290E-04   1
Setting grid   2    0.18367E-04   1
 Masses: 0.511E-03 0.511E-03 0.000E+00 0.511E-03 0.511E-03
  15   1   2   3   4   5
Using random seed offsets    15 :      1
  with seed                  147
 Ranmar initialization seeds       30605        9526
  Particle       3       4       5
      Et >     0.0     0.0     0.0
       E >     0.0     0.0     0.0
     Eta <    -1.0    -1.0    -1.0
   xqcut:      0.0     0.0     0.0
d R # 3  >    -0.0     0.0     0.0
d R # 4  >    -0.0    -0.0     0.4
s min # 3>     0.0     0.0     0.0
s min # 4>     0.0     0.0     0.0
xqcutij # 3>     0.0     0.0     0.0
xqcutij # 4>     0.0     0.0     0.0
 alpha_s for scale    91.188000000000002       is   0.11800000071525575     
 Added good helicity            1   13.174737559066482       in event            1
 Added good helicity            2  5.95507471460525288E-003  in event            1
 Added good helicity            3  0.58877396978453345       in event            1
 Added good helicity            5  5.99824665289859873E-004  in event            1
 Added good helicity            6  3.18771826621102341E-006  in event            1
 Added good helicity            7  5.72998832937817194E-006  in event            1
 Added good helicity            9  2.75680494046505647E-005  in event            1
 Added good helicity           10  6.94933516506235100E-003  in event            1
 Added good helicity           12  2.18976910993819564E-004  in event            1
 Added good helicity           13  3.84189934759347346E-002  in event            1
 Added good helicity           14   1.8649952203738536       in event            1
 Added good helicity           15  0.31930924399504423       in event            1
 Added good helicity           16  4.89208226132810928E-006  in event            1
 Added good helicity           17  4.89208226458067938E-006  in event            1
 Added good helicity           18  0.31930924405398192       in event            1
 Added good helicity           19   1.8649952227905160       in event            1
 Added good helicity           20  3.84189934614174236E-002  in event            1
 Added good helicity           21  2.18976911102688370E-004  in event            1
 Added good helicity           23  6.94933517238910652E-003  in event            1
 Added good helicity           24  2.75680494309334550E-005  in event            1
 Added good helicity           26  5.72998831781248169E-006  in event            1
 Added good helicity           27  3.18771826694481398E-006  in event            1
 Added good helicity           28  5.99824665242657071E-004  in event            1
 Added good helicity           30  0.58877396987017205       in event            1
 Added good helicity           31  5.95507470535830159E-003  in event            1
 Added good helicity           32   13.174737560043750       in event            1
 Added good helicity           11  6.37994150883769168E-003  in event            2
 Added good helicity           22  6.37994161871464384E-003  in event            2
 Added good helicity            4  3.47351049410084141E-006  in event            6
 Added good helicity           29  3.47351049598509670E-006  in event            6
 Iteration  1   Mean: 0.4872E-07 Abs mean: 0.4872E-07   Fluctuation:  0.129E-07   0.797E-05    74.7%
  1    0.4872E-07 0.4872E-07 +- 0.1286E-07      8.35
 Writing out events  1.30481755690512148E-011   8.3460378108970694     
 Relative summed weights:
  0.1000E+01  0.0000E+00
 Relative number of events:
  0.1000E+01  0.0000E+00
 Events:
        1000           0
 Iteration  2   Mean: 0.5653E-07 Abs mean: 0.5653E-07   Fluctuation:  0.881E-08   0.155E-04    92.5%
  2    0.5653E-07 0.5653E-07 +- 0.8805E-08      6.97
 Relative summed weights:
  0.1000E+01  0.0000E+00
 Relative number of events:
  0.1000E+01  0.0000E+00
 Events:
        2000           0
 Iteration  3   Mean: 0.5336E-07 Abs mean: 0.5336E-07   Fluctuation:  0.147E-08   0.105E-05    90.4%
  3    0.5336E-07 0.5336E-07 +- 0.1471E-08      1.74
 Relative summed weights:
  0.1000E+01  0.0000E+00
 Relative number of events:
  0.1000E+01  0.0000E+00
 Events:
        4000           0
 Accuracy:    0.010   0.100   0.027   0.126
 Finished due to accuracy   9.59239189254279360E-003  0.10000000000000001     

 -------------------------------------------------------------------------------
 Accumulated results:   Integral =  0.5341E-07
                        Std dev  =  0.1442E-08
                       Cross sec =  0.5341E-07
             Chi**2 per DoF.     =      0.1262
 -------------------------------------------------------------------------------
 Found          401  events.
 Wrote          288  events.
 Actual xsec   5.34106409249367962E-008
 Correct abs xsec   5.34106409249367962E-008
 Event xsec   5.34106409249367763E-008
 Events wgts > 1:           10
 % Cross section > 1:   3.68716180823668390E-010  0.69034217608783510     
-------------------------------------------------
---------------------------
 Results Last   3 iters: Integral =   0.5341E-07
                     Abs integral =   0.5341E-07
                          Std dev =   0.1442E-08
                  Chi**2 per DoF. =      0.1298
-------------------------------------------------
---------------------------
 Status  0.10000000000000001                4           5

ls status:
events.lhe
input_app.txt
multijob.dat
results.dat
run_01_log.txt
run_01_results.dat
run_02_log.txt
run_02_results.dat
run_03_log.txt
run_03_results.dat
run_04_log.txt
run_04_results.dat
run_05_log.txt
run_05_results.dat
run_06_log.txt
run_06_results.dat
run_07_log.txt
run_07_results.dat
run1_app.log
