 Process in group number            0
 No PDF is used, alpha_s(MZ) from param_card is used
 Value of alpha_s from param_card:   0.11800000071525575     
 The default order of alpha_s running is fixed to            2
 *****************************************************
 *               MadGraph/MadEvent                   *
 *        --------------------------------           *
 *          http://madgraph.hep.uiuc.edu             *
 *          http://madgraph.phys.ucl.ac.be           *
 *          http://madgraph.roma2.infn.it            *
 *        --------------------------------           *
 *                                                   *
 *          PARAMETER AND COUPLING VALUES            *
 *                                                   *
 *****************************************************

  External Params
  ---------------------------------
  
 aEWM1 =    132.50700378417969     
 mdl_Gf =   1.16639000000000003E-005
 aS =   0.11800000071525575     
 mdl_ymb =    4.6999998092651367     
 mdl_ymt =    173.00000000000000     
 mdl_yme =   5.10999991092830896E-004
 mdl_ymm =   0.10565999895334244     
 mdl_ymtau =    1.7769999504089355     
 mdl_MZ =    91.188003540039063     
 mdl_MT =    173.00000000000000     
 mdl_MB =    4.6999998092651367     
 mdl_MH =    125.00000000000000     
 mdl_Me =   5.10999991092830896E-004
 mdl_MM =   0.10565999895334244     
 mdl_MTA =    1.7769999504089355     
 mdl_WZ =    2.4414041042327881     
 mdl_WW =    2.0476000308990479     
 mdl_WT =    1.4915000200271606     
 mdl_WH =   6.38233916833996773E-003
 mdl_WTau =   2.26999999999999982E-012
  Internal Params
  ---------------------------------
  
 mdl_conjg__CKM3x3 =    1.0000000000000000     
 mdl_CKM3x3 =    1.0000000000000000     
 mdl_conjg__CKM1x1 =    1.0000000000000000     
 mdl_complexi =  (  0.0000000000000000     ,  1.0000000000000000     )
 mdl_MZ__exp__2 =    8315.2519896181766     
 mdl_MZ__exp__4 =    69143415.650849044     
 mdl_sqrt__2 =    1.4142135623730951     
 mdl_MH__exp__2 =    15625.000000000000     
 mdl_aEW =   7.54677089845565054E-003
 mdl_MW =    80.419007276179556     
 mdl_sqrt__aEW =   8.68721526063194194E-002
 mdl_ee =   0.30795376284704501     
 mdl_MW__exp__2 =    6467.2167312862202     
 mdl_sw2 =   0.22224645274001076     
 mdl_cw =   0.88190336616887299     
 mdl_sqrt__sw2 =   0.47143022043565552     
 mdl_sw =   0.47143022043565552     
 mdl_g1 =   0.34919218438279087     
 mdl_gw =   0.65323296958447097     
 mdl_vev =    246.21845810181631     
 mdl_vev__exp__2 =    60623.529110035874     
 mdl_lam =   0.12886910601690271     
 mdl_yb =   2.69955531549349904E-002
 mdl_ye =   2.93504850670934038E-006
 mdl_ym =   6.06883028478528356E-004
 mdl_yt =   0.99366614581500645     
 mdl_ytau =   1.02066167158167895E-002
 mdl_muH =    88.388347648318444     
 mdl_I1x33 =  ( 2.69955531549349904E-002,  0.0000000000000000     )
 mdl_I2x33 =  ( 0.99366614581500645     ,  0.0000000000000000     )
 mdl_I3x33 =  ( 0.99366614581500645     ,  0.0000000000000000     )
 mdl_I4x33 =  ( 2.69955531549349904E-002,  0.0000000000000000     )
 mdl_ee__exp__2 =   9.48355200516540348E-002
 mdl_sw__exp__2 =   0.22224645274001076     
 mdl_cw__exp__2 =   0.77775354725998924     
  Internal Params evaluated point by point
  ----------------------------------------
  
 mdl_sqrt__aS =   0.34351128178744839     
 mdl_G__exp__2 =    1.4828317414825511     
  Couplings of sm-lepton_masses
  ---------------------------------
  
         GC_3 =  -0.00000E+00  -0.30795E+00

 Collider parameters:
 --------------------

 Running at e e   machine @   7.00000000000000067E-002  GeV
 PDF set = none   
 alpha_s(Mz)= 0.1180 running at 2 loops.
 alpha_s(Mz)= 0.1180 running at 2 loops.
 Renormalization scale fixed @    91.188000000000002     
 Factorization scales  fixed @    91.188000000000002        91.188000000000002     


 getting user params
Enter number of events and max and min iterations: 
 Number of events and iterations         2000           9           3
Enter desired fractional accuracy: 
 Desired fractional accuracy:  -1.20039999999999996E-004
Enter 0 for fixed, 2 for adjustable grid: 
Suppress amplitude (0 no, 1 yes)? 
 Using suppressed amplitude.
Exact helicity sum (0 yes, n = number/event)? 
 Explicitly summing over helicities
Enter Configuration Number: 
Running Configuration Number:    1
 Not subdividing B.W.
 Attempting mappinvarients           1           5
 Completed mapping           5
 about to integrate            5        2000           9           3           5           1
 Using non-zero grid deformation.
  5 dimensions   2000 events  5 invarients  9 iterations  1 config(s),  (0.99)
 Using h-tuple random number sequence.
 Error opening grid
 Using Uniform Grid!
 Using uniform alpha   1.0000000000000000     
 Grid defined OK
 Set CM energy to          0.07
 Mapping Graph           1  to config           1
Setting grid   1    0.18367E-04   1
Setting grid   2    0.18367E-04   1
 Masses: 0.511E-03 0.511E-03 0.000E+00 0.000E+00 0.000E+00
   1   1   2   3   4   5
 Got moffset          23
Using random seed offsets     1 :      1
  with seed                  192
 Ranmar initialization seeds       25284       22022
  Particle       3       4       5
      Et >     0.0     0.0     0.0
       E >     0.0     0.0     0.0
     Eta <    -1.0    -1.0    -1.0
   xqcut:      0.0     0.0     0.0
d R # 3  >    -0.0     0.0     0.0
d R # 4  >    -0.0    -0.0     0.0
s min # 3>     0.0     0.0     0.0
s min # 4>     0.0     0.0     0.0
xqcutij # 3>     0.0     0.0     0.0
xqcutij # 4>     0.0     0.0     0.0
 alpha_s for scale    91.188000000000002       is   0.11800000071525575     
 Added good helicity            1  5.47226133984559313E-002  in event            1
 Added good helicity            2  9.63426567382762926E-004  in event            1
 Added good helicity            3  2.48954387501988527E-005  in event            1
 Added good helicity            5  4.38039421741309998E-002  in event            1
 Added good helicity            6  1.49586250902223118E-005  in event            1
 Added good helicity            7  2.13223198943645176E-005  in event            1
 Added good helicity           10  1.31188365953822483E-003  in event            1
 Added good helicity           11   8.2783904513068478       in event            1
 Added good helicity           12  1.91571772823536475E-003  in event            1
 Added good helicity           14  5.94912221917788032E-004  in event            1
 Added good helicity           15   7.6182357332221784       in event            1
 Added good helicity           18   7.6182357332221748       in event            1
 Added good helicity           19  5.94912221917788032E-004  in event            1
 Added good helicity           21  1.91571772823536496E-003  in event            1
 Added good helicity           22   8.2783904513068478       in event            1
 Added good helicity           23  1.31188365953822483E-003  in event            1
 Added good helicity           26  2.13223198943645244E-005  in event            1
 Added good helicity           27  1.49586250902223118E-005  in event            1
 Added good helicity           28  4.38039421741309998E-002  in event            1
 Added good helicity           30  2.48954387501988527E-005  in event            1
 Added good helicity           31  9.63426567382762926E-004  in event            1
 Added good helicity           32  5.47226133984559313E-002  in event            1
 Added good helicity            4  5.47985298631279081E-005  in event            2
 Added good helicity           13  7.98475862953464122E-003  in event            2
 Added good helicity           20  7.98475862953464122E-003  in event            2
 Added good helicity           29  5.47985298631279216E-005  in event            2
 Iteration  1   Mean: 0.3545E+08 Abs mean: 0.3545E+08   Fluctuation:  0.280E+07   0.351E+10    99.2%
  1    0.3545E+08 0.3545E+08 +- 0.2803E+07      3.54
 Writing out events   1986.3039427878116        3.5357203529622288     
 Relative summed weights:
  0.2012E+00  0.0000E+00
  0.1585E+00  0.0000E+00
  0.1498E+00  0.0000E+00
  0.1946E+00  0.0000E+00
  0.1128E+00  0.0000E+00
  0.1831E+00  0.0000E+00
 Relative number of events:
  0.1510E+00  0.0000E+00
  0.1795E+00  0.0000E+00
  0.1750E+00  0.0000E+00
  0.1530E+00  0.0000E+00
  0.1595E+00  0.0000E+00
  0.1820E+00  0.0000E+00
 Events:
         302           0
         359           0
         350           0
         306           0
         319           0
         364           0
 Iteration  2   Mean: 0.4838E+08 Abs mean: 0.4838E+08   Fluctuation:  0.912E+07   0.339E+11    97.1%
  2    0.4838E+08 0.4838E+08 +- 0.9122E+07     11.92
 Relative summed weights:
  0.1313E+00  0.0000E+00
  0.1787E+00  0.0000E+00
  0.1282E+00  0.0000E+00
  0.1220E+00  0.0000E+00
  0.1260E+00  0.0000E+00
  0.3137E+00  0.0000E+00
 Relative number of events:
  0.1800E+00  0.0000E+00
  0.1680E+00  0.0000E+00
  0.1568E+00  0.0000E+00
  0.1580E+00  0.0000E+00
  0.1605E+00  0.0000E+00
  0.1767E+00  0.0000E+00
 Events:
         720           0
         672           0
         627           0
         632           0
         642           0
         707           0
 Iteration  3   Mean: 0.4031E+08 Abs mean: 0.4031E+08   Fluctuation:  0.142E+07   0.513E+10    97.8%
  3    0.4031E+08 0.4031E+08 +- 0.1416E+07      3.14
 Relative summed weights:
  0.1690E+00  0.0000E+00
  0.1701E+00  0.0000E+00
  0.1578E+00  0.0000E+00
  0.1670E+00  0.0000E+00
  0.1821E+00  0.0000E+00
  0.1541E+00  0.0000E+00
 Relative number of events:
  0.1614E+00  0.0000E+00
  0.1635E+00  0.0000E+00
  0.1696E+00  0.0000E+00
  0.1711E+00  0.0000E+00
  0.1722E+00  0.0000E+00
  0.1621E+00  0.0000E+00
 Events:
        1291           0
        1308           0
        1357           0
        1369           0
        1378           0
        1297           0
 Found          640  events.
 Wrote           64  events.
 Actual xsec    39762612.468872763     
 Correct abs xsec    39762612.468872763     
 Event xsec    39762612.468872733     
 Events wgts > 1:            3
 % Cross section > 1:    288791.28925818705       0.72628851910638614     
 Checking number of events   4773.1040007634865               64  chi2:    1.7046074668888997     
 Found          640  events.
 Wrote           95  events.
 Actual xsec    39762612.468872763     
 Correct abs xsec    39762612.468872763     
 Event xsec    39762612.468872823     
 Events wgts > 1:            3
 % Cross section > 1:    195016.31923970190       0.49045147471727518     
 Iteration  4   Mean: 0.4285E+08 Abs mean: 0.4285E+08   Fluctuation:  0.108E+07   0.996E+10    97.4%
  4    0.4285E+08 0.4285E+08 +- 0.1079E+07      3.18
 Relative summed weights:
  0.1710E+00  0.0000E+00
  0.1552E+00  0.0000E+00
  0.1645E+00  0.0000E+00
  0.1887E+00  0.0000E+00
  0.1533E+00  0.0000E+00
  0.1672E+00  0.0000E+00
 Relative number of events:
  0.1708E+00  0.0000E+00
  0.1667E+00  0.0000E+00
  0.1619E+00  0.0000E+00
  0.1664E+00  0.0000E+00
  0.1667E+00  0.0000E+00
  0.1675E+00  0.0000E+00
 Events:
        2732           0
        2667           0
        2591           0
        2663           0
        2667           0
        2680           0
 Found         1530  events.
 Wrote          137  events.
 Actual xsec    42064205.660969764     
 Correct abs xsec    42064205.660969764     
 Event xsec    42064205.660969883     
 Events wgts > 1:            2
 % Cross section > 1:    289293.45205376140       0.68774257711037234     
 Checking number of events   5049.3872475428107              137  chi2:    1.2687997806431452     
 Found         1530  events.
 Wrote          132  events.
 Actual xsec    42064205.660969764     
 Correct abs xsec    42064205.660969764     
 Event xsec    42064205.660969816     
 Events wgts > 1:            2
 % Cross section > 1:    300173.33963678969       0.71360753143928268     
 Iteration  5   Mean: 0.4229E+08 Abs mean: 0.4229E+08   Fluctuation:  0.524E+06   0.604E+10    97.1%
  5    0.4229E+08 0.4229E+08 +- 0.5239E+06      2.22
 Relative summed weights:
  0.1707E+00  0.0000E+00
  0.1584E+00  0.0000E+00
  0.1695E+00  0.0000E+00
  0.1601E+00  0.0000E+00
  0.1729E+00  0.0000E+00
  0.1684E+00  0.0000E+00
 Relative number of events:
  0.1681E+00  0.0000E+00
  0.1638E+00  0.0000E+00
  0.1669E+00  0.0000E+00
  0.1652E+00  0.0000E+00
  0.1684E+00  0.0000E+00
  0.1675E+00  0.0000E+00
 Events:
        5378           0
        5242           0
        5342           0
        5287           0
        5390           0
        5361           0
 Found         3098  events.
 Wrote          645  events.
 Actual xsec    42208233.224250019     
 Correct abs xsec    42208233.224250019     
 Event xsec    42208233.224249899     
 Events wgts > 1:           15
 % Cross section > 1:    392686.98970889364       0.93035637768245449     
 Checking number of events   5066.6763162389725              645  chi2:    1.0832873258429061     
 Found         3098  events.
 Wrote          631  events.
 Actual xsec    42208233.224250019     
 Correct abs xsec    42208233.224250019     
 Event xsec    42208233.224249616     
 Events wgts > 1:           15
 % Cross section > 1:    401316.69874043763       0.95080193622004483     
 Iteration  6   Mean: 0.4100E+08 Abs mean: 0.4100E+08   Fluctuation:  0.265E+06   0.367E+10    96.7%
  6    0.4100E+08 0.4100E+08 +- 0.2647E+06      1.63
 Relative summed weights:
  0.1646E+00  0.0000E+00
  0.1636E+00  0.0000E+00
  0.1648E+00  0.0000E+00
  0.1708E+00  0.0000E+00
  0.1675E+00  0.0000E+00
  0.1687E+00  0.0000E+00
 Relative number of events:
  0.1681E+00  0.0000E+00
  0.1646E+00  0.0000E+00
  0.1669E+00  0.0000E+00
  0.1669E+00  0.0000E+00
  0.1666E+00  0.0000E+00
  0.1669E+00  0.0000E+00
 Events:
       10757           0
       10536           0
       10682           0
       10683           0
       10660           0
       10682           0
 Found         6174  events.
 Wrote         2514  events.
 Actual xsec    41352653.820568778     
 Correct abs xsec    41352653.820568778     
 Event xsec    41352653.820570208     
 Events wgts > 1:           44
 % Cross section > 1:    406690.02773596597       0.98346778298824578     
 Checking number of events   4963.9725646210763             2514  chi2:    3.4462688819412137     
 Found         6174  events.
 Wrote         2543  events.
 Actual xsec    41352653.820568778     
 Correct abs xsec    41352653.820568778     
 Event xsec    41352653.820568785     
 Events wgts > 1:           44
 % Cross section > 1:    402097.29066071898       0.97236151373848723     
 Iteration  7   Mean: 0.4118E+08 Abs mean: 0.4118E+08   Fluctuation:  0.186E+06   0.379E+10    96.8%
  7    0.4118E+08 0.4118E+08 +- 0.1858E+06      1.61
 Relative summed weights:
  0.1673E+00  0.0000E+00
  0.1669E+00  0.0000E+00
  0.1655E+00  0.0000E+00
  0.1656E+00  0.0000E+00
  0.1671E+00  0.0000E+00
  0.1676E+00  0.0000E+00
 Relative number of events:
  0.1668E+00  0.0000E+00
  0.1680E+00  0.0000E+00
  0.1651E+00  0.0000E+00
  0.1662E+00  0.0000E+00
  0.1663E+00  0.0000E+00
  0.1676E+00  0.0000E+00
 Events:
       21356           0
       21500           0
       21129           0
       21270           0
       21291           0
       21454           0
 Found        12870  events.
 Wrote         4875  events.
 Actual xsec    41217955.904883966     
 Correct abs xsec    41217955.904883966     
 Event xsec    41217955.904886864     
 Events wgts > 1:           99
 % Cross section > 1:    401202.64189107483       0.97336860376306922     
 Checking number of events   4947.8034268222709             4875  chi2:    2.4444098821175788     
 Found        12870  events.
 Wrote         4865  events.
 Actual xsec    41217955.904883966     
 Correct abs xsec    41217955.904883966     
 Event xsec    41217955.904886536     
 Events wgts > 1:           99
 % Cross section > 1:    402019.26987162390       0.97534984704072403     
 Iteration  8   Mean: 0.4121E+08 Abs mean: 0.4121E+08   Fluctuation:  0.124E+06   0.304E+10    96.7%
  8    0.4121E+08 0.4121E+08 +- 0.1240E+06      1.52
 Relative summed weights:
  0.1669E+00  0.0000E+00
  0.1660E+00  0.0000E+00
  0.1677E+00  0.0000E+00
  0.1664E+00  0.0000E+00
  0.1671E+00  0.0000E+00
  0.1658E+00  0.0000E+00
 Relative number of events:
  0.1669E+00  0.0000E+00
  0.1663E+00  0.0000E+00
  0.1662E+00  0.0000E+00
  0.1671E+00  0.0000E+00
  0.1673E+00  0.0000E+00
  0.1663E+00  0.0000E+00
 Events:
       42728           0
       42565           0
       42547           0
       42766           0
       42829           0
       42565           0
 Found        25641  events.
 Wrote        11457  events.
 Actual xsec    41175083.917236805     
 Correct abs xsec    41175083.917236805     
 Event xsec    41175083.917245023     
 Events wgts > 1:          217
 % Cross section > 1:    411925.86122254113        1.0004250678649318     
 Checking number of events   4942.6570734251063            11457  chi2:   0.25890891721491321     

 -------------------------------------------------------------------------------
 Accumulated results:   Integral =  0.4122E+08
                        Std dev  =  0.9393E+05
                       Cross sec =  0.1707E+01
             Chi**2 per DoF.     =
-------------------------------------------------
---------------------------
 Results Last   3 iters: Integral =   0.4118E+08
                     Abs integral =   0.4118E+08
                          Std dev =   0.9612E+05
                  Chi**2 per DoF. =      0.2589
-------------------------------------------------
---------------------------
 Status -1.20039999999999996E-004           9           9
 We found enough events       11457   4942.6570734251063     

ls status:
events.lhe
ftn25
ftn26
input_sg.txt
moffset.dat
results.dat
run_01_ftn26.gz
run_01_log.txt
run_01_results.dat
run_02_ftn26.gz
run_02_log.txt
run_02_results.dat
run_03_ftn26.gz
run_03_log.txt
run_03_results.dat
run_04_ftn26.gz
run_04_log.txt
run_04_results.dat
run_05_ftn26.gz
run_05_log.txt
run_05_results.dat
run_08_ftn26.gz
run_08_log.txt
run_08_results.dat
run1_app.log
