 Process in group number            0
 No PDF is used, alpha_s(MZ) from param_card is used
 Value of alpha_s from param_card:   0.11800000071525575     
 The default order of alpha_s running is fixed to            2
 *****************************************************
 *               MadGraph/MadEvent                   *
 *        --------------------------------           *
 *          http://madgraph.hep.uiuc.edu             *
 *          http://madgraph.phys.ucl.ac.be           *
 *          http://madgraph.roma2.infn.it            *
 *        --------------------------------           *
 *                                                   *
 *          PARAMETER AND COUPLING VALUES            *
 *                                                   *
 *****************************************************

  External Params
  ---------------------------------
  
 aEWM1 =    132.50700378417969     
 mdl_Gf =   1.16639000000000003E-005
 aS =   0.11800000071525575     
 mdl_ymb =    4.6999998092651367     
 mdl_ymt =    173.00000000000000     
 mdl_yme =   5.10999991092830896E-004
 mdl_ymm =   0.10565999895334244     
 mdl_ymtau =    1.7769999504089355     
 mdl_MZ =    91.188003540039063     
 mdl_MT =    173.00000000000000     
 mdl_MB =    4.6999998092651367     
 mdl_MH =    125.00000000000000     
 mdl_Me =   5.10999991092830896E-004
 mdl_MM =   0.10565999895334244     
 mdl_MTA =    1.7769999504089355     
 mdl_WZ =    2.4414041042327881     
 mdl_WW =    2.0476000308990479     
 mdl_WT =    1.4915000200271606     
 mdl_WH =   6.38233916833996773E-003
 mdl_WTau =   2.26999999999999982E-012
  Internal Params
  ---------------------------------
  
 mdl_conjg__CKM3x3 =    1.0000000000000000     
 mdl_CKM3x3 =    1.0000000000000000     
 mdl_conjg__CKM1x1 =    1.0000000000000000     
 mdl_complexi =  (  0.0000000000000000     ,  1.0000000000000000     )
 mdl_MZ__exp__2 =    8315.2519896181766     
 mdl_MZ__exp__4 =    69143415.650849044     
 mdl_sqrt__2 =    1.4142135623730951     
 mdl_MH__exp__2 =    15625.000000000000     
 mdl_aEW =   7.54677089845565054E-003
 mdl_MW =    80.419007276179556     
 mdl_sqrt__aEW =   8.68721526063194194E-002
 mdl_ee =   0.30795376284704501     
 mdl_MW__exp__2 =    6467.2167312862202     
 mdl_sw2 =   0.22224645274001076     
 mdl_cw =   0.88190336616887299     
 mdl_sqrt__sw2 =   0.47143022043565552     
 mdl_sw =   0.47143022043565552     
 mdl_g1 =   0.34919218438279087     
 mdl_gw =   0.65323296958447097     
 mdl_vev =    246.21845810181631     
 mdl_vev__exp__2 =    60623.529110035874     
 mdl_lam =   0.12886910601690271     
 mdl_yb =   2.69955531549349904E-002
 mdl_ye =   2.93504850670934038E-006
 mdl_ym =   6.06883028478528356E-004
 mdl_yt =   0.99366614581500645     
 mdl_ytau =   1.02066167158167895E-002
 mdl_muH =    88.388347648318444     
 mdl_I1x33 =  ( 2.69955531549349904E-002,  0.0000000000000000     )
 mdl_I2x33 =  ( 0.99366614581500645     ,  0.0000000000000000     )
 mdl_I3x33 =  ( 0.99366614581500645     ,  0.0000000000000000     )
 mdl_I4x33 =  ( 2.69955531549349904E-002,  0.0000000000000000     )
 mdl_ee__exp__2 =   9.48355200516540348E-002
 mdl_sw__exp__2 =   0.22224645274001076     
 mdl_cw__exp__2 =   0.77775354725998924     
  Internal Params evaluated point by point
  ----------------------------------------
  
 mdl_sqrt__aS =   0.34351128178744839     
 mdl_G__exp__2 =    1.4828317414825511     
  Couplings of sm-lepton_masses
  ---------------------------------
  
         GC_3 =  -0.00000E+00  -0.30795E+00
        GC_50 =  -0.00000E+00  -0.28804E+00
        GC_59 =   0.00000E+00   0.82310E-01
        GC_89 =  -0.00000E+00  -0.20754E-05

 Collider parameters:
 --------------------

 Running at e e   machine @   7.00000000000000067E-002  GeV
 PDF set = none   
 alpha_s(Mz)= 0.1180 running at 2 loops.
 alpha_s(Mz)= 0.1180 running at 2 loops.
 Renormalization scale fixed @    91.188000000000002     
 Factorization scales  fixed @    91.188000000000002        91.188000000000002     


 getting user params
Enter number of events and max and min iterations: 
 Number of events and iterations         2000           9           3
Enter desired fractional accuracy: 
 Desired fractional accuracy:  -5.51800000000000036E-006
Enter 0 for fixed, 2 for adjustable grid: 
Suppress amplitude (0 no, 1 yes)? 
 Using suppressed amplitude.
Exact helicity sum (0 yes, n = number/event)? 
 Explicitly summing over helicities
Enter Configuration Number: 
Running Configuration Number:   16
 Not subdividing B.W.
 Attempting mappinvarients           1           5
 Completed mapping           5
 about to integrate            5        2000           9           3           5           1
 Using non-zero grid deformation.
  5 dimensions   2000 events  5 invarients  9 iterations  1 config(s),  (0.99)
 Using h-tuple random number sequence.
 Error opening grid
 Using Uniform Grid!
 Using uniform alpha   1.0000000000000000     
 Grid defined OK
 Set CM energy to          0.07
 Mapping Graph          16  to config          16
Setting grid   1    0.53290E-04   1
Setting grid   2    0.53290E-04   1
 Masses: 0.511E-03 0.511E-03 0.000E+00 0.511E-03 0.511E-03
  16   1   2   3   4   5
 Got moffset           3
Using random seed offsets    16 :      1
  with seed                  150
 Ranmar initialization seeds        4182       19001
  Particle       3       4       5
      Et >     0.0     0.0     0.0
       E >     0.0     0.0     0.0
     Eta <    -1.0    -1.0    -1.0
   xqcut:      0.0     0.0     0.0
d R # 3  >    -0.0     0.0     0.0
d R # 4  >    -0.0    -0.0     0.4
s min # 3>     0.0     0.0     0.0
s min # 4>     0.0     0.0     0.0
xqcutij # 3>     0.0     0.0     0.0
xqcutij # 4>     0.0     0.0     0.0
 alpha_s for scale    91.188000000000002       is   0.11800000071525575     
 Added good helicity            1   6.1341287965379099       in event            1
 Added good helicity            2  0.25101425976937131       in event            1
 Added good helicity            5   1.6245944042001019       in event            1
 Added good helicity           10   1.6220515777605236       in event            1
 Added good helicity           13  0.24976523071025311       in event            1
 Added good helicity           14   6.1184448602146926       in event            1
 Added good helicity           19   6.1184448614288351       in event            1
 Added good helicity           20  0.24976523078303151       in event            1
 Added good helicity           23   1.6220515780823828       in event            1
 Added good helicity           28   1.6245944042001230       in event            1
 Added good helicity           31  0.25101425974608116       in event            1
 Added good helicity           32   6.1341287965378699       in event            1
 Added good helicity            6  3.72125402712511571E-006  in event            2
 Added good helicity            9  3.72215118472677891E-006  in event            2
 Added good helicity           24  3.72215118500273123E-006  in event            2
 Added good helicity           27  3.72125402714710680E-006  in event            2
 Added good helicity            3  1.42824427818825277E-003  in event            3
 Added good helicity            7  6.14044462861726277E-006  in event            3
 Added good helicity           11  4.41995889390293223E-004  in event            3
 Added good helicity           15  5.18779182437084790E-002  in event            3
 Added good helicity           16  3.32038465170797970E-006  in event            3
 Added good helicity           17  3.32038470052468735E-006  in event            3
 Added good helicity           18  5.18779182715273998E-002  in event            3
 Added good helicity           22  4.41995889101812287E-004  in event            3
 Added good helicity           26  6.14044469963607701E-006  in event            3
 Added good helicity           30  1.42824428832191339E-003  in event            3
 Added good helicity           12  2.48604752159968295E-004  in event            8
 Added good helicity           21  2.48604752667582320E-004  in event            8
 Added good helicity            4  1.56984794201948794E-006  in event            9
 Added good helicity           29  1.56984795760535708E-006  in event            9
 Iteration  1   Mean: 0.2329E+10 Abs mean: 0.2329E+10   Fluctuation:  0.150E+09   0.713E+11    82.2%
  1    0.2329E+10 0.2329E+10 +- 0.1497E+09      2.87
 Writing out events   157385.32363748818        2.8748935967379752     
 Relative summed weights:
  0.1000E+01  0.0000E+00
 Relative number of events:
  0.1000E+01  0.0000E+00
 Events:
        2000           0
 Iteration  2   Mean: 0.2342E+10 Abs mean: 0.2342E+10   Fluctuation:  0.667E+08   0.505E+11    86.3%
  2    0.2342E+10 0.2342E+10 +- 0.6669E+08      1.80
 Relative summed weights:
  0.1000E+01  0.0000E+00
 Relative number of events:
  0.1000E+01  0.0000E+00
 Events:
        4000           0
 Iteration  3   Mean: 0.2444E+10 Abs mean: 0.2444E+10   Fluctuation:  0.372E+08   0.524E+11    81.3%
  3    0.2444E+10 0.2444E+10 +- 0.3720E+08      1.36
 Relative summed weights:
  0.1000E+01  0.0000E+00
 Relative number of events:
  0.1000E+01  0.0000E+00
 Events:
        8000           0
 Found         1006  events.
 Wrote         1001  events.
 Actual xsec    2417406485.6713700     
 Correct abs xsec    2417406485.6713700     
 Event xsec    2417406485.6713772     
 Events wgts > 1:         1001
 % Cross section > 1:    13298521.345435249       0.55011523400219142     
 Checking number of events   13339.248987934621             1001  chi2:    1.0688303579082499     
 Found         1006  events.
 Wrote         1001  events.
 Actual xsec    2417406485.6713700     
 Correct abs xsec    2417406485.6713700     
 Event xsec    2417406485.6713772     
 Events wgts > 1:         1001
 % Cross section > 1:    13298521.345435249       0.55011523400219142     
 Iteration  4   Mean: 0.2392E+10 Abs mean: 0.2392E+10   Fluctuation:  0.223E+08   0.323E+11    77.1%
  4    0.2392E+10 0.2392E+10 +- 0.2232E+08      1.18
 Relative summed weights:
  0.1000E+01  0.0000E+00
 Relative number of events:
  0.1000E+01  0.0000E+00
 Events:
       16000           0
 Found         2003  events.
 Wrote         1998  events.
 Actual xsec    2401807418.8076220     
 Correct abs xsec    2401807418.8076220     
 Event xsec    2401807418.8077273     
 Events wgts > 1:            6
 % Cross section > 1:    2254400.4773385748       9.38626660774357080E-002
 Checking number of events   13253.173336980459             1998  chi2:    1.1318710805410532     
 Found         2003  events.
 Wrote         1998  events.
 Actual xsec    2401807418.8076220     
 Correct abs xsec    2401807418.8076220     
 Event xsec    2401807418.8077273     
 Events wgts > 1:            6
 % Cross section > 1:    2254400.4773385748       9.38626660774357080E-002
 Iteration  5   Mean: 0.2427E+10 Abs mean: 0.2427E+10   Fluctuation:  0.152E+08   0.514E+11    74.4%
  5    0.2427E+10 0.2427E+10 +- 0.1516E+08      1.12
 Relative summed weights:
  0.1000E+01  0.0000E+00
 Relative number of events:
  0.1000E+01  0.0000E+00
 Events:
       32000           0
 Found         4374  events.
 Wrote         4371  events.
 Actual xsec    2418910386.7857361     
 Correct abs xsec    2418910386.7857361     
 Event xsec    2418910386.7856278     
 Events wgts > 1:           14
 % Cross section > 1:    2143425.1444766317       8.86111844484212124E-002
 Checking number of events   13347.547514283693             4371  chi2:    1.0591743944095282     
 Found         4374  events.
 Wrote         4371  events.
 Actual xsec    2418910386.7857361     
 Correct abs xsec    2418910386.7857361     
 Event xsec    2418910386.7856278     
 Events wgts > 1:           14
 % Cross section > 1:    2143425.1444766317       8.86111844484212124E-002
 Iteration  6   Mean: 0.2423E+10 Abs mean: 0.2423E+10   Fluctuation:  0.105E+08   0.649E+11    71.6%
  6    0.2423E+10 0.2423E+10 +- 0.1054E+08      1.10
 Relative summed weights:
  0.1000E+01  0.0000E+00
 Relative number of events:
  0.1000E+01  0.0000E+00
 Events:
       64000           0
 Found         8910  events.
 Wrote         8908  events.
 Actual xsec    2420010898.1563187     
 Correct abs xsec    2420010898.1563187     
 Event xsec    2420010898.1563292     
 Events wgts > 1:           43
 % Cross section > 1:    5491855.5463910298       0.22693515762986718     
 Checking number of events   13353.620136026568             8908  chi2:   0.89439945912006469     
 Found         8910  events.
 Wrote         8908  events.
 Actual xsec    2420010898.1563187     
 Correct abs xsec    2420010898.1563187     
 Event xsec    2420010898.1563292     
 Events wgts > 1:           43
 % Cross section > 1:    5491855.5463910298       0.22693515762986718     
 Iteration  7   Mean: 0.2418E+10 Abs mean: 0.2418E+10   Fluctuation:  0.788E+07   0.303E+12    69.4%
  7    0.2418E+10 0.2418E+10 +- 0.7883E+07      1.17
 Relative summed weights:
  0.1000E+01  0.0000E+00
 Relative number of events:
  0.1000E+01  0.0000E+00
 Events:
      128000           0
 Found        18447  events.
 Wrote        18442  events.
 Actual xsec    2420743062.5827823     
 Correct abs xsec    2420743062.5827823     
 Event xsec    2420743062.5824819     
 Events wgts > 1:          116
 % Cross section > 1:    10859287.931418082       0.44859316543215644     
 Checking number of events   13357.660219331794            18442  chi2:   0.15503627429434799     

 -------------------------------------------------------------------------------
 Accumulated results:   Integral =  0.2419E+10
                        Std dev  =  0.5552E+07
                       Cross sec =  0.6390E+00
             Chi**2 per DoF.     =
-------------------------------------------------
---------------------------
 Results Last   3 iters: Integral =   0.2421E+10
                     Abs integral =   0.2421E+10
                          Std dev =   0.5828E+07
                  Chi**2 per DoF. =      0.1550
-------------------------------------------------
---------------------------
 Status -5.51800000000000036E-006           8           9
 We found enough events       18442   13357.660219331794     

ls status:
events.lhe
ftn25
ftn26
input_sg.txt
moffset.dat
results.dat
run_01_ftn26.gz
run_01_log.txt
run_01_results.dat
run_02_ftn26.gz
run_02_log.txt
run_02_results.dat
run_03_ftn26.gz
run_03_log.txt
run_03_results.dat
run_04_ftn26.gz
run_04_log.txt
run_04_results.dat
run_05_ftn26.gz
run_05_log.txt
run_05_results.dat
run_06_ftn26.gz
run_06_log.txt
run_06_results.dat
run_07_ftn26.gz
run_07_log.txt
run_07_results.dat
run1_app.log
