 Process in group number            0
 No PDF is used, alpha_s(MZ) from param_card is used
 Value of alpha_s from param_card:   0.11800000071525575     
 The default order of alpha_s running is fixed to            2
 *****************************************************
 *               MadGraph/MadEvent                   *
 *        --------------------------------           *
 *          http://madgraph.hep.uiuc.edu             *
 *          http://madgraph.phys.ucl.ac.be           *
 *          http://madgraph.roma2.infn.it            *
 *        --------------------------------           *
 *                                                   *
 *          PARAMETER AND COUPLING VALUES            *
 *                                                   *
 *****************************************************

  External Params
  ---------------------------------
  
 aEWM1 =    132.50700378417969     
 mdl_Gf =   1.16639000000000003E-005
 aS =   0.11800000071525575     
 mdl_ymb =    4.6999998092651367     
 mdl_ymt =    173.00000000000000     
 mdl_yme =   5.10999991092830896E-004
 mdl_ymm =   0.10565999895334244     
 mdl_ymtau =    1.7769999504089355     
 mdl_MZ =    91.188003540039063     
 mdl_MT =    173.00000000000000     
 mdl_MB =    4.6999998092651367     
 mdl_MH =    125.00000000000000     
 mdl_Me =   5.10999991092830896E-004
 mdl_MM =   0.10565999895334244     
 mdl_MTA =    1.7769999504089355     
 mdl_WZ =    2.4414041042327881     
 mdl_WW =    2.0476000308990479     
 mdl_WT =    1.4915000200271606     
 mdl_WH =   6.38233916833996773E-003
 mdl_WTau =   2.26999999999999982E-012
  Internal Params
  ---------------------------------
  
 mdl_conjg__CKM3x3 =    1.0000000000000000     
 mdl_CKM3x3 =    1.0000000000000000     
 mdl_conjg__CKM1x1 =    1.0000000000000000     
 mdl_complexi =  (  0.0000000000000000     ,  1.0000000000000000     )
 mdl_MZ__exp__2 =    8315.2519896181766     
 mdl_MZ__exp__4 =    69143415.650849044     
 mdl_sqrt__2 =    1.4142135623730951     
 mdl_MH__exp__2 =    15625.000000000000     
 mdl_aEW =   7.54677089845565054E-003
 mdl_MW =    80.419007276179556     
 mdl_sqrt__aEW =   8.68721526063194194E-002
 mdl_ee =   0.30795376284704501     
 mdl_MW__exp__2 =    6467.2167312862202     
 mdl_sw2 =   0.22224645274001076     
 mdl_cw =   0.88190336616887299     
 mdl_sqrt__sw2 =   0.47143022043565552     
 mdl_sw =   0.47143022043565552     
 mdl_g1 =   0.34919218438279087     
 mdl_gw =   0.65323296958447097     
 mdl_vev =    246.21845810181631     
 mdl_vev__exp__2 =    60623.529110035874     
 mdl_lam =   0.12886910601690271     
 mdl_yb =   2.69955531549349904E-002
 mdl_ye =   2.93504850670934038E-006
 mdl_ym =   6.06883028478528356E-004
 mdl_yt =   0.99366614581500645     
 mdl_ytau =   1.02066167158167895E-002
 mdl_muH =    88.388347648318444     
 mdl_I1x33 =  ( 2.69955531549349904E-002,  0.0000000000000000     )
 mdl_I2x33 =  ( 0.99366614581500645     ,  0.0000000000000000     )
 mdl_I3x33 =  ( 0.99366614581500645     ,  0.0000000000000000     )
 mdl_I4x33 =  ( 2.69955531549349904E-002,  0.0000000000000000     )
 mdl_ee__exp__2 =   9.48355200516540348E-002
 mdl_sw__exp__2 =   0.22224645274001076     
 mdl_cw__exp__2 =   0.77775354725998924     
  Internal Params evaluated point by point
  ----------------------------------------
  
 mdl_sqrt__aS =   0.34351128178744839     
 mdl_G__exp__2 =    1.4828317414825511     
  Couplings of sm-lepton_masses
  ---------------------------------
  
         GC_3 =  -0.00000E+00  -0.30795E+00
        GC_50 =  -0.00000E+00  -0.28804E+00
        GC_59 =   0.00000E+00   0.82310E-01
        GC_89 =  -0.00000E+00  -0.20754E-05

 Collider parameters:
 --------------------

 Running at e e   machine @   7.00000000000000067E-002  GeV
 PDF set = none   
 alpha_s(Mz)= 0.1180 running at 2 loops.
 alpha_s(Mz)= 0.1180 running at 2 loops.
 Renormalization scale fixed @    91.188000000000002     
 Factorization scales  fixed @    91.188000000000002        91.188000000000002     


 getting user params
Enter number of events and max and min iterations: 
 Number of events and iterations         1000           5           3
Enter desired fractional accuracy: 
 Desired fractional accuracy:   0.10000000000000001     
Enter 0 for fixed, 2 for adjustable grid: 
Suppress amplitude (0 no, 1 yes)? 
 Using suppressed amplitude.
Exact helicity sum (0 yes, n = number/event)? 
 Explicitly summing over helicities
Enter Configuration Number: 
Running Configuration Number:   12
 Using dconfig=           2
 BW Setting            2           0           0
 Attempting mappinvarients           1           5
 Completed mapping           5
 about to integrate            5        1000           5           3           5           1
 Using non-zero grid deformation.
  5 dimensions   1000 events  5 invarients  5 iterations  1 config(s),  (0.99)
 Using h-tuple random number sequence.
 Error opening grid
 Using Uniform Grid!
 Using uniform alpha   1.0000000000000000     
 Grid defined OK
 Set CM energy to          0.07
 Mapping Graph          12  to config          12
Setting grid   1    0.21316E-03   1
Setting grid   2    0.18367E-04   1
 Masses: 0.511E-03 0.511E-03 0.000E+00 0.511E-03 0.511E-03
  12   1   2   3   4   5
Using random seed offsets    12 :      1
  with seed                  147
 Ranmar initialization seeds       30602        9526
  Particle       3       4       5
      Et >     0.0     0.0     0.0
       E >     0.0     0.0     0.0
     Eta <    -1.0    -1.0    -1.0
   xqcut:      0.0     0.0     0.0
d R # 3  >    -0.0     0.0     0.0
d R # 4  >    -0.0    -0.0     0.4
s min # 3>     0.0     0.0     0.0
s min # 4>     0.0     0.0     0.0
xqcutij # 3>     0.0     0.0     0.0
xqcutij # 4>     0.0     0.0     0.0
 Excluding BW           -1           1
 alpha_s for scale    91.188000000000002       is   0.11800000071525575     
 Added good helicity            1   12.620423912301652       in event            1
 Added good helicity            2  0.12701417829742806       in event            1
 Added good helicity            3  1.95736370415056224E-003  in event            1
 Added good helicity            5  3.04062203579220335E-002  in event            1
 Added good helicity            6  8.38863076288053262E-005  in event            1
 Added good helicity            7  6.62726830563997550E-006  in event            1
 Added good helicity            9  1.05342589919520126E-006  in event            1
 Added good helicity           10  0.11964797477923114       in event            1
 Added good helicity           11   2.7297759376577613       in event            1
 Added good helicity           12  0.36574363685068756       in event            1
 Added good helicity           14  9.92916684200174753E-004  in event            1
 Added good helicity           15  3.93488227229988902E-003  in event            1
 Added good helicity           16  1.12635118010703204E-005  in event            1
 Added good helicity           17  1.12635117284888227E-005  in event            1
 Added good helicity           18  3.93488227347480943E-003  in event            1
 Added good helicity           19  9.92916702027969115E-004  in event            1
 Added good helicity           21  0.36574363636731322       in event            1
 Added good helicity           22   2.7297759368358285       in event            1
 Added good helicity           23  0.11964797675057726       in event            1
 Added good helicity           24  1.05342591859296811E-006  in event            1
 Added good helicity           26  6.62726826916513844E-006  in event            1
 Added good helicity           27  8.38863074322921239E-005  in event            1
 Added good helicity           28  3.04062203540240474E-002  in event            1
 Added good helicity           30  1.95736361537584202E-003  in event            1
 Added good helicity           31  0.12701417811916477       in event            1
 Added good helicity           32   12.620423913770074       in event            1
 Added good helicity           13  2.47110098998324308E-006  in event            2
 Added good helicity           20  2.47109828437702925E-006  in event            2
 Added good helicity            4  1.42741517262131864E-006  in event            9
 Added good helicity           29  1.42741517517958218E-006  in event            9
 Iteration  1   Mean: 0.2052E-07 Abs mean: 0.2052E-07   Fluctuation:  0.374E-08   0.230E-05    67.9%
  1    0.2052E-07 0.2052E-07 +- 0.3742E-08      5.77
 Writing out events  6.04530184591105232E-012   5.7658300939800133     
 Relative summed weights:
  0.1000E+01  0.0000E+00
 Relative number of events:
  0.1000E+01  0.0000E+00
 Events:
        1000           0
 Iteration  2   Mean: 0.2834E-07 Abs mean: 0.2834E-07   Fluctuation:  0.136E-08   0.729E-06    87.1%
  2    0.2834E-07 0.2834E-07 +- 0.1358E-08      2.14
 Relative summed weights:
  0.1000E+01  0.0000E+00
 Relative number of events:
  0.1000E+01  0.0000E+00
 Events:
        2000           0
 Iteration  3   Mean: 0.2955E-07 Abs mean: 0.2955E-07   Fluctuation:  0.641E-09   0.409E-06    87.1%
  3    0.2955E-07 0.2955E-07 +- 0.6415E-09      1.37
 Relative summed weights:
  0.1000E+01  0.0000E+00
 Relative number of events:
  0.1000E+01  0.0000E+00
 Events:
        4000           0
 Accuracy:    0.025   0.100   0.020   1.660
 Finished due to accuracy   2.53294935294506064E-002  0.10000000000000001     

 -------------------------------------------------------------------------------
 Accumulated results:   Integral =  0.2924E-07
                        Std dev  =  0.5748E-09
                       Cross sec =  0.2924E-07
             Chi**2 per DoF.     =      1.6602
 -------------------------------------------------------------------------------
 Found          478  events.
 Wrote          475  events.
 Actual xsec   2.92409002094101041E-008
 Correct abs xsec   2.92409002094101041E-008
 Event xsec   2.92409002094100843E-008
 Events wgts > 1:           19
 % Cross section > 1:   2.15324431269116819E-010  0.73638099281164660     
-------------------------------------------------
---------------------------
 Results Last   3 iters: Integral =   0.2924E-07
                     Abs integral =   0.2924E-07
                          Std dev =   0.5748E-09
                  Chi**2 per DoF. =      3.0495
-------------------------------------------------
---------------------------
 Status  0.10000000000000001                4           5

ls status:
events.lhe
input_app.txt
multijob.dat
results.dat
run_01_log.txt
run_01_results.dat
run_02_log.txt
run_02_results.dat
run_03_log.txt
run_03_results.dat
run_04_log.txt
run_04_results.dat
run_05_log.txt
run_05_results.dat
run_06_log.txt
run_06_results.dat
run_07_log.txt
run_07_results.dat
run1_app.log
