 Process in group number            0
 No PDF is used, alpha_s(MZ) from param_card is used
 Value of alpha_s from param_card:   0.11800000071525575     
 The default order of alpha_s running is fixed to            2
 *****************************************************
 *               MadGraph/MadEvent                   *
 *        --------------------------------           *
 *          http://madgraph.hep.uiuc.edu             *
 *          http://madgraph.phys.ucl.ac.be           *
 *          http://madgraph.roma2.infn.it            *
 *        --------------------------------           *
 *                                                   *
 *          PARAMETER AND COUPLING VALUES            *
 *                                                   *
 *****************************************************

  External Params
  ---------------------------------
  
 aEWM1 =    132.50700378417969     
 mdl_Gf =   1.16639000000000003E-005
 aS =   0.11800000071525575     
 mdl_ymb =    4.6999998092651367     
 mdl_ymt =    173.00000000000000     
 mdl_yme =   5.10999991092830896E-004
 mdl_ymm =   0.10565999895334244     
 mdl_ymtau =    1.7769999504089355     
 mdl_MZ =    91.188003540039063     
 mdl_MT =    173.00000000000000     
 mdl_MB =    4.6999998092651367     
 mdl_MH =    125.00000000000000     
 mdl_Me =   5.10999991092830896E-004
 mdl_MM =   0.10565999895334244     
 mdl_MTA =    1.7769999504089355     
 mdl_WZ =    2.4414041042327881     
 mdl_WW =    2.0476000308990479     
 mdl_WT =    1.4915000200271606     
 mdl_WH =   6.38233916833996773E-003
 mdl_WTau =   2.26999999999999982E-012
  Internal Params
  ---------------------------------
  
 mdl_conjg__CKM3x3 =    1.0000000000000000     
 mdl_CKM3x3 =    1.0000000000000000     
 mdl_conjg__CKM1x1 =    1.0000000000000000     
 mdl_complexi =  (  0.0000000000000000     ,  1.0000000000000000     )
 mdl_MZ__exp__2 =    8315.2519896181766     
 mdl_MZ__exp__4 =    69143415.650849044     
 mdl_sqrt__2 =    1.4142135623730951     
 mdl_MH__exp__2 =    15625.000000000000     
 mdl_aEW =   7.54677089845565054E-003
 mdl_MW =    80.419007276179556     
 mdl_sqrt__aEW =   8.68721526063194194E-002
 mdl_ee =   0.30795376284704501     
 mdl_MW__exp__2 =    6467.2167312862202     
 mdl_sw2 =   0.22224645274001076     
 mdl_cw =   0.88190336616887299     
 mdl_sqrt__sw2 =   0.47143022043565552     
 mdl_sw =   0.47143022043565552     
 mdl_g1 =   0.34919218438279087     
 mdl_gw =   0.65323296958447097     
 mdl_vev =    246.21845810181631     
 mdl_vev__exp__2 =    60623.529110035874     
 mdl_lam =   0.12886910601690271     
 mdl_yb =   2.69955531549349904E-002
 mdl_ye =   2.93504850670934038E-006
 mdl_ym =   6.06883028478528356E-004
 mdl_yt =   0.99366614581500645     
 mdl_ytau =   1.02066167158167895E-002
 mdl_muH =    88.388347648318444     
 mdl_I1x33 =  ( 2.69955531549349904E-002,  0.0000000000000000     )
 mdl_I2x33 =  ( 0.99366614581500645     ,  0.0000000000000000     )
 mdl_I3x33 =  ( 0.99366614581500645     ,  0.0000000000000000     )
 mdl_I4x33 =  ( 2.69955531549349904E-002,  0.0000000000000000     )
 mdl_ee__exp__2 =   9.48355200516540348E-002
 mdl_sw__exp__2 =   0.22224645274001076     
 mdl_cw__exp__2 =   0.77775354725998924     
  Internal Params evaluated point by point
  ----------------------------------------
  
 mdl_sqrt__aS =   0.34351128178744839     
 mdl_G__exp__2 =    1.4828317414825511     
  Couplings of sm-lepton_masses
  ---------------------------------
  
         GC_3 =  -0.00000E+00  -0.30795E+00

 Collider parameters:
 --------------------

 Running at e e   machine @   7.00000000000000067E-002  GeV
 PDF set = none   
 alpha_s(Mz)= 0.1180 running at 2 loops.
 alpha_s(Mz)= 0.1180 running at 2 loops.
 Renormalization scale fixed @    91.188000000000002     
 Factorization scales  fixed @    91.188000000000002        91.188000000000002     


 getting user params
Enter number of events and max and min iterations: 
 Number of events and iterations         2000           9           3
Enter desired fractional accuracy: 
 Desired fractional accuracy:  -1.20039999999999996E-004
Enter 0 for fixed, 2 for adjustable grid: 
Suppress amplitude (0 no, 1 yes)? 
 Using suppressed amplitude.
Exact helicity sum (0 yes, n = number/event)? 
 Explicitly summing over helicities
Enter Configuration Number: 
Running Configuration Number:    1
 Not subdividing B.W.
 Attempting mappinvarients           1           5
 Completed mapping           5
 about to integrate            5        2000           9           3           5           1
 Using non-zero grid deformation.
  5 dimensions   2000 events  5 invarients  9 iterations  1 config(s),  (0.99)
 Using h-tuple random number sequence.
 Error opening grid
 Using Uniform Grid!
 Using uniform alpha   1.0000000000000000     
 Grid defined OK
 Set CM energy to          0.07
 Mapping Graph           1  to config           1
Setting grid   1    0.18367E-04   1
Setting grid   2    0.18367E-04   1
 Masses: 0.511E-03 0.511E-03 0.000E+00 0.000E+00 0.000E+00
   1   1   2   3   4   5
 Got moffset           2
Using random seed offsets     1 :      1
  with seed                  192
 Ranmar initialization seeds       25284       15887
  Particle       3       4       5
      Et >     0.0     0.0     0.0
       E >     0.0     0.0     0.0
     Eta <    -1.0    -1.0    -1.0
   xqcut:      0.0     0.0     0.0
d R # 3  >    -0.0     0.0     0.0
d R # 4  >    -0.0    -0.0     0.0
s min # 3>     0.0     0.0     0.0
s min # 4>     0.0     0.0     0.0
xqcutij # 3>     0.0     0.0     0.0
xqcutij # 4>     0.0     0.0     0.0
 alpha_s for scale    91.188000000000002       is   0.11800000071525575     
 Added good helicity            1   1.0056063132080637       in event            1
 Added good helicity            2  0.43562199970284937       in event            1
 Added good helicity            3  5.63025928256781913E-006  in event            1
 Added good helicity            4  2.09908108682031684E-006  in event            1
 Added good helicity            5  0.67398105109616635       in event            1
 Added good helicity           11   9.2007090419564168       in event            1
 Added good helicity           12   4.6048893909022581       in event            1
 Added good helicity           13  1.94570434646744630E-005  in event            1
 Added good helicity           14  2.21204831106102129E-006  in event            1
 Added good helicity           15  7.91618317071354771E-002  in event            1
 Added good helicity           18  7.91618317071354355E-002  in event            1
 Added good helicity           19  2.21204831106102129E-006  in event            1
 Added good helicity           20  1.94570434646744630E-005  in event            1
 Added good helicity           21   4.6048893909022581       in event            1
 Added good helicity           22   9.2007090419564168       in event            1
 Added good helicity           28  0.67398105109616624       in event            1
 Added good helicity           29  2.09908108682031684E-006  in event            1
 Added good helicity           30  5.63025928256781913E-006  in event            1
 Added good helicity           31  0.43562199970284937       in event            1
 Added good helicity           32   1.0056063132080637       in event            1
 Added good helicity           10  4.27632451051576451E-006  in event            2
 Added good helicity           23  4.27632451051576451E-006  in event            2
 Added good helicity            6  2.05399349643185706E-006  in event            3
 Added good helicity            7  1.43753342100013320E-004  in event            3
 Added good helicity           26  1.43753342100013320E-004  in event            3
 Added good helicity           27  2.05399349643185706E-006  in event            3
 Iteration  1   Mean: 0.3764E+08 Abs mean: 0.3764E+08   Fluctuation:  0.350E+07   0.517E+10    99.3%
  1    0.3764E+08 0.3764E+08 +- 0.3496E+07      4.15
 Writing out events   2106.6483278417295        4.1536705420887952     
 Relative summed weights:
  0.1772E+00  0.0000E+00
  0.1426E+00  0.0000E+00
  0.2241E+00  0.0000E+00
  0.1648E+00  0.0000E+00
  0.1533E+00  0.0000E+00
  0.1380E+00  0.0000E+00
 Relative number of events:
  0.1635E+00  0.0000E+00
  0.1735E+00  0.0000E+00
  0.1485E+00  0.0000E+00
  0.1680E+00  0.0000E+00
  0.1845E+00  0.0000E+00
  0.1620E+00  0.0000E+00
 Events:
         327           0
         347           0
         297           0
         336           0
         369           0
         324           0
 Iteration  2   Mean: 0.4108E+08 Abs mean: 0.4108E+08   Fluctuation:  0.404E+07   0.150E+11    96.9%
  2    0.4108E+08 0.4108E+08 +- 0.4037E+07      6.21
 Relative summed weights:
  0.1404E+00  0.0000E+00
  0.1612E+00  0.0000E+00
  0.1653E+00  0.0000E+00
  0.1443E+00  0.0000E+00
  0.1413E+00  0.0000E+00
  0.2475E+00  0.0000E+00
 Relative number of events:
  0.1628E+00  0.0000E+00
  0.1740E+00  0.0000E+00
  0.1825E+00  0.0000E+00
  0.1620E+00  0.0000E+00
  0.1585E+00  0.0000E+00
  0.1603E+00  0.0000E+00
 Events:
         651           0
         696           0
         730           0
         648           0
         634           0
         641           0
 Iteration  3   Mean: 0.4168E+08 Abs mean: 0.4168E+08   Fluctuation:  0.196E+07   0.126E+11    97.8%
  3    0.4168E+08 0.4168E+08 +- 0.1958E+07      4.20
 Relative summed weights:
  0.1679E+00  0.0000E+00
  0.1613E+00  0.0000E+00
  0.1884E+00  0.0000E+00
  0.1452E+00  0.0000E+00
  0.1755E+00  0.0000E+00
  0.1617E+00  0.0000E+00
 Relative number of events:
  0.1648E+00  0.0000E+00
  0.1670E+00  0.0000E+00
  0.1669E+00  0.0000E+00
  0.1695E+00  0.0000E+00
  0.1666E+00  0.0000E+00
  0.1653E+00  0.0000E+00
 Events:
        1318           0
        1336           0
        1335           0
        1356           0
        1333           0
        1322           0
 Found          729  events.
 Wrote           21  events.
 Actual xsec    40888346.265971057     
 Correct abs xsec    40888346.265971057     
 Event xsec    40888346.265971065     
 Events wgts > 1:            0
 % Cross section > 1:    0.0000000000000000        0.0000000000000000     
 Checking number of events   4908.2370857671658               21  chi2:   0.51441968460230192     
 Found          729  events.
 Wrote           26  events.
 Actual xsec    40888346.265971057     
 Correct abs xsec    40888346.265971057     
 Event xsec    40888346.265971087     
 Events wgts > 1:            0
 % Cross section > 1:    0.0000000000000000        0.0000000000000000     
 Iteration  4   Mean: 0.4123E+08 Abs mean: 0.4123E+08   Fluctuation:  0.712E+06   0.535E+10    96.5%
  4    0.4123E+08 0.4123E+08 +- 0.7122E+06      2.18
 Relative summed weights:
  0.1665E+00  0.0000E+00
  0.1602E+00  0.0000E+00
  0.1716E+00  0.0000E+00
  0.1574E+00  0.0000E+00
  0.1771E+00  0.0000E+00
  0.1671E+00  0.0000E+00
 Relative number of events:
  0.1666E+00  0.0000E+00
  0.1598E+00  0.0000E+00
  0.1733E+00  0.0000E+00
  0.1642E+00  0.0000E+00
  0.1688E+00  0.0000E+00
  0.1673E+00  0.0000E+00
 Events:
        2666           0
        2556           0
        2773           0
        2627           0
        2701           0
        2677           0
 Found         1539  events.
 Wrote          331  events.
 Actual xsec    41278003.313856401     
 Correct abs xsec    41278003.313856401     
 Event xsec    41278003.313856438     
 Events wgts > 1:            6
 % Cross section > 1:    334814.90162381978       0.81112184394691211     
 Checking number of events   4955.0115177953221              331  chi2:   2.40137862768396923E-002
 Found         1539  events.
 Wrote          333  events.
 Actual xsec    41278003.313856401     
 Correct abs xsec    41278003.313856401     
 Event xsec    41278003.313856311     
 Events wgts > 1:            6
 % Cross section > 1:    332820.21499223448       0.80628952050234592     
 Iteration  5   Mean: 0.4069E+08 Abs mean: 0.4069E+08   Fluctuation:  0.444E+06   0.494E+10    97.1%
  5    0.4069E+08 0.4069E+08 +- 0.4439E+06      1.95
 Relative summed weights:
  0.1657E+00  0.0000E+00
  0.1709E+00  0.0000E+00
  0.1628E+00  0.0000E+00
  0.1703E+00  0.0000E+00
  0.1613E+00  0.0000E+00
  0.1691E+00  0.0000E+00
 Relative number of events:
  0.1614E+00  0.0000E+00
  0.1668E+00  0.0000E+00
  0.1634E+00  0.0000E+00
  0.1700E+00  0.0000E+00
  0.1677E+00  0.0000E+00
  0.1708E+00  0.0000E+00
 Events:
        5165           0
        5337           0
        5229           0
        5439           0
        5365           0
        5465           0
 Found         3078  events.
 Wrote          731  events.
 Actual xsec    40876407.137166128     
 Correct abs xsec    40876407.137166128     
 Event xsec    40876407.137165345     
 Events wgts > 1:           10
 % Cross section > 1:    405462.93096541392       0.99192409353600441     
 Checking number of events   4906.8039127454222              731  chi2:   0.29283865579220969     
 Found         3078  events.
 Wrote          756  events.
 Actual xsec    40876407.137166128     
 Correct abs xsec    40876407.137166128     
 Event xsec    40876407.137165375     
 Events wgts > 1:           10
 % Cross section > 1:    392183.40817279118       0.95943708275723871     
 Iteration  6   Mean: 0.4184E+08 Abs mean: 0.4184E+08   Fluctuation:  0.306E+06   0.404E+10    96.8%
  6    0.4184E+08 0.4184E+08 +- 0.3065E+06      1.85
 Relative summed weights:
  0.1695E+00  0.0000E+00
  0.1720E+00  0.0000E+00
  0.1647E+00  0.0000E+00
  0.1688E+00  0.0000E+00
  0.1621E+00  0.0000E+00
  0.1629E+00  0.0000E+00
 Relative number of events:
  0.1673E+00  0.0000E+00
  0.1679E+00  0.0000E+00
  0.1693E+00  0.0000E+00
  0.1672E+00  0.0000E+00
  0.1642E+00  0.0000E+00
  0.1641E+00  0.0000E+00
 Events:
       10710           0
       10747           0
       10838           0
       10699           0
       10506           0
       10500           0
 Found         6389  events.
 Wrote         1852  events.
 Actual xsec    41452562.914998055     
 Correct abs xsec    41452562.914998055     
 Event xsec    41452562.914997712     
 Events wgts > 1:           39
 % Cross section > 1:    417808.29634644912        1.0079190934543745     
 Checking number of events   4975.9656523163667             1852  chi2:    2.2960367630655183     
 Found         6389  events.
 Wrote         1888  events.
 Actual xsec    41452562.914998055     
 Correct abs xsec    41452562.914998055     
 Event xsec    41452562.914996803     
 Events wgts > 1:           39
 % Cross section > 1:    409920.39449517493       0.98889035000263636     
 Iteration  7   Mean: 0.4138E+08 Abs mean: 0.4138E+08   Fluctuation:  0.204E+06   0.542E+10    96.8%
  7    0.4138E+08 0.4138E+08 +- 0.2035E+06      1.76
 Relative summed weights:
  0.1632E+00  0.0000E+00
  0.1670E+00  0.0000E+00
  0.1681E+00  0.0000E+00
  0.1650E+00  0.0000E+00
  0.1694E+00  0.0000E+00
  0.1674E+00  0.0000E+00
 Relative number of events:
  0.1652E+00  0.0000E+00
  0.1676E+00  0.0000E+00
  0.1671E+00  0.0000E+00
  0.1668E+00  0.0000E+00
  0.1669E+00  0.0000E+00
  0.1664E+00  0.0000E+00
 Events:
       21147           0
       21453           0
       21388           0
       21351           0
       21363           0
       21298           0
 Found        12575  events.
 Wrote         3986  events.
 Actual xsec    41421025.296237543     
 Correct abs xsec    41421025.296237543     
 Event xsec    41421025.296237268     
 Events wgts > 1:           73
 % Cross section > 1:    415786.00585420529        1.0038042343968143     
 Checking number of events   4972.1798765603544             3986  chi2:    2.2800360647820281     
 Found        12575  events.
 Wrote         3992  events.
 Actual xsec    41421025.296237543     
 Correct abs xsec    41421025.296237543     
 Event xsec    41421025.296242163     
 Events wgts > 1:           73
 % Cross section > 1:    415167.34071616596        1.0023106326965574     
 Iteration  8   Mean: 0.4168E+08 Abs mean: 0.4168E+08   Fluctuation:  0.136E+06   0.475E+10    96.7%
  8    0.4168E+08 0.4168E+08 +- 0.1364E+06      1.66
 Relative summed weights:
  0.1637E+00  0.0000E+00
  0.1697E+00  0.0000E+00
  0.1656E+00  0.0000E+00
  0.1644E+00  0.0000E+00
  0.1690E+00  0.0000E+00
  0.1677E+00  0.0000E+00
 Relative number of events:
  0.1656E+00  0.0000E+00
  0.1674E+00  0.0000E+00
  0.1666E+00  0.0000E+00
  0.1666E+00  0.0000E+00
  0.1670E+00  0.0000E+00
  0.1669E+00  0.0000E+00
 Events:
       42388           0
       42849           0
       42640           0
       42662           0
       42742           0
       42719           0
 Found        25466  events.
 Wrote         9507  events.
 Actual xsec    41621190.133179262     
 Correct abs xsec    41621190.133179262     
 Event xsec    41621190.133191012     
 Events wgts > 1:          189
 % Cross section > 1:    413747.25236801320       0.99407837941200183     
 Checking number of events   4996.2076635868389             9507  chi2:    1.0391853906635666     

 -------------------------------------------------------------------------------
 Accumulated results:   Integral =  0.4156E+08
                        Std dev  =  0.1021E+06
                       Cross sec =  0.1047E+01
             Chi**2 per DoF.     =
-------------------------------------------------
---------------------------
 Results Last   3 iters: Integral =   0.4162E+08
                     Abs integral =   0.4162E+08
                          Std dev =   0.1063E+06
                  Chi**2 per DoF. =      1.0392
-------------------------------------------------
---------------------------
 Status -1.20039999999999996E-004           9           9
 We found enough events        9507   4996.2076635868389     

ls status:
events.lhe
ftn25
ftn26
input_sg.txt
moffset.dat
results.dat
run_01_ftn26.gz
run_01_log.txt
run_01_results.dat
run_02_ftn26.gz
run_02_log.txt
run_02_results.dat
run_03_ftn26.gz
run_03_log.txt
run_03_results.dat
run_04_ftn26.gz
run_04_log.txt
run_04_results.dat
run_05_ftn26.gz
run_05_log.txt
run_05_results.dat
run_07_ftn26.gz
run_07_log.txt
run_07_results.dat
run_08_ftn26.gz
run_08_log.txt
run_08_results.dat
run1_app.log
