 Process in group number            0
 No PDF is used, alpha_s(MZ) from param_card is used
 Value of alpha_s from param_card:   0.11800000071525575     
 The default order of alpha_s running is fixed to            2
 *****************************************************
 *               MadGraph/MadEvent                   *
 *        --------------------------------           *
 *          http://madgraph.hep.uiuc.edu             *
 *          http://madgraph.phys.ucl.ac.be           *
 *          http://madgraph.roma2.infn.it            *
 *        --------------------------------           *
 *                                                   *
 *          PARAMETER AND COUPLING VALUES            *
 *                                                   *
 *****************************************************

  External Params
  ---------------------------------
  
 aEWM1 =    132.50700378417969     
 mdl_Gf =   1.16639000000000003E-005
 aS =   0.11800000071525575     
 mdl_ymb =    4.6999998092651367     
 mdl_ymt =    173.00000000000000     
 mdl_yme =   5.10999991092830896E-004
 mdl_ymm =   0.10565999895334244     
 mdl_ymtau =    1.7769999504089355     
 mdl_MZ =    91.188003540039063     
 mdl_MT =    173.00000000000000     
 mdl_MB =    4.6999998092651367     
 mdl_MH =    125.00000000000000     
 mdl_Me =   5.10999991092830896E-004
 mdl_MM =   0.10565999895334244     
 mdl_MTA =    1.7769999504089355     
 mdl_WZ =    2.4414041042327881     
 mdl_WW =    2.0476000308990479     
 mdl_WT =    1.4915000200271606     
 mdl_WH =   6.38233916833996773E-003
 mdl_WTau =   2.26999999999999982E-012
  Internal Params
  ---------------------------------
  
 mdl_conjg__CKM3x3 =    1.0000000000000000     
 mdl_CKM3x3 =    1.0000000000000000     
 mdl_conjg__CKM1x1 =    1.0000000000000000     
 mdl_complexi =  (  0.0000000000000000     ,  1.0000000000000000     )
 mdl_MZ__exp__2 =    8315.2519896181766     
 mdl_MZ__exp__4 =    69143415.650849044     
 mdl_sqrt__2 =    1.4142135623730951     
 mdl_MH__exp__2 =    15625.000000000000     
 mdl_aEW =   7.54677089845565054E-003
 mdl_MW =    80.419007276179556     
 mdl_sqrt__aEW =   8.68721526063194194E-002
 mdl_ee =   0.30795376284704501     
 mdl_MW__exp__2 =    6467.2167312862202     
 mdl_sw2 =   0.22224645274001076     
 mdl_cw =   0.88190336616887299     
 mdl_sqrt__sw2 =   0.47143022043565552     
 mdl_sw =   0.47143022043565552     
 mdl_g1 =   0.34919218438279087     
 mdl_gw =   0.65323296958447097     
 mdl_vev =    246.21845810181631     
 mdl_vev__exp__2 =    60623.529110035874     
 mdl_lam =   0.12886910601690271     
 mdl_yb =   2.69955531549349904E-002
 mdl_ye =   2.93504850670934038E-006
 mdl_ym =   6.06883028478528356E-004
 mdl_yt =   0.99366614581500645     
 mdl_ytau =   1.02066167158167895E-002
 mdl_muH =    88.388347648318444     
 mdl_I1x33 =  ( 2.69955531549349904E-002,  0.0000000000000000     )
 mdl_I2x33 =  ( 0.99366614581500645     ,  0.0000000000000000     )
 mdl_I3x33 =  ( 0.99366614581500645     ,  0.0000000000000000     )
 mdl_I4x33 =  ( 2.69955531549349904E-002,  0.0000000000000000     )
 mdl_ee__exp__2 =   9.48355200516540348E-002
 mdl_sw__exp__2 =   0.22224645274001076     
 mdl_cw__exp__2 =   0.77775354725998924     
  Internal Params evaluated point by point
  ----------------------------------------
  
 mdl_sqrt__aS =   0.34351128178744839     
 mdl_G__exp__2 =    1.4828317414825511     
  Couplings of sm-lepton_masses
  ---------------------------------
  
         GC_3 =  -0.00000E+00  -0.30795E+00
        GC_50 =  -0.00000E+00  -0.28804E+00
        GC_59 =   0.00000E+00   0.82310E-01
        GC_89 =  -0.00000E+00  -0.20754E-05

 Collider parameters:
 --------------------

 Running at e e   machine @   7.00000000000000067E-002  GeV
 PDF set = none   
 alpha_s(Mz)= 0.1180 running at 2 loops.
 alpha_s(Mz)= 0.1180 running at 2 loops.
 Renormalization scale fixed @    91.188000000000002     
 Factorization scales  fixed @    91.188000000000002        91.188000000000002     


 getting user params
Enter number of events and max and min iterations: 
 Number of events and iterations         2000           9           3
Enter desired fractional accuracy: 
 Desired fractional accuracy:  -5.51800000000000036E-006
Enter 0 for fixed, 2 for adjustable grid: 
Suppress amplitude (0 no, 1 yes)? 
 Using suppressed amplitude.
Exact helicity sum (0 yes, n = number/event)? 
 Explicitly summing over helicities
Enter Configuration Number: 
Running Configuration Number:    7
 Not subdividing B.W.
 Attempting mappinvarients           1           5
 Completed mapping           5
 about to integrate            5        2000           9           3           5           1
 Using non-zero grid deformation.
  5 dimensions   2000 events  5 invarients  9 iterations  1 config(s),  (0.99)
 Using h-tuple random number sequence.
 Error opening grid
 Using Uniform Grid!
 Using uniform alpha   1.0000000000000000     
 Grid defined OK
 Set CM energy to          0.07
 Mapping Graph           7  to config           7
Setting grid   1    0.18367E-04   1
Setting grid   2    0.53290E-04   1
 Masses: 0.511E-03 0.511E-03 0.000E+00 0.511E-03 0.511E-03
   7   1   2   3   4   5
 Got moffset           8
Using random seed offsets     7 :      1
  with seed                  150
 Ranmar initialization seeds        4173        4705
  Particle       3       4       5
      Et >     0.0     0.0     0.0
       E >     0.0     0.0     0.0
     Eta <    -1.0    -1.0    -1.0
   xqcut:      0.0     0.0     0.0
d R # 3  >    -0.0     0.0     0.0
d R # 4  >    -0.0    -0.0     0.4
s min # 3>     0.0     0.0     0.0
s min # 4>     0.0     0.0     0.0
xqcutij # 3>     0.0     0.0     0.0
xqcutij # 4>     0.0     0.0     0.0
 alpha_s for scale    91.188000000000002       is   0.11800000071525575     
 Added good helicity            1   6.5692305928666839       in event            1
 Added good helicity            2  2.44322501021791834E-005  in event            1
 Added good helicity            3  7.09642120085587219E-003  in event            1
 Added good helicity            5   3.5054418564723790       in event            1
 Added good helicity            6  6.48699919869979718E-006  in event            1
 Added good helicity            7  3.34787189109977696E-005  in event            1
 Added good helicity            9  1.57844170210399061E-005  in event            1
 Added good helicity           10   3.8628052601710179       in event            1
 Added good helicity           11  1.54760381110427081E-003  in event            1
 Added good helicity           12  1.21191471081593932E-002  in event            1
 Added good helicity           13  8.16316964362965563E-006  in event            1
 Added good helicity           14   2.0407354038048311       in event            1
 Added good helicity           15  9.06749137860620911E-004  in event            1
 Added good helicity           16  2.84497621331168851E-005  in event            1
 Added good helicity           17  2.84497634400641690E-005  in event            1
 Added good helicity           18  9.06749138358977909E-004  in event            1
 Added good helicity           19   2.0407354867228915       in event            1
 Added good helicity           20  8.16317005762521127E-006  in event            1
 Added good helicity           21  1.21191471270181116E-002  in event            1
 Added good helicity           22  1.54760381047627988E-003  in event            1
 Added good helicity           23   3.8628054171695516       in event            1
 Added good helicity           24  1.57844177993567193E-005  in event            1
 Added good helicity           26  3.34787178041690364E-005  in event            1
 Added good helicity           27  6.48699966839950220E-006  in event            1
 Added good helicity           28   3.5054418564502980       in event            1
 Added good helicity           30  7.09642090533398485E-003  in event            1
 Added good helicity           31  2.44322512444281442E-005  in event            1
 Added good helicity           32   6.5692305929372896       in event            1
 Added good helicity            4  1.61681585001470621E-006  in event           16
 Added good helicity           29  1.61681584997621534E-006  in event           16
 Iteration  1   Mean: 0.1835E+10 Abs mean: 0.1835E+10   Fluctuation:  0.116E+09   0.889E+11    73.0%
  1    0.1835E+10 0.1835E+10 +- 0.1160E+09      2.83
 Writing out events   139537.01538540050        2.8265333780457547     
 Relative summed weights:
  0.1000E+01  0.0000E+00
 Relative number of events:
  0.1000E+01  0.0000E+00
 Events:
        2000           0
 Iteration  2   Mean: 0.1834E+10 Abs mean: 0.1834E+10   Fluctuation:  0.433E+08   0.358E+11    84.0%
  2    0.1834E+10 0.1834E+10 +- 0.4326E+08      1.49
 Relative summed weights:
  0.1000E+01  0.0000E+00
 Relative number of events:
  0.1000E+01  0.0000E+00
 Events:
        4000           0
 Iteration  3   Mean: 0.1714E+10 Abs mean: 0.1714E+10   Fluctuation:  0.208E+08   0.180E+11    80.2%
  3    0.1714E+10 0.1714E+10 +- 0.2084E+08      1.09
 Relative summed weights:
  0.1000E+01  0.0000E+00
 Relative number of events:
  0.1000E+01  0.0000E+00
 Events:
        8000           0
 Found          940  events.
 Wrote          935  events.
 Actual xsec    1741712031.6134350     
 Correct abs xsec    1741712031.6134350     
 Event xsec    1741712031.6134417     
 Events wgts > 1:            1
 % Cross section > 1:    413836.74275786430       2.37603424243733909E-002
 Checking number of events   9610.7669904429349              935  chi2:    3.5224949827015086     
 Found          940  events.
 Wrote          935  events.
 Actual xsec    1741712031.6134350     
 Correct abs xsec    1741712031.6134350     
 Event xsec    1741712031.6134417     
 Events wgts > 1:            1
 % Cross section > 1:    413836.74275786430       2.37603424243733909E-002
 Iteration  4   Mean: 0.1727E+10 Abs mean: 0.1727E+10   Fluctuation:  0.129E+08   0.135E+11    78.2%
  4    0.1727E+10 0.1727E+10 +- 0.1291E+08      0.95
 Relative summed weights:
  0.1000E+01  0.0000E+00
 Relative number of events:
  0.1000E+01  0.0000E+00
 Events:
       16000           0
 Found         2073  events.
 Wrote         2070  events.
 Actual xsec    1730795925.8667812     
 Correct abs xsec    1730795925.8667812     
 Event xsec    1730795925.8668423     
 Events wgts > 1:            1
 % Cross section > 1:    2990.8436369940173       1.72801633762576586E-004
 Checking number of events   9550.5319189329002             2070  chi2:    3.2509869755574359     
 Found         2073  events.
 Wrote         2070  events.
 Actual xsec    1730795925.8667812     
 Correct abs xsec    1730795925.8667812     
 Event xsec    1730795925.8668423     
 Events wgts > 1:            1
 % Cross section > 1:    2990.8436369940173       1.72801633762576586E-004
 Iteration  5   Mean: 0.1743E+10 Abs mean: 0.1743E+10   Fluctuation:  0.880E+07   0.259E+11    77.0%
  5    0.1743E+10 0.1743E+10 +- 0.8799E+07      0.90
 Relative summed weights:
  0.1000E+01  0.0000E+00
 Relative number of events:
  0.1000E+01  0.0000E+00
 Events:
       32000           0
 Found         4198  events.
 Wrote         4195  events.
 Actual xsec    1735198514.1847923     
 Correct abs xsec    1735198514.1847923     
 Event xsec    1735198514.1846495     
 Events wgts > 1:            5
 % Cross section > 1:    782168.02381705039       4.50765729352057692E-002
 Checking number of events   9574.8254012716843             4195  chi2:    1.1077642371383836     
 Found         4198  events.
 Wrote         4195  events.
 Actual xsec    1735198514.1847923     
 Correct abs xsec    1735198514.1847923     
 Event xsec    1735198514.1846495     
 Events wgts > 1:            5
 % Cross section > 1:    782168.02381705039       4.50765729352057692E-002
 Iteration  6   Mean: 0.1729E+10 Abs mean: 0.1729E+10   Fluctuation:  0.611E+07   0.429E+11    74.6%
  6    0.1729E+10 0.1729E+10 +- 0.6114E+07      0.89
 Relative summed weights:
  0.1000E+01  0.0000E+00
 Relative number of events:
  0.1000E+01  0.0000E+00
 Events:
       64000           0
 Found         8547  events.
 Wrote         8544  events.
 Actual xsec    1732406716.2980731     
 Correct abs xsec    1732406716.2980731     
 Event xsec    1732406716.2978058     
 Events wgts > 1:           13
 % Cross section > 1:    1386046.7273122303       8.00070049528695537E-002
 Checking number of events   9559.4202605327682             8544  chi2:   0.97274251617308660     
 Found         8547  events.
 Wrote         8544  events.
 Actual xsec    1732406716.2980731     
 Correct abs xsec    1732406716.2980731     
 Event xsec    1732406716.2978058     
 Events wgts > 1:           13
 % Cross section > 1:    1386046.7273122303       8.00070049528695537E-002
 Iteration  7   Mean: 0.1734E+10 Abs mean: 0.1734E+10   Fluctuation:  0.436E+07   0.513E+11    73.0%
  7    0.1734E+10 0.1734E+10 +- 0.4363E+07      0.90
 Relative summed weights:
  0.1000E+01  0.0000E+00
 Relative number of events:
  0.1000E+01  0.0000E+00
 Events:
      128000           0
 Found        17571  events.
 Wrote        17566  events.
 Actual xsec    1733709324.1356006     
 Correct abs xsec    1733709324.1356006     
 Event xsec    1733709324.1352050     
 Events wgts > 1:           50
 % Cross section > 1:    2254729.9205656694       0.13005236167200956     
 Checking number of events   9566.6080505802438            17566  chi2:   0.87758757161410517     

 -------------------------------------------------------------------------------
 Accumulated results:   Integral =  0.1734E+10
                        Std dev  =  0.3145E+07
                       Cross sec =  0.1643E+01
             Chi**2 per DoF.     =
-------------------------------------------------
---------------------------
 Results Last   3 iters: Integral =   0.1734E+10
                     Abs integral =   0.1734E+10
                          Std dev =   0.3293E+07
                  Chi**2 per DoF. =      0.8776
-------------------------------------------------
---------------------------
 Status -5.51800000000000036E-006           8           9
 We found enough events       17566   9566.6080505802438     

ls status:
events.lhe
ftn25
ftn26
input_sg.txt
moffset.dat
results.dat
run_07_ftn26.gz
run_07_log.txt
run_07_results.dat
run1_app.log
