 Process in group number            0
 No PDF is used, alpha_s(MZ) from param_card is used
 Value of alpha_s from param_card:   0.11800000071525575     
 The default order of alpha_s running is fixed to            2
 *****************************************************
 *               MadGraph/MadEvent                   *
 *        --------------------------------           *
 *          http://madgraph.hep.uiuc.edu             *
 *          http://madgraph.phys.ucl.ac.be           *
 *          http://madgraph.roma2.infn.it            *
 *        --------------------------------           *
 *                                                   *
 *          PARAMETER AND COUPLING VALUES            *
 *                                                   *
 *****************************************************

  External Params
  ---------------------------------
  
 aEWM1 =    132.50700378417969     
 mdl_Gf =   1.16639000000000003E-005
 aS =   0.11800000071525575     
 mdl_ymb =    4.6999998092651367     
 mdl_ymt =    173.00000000000000     
 mdl_yme =   5.10999991092830896E-004
 mdl_ymm =   0.10565999895334244     
 mdl_ymtau =    1.7769999504089355     
 mdl_MZ =    91.188003540039063     
 mdl_MT =    173.00000000000000     
 mdl_MB =    4.6999998092651367     
 mdl_MH =    125.00000000000000     
 mdl_Me =   5.10999991092830896E-004
 mdl_MM =   0.10565999895334244     
 mdl_MTA =    1.7769999504089355     
 mdl_WZ =    2.4414041042327881     
 mdl_WW =    2.0476000308990479     
 mdl_WT =    1.4915000200271606     
 mdl_WH =   6.38233916833996773E-003
 mdl_WTau =   2.26999999999999982E-012
  Internal Params
  ---------------------------------
  
 mdl_conjg__CKM3x3 =    1.0000000000000000     
 mdl_CKM3x3 =    1.0000000000000000     
 mdl_conjg__CKM1x1 =    1.0000000000000000     
 mdl_complexi =  (  0.0000000000000000     ,  1.0000000000000000     )
 mdl_MZ__exp__2 =    8315.2519896181766     
 mdl_MZ__exp__4 =    69143415.650849044     
 mdl_sqrt__2 =    1.4142135623730951     
 mdl_MH__exp__2 =    15625.000000000000     
 mdl_aEW =   7.54677089845565054E-003
 mdl_MW =    80.419007276179556     
 mdl_sqrt__aEW =   8.68721526063194194E-002
 mdl_ee =   0.30795376284704501     
 mdl_MW__exp__2 =    6467.2167312862202     
 mdl_sw2 =   0.22224645274001076     
 mdl_cw =   0.88190336616887299     
 mdl_sqrt__sw2 =   0.47143022043565552     
 mdl_sw =   0.47143022043565552     
 mdl_g1 =   0.34919218438279087     
 mdl_gw =   0.65323296958447097     
 mdl_vev =    246.21845810181631     
 mdl_vev__exp__2 =    60623.529110035874     
 mdl_lam =   0.12886910601690271     
 mdl_yb =   2.69955531549349904E-002
 mdl_ye =   2.93504850670934038E-006
 mdl_ym =   6.06883028478528356E-004
 mdl_yt =   0.99366614581500645     
 mdl_ytau =   1.02066167158167895E-002
 mdl_muH =    88.388347648318444     
 mdl_I1x33 =  ( 2.69955531549349904E-002,  0.0000000000000000     )
 mdl_I2x33 =  ( 0.99366614581500645     ,  0.0000000000000000     )
 mdl_I3x33 =  ( 0.99366614581500645     ,  0.0000000000000000     )
 mdl_I4x33 =  ( 2.69955531549349904E-002,  0.0000000000000000     )
 mdl_ee__exp__2 =   9.48355200516540348E-002
 mdl_sw__exp__2 =   0.22224645274001076     
 mdl_cw__exp__2 =   0.77775354725998924     
  Internal Params evaluated point by point
  ----------------------------------------
  
 mdl_sqrt__aS =   0.34351128178744839     
 mdl_G__exp__2 =    1.4828317414825511     
  Couplings of sm-lepton_masses
  ---------------------------------
  
         GC_3 =  -0.00000E+00  -0.30795E+00
        GC_50 =  -0.00000E+00  -0.28804E+00
        GC_59 =   0.00000E+00   0.82310E-01
        GC_89 =  -0.00000E+00  -0.20754E-05

 Collider parameters:
 --------------------

 Running at e e   machine @   7.00000000000000067E-002  GeV
 PDF set = none   
 alpha_s(Mz)= 0.1180 running at 2 loops.
 alpha_s(Mz)= 0.1180 running at 2 loops.
 Renormalization scale fixed @    91.188000000000002     
 Factorization scales  fixed @    91.188000000000002        91.188000000000002     


 getting user params
Enter number of events and max and min iterations: 
 Number of events and iterations         2000           9           3
Enter desired fractional accuracy: 
 Desired fractional accuracy:  -5.51800000000000036E-006
Enter 0 for fixed, 2 for adjustable grid: 
Suppress amplitude (0 no, 1 yes)? 
 Using suppressed amplitude.
Exact helicity sum (0 yes, n = number/event)? 
 Explicitly summing over helicities
Enter Configuration Number: 
Running Configuration Number:    7
 Not subdividing B.W.
 Attempting mappinvarients           1           5
 Completed mapping           5
 about to integrate            5        2000           9           3           5           1
 Using non-zero grid deformation.
  5 dimensions   2000 events  5 invarients  9 iterations  1 config(s),  (0.99)
 Using h-tuple random number sequence.
 Error opening grid
 Using Uniform Grid!
 Using uniform alpha   1.0000000000000000     
 Grid defined OK
 Set CM energy to          0.07
 Mapping Graph           7  to config           7
Setting grid   1    0.18367E-04   1
Setting grid   2    0.53290E-04   1
 Masses: 0.511E-03 0.511E-03 0.000E+00 0.511E-03 0.511E-03
   7   1   2   3   4   5
 Got moffset           5
Using random seed offsets     7 :      1
  with seed                  150
 Ranmar initialization seeds        4173       25315
  Particle       3       4       5
      Et >     0.0     0.0     0.0
       E >     0.0     0.0     0.0
     Eta <    -1.0    -1.0    -1.0
   xqcut:      0.0     0.0     0.0
d R # 3  >    -0.0     0.0     0.0
d R # 4  >    -0.0    -0.0     0.4
s min # 3>     0.0     0.0     0.0
s min # 4>     0.0     0.0     0.0
xqcutij # 3>     0.0     0.0     0.0
xqcutij # 4>     0.0     0.0     0.0
 alpha_s for scale    91.188000000000002       is   0.11800000071525575     
 Added good helicity            1   5.0796054101521797       in event            1
 Added good helicity            2  8.64065898800419367E-006  in event            1
 Added good helicity            3  6.90391425012541109E-005  in event            1
 Added good helicity            5   3.7463065240655977       in event            1
 Added good helicity            6  6.62376796125942770E-006  in event            1
 Added good helicity            7  1.24281956756173519E-005  in event            1
 Added good helicity            9  9.11339610681420610E-006  in event            1
 Added good helicity           10   4.0837685810456046       in event            1
 Added good helicity           11  3.27933595274056521E-005  in event            1
 Added good helicity           12  1.06758460449875748E-004  in event            1
 Added good helicity           13  6.94185143372037260E-006  in event            1
 Added good helicity           14   3.0900306089664604       in event            1
 Added good helicity           15  2.43130339671001990E-005  in event            1
 Added good helicity           16  1.21599599041319820E-005  in event            1
 Added good helicity           17  1.21599601269102242E-005  in event            1
 Added good helicity           18  2.43130340319603408E-005  in event            1
 Added good helicity           19   3.0900306627161829       in event            1
 Added good helicity           20  6.94185153875991364E-006  in event            1
 Added good helicity           21  1.06758459904053259E-004  in event            1
 Added good helicity           22  3.27933594411212043E-005  in event            1
 Added good helicity           23   4.0837686520839016       in event            1
 Added good helicity           24  9.11339627365223251E-006  in event            1
 Added good helicity           26  1.24281954804793533E-005  in event            1
 Added good helicity           27  6.62376809904079015E-006  in event            1
 Added good helicity           28   3.7463065240407878       in event            1
 Added good helicity           30  6.90391401704783746E-005  in event            1
 Added good helicity           31  8.64065919475864264E-006  in event            1
 Added good helicity           32   5.0796054101864359       in event            1
 Added good helicity            4  1.61490649380016358E-006  in event           43
 Added good helicity           29  1.61490645833598188E-006  in event           43
 Iteration  1   Mean: 0.1690E+10 Abs mean: 0.1690E+10   Fluctuation:  0.979E+08   0.857E+11    75.2%
  1    0.1690E+10 0.1690E+10 +- 0.9790E+08      2.59
 Writing out events   124896.21073454563        2.5901393830553783     
 Relative summed weights:
  0.1000E+01  0.0000E+00
 Relative number of events:
  0.1000E+01  0.0000E+00
 Events:
        2000           0
 Iteration  2   Mean: 0.1712E+10 Abs mean: 0.1712E+10   Fluctuation:  0.410E+08   0.365E+11    86.1%
  2    0.1712E+10 0.1712E+10 +- 0.4097E+08      1.51
 Relative summed weights:
  0.1000E+01  0.0000E+00
 Relative number of events:
  0.1000E+01  0.0000E+00
 Events:
        4000           0
 Iteration  3   Mean: 0.1773E+10 Abs mean: 0.1773E+10   Fluctuation:  0.225E+08   0.246E+11    82.2%
  3    0.1773E+10 0.1773E+10 +- 0.2245E+08      1.13
 Relative summed weights:
  0.1000E+01  0.0000E+00
 Relative number of events:
  0.1000E+01  0.0000E+00
 Events:
        8000           0
 Found          999  events.
 Wrote          994  events.
 Actual xsec    1757630973.4217730     
 Correct abs xsec    1757630973.4217730     
 Event xsec    1757630973.4217579     
 Events wgts > 1:            7
 % Cross section > 1:    2585300.5739520034       0.14709006685965129     
 Checking number of events   9698.6077113413430              994  chi2:    1.0930116649139907     
 Found          999  events.
 Wrote          994  events.
 Actual xsec    1757630973.4217730     
 Correct abs xsec    1757630973.4217730     
 Event xsec    1757630973.4217579     
 Events wgts > 1:            7
 % Cross section > 1:    2585300.5739520034       0.14709006685965129     
 Iteration  4   Mean: 0.1731E+10 Abs mean: 0.1731E+10   Fluctuation:  0.131E+08   0.144E+11    78.7%
  4    0.1731E+10 0.1731E+10 +- 0.1308E+08      0.96
 Relative summed weights:
  0.1000E+01  0.0000E+00
 Relative number of events:
  0.1000E+01  0.0000E+00
 Events:
       16000           0
 Found         2016  events.
 Wrote         2011  events.
 Actual xsec    1739882331.4729459     
 Correct abs xsec    1739882331.4729459     
 Event xsec    1739882331.4729886     
 Events wgts > 1:            1
 % Cross section > 1:    29298.917427892913       1.68395970795843283E-003
 Checking number of events   9600.6707050677160             2011  chi2:    1.5936359737091006     
 Found         2016  events.
 Wrote         2011  events.
 Actual xsec    1739882331.4729459     
 Correct abs xsec    1739882331.4729459     
 Event xsec    1739882331.4729886     
 Events wgts > 1:            1
 % Cross section > 1:    29298.917427892913       1.68395970795843283E-003
 Iteration  5   Mean: 0.1740E+10 Abs mean: 0.1740E+10   Fluctuation:  0.886E+07   0.297E+11    76.6%
  5    0.1740E+10 0.1740E+10 +- 0.8861E+07      0.91
 Relative summed weights:
  0.1000E+01  0.0000E+00
 Relative number of events:
  0.1000E+01  0.0000E+00
 Events:
       32000           0
 Found         4175  events.
 Wrote         4171  events.
 Actual xsec    1740437375.8583643     
 Correct abs xsec    1740437375.8583643     
 Event xsec    1740437375.8582280     
 Events wgts > 1:            7
 % Cross section > 1:    1462627.8543945896       8.40379478562595372E-002
 Checking number of events   9603.7334399864558             4171  chi2:    1.3693671942560732     
 Found         4175  events.
 Wrote         4171  events.
 Actual xsec    1740437375.8583643     
 Correct abs xsec    1740437375.8583643     
 Event xsec    1740437375.8582280     
 Events wgts > 1:            7
 % Cross section > 1:    1462627.8543945896       8.40379478562595372E-002
 Iteration  6   Mean: 0.1727E+10 Abs mean: 0.1727E+10   Fluctuation:  0.605E+07   0.258E+11    74.5%
  6    0.1727E+10 0.1727E+10 +- 0.6050E+07      0.89
 Relative summed weights:
  0.1000E+01  0.0000E+00
 Relative number of events:
  0.1000E+01  0.0000E+00
 Events:
       64000           0
 Found         8414  events.
 Wrote         8409  events.
 Actual xsec    1731119064.1038620     
 Correct abs xsec    1731119064.1038620     
 Event xsec    1731119064.1040571     
 Events wgts > 1:           10
 % Cross section > 1:    534858.77099881251       3.08967061878917849E-002
 Checking number of events   9552.3149957251117             8409  chi2:   0.65737159382114840     
 Found         8414  events.
 Wrote         8409  events.
 Actual xsec    1731119064.1038620     
 Correct abs xsec    1731119064.1038620     
 Event xsec    1731119064.1040571     
 Events wgts > 1:           10
 % Cross section > 1:    534858.77099881251       3.08967061878917849E-002
 Iteration  7   Mean: 0.1735E+10 Abs mean: 0.1735E+10   Fluctuation:  0.433E+07   0.333E+11    73.2%
  7    0.1735E+10 0.1735E+10 +- 0.4330E+07      0.89
 Relative summed weights:
  0.1000E+01  0.0000E+00
 Relative number of events:
  0.1000E+01  0.0000E+00
 Events:
      128000           0
 Found        17588  events.
 Wrote        17583  events.
 Actual xsec    1733451333.9532375     
 Correct abs xsec    1733451333.9532375     
 Event xsec    1733451333.9531481     
 Events wgts > 1:           44
 % Cross section > 1:    2030152.4367807624       0.11711620609221172     
 Checking number of events   9565.1844607539661            17583  chi2:   0.83894936469135828     

 -------------------------------------------------------------------------------
 Accumulated results:   Integral =  0.1734E+10
                        Std dev  =  0.3132E+07
                       Cross sec =  0.9102E+00
             Chi**2 per DoF.     =
-------------------------------------------------
---------------------------
 Results Last   3 iters: Integral =   0.1733E+10
                     Abs integral =   0.1733E+10
                          Std dev =   0.3272E+07
                  Chi**2 per DoF. =      0.8389
-------------------------------------------------
---------------------------
 Status -5.51800000000000036E-006           8           9
 We found enough events       17583   9565.1844607539661     

ls status:
events.lhe
ftn25
ftn26
input_sg.txt
moffset.dat
results.dat
run_02_ftn26.gz
run_02_log.txt
run_02_results.dat
run_07_ftn26.gz
run_07_log.txt
run_07_results.dat
run1_app.log
