 Process in group number            0
 No PDF is used, alpha_s(MZ) from param_card is used
 Value of alpha_s from param_card:   0.11800000071525575     
 The default order of alpha_s running is fixed to            2
 *****************************************************
 *               MadGraph/MadEvent                   *
 *        --------------------------------           *
 *          http://madgraph.hep.uiuc.edu             *
 *          http://madgraph.phys.ucl.ac.be           *
 *          http://madgraph.roma2.infn.it            *
 *        --------------------------------           *
 *                                                   *
 *          PARAMETER AND COUPLING VALUES            *
 *                                                   *
 *****************************************************

  External Params
  ---------------------------------
  
 aEWM1 =    132.50700378417969     
 mdl_Gf =   1.16639000000000003E-005
 aS =   0.11800000071525575     
 mdl_ymb =    4.6999998092651367     
 mdl_ymt =    173.00000000000000     
 mdl_yme =   5.10999991092830896E-004
 mdl_ymm =   0.10565999895334244     
 mdl_ymtau =    1.7769999504089355     
 mdl_MZ =    91.188003540039063     
 mdl_MT =    173.00000000000000     
 mdl_MB =    4.6999998092651367     
 mdl_MH =    125.00000000000000     
 mdl_Me =   5.10999991092830896E-004
 mdl_MM =   0.10565999895334244     
 mdl_MTA =    1.7769999504089355     
 mdl_WZ =    2.4414041042327881     
 mdl_WW =    2.0476000308990479     
 mdl_WT =    1.4915000200271606     
 mdl_WH =   6.38233916833996773E-003
 mdl_WTau =   2.26999999999999982E-012
  Internal Params
  ---------------------------------
  
 mdl_conjg__CKM3x3 =    1.0000000000000000     
 mdl_CKM3x3 =    1.0000000000000000     
 mdl_conjg__CKM1x1 =    1.0000000000000000     
 mdl_complexi =  (  0.0000000000000000     ,  1.0000000000000000     )
 mdl_MZ__exp__2 =    8315.2519896181766     
 mdl_MZ__exp__4 =    69143415.650849044     
 mdl_sqrt__2 =    1.4142135623730951     
 mdl_MH__exp__2 =    15625.000000000000     
 mdl_aEW =   7.54677089845565054E-003
 mdl_MW =    80.419007276179556     
 mdl_sqrt__aEW =   8.68721526063194194E-002
 mdl_ee =   0.30795376284704501     
 mdl_MW__exp__2 =    6467.2167312862202     
 mdl_sw2 =   0.22224645274001076     
 mdl_cw =   0.88190336616887299     
 mdl_sqrt__sw2 =   0.47143022043565552     
 mdl_sw =   0.47143022043565552     
 mdl_g1 =   0.34919218438279087     
 mdl_gw =   0.65323296958447097     
 mdl_vev =    246.21845810181631     
 mdl_vev__exp__2 =    60623.529110035874     
 mdl_lam =   0.12886910601690271     
 mdl_yb =   2.69955531549349904E-002
 mdl_ye =   2.93504850670934038E-006
 mdl_ym =   6.06883028478528356E-004
 mdl_yt =   0.99366614581500645     
 mdl_ytau =   1.02066167158167895E-002
 mdl_muH =    88.388347648318444     
 mdl_I1x33 =  ( 2.69955531549349904E-002,  0.0000000000000000     )
 mdl_I2x33 =  ( 0.99366614581500645     ,  0.0000000000000000     )
 mdl_I3x33 =  ( 0.99366614581500645     ,  0.0000000000000000     )
 mdl_I4x33 =  ( 2.69955531549349904E-002,  0.0000000000000000     )
 mdl_ee__exp__2 =   9.48355200516540348E-002
 mdl_sw__exp__2 =   0.22224645274001076     
 mdl_cw__exp__2 =   0.77775354725998924     
  Internal Params evaluated point by point
  ----------------------------------------
  
 mdl_sqrt__aS =   0.34351128178744839     
 mdl_G__exp__2 =    1.4828317414825511     
  Couplings of sm-lepton_masses
  ---------------------------------
  
         GC_3 =  -0.00000E+00  -0.30795E+00
        GC_50 =  -0.00000E+00  -0.28804E+00
        GC_59 =   0.00000E+00   0.82310E-01
        GC_89 =  -0.00000E+00  -0.20754E-05

 Collider parameters:
 --------------------

 Running at e e   machine @   7.00000000000000067E-002  GeV
 PDF set = none   
 alpha_s(Mz)= 0.1180 running at 2 loops.
 alpha_s(Mz)= 0.1180 running at 2 loops.
 Renormalization scale fixed @    91.188000000000002     
 Factorization scales  fixed @    91.188000000000002        91.188000000000002     


 getting user params
Enter number of events and max and min iterations: 
 Number of events and iterations         2000           9           3
Enter desired fractional accuracy: 
 Desired fractional accuracy:  -5.51800000000000036E-006
Enter 0 for fixed, 2 for adjustable grid: 
Suppress amplitude (0 no, 1 yes)? 
 Using suppressed amplitude.
Exact helicity sum (0 yes, n = number/event)? 
 Explicitly summing over helicities
Enter Configuration Number: 
Running Configuration Number:   16
 Not subdividing B.W.
 Attempting mappinvarients           1           5
 Completed mapping           5
 about to integrate            5        2000           9           3           5           1
 Using non-zero grid deformation.
  5 dimensions   2000 events  5 invarients  9 iterations  1 config(s),  (0.99)
 Using h-tuple random number sequence.
 Error opening grid
 Using Uniform Grid!
 Using uniform alpha   1.0000000000000000     
 Grid defined OK
 Set CM energy to          0.07
 Mapping Graph          16  to config          16
Setting grid   1    0.53290E-04   1
Setting grid   2    0.53290E-04   1
 Masses: 0.511E-03 0.511E-03 0.000E+00 0.511E-03 0.511E-03
  16   1   2   3   4   5
 Got moffset          14
Using random seed offsets    16 :      1
  with seed                  150
 Ranmar initialization seeds        4182       23647
  Particle       3       4       5
      Et >     0.0     0.0     0.0
       E >     0.0     0.0     0.0
     Eta <    -1.0    -1.0    -1.0
   xqcut:      0.0     0.0     0.0
d R # 3  >    -0.0     0.0     0.0
d R # 4  >    -0.0    -0.0     0.4
s min # 3>     0.0     0.0     0.0
s min # 4>     0.0     0.0     0.0
xqcutij # 3>     0.0     0.0     0.0
xqcutij # 4>     0.0     0.0     0.0
 alpha_s for scale    91.188000000000002       is   0.11800000071525575     
 Added good helicity            1   8.4414172687126534       in event            1
 Added good helicity            2  4.32620279763163849E-004  in event            1
 Added good helicity            3  4.66696309951441661E-005  in event            1
 Added good helicity            5   2.6823961120695299       in event            1
 Added good helicity            6  1.39666850999239621E-005  in event            1
 Added good helicity            7  3.97884605960484089E-005  in event            1
 Added good helicity            9  2.13186094271459598E-005  in event            1
 Added good helicity           10   2.2905442185377263       in event            1
 Added good helicity           11  1.18102343132709536E-002  in event            1
 Added good helicity           12  2.27441151876562236E-004  in event            1
 Added good helicity           13  1.00900326377019367E-005  in event            1
 Added good helicity           14   2.5717749571765873       in event            1
 Added good helicity           15  1.21400946117475946E-003  in event            1
 Added good helicity           16  5.11570957159473191E-005  in event            1
 Added good helicity           17  5.11570986930122502E-005  in event            1
 Added good helicity           18  1.21400944166292872E-003  in event            1
 Added good helicity           19   2.5717750824448906       in event            1
 Added good helicity           20  1.00900349183038559E-005  in event            1
 Added good helicity           21  2.27441147075194085E-004  in event            1
 Added good helicity           22  1.18102345053848895E-002  in event            1
 Added good helicity           23   2.2905443498552338       in event            1
 Added good helicity           24  2.13186110263870071E-005  in event            1
 Added good helicity           26  3.97884591449463936E-005  in event            1
 Added good helicity           27  1.39666866552562783E-005  in event            1
 Added good helicity           28   2.6823961173292559       in event            1
 Added good helicity           30  4.66696266967423556E-005  in event            1
 Added good helicity           31  4.32620262978534336E-004  in event            1
 Added good helicity           32   8.4414172521690869       in event            1
 Added good helicity            4  1.03163160270644334E-006  in event           12
 Added good helicity           29  1.03163150078994157E-006  in event           12
 Iteration  1   Mean: 0.2238E+10 Abs mean: 0.2238E+10   Fluctuation:  0.161E+09   0.113E+12    82.4%
  1    0.2238E+10 0.2238E+10 +- 0.1613E+09      3.22
 Writing out events   150910.57877450218        3.2219286614225577     
 Relative summed weights:
  0.1000E+01  0.0000E+00
 Relative number of events:
  0.1000E+01  0.0000E+00
 Events:
        2000           0
 Iteration  2   Mean: 0.2366E+10 Abs mean: 0.2366E+10   Fluctuation:  0.654E+08   0.357E+11    85.8%
  2    0.2366E+10 0.2366E+10 +- 0.6542E+08      1.75
 Relative summed weights:
  0.1000E+01  0.0000E+00
 Relative number of events:
  0.1000E+01  0.0000E+00
 Events:
        4000           0
 Iteration  3   Mean: 0.2353E+10 Abs mean: 0.2353E+10   Fluctuation:  0.349E+08   0.219E+11    81.9%
  3    0.2353E+10 0.2353E+10 +- 0.3488E+08      1.33
 Relative summed weights:
  0.1000E+01  0.0000E+00
 Relative number of events:
  0.1000E+01  0.0000E+00
 Events:
        8000           0
 Found         1000  events.
 Wrote          995  events.
 Actual xsec    2352449626.2033143     
 Correct abs xsec    2352449626.2033143     
 Event xsec    2352449626.2033367     
 Events wgts > 1:           11
 % Cross section > 1:    1563006.4614113974       6.64416548605958196E-002
 Checking number of events   12980.817037389888              995  chi2:   0.27116625001047884     
 Found         1000  events.
 Wrote          995  events.
 Actual xsec    2352449626.2033143     
 Correct abs xsec    2352449626.2033143     
 Event xsec    2352449626.2033367     
 Events wgts > 1:           11
 % Cross section > 1:    1563006.4614113974       6.64416548605958196E-002
 Iteration  4   Mean: 0.2452E+10 Abs mean: 0.2452E+10   Fluctuation:  0.227E+08   0.310E+11    77.8%
  4    0.2452E+10 0.2452E+10 +- 0.2275E+08      1.17
 Relative summed weights:
  0.1000E+01  0.0000E+00
 Relative number of events:
  0.1000E+01  0.0000E+00
 Events:
       16000           0
 Found         2199  events.
 Wrote         2195  events.
 Actual xsec    2419920348.6415181     
 Correct abs xsec    2419920348.6415181     
 Event xsec    2419920348.6415749     
 Events wgts > 1:           12
 % Cross section > 1:    4146283.8253302854       0.17133968180637874     
 Checking number of events   13353.120483803898             2195  chi2:    3.1564793352647271     
 Found         2199  events.
 Wrote         2195  events.
 Actual xsec    2419920348.6415181     
 Correct abs xsec    2419920348.6415181     
 Event xsec    2419920348.6415749     
 Events wgts > 1:           12
 % Cross section > 1:    4146283.8253302854       0.17133968180637874     
 Iteration  5   Mean: 0.2419E+10 Abs mean: 0.2419E+10   Fluctuation:  0.150E+08   0.412E+11    74.3%
  5    0.2419E+10 0.2419E+10 +- 0.1500E+08      1.11
 Relative summed weights:
  0.1000E+01  0.0000E+00
 Relative number of events:
  0.1000E+01  0.0000E+00
 Events:
       32000           0
 Found         4270  events.
 Wrote         4265  events.
 Actual xsec    2421237554.1171513     
 Correct abs xsec    2421237554.1171513     
 Event xsec    2421237554.1170654     
 Events wgts > 1:           13
 % Cross section > 1:    3128415.2329936186       0.12920728194034783     
 Checking number of events   13360.388823618441             4265  chi2:    2.8158087359358497     
 Found         4270  events.
 Wrote         4265  events.
 Actual xsec    2421237554.1171513     
 Correct abs xsec    2421237554.1171513     
 Event xsec    2421237554.1170654     
 Events wgts > 1:           13
 % Cross section > 1:    3128415.2329936186       0.12920728194034783     
 Iteration  6   Mean: 0.2427E+10 Abs mean: 0.2427E+10   Fluctuation:  0.106E+08   0.500E+11    71.6%
  6    0.2427E+10 0.2427E+10 +- 0.1057E+08      1.10
 Relative summed weights:
  0.1000E+01  0.0000E+00
 Relative number of events:
  0.1000E+01  0.0000E+00
 Events:
       64000           0
 Found         9009  events.
 Wrote         9005  events.
 Actual xsec    2428063956.5766158     
 Correct abs xsec    2428063956.5766158     
 Event xsec    2428063956.5771375     
 Events wgts > 1:           58
 % Cross section > 1:    6092094.6181230256       0.25090338339814999     
 Checking number of events   13398.056912389768             9005  chi2:   0.72963470441536160     
 Found         9009  events.
 Wrote         9005  events.
 Actual xsec    2428063956.5766158     
 Correct abs xsec    2428063956.5766158     
 Event xsec    2428063956.5771375     
 Events wgts > 1:           58
 % Cross section > 1:    6092094.6181230256       0.25090338339814999     
 Iteration  7   Mean: 0.2408E+10 Abs mean: 0.2408E+10   Fluctuation:  0.759E+07   0.218E+12    69.3%
  7    0.2408E+10 0.2408E+10 +- 0.7594E+07      1.13
 Relative summed weights:
  0.1000E+01  0.0000E+00
 Relative number of events:
  0.1000E+01  0.0000E+00
 Events:
      128000           0
 Found        18225  events.
 Wrote        18220  events.
 Actual xsec    2415524333.8893304     
 Correct abs xsec    2415524333.8893304     
 Event xsec    2415524333.8899207     
 Events wgts > 1:          118
 % Cross section > 1:    8447460.5782003906       0.34971539966218179     
 Checking number of events   13328.863274401327            18220  chi2:    1.0619690538534696     

 -------------------------------------------------------------------------------
 Accumulated results:   Integral =  0.2416E+10
                        Std dev  =  0.5442E+07
                       Cross sec =  0.1564E+01
             Chi**2 per DoF.     =
-------------------------------------------------
---------------------------
 Results Last   3 iters: Integral =   0.2416E+10
                     Abs integral =   0.2416E+10
                          Std dev =   0.5703E+07
                  Chi**2 per DoF. =      1.0620
-------------------------------------------------
---------------------------
 Status -5.51800000000000036E-006           8           9
 We found enough events       18220   13328.863274401327     

ls status:
events.lhe
ftn25
ftn26
input_sg.txt
moffset.dat
results.dat
run_01_ftn26.gz
run_01_log.txt
run_01_results.dat
run_03_ftn26.gz
run_03_log.txt
run_03_results.dat
run_07_ftn26.gz
run_07_log.txt
run_07_results.dat
run1_app.log
